[ 2015-09-30T14:12:22+08:00 ] 127.0.0.1 /
INFO: [ app_init ] --START--
INFO: Run Behavior\BuildLiteBehavior [ RunTime:0.000099s ]
INFO: [ app_init ] --END-- [ RunTime:0.000699s ]
INFO: [ app_begin ] --START--
INFO: Run Behavior\ReadHtmlCacheBehavior [ RunTime:0.000144s ]
INFO: [ app_begin ] --END-- [ RunTime:0.000298s ]
NOTIC: [8192] mysql_connect(): The mysql extension is deprecated and will be removed in the future: use mysqli or PDO instead /var/www/yoga/Framework/Library/Think/Db/Driver/Mysql.class.php 第 52 行.

[ 2015-09-30T14:12:24+08:00 ] 127.0.0.1 /index.php/Home/Main/main.html
INFO: [ app_init ] --START--
INFO: Run Behavior\BuildLiteBehavior [ RunTime:0.000016s ]
INFO: [ app_init ] --END-- [ RunTime:0.000078s ]
INFO: [ app_begin ] --START--
INFO: Run Behavior\ReadHtmlCacheBehavior [ RunTime:0.000029s ]
INFO: [ app_begin ] --END-- [ RunTime:0.000064s ]
NOTIC: [8192] mysql_connect(): The mysql extension is deprecated and will be removed in the future: use mysqli or PDO instead /var/www/yoga/Framework/Library/Think/Db/Driver/Mysql.class.php 第 52 行.
NOTIC: [2] Invalid argument supplied for foreach() /var/www/yoga/Yoga/Service/McService.class.php 第 372 行.
NOTIC: [2] Invalid argument supplied for foreach() /var/www/yoga/Yoga/Service/ChannelService.class.php 第 136 行.
INFO: [ view_parse ] --START--
INFO: [ template_filter ] --START--
INFO: Run Behavior\ContentReplaceBehavior [ RunTime:0.000065s ]
INFO: [ template_filter ] --END-- [ RunTime:0.000120s ]
INFO: Run Behavior\ParseTemplateBehavior [ RunTime:0.123068s ]
INFO: [ view_parse ] --END-- [ RunTime:0.123124s ]
INFO: [ view_filter ] --START--
INFO: Run Behavior\WriteHtmlCacheBehavior [ RunTime:0.074993s ]
INFO: Run Behavior\TokenBuildBehavior [ RunTime:0.001268s ]
INFO: [ view_filter ] --END-- [ RunTime:0.076365s ]
INFO: [ app_end ] --START--
INFO: Run Behavior\ShowPageTraceBehavior [ RunTime:0.000908s ]
INFO: [ app_end ] --END-- [ RunTime:0.000976s ]

[ 2015-09-30T14:12:30+08:00 ] 127.0.0.1 /Home/Mc/query
INFO: [ app_init ] --START--
INFO: Run Behavior\BuildLiteBehavior [ RunTime:0.000020s ]
INFO: [ app_init ] --END-- [ RunTime:0.000105s ]
INFO: [ app_begin ] --START--
INFO: Run Behavior\ReadHtmlCacheBehavior [ RunTime:0.000029s ]
INFO: [ app_begin ] --END-- [ RunTime:0.000067s ]
NOTIC: [8192] mysql_connect(): The mysql extension is deprecated and will be removed in the future: use mysqli or PDO instead /var/www/yoga/Framework/Library/Think/Db/Driver/Mysql.class.php 第 52 行.
NOTIC: [2] Invalid argument supplied for foreach() /var/www/yoga/Yoga/Service/McService.class.php 第 372 行.
NOTIC: [2] Invalid argument supplied for foreach() /var/www/yoga/Yoga/Service/ChannelService.class.php 第 136 行.
NOTIC: [2] explode() expects parameter 2 to be string, array given /var/www/yoga/Framework/Library/Think/Model.class.php 第 1426 行.
ERR: 1103:Incorrect table name ''
 [ SQL语句 ] : SHOW COLUMNS FROM ``

[ 2015-09-30T14:34:03+08:00 ] 127.0.0.1 /
INFO: [ app_init ] --START--
INFO: Run Behavior\BuildLiteBehavior [ RunTime:0.000019s ]
INFO: [ app_init ] --END-- [ RunTime:0.000099s ]
INFO: [ app_begin ] --START--
INFO: Run Behavior\ReadHtmlCacheBehavior [ RunTime:0.000054s ]
INFO: [ app_begin ] --END-- [ RunTime:0.000109s ]
INFO: [ view_parse ] --START--
INFO: [ template_filter ] --START--
INFO: Run Behavior\ContentReplaceBehavior [ RunTime:0.000068s ]
INFO: [ template_filter ] --END-- [ RunTime:0.000135s ]
INFO: Run Behavior\ParseTemplateBehavior [ RunTime:0.025290s ]
INFO: [ view_parse ] --END-- [ RunTime:0.025350s ]
INFO: [ view_filter ] --START--
INFO: Run Behavior\WriteHtmlCacheBehavior [ RunTime:0.000050s ]
INFO: Run Behavior\TokenBuildBehavior [ RunTime:0.000035s ]
INFO: [ view_filter ] --END-- [ RunTime:0.000150s ]
INFO: [ app_end ] --START--
INFO: Run Behavior\ShowPageTraceBehavior [ RunTime:0.000040s ]
INFO: [ app_end ] --END-- [ RunTime:0.000075s ]

[ 2015-09-30T14:34:04+08:00 ] 127.0.0.1 /index.php/Home/Index/verify.html
INFO: [ app_init ] --START--
INFO: Run Behavior\BuildLiteBehavior [ RunTime:0.000027s ]
INFO: [ app_init ] --END-- [ RunTime:0.000120s ]
INFO: [ app_begin ] --START--
INFO: Run Behavior\ReadHtmlCacheBehavior [ RunTime:0.000034s ]
INFO: [ app_begin ] --END-- [ RunTime:0.000076s ]
INFO: [ app_end ] --START--
INFO: Run Behavior\ShowPageTraceBehavior [ RunTime:0.000057s ]
INFO: [ app_end ] --END-- [ RunTime:0.000123s ]

[ 2015-09-30T14:34:16+08:00 ] 127.0.0.1 /index.php/Home/Index/login.html
INFO: [ app_init ] --START--
INFO: Run Behavior\BuildLiteBehavior [ RunTime:0.000026s ]
INFO: [ app_init ] --END-- [ RunTime:0.000141s ]
INFO: [ app_begin ] --START--
INFO: Run Behavior\ReadHtmlCacheBehavior [ RunTime:0.000044s ]
INFO: [ app_begin ] --END-- [ RunTime:0.000092s ]
NOTIC: [8192] mysql_connect(): The mysql extension is deprecated and will be removed in the future: use mysqli or PDO instead /var/www/yoga/Framework/Library/Think/Db/Driver/Mysql.class.php 第 52 行.
NOTIC: [2] session_destroy(): Trying to destroy uninitialized session /var/www/yoga/Framework/Common/functions.php 第 1204 行.

[ 2015-09-30T14:34:16+08:00 ] 127.0.0.1 /index.php/Home/Main/main.html
INFO: [ app_init ] --START--
INFO: Run Behavior\BuildLiteBehavior [ RunTime:0.000016s ]
INFO: [ app_init ] --END-- [ RunTime:0.000074s ]
INFO: [ app_begin ] --START--
INFO: Run Behavior\ReadHtmlCacheBehavior [ RunTime:0.000026s ]
INFO: [ app_begin ] --END-- [ RunTime:0.000063s ]
NOTIC: [8192] mysql_connect(): The mysql extension is deprecated and will be removed in the future: use mysqli or PDO instead /var/www/yoga/Framework/Library/Think/Db/Driver/Mysql.class.php 第 52 行.
NOTIC: [2] Invalid argument supplied for foreach() /var/www/yoga/Yoga/Service/McService.class.php 第 372 行.
NOTIC: [2] Invalid argument supplied for foreach() /var/www/yoga/Yoga/Service/ChannelService.class.php 第 136 行.
INFO: [ view_parse ] --START--
INFO: [ template_filter ] --START--
INFO: Run Behavior\ContentReplaceBehavior [ RunTime:0.000078s ]
INFO: [ template_filter ] --END-- [ RunTime:0.000143s ]
INFO: Run Behavior\ParseTemplateBehavior [ RunTime:0.023872s ]
INFO: [ view_parse ] --END-- [ RunTime:0.023925s ]
INFO: [ view_filter ] --START--
INFO: Run Behavior\WriteHtmlCacheBehavior [ RunTime:0.000036s ]
INFO: Run Behavior\TokenBuildBehavior [ RunTime:0.000035s ]
INFO: [ view_filter ] --END-- [ RunTime:0.000122s ]
INFO: [ app_end ] --START--
INFO: Run Behavior\ShowPageTraceBehavior [ RunTime:0.000040s ]
INFO: [ app_end ] --END-- [ RunTime:0.000076s ]

[ 2015-09-30T14:34:17+08:00 ] 127.0.0.1 /Home/Mc/query
INFO: [ app_init ] --START--
INFO: Run Behavior\BuildLiteBehavior [ RunTime:0.000029s ]
INFO: [ app_init ] --END-- [ RunTime:0.000127s ]
INFO: [ app_begin ] --START--
INFO: Run Behavior\ReadHtmlCacheBehavior [ RunTime:0.000038s ]
INFO: [ app_begin ] --END-- [ RunTime:0.000092s ]
NOTIC: [8192] mysql_connect(): The mysql extension is deprecated and will be removed in the future: use mysqli or PDO instead /var/www/yoga/Framework/Library/Think/Db/Driver/Mysql.class.php 第 52 行.
NOTIC: [2] Invalid argument supplied for foreach() /var/www/yoga/Yoga/Service/McService.class.php 第 372 行.
NOTIC: [2] Invalid argument supplied for foreach() /var/www/yoga/Yoga/Service/ChannelService.class.php 第 136 行.

[ 2015-09-30T14:58:15+08:00 ] 127.0.0.1 /index.php
INFO: [ app_init ] --START--
INFO: Run Behavior\BuildLiteBehavior [ RunTime:0.000022s ]
INFO: [ app_init ] --END-- [ RunTime:0.000113s ]
INFO: [ app_begin ] --START--
INFO: Run Behavior\ReadHtmlCacheBehavior [ RunTime:0.000052s ]
INFO: [ app_begin ] --END-- [ RunTime:0.000118s ]
NOTIC: [8192] mysql_connect(): The mysql extension is deprecated and will be removed in the future: use mysqli or PDO instead /var/www/yoga/Framework/Library/Think/Db/Driver/Mysql.class.php 第 52 行.

[ 2015-09-30T14:58:15+08:00 ] 127.0.0.1 /index.php/Home/Main/main.html
INFO: [ app_init ] --START--
INFO: Run Behavior\BuildLiteBehavior [ RunTime:0.000018s ]
INFO: [ app_init ] --END-- [ RunTime:0.000080s ]
INFO: [ app_begin ] --START--
INFO: Run Behavior\ReadHtmlCacheBehavior [ RunTime:0.000027s ]
INFO: [ app_begin ] --END-- [ RunTime:0.000066s ]
NOTIC: [8192] mysql_connect(): The mysql extension is deprecated and will be removed in the future: use mysqli or PDO instead /var/www/yoga/Framework/Library/Think/Db/Driver/Mysql.class.php 第 52 行.
NOTIC: [2] Invalid argument supplied for foreach() /var/www/yoga/Yoga/Service/McService.class.php 第 372 行.
NOTIC: [2] Invalid argument supplied for foreach() /var/www/yoga/Yoga/Service/ChannelService.class.php 第 136 行.
INFO: [ view_parse ] --START--
INFO: [ template_filter ] --START--
INFO: Run Behavior\ContentReplaceBehavior [ RunTime:0.000063s ]
INFO: [ template_filter ] --END-- [ RunTime:0.000116s ]
INFO: Run Behavior\ParseTemplateBehavior [ RunTime:0.064531s ]
INFO: [ view_parse ] --END-- [ RunTime:0.064596s ]
INFO: [ view_filter ] --START--
INFO: Run Behavior\WriteHtmlCacheBehavior [ RunTime:0.000056s ]
INFO: Run Behavior\TokenBuildBehavior [ RunTime:0.000035s ]
INFO: [ view_filter ] --END-- [ RunTime:0.000145s ]
INFO: [ app_end ] --START--
INFO: Run Behavior\ShowPageTraceBehavior [ RunTime:0.017389s ]
INFO: [ app_end ] --END-- [ RunTime:0.017455s ]

[ 2015-09-30T14:58:15+08:00 ] 127.0.0.1 /Home/Mc/query
INFO: [ app_init ] --START--
INFO: Run Behavior\BuildLiteBehavior [ RunTime:0.000028s ]
INFO: [ app_init ] --END-- [ RunTime:0.000124s ]
INFO: [ app_begin ] --START--
INFO: Run Behavior\ReadHtmlCacheBehavior [ RunTime:0.000038s ]
INFO: [ app_begin ] --END-- [ RunTime:0.000092s ]
NOTIC: [8192] mysql_connect(): The mysql extension is deprecated and will be removed in the future: use mysqli or PDO instead /var/www/yoga/Framework/Library/Think/Db/Driver/Mysql.class.php 第 52 行.
NOTIC: [2] Invalid argument supplied for foreach() /var/www/yoga/Yoga/Service/McService.class.php 第 372 行.
NOTIC: [2] Invalid argument supplied for foreach() /var/www/yoga/Yoga/Service/ChannelService.class.php 第 136 行.

[ 2015-09-30T14:58:30+08:00 ] 127.0.0.1 /index.php/Home/Script/createSystemCards
INFO: [ app_init ] --START--
INFO: Run Behavior\BuildLiteBehavior [ RunTime:0.000024s ]
INFO: [ app_init ] --END-- [ RunTime:0.000125s ]
INFO: [ app_begin ] --START--
INFO: Run Behavior\ReadHtmlCacheBehavior [ RunTime:0.000038s ]
INFO: [ app_begin ] --END-- [ RunTime:0.000076s ]
NOTIC: [8192] mysql_connect(): The mysql extension is deprecated and will be removed in the future: use mysqli or PDO instead /var/www/yoga/Framework/Library/Think/Db/Driver/Mysql.class.php 第 52 行.
NOTIC: [8] Undefined variable: valuep /var/www/yoga/Yoga/Home/Controller/ScriptController.class.php 第 414 行.
ERR: 1048:Column 'brand_id' cannot be null
 [ SQL语句 ] : INSERT INTO `yoga_goods_category` (`name`,`property`,`type`,`brand_id`) VALUES ('系统停补卡收费',3,1,null)
NOTIC: [8] Undefined variable: valuep /var/www/yoga/Yoga/Home/Controller/ScriptController.class.php 第 414 行.
ERR: 1048:Column 'brand_id' cannot be null
 [ SQL语句 ] : INSERT INTO `yoga_goods_category` (`name`,`property`,`type`,`brand_id`) VALUES ('系统停补卡收费',3,1,null)
NOTIC: [8] Undefined variable: valuep /var/www/yoga/Yoga/Home/Controller/ScriptController.class.php 第 414 行.
ERR: 1048:Column 'brand_id' cannot be null
 [ SQL语句 ] : INSERT INTO `yoga_goods_category` (`name`,`property`,`type`,`brand_id`) VALUES ('系统停补卡收费',3,1,null)
NOTIC: [8] Undefined variable: valuep /var/www/yoga/Yoga/Home/Controller/ScriptController.class.php 第 414 行.
ERR: 1048:Column 'brand_id' cannot be null
 [ SQL语句 ] : INSERT INTO `yoga_goods_category` (`name`,`property`,`type`,`brand_id`) VALUES ('系统停补卡收费',3,1,null)
NOTIC: [8] Undefined variable: valuep /var/www/yoga/Yoga/Home/Controller/ScriptController.class.php 第 414 行.
ERR: 1048:Column 'brand_id' cannot be null
 [ SQL语句 ] : INSERT INTO `yoga_goods_category` (`name`,`property`,`type`,`brand_id`) VALUES ('系统停补卡收费',3,1,null)
NOTIC: [8] Undefined variable: valuep /var/www/yoga/Yoga/Home/Controller/ScriptController.class.php 第 414 行.
ERR: 1048:Column 'brand_id' cannot be null
 [ SQL语句 ] : INSERT INTO `yoga_goods_category` (`name`,`property`,`type`,`brand_id`) VALUES ('系统停补卡收费',3,1,null)
NOTIC: [8] Undefined variable: valuep /var/www/yoga/Yoga/Home/Controller/ScriptController.class.php 第 414 行.
ERR: 1048:Column 'brand_id' cannot be null
 [ SQL语句 ] : INSERT INTO `yoga_goods_category` (`name`,`property`,`type`,`brand_id`) VALUES ('系统停补卡收费',3,1,null)
NOTIC: [8] Undefined variable: valuep /var/www/yoga/Yoga/Home/Controller/ScriptController.class.php 第 414 行.
ERR: 1048:Column 'brand_id' cannot be null
 [ SQL语句 ] : INSERT INTO `yoga_goods_category` (`name`,`property`,`type`,`brand_id`) VALUES ('系统停补卡收费',3,1,null)
NOTIC: [8] Undefined variable: valuep /var/www/yoga/Yoga/Home/Controller/ScriptController.class.php 第 414 行.
ERR: 1048:Column 'brand_id' cannot be null
 [ SQL语句 ] : INSERT INTO `yoga_goods_category` (`name`,`property`,`type`,`brand_id`) VALUES ('系统停补卡收费',3,1,null)
NOTIC: [8] Undefined variable: valuep /var/www/yoga/Yoga/Home/Controller/ScriptController.class.php 第 414 行.
ERR: 1048:Column 'brand_id' cannot be null
 [ SQL语句 ] : INSERT INTO `yoga_goods_category` (`name`,`property`,`type`,`brand_id`) VALUES ('系统停补卡收费',3,1,null)
NOTIC: [8] Undefined variable: valuep /var/www/yoga/Yoga/Home/Controller/ScriptController.class.php 第 414 行.
ERR: 1048:Column 'brand_id' cannot be null
 [ SQL语句 ] : INSERT INTO `yoga_goods_category` (`name`,`property`,`type`,`brand_id`) VALUES ('系统停补卡收费',3,1,null)
NOTIC: [8] Undefined variable: valuep /var/www/yoga/Yoga/Home/Controller/ScriptController.class.php 第 414 行.
ERR: 1048:Column 'brand_id' cannot be null
 [ SQL语句 ] : INSERT INTO `yoga_goods_category` (`name`,`property`,`type`,`brand_id`) VALUES ('系统停补卡收费',3,1,null)
NOTIC: [8] Undefined variable: valuep /var/www/yoga/Yoga/Home/Controller/ScriptController.class.php 第 414 行.
ERR: 1048:Column 'brand_id' cannot be null
 [ SQL语句 ] : INSERT INTO `yoga_goods_category` (`name`,`property`,`type`,`brand_id`) VALUES ('系统停补卡收费',3,1,null)
NOTIC: [8] Undefined variable: valuep /var/www/yoga/Yoga/Home/Controller/ScriptController.class.php 第 414 行.
ERR: 1048:Column 'brand_id' cannot be null
 [ SQL语句 ] : INSERT INTO `yoga_goods_category` (`name`,`property`,`type`,`brand_id`) VALUES ('系统停补卡收费',3,1,null)
INFO: [ app_end ] --START--
INFO: Run Behavior\ShowPageTraceBehavior [ RunTime:0.000094s ]
INFO: [ app_end ] --END-- [ RunTime:0.000135s ]

[ 2015-09-30T14:59:00+08:00 ] 127.0.0.1 /index.php/Home/Script/createSystemCards
INFO: [ app_init ] --START--
INFO: Run Behavior\BuildLiteBehavior [ RunTime:0.000034s ]
INFO: [ app_init ] --END-- [ RunTime:0.000157s ]
INFO: [ app_begin ] --START--
INFO: Run Behavior\ReadHtmlCacheBehavior [ RunTime:0.000059s ]
INFO: [ app_begin ] --END-- [ RunTime:0.000137s ]
NOTIC: [8192] mysql_connect(): The mysql extension is deprecated and will be removed in the future: use mysqli or PDO instead /var/www/yoga/Framework/Library/Think/Db/Driver/Mysql.class.php 第 52 行.
NOTIC: [8] Undefined variable: valuep /var/www/yoga/Yoga/Home/Controller/ScriptController.class.php 第 414 行.
ERR: 1048:Column 'brand_id' cannot be null
 [ SQL语句 ] : INSERT INTO `yoga_goods_category` (`name`,`property`,`type`,`brand_id`) VALUES ('系统停补卡收费',3,1,null)

[ 2015-09-30T14:59:07+08:00 ] 127.0.0.1 /index.php/Home/Script/createSystemCards
INFO: [ app_init ] --START--
INFO: Run Behavior\BuildLiteBehavior [ RunTime:0.000018s ]
INFO: [ app_init ] --END-- [ RunTime:0.000092s ]
INFO: [ app_begin ] --START--
INFO: Run Behavior\ReadHtmlCacheBehavior [ RunTime:0.000030s ]
INFO: [ app_begin ] --END-- [ RunTime:0.000068s ]
NOTIC: [8192] mysql_connect(): The mysql extension is deprecated and will be removed in the future: use mysqli or PDO instead /var/www/yoga/Framework/Library/Think/Db/Driver/Mysql.class.php 第 52 行.

[ 2015-09-30T14:59:25+08:00 ] 127.0.0.1 /index.php/Home/Script/createSystemCards
INFO: [ app_init ] --START--
INFO: Run Behavior\BuildLiteBehavior [ RunTime:0.000021s ]
INFO: [ app_init ] --END-- [ RunTime:0.000100s ]
INFO: [ app_begin ] --START--
INFO: Run Behavior\ReadHtmlCacheBehavior [ RunTime:0.000056s ]
INFO: [ app_begin ] --END-- [ RunTime:0.000115s ]
NOTIC: [8192] mysql_connect(): The mysql extension is deprecated and will be removed in the future: use mysqli or PDO instead /var/www/yoga/Framework/Library/Think/Db/Driver/Mysql.class.php 第 52 行.
INFO: [ app_end ] --START--
INFO: Run Behavior\ShowPageTraceBehavior [ RunTime:0.000063s ]
INFO: [ app_end ] --END-- [ RunTime:0.000119s ]

[ 2015-09-30T15:23:56+08:00 ] 127.0.0.1 /index.php/Home/Script/createSystemCards
INFO: [ app_init ] --START--
INFO: Run Behavior\BuildLiteBehavior [ RunTime:0.000022s ]
INFO: [ app_init ] --END-- [ RunTime:0.000106s ]
INFO: [ app_begin ] --START--
INFO: Run Behavior\ReadHtmlCacheBehavior [ RunTime:0.000039s ]
INFO: [ app_begin ] --END-- [ RunTime:0.000092s ]
NOTIC: [8192] mysql_connect(): The mysql extension is deprecated and will be removed in the future: use mysqli or PDO instead /var/www/yoga/Framework/Library/Think/Db/Driver/Mysql.class.php 第 52 行.
INFO: [ app_end ] --START--
INFO: Run Behavior\ShowPageTraceBehavior [ RunTime:0.000062s ]
INFO: [ app_end ] --END-- [ RunTime:0.000119s ]

[ 2015-09-30T17:23:08+08:00 ] 127.0.0.1 /index.php
INFO: [ app_init ] --START--
INFO: Run Behavior\BuildLiteBehavior [ RunTime:0.000017s ]
INFO: [ app_init ] --END-- [ RunTime:0.000076s ]
INFO: [ app_begin ] --START--
INFO: Run Behavior\ReadHtmlCacheBehavior [ RunTime:0.000048s ]
INFO: [ app_begin ] --END-- [ RunTime:0.000103s ]
NOTIC: [8192] mysql_connect(): The mysql extension is deprecated and will be removed in the future: use mysqli or PDO instead /var/www/yoga/Framework/Library/Think/Db/Driver/Mysql.class.php 第 52 行.

[ 2015-09-30T17:23:08+08:00 ] 127.0.0.1 /index.php/Home/Main/main.html
INFO: [ app_init ] --START--
INFO: Run Behavior\BuildLiteBehavior [ RunTime:0.000020s ]
INFO: [ app_init ] --END-- [ RunTime:0.000091s ]
INFO: [ app_begin ] --START--
INFO: Run Behavior\ReadHtmlCacheBehavior [ RunTime:0.000031s ]
INFO: [ app_begin ] --END-- [ RunTime:0.000076s ]
NOTIC: [8192] mysql_connect(): The mysql extension is deprecated and will be removed in the future: use mysqli or PDO instead /var/www/yoga/Framework/Library/Think/Db/Driver/Mysql.class.php 第 52 行.
NOTIC: [2] Invalid argument supplied for foreach() /var/www/yoga/Yoga/Service/McService.class.php 第 372 行.
NOTIC: [2] Invalid argument supplied for foreach() /var/www/yoga/Yoga/Service/ChannelService.class.php 第 136 行.
INFO: [ view_parse ] --START--
INFO: [ template_filter ] --START--
INFO: Run Behavior\ContentReplaceBehavior [ RunTime:0.000065s ]
INFO: [ template_filter ] --END-- [ RunTime:0.000135s ]
INFO: Run Behavior\ParseTemplateBehavior [ RunTime:0.051854s ]
INFO: [ view_parse ] --END-- [ RunTime:0.051932s ]
INFO: [ view_filter ] --START--
INFO: Run Behavior\WriteHtmlCacheBehavior [ RunTime:0.000040s ]
INFO: Run Behavior\TokenBuildBehavior [ RunTime:0.000039s ]
INFO: [ view_filter ] --END-- [ RunTime:0.000130s ]
INFO: [ app_end ] --START--
INFO: Run Behavior\ShowPageTraceBehavior [ RunTime:0.000032s ]
INFO: [ app_end ] --END-- [ RunTime:0.000067s ]

[ 2015-09-30T17:23:10+08:00 ] 127.0.0.1 /Home/Mc/query
INFO: [ app_init ] --START--
INFO: Run Behavior\BuildLiteBehavior [ RunTime:0.000031s ]
INFO: [ app_init ] --END-- [ RunTime:0.000155s ]
INFO: [ app_begin ] --START--
INFO: Run Behavior\ReadHtmlCacheBehavior [ RunTime:0.000044s ]
INFO: [ app_begin ] --END-- [ RunTime:0.000095s ]
NOTIC: [8192] mysql_connect(): The mysql extension is deprecated and will be removed in the future: use mysqli or PDO instead /var/www/yoga/Framework/Library/Think/Db/Driver/Mysql.class.php 第 52 行.
NOTIC: [2] Invalid argument supplied for foreach() /var/www/yoga/Yoga/Service/McService.class.php 第 372 行.
NOTIC: [2] Invalid argument supplied for foreach() /var/www/yoga/Yoga/Service/ChannelService.class.php 第 136 行.
NOTIC: [2] explode() expects parameter 2 to be string, array given /var/www/yoga/Framework/Library/Think/Model.class.php 第 1426 行.
ERR: 1103:Incorrect table name ''
 [ SQL语句 ] : SHOW COLUMNS FROM ``

[ 2015-09-30T17:23:31+08:00 ] 127.0.0.1 /index.php/Home/Script/createSystemCards
INFO: [ app_init ] --START--
INFO: Run Behavior\BuildLiteBehavior [ RunTime:0.000022s ]
INFO: [ app_init ] --END-- [ RunTime:0.000106s ]
INFO: [ app_begin ] --START--
INFO: Run Behavior\ReadHtmlCacheBehavior [ RunTime:0.000052s ]
INFO: [ app_begin ] --END-- [ RunTime:0.000105s ]
NOTIC: [8192] mysql_connect(): The mysql extension is deprecated and will be removed in the future: use mysqli or PDO instead /var/www/yoga/Framework/Library/Think/Db/Driver/Mysql.class.php 第 52 行.
NOTIC: [2] explode() expects parameter 2 to be string, array given /var/www/yoga/Yoga/Home/Controller/ScriptController.class.php 第 427 行.
NOTIC: [2] Invalid argument supplied for foreach() /var/www/yoga/Yoga/Home/Controller/ScriptController.class.php 第 428 行.
NOTIC: [2] Illegal string offset 'id' /var/www/yoga/Yoga/Home/Controller/ScriptController.class.php 第 429 行.
NOTIC: [8] Uninitialized string offset: 0 /var/www/yoga/Yoga/Home/Controller/ScriptController.class.php 第 429 行.
NOTIC: [2] explode() expects parameter 2 to be string, array given /var/www/yoga/Yoga/Home/Controller/ScriptController.class.php 第 427 行.
NOTIC: [2] Invalid argument supplied for foreach() /var/www/yoga/Yoga/Home/Controller/ScriptController.class.php 第 428 行.
NOTIC: [2] Illegal string offset 'id' /var/www/yoga/Yoga/Home/Controller/ScriptController.class.php 第 429 行.
NOTIC: [8] Uninitialized string offset: 0 /var/www/yoga/Yoga/Home/Controller/ScriptController.class.php 第 429 行.
NOTIC: [2] explode() expects parameter 2 to be string, array given /var/www/yoga/Yoga/Home/Controller/ScriptController.class.php 第 427 行.
NOTIC: [2] Invalid argument supplied for foreach() /var/www/yoga/Yoga/Home/Controller/ScriptController.class.php 第 428 行.
NOTIC: [2] Illegal string offset 'id' /var/www/yoga/Yoga/Home/Controller/ScriptController.class.php 第 429 行.
NOTIC: [8] Uninitialized string offset: 0 /var/www/yoga/Yoga/Home/Controller/ScriptController.class.php 第 429 行.
NOTIC: [2] explode() expects parameter 2 to be string, array given /var/www/yoga/Yoga/Home/Controller/ScriptController.class.php 第 427 行.
NOTIC: [2] Invalid argument supplied for foreach() /var/www/yoga/Yoga/Home/Controller/ScriptController.class.php 第 428 行.
NOTIC: [2] Illegal string offset 'id' /var/www/yoga/Yoga/Home/Controller/ScriptController.class.php 第 429 行.
NOTIC: [8] Uninitialized string offset: 0 /var/www/yoga/Yoga/Home/Controller/ScriptController.class.php 第 429 行.
NOTIC: [2] explode() expects parameter 2 to be string, array given /var/www/yoga/Yoga/Home/Controller/ScriptController.class.php 第 427 行.
NOTIC: [2] Invalid argument supplied for foreach() /var/www/yoga/Yoga/Home/Controller/ScriptController.class.php 第 428 行.
NOTIC: [2] Illegal string offset 'id' /var/www/yoga/Yoga/Home/Controller/ScriptController.class.php 第 429 行.
NOTIC: [8] Uninitialized string offset: 0 /var/www/yoga/Yoga/Home/Controller/ScriptController.class.php 第 429 行.
NOTIC: [2] explode() expects parameter 2 to be string, array given /var/www/yoga/Yoga/Home/Controller/ScriptController.class.php 第 427 行.
NOTIC: [2] Invalid argument supplied for foreach() /var/www/yoga/Yoga/Home/Controller/ScriptController.class.php 第 428 行.
NOTIC: [2] Illegal string offset 'id' /var/www/yoga/Yoga/Home/Controller/ScriptController.class.php 第 429 行.
NOTIC: [8] Uninitialized string offset: 0 /var/www/yoga/Yoga/Home/Controller/ScriptController.class.php 第 429 行.
NOTIC: [2] explode() expects parameter 2 to be string, array given /var/www/yoga/Yoga/Home/Controller/ScriptController.class.php 第 427 行.
NOTIC: [2] Invalid argument supplied for foreach() /var/www/yoga/Yoga/Home/Controller/ScriptController.class.php 第 428 行.
NOTIC: [2] Illegal string offset 'id' /var/www/yoga/Yoga/Home/Controller/ScriptController.class.php 第 429 行.
NOTIC: [8] Uninitialized string offset: 0 /var/www/yoga/Yoga/Home/Controller/ScriptController.class.php 第 429 行.
NOTIC: [2] explode() expects parameter 2 to be string, array given /var/www/yoga/Yoga/Home/Controller/ScriptController.class.php 第 427 行.
NOTIC: [2] Invalid argument supplied for foreach() /var/www/yoga/Yoga/Home/Controller/ScriptController.class.php 第 428 行.
NOTIC: [2] Illegal string offset 'id' /var/www/yoga/Yoga/Home/Controller/ScriptController.class.php 第 429 行.
NOTIC: [8] Uninitialized string offset: 0 /var/www/yoga/Yoga/Home/Controller/ScriptController.class.php 第 429 行.
NOTIC: [2] explode() expects parameter 2 to be string, array given /var/www/yoga/Yoga/Home/Controller/ScriptController.class.php 第 427 行.
NOTIC: [2] Invalid argument supplied for foreach() /var/www/yoga/Yoga/Home/Controller/ScriptController.class.php 第 428 行.
NOTIC: [2] Illegal string offset 'id' /var/www/yoga/Yoga/Home/Controller/ScriptController.class.php 第 429 行.
NOTIC: [8] Uninitialized string offset: 0 /var/www/yoga/Yoga/Home/Controller/ScriptController.class.php 第 429 行.
NOTIC: [2] explode() expects parameter 2 to be string, array given /var/www/yoga/Yoga/Home/Controller/ScriptController.class.php 第 427 行.
NOTIC: [2] Invalid argument supplied for foreach() /var/www/yoga/Yoga/Home/Controller/ScriptController.class.php 第 428 行.
NOTIC: [2] Illegal string offset 'id' /var/www/yoga/Yoga/Home/Controller/ScriptController.class.php 第 429 行.
NOTIC: [8] Uninitialized string offset: 0 /var/www/yoga/Yoga/Home/Controller/ScriptController.class.php 第 429 行.
NOTIC: [2] explode() expects parameter 2 to be string, array given /var/www/yoga/Yoga/Home/Controller/ScriptController.class.php 第 427 行.
NOTIC: [2] Invalid argument supplied for foreach() /var/www/yoga/Yoga/Home/Controller/ScriptController.class.php 第 428 行.
NOTIC: [2] Illegal string offset 'id' /var/www/yoga/Yoga/Home/Controller/ScriptController.class.php 第 429 行.
NOTIC: [8] Uninitialized string offset: 0 /var/www/yoga/Yoga/Home/Controller/ScriptController.class.php 第 429 行.
NOTIC: [2] explode() expects parameter 2 to be string, array given /var/www/yoga/Yoga/Home/Controller/ScriptController.class.php 第 427 行.
NOTIC: [2] Invalid argument supplied for foreach() /var/www/yoga/Yoga/Home/Controller/ScriptController.class.php 第 428 行.
NOTIC: [2] Illegal string offset 'id' /var/www/yoga/Yoga/Home/Controller/ScriptController.class.php 第 429 行.
NOTIC: [8] Uninitialized string offset: 0 /var/www/yoga/Yoga/Home/Controller/ScriptController.class.php 第 429 行.
NOTIC: [2] explode() expects parameter 2 to be string, array given /var/www/yoga/Yoga/Home/Controller/ScriptController.class.php 第 427 行.
NOTIC: [2] Invalid argument supplied for foreach() /var/www/yoga/Yoga/Home/Controller/ScriptController.class.php 第 428 行.
NOTIC: [2] Illegal string offset 'id' /var/www/yoga/Yoga/Home/Controller/ScriptController.class.php 第 429 行.
NOTIC: [8] Uninitialized string offset: 0 /var/www/yoga/Yoga/Home/Controller/ScriptController.class.php 第 429 行.
NOTIC: [2] explode() expects parameter 2 to be string, array given /var/www/yoga/Yoga/Home/Controller/ScriptController.class.php 第 427 行.
NOTIC: [2] Invalid argument supplied for foreach() /var/www/yoga/Yoga/Home/Controller/ScriptController.class.php 第 428 行.
NOTIC: [2] Illegal string offset 'id' /var/www/yoga/Yoga/Home/Controller/ScriptController.class.php 第 429 行.
NOTIC: [8] Uninitialized string offset: 0 /var/www/yoga/Yoga/Home/Controller/ScriptController.class.php 第 429 行.
NOTIC: [2] explode() expects parameter 2 to be string, array given /var/www/yoga/Yoga/Home/Controller/ScriptController.class.php 第 427 行.
NOTIC: [2] Invalid argument supplied for foreach() /var/www/yoga/Yoga/Home/Controller/ScriptController.class.php 第 428 行.
NOTIC: [2] Illegal string offset 'id' /var/www/yoga/Yoga/Home/Controller/ScriptController.class.php 第 429 行.
NOTIC: [8] Uninitialized string offset: 0 /var/www/yoga/Yoga/Home/Controller/ScriptController.class.php 第 429 行.
NOTIC: [2] explode() expects parameter 2 to be string, array given /var/www/yoga/Yoga/Home/Controller/ScriptController.class.php 第 427 行.
NOTIC: [2] Invalid argument supplied for foreach() /var/www/yoga/Yoga/Home/Controller/ScriptController.class.php 第 428 行.
NOTIC: [2] Illegal string offset 'id' /var/www/yoga/Yoga/Home/Controller/ScriptController.class.php 第 429 行.
NOTIC: [8] Uninitialized string offset: 0 /var/www/yoga/Yoga/Home/Controller/ScriptController.class.php 第 429 行.
NOTIC: [2] explode() expects parameter 2 to be string, array given /var/www/yoga/Yoga/Home/Controller/ScriptController.class.php 第 427 行.
NOTIC: [2] Invalid argument supplied for foreach() /var/www/yoga/Yoga/Home/Controller/ScriptController.class.php 第 428 行.
INFO: [ app_end ] --START--
INFO: Run Behavior\ShowPageTraceBehavior [ RunTime:0.000057s ]
INFO: [ app_end ] --END-- [ RunTime:0.000098s ]

[ 2015-09-30T17:24:43+08:00 ] 127.0.0.1 /index.php/Home/Script/createSystemCards
INFO: [ app_init ] --START--
INFO: Run Behavior\BuildLiteBehavior [ RunTime:0.000047s ]
INFO: [ app_init ] --END-- [ RunTime:0.000221s ]
INFO: [ app_begin ] --START--
INFO: Run Behavior\ReadHtmlCacheBehavior [ RunTime:0.000056s ]
INFO: [ app_begin ] --END-- [ RunTime:0.000130s ]
NOTIC: [8192] mysql_connect(): The mysql extension is deprecated and will be removed in the future: use mysqli or PDO instead /var/www/yoga/Framework/Library/Think/Db/Driver/Mysql.class.php 第 52 行.
NOTIC: [2] explode() expects parameter 2 to be string, array given /var/www/yoga/Yoga/Home/Controller/ScriptController.class.php 第 427 行.
NOTIC: [2] Invalid argument supplied for foreach() /var/www/yoga/Yoga/Home/Controller/ScriptController.class.php 第 428 行.
NOTIC: [2] Illegal string offset 'id' /var/www/yoga/Yoga/Home/Controller/ScriptController.class.php 第 429 行.
NOTIC: [8] Uninitialized string offset: 0 /var/www/yoga/Yoga/Home/Controller/ScriptController.class.php 第 429 行.

[ 2015-09-30T17:24:58+08:00 ] 127.0.0.1 /index.php/Home/Script/createSystemCards
INFO: [ app_init ] --START--
INFO: Run Behavior\BuildLiteBehavior [ RunTime:0.000069s ]
INFO: [ app_init ] --END-- [ RunTime:0.000287s ]
INFO: [ app_begin ] --START--
INFO: Run Behavior\ReadHtmlCacheBehavior [ RunTime:0.000066s ]
INFO: [ app_begin ] --END-- [ RunTime:0.000148s ]
NOTIC: [8192] mysql_connect(): The mysql extension is deprecated and will be removed in the future: use mysqli or PDO instead /var/www/yoga/Framework/Library/Think/Db/Driver/Mysql.class.php 第 52 行.
NOTIC: [2] explode() expects parameter 2 to be string, array given /var/www/yoga/Yoga/Home/Controller/ScriptController.class.php 第 427 行.

[ 2015-09-30T17:25:43+08:00 ] 127.0.0.1 /index.php/Home/Script/createSystemCards
INFO: [ app_init ] --START--
INFO: Run Behavior\BuildLiteBehavior [ RunTime:0.000028s ]
INFO: [ app_init ] --END-- [ RunTime:0.000144s ]
INFO: [ app_begin ] --START--
INFO: Run Behavior\ReadHtmlCacheBehavior [ RunTime:0.000052s ]
INFO: [ app_begin ] --END-- [ RunTime:0.000110s ]
NOTIC: [8192] mysql_connect(): The mysql extension is deprecated and will be removed in the future: use mysqli or PDO instead /var/www/yoga/Framework/Library/Think/Db/Driver/Mysql.class.php 第 52 行.
NOTIC: [8] Undefined index: name /var/www/yoga/Yoga/Home/Controller/ScriptController.class.php 第 422 行.
NOTIC: [2] explode() expects parameter 2 to be string, array given /var/www/yoga/Yoga/Home/Controller/ScriptController.class.php 第 427 行.
NOTIC: [8] Undefined index: name /var/www/yoga/Yoga/Home/Controller/ScriptController.class.php 第 422 行.
NOTIC: [8] Undefined index: name /var/www/yoga/Yoga/Home/Controller/ScriptController.class.php 第 422 行.
NOTIC: [2] explode() expects parameter 2 to be string, array given /var/www/yoga/Yoga/Home/Controller/ScriptController.class.php 第 427 行.
NOTIC: [8] Undefined index: name /var/www/yoga/Yoga/Home/Controller/ScriptController.class.php 第 422 行.
NOTIC: [8] Undefined index: name /var/www/yoga/Yoga/Home/Controller/ScriptController.class.php 第 422 行.
NOTIC: [2] explode() expects parameter 2 to be string, array given /var/www/yoga/Yoga/Home/Controller/ScriptController.class.php 第 427 行.
NOTIC: [8] Undefined index: name /var/www/yoga/Yoga/Home/Controller/ScriptController.class.php 第 422 行.
NOTIC: [8] Undefined index: name /var/www/yoga/Yoga/Home/Controller/ScriptController.class.php 第 422 行.
NOTIC: [2] explode() expects parameter 2 to be string, array given /var/www/yoga/Yoga/Home/Controller/ScriptController.class.php 第 427 行.
NOTIC: [8] Undefined index: name /var/www/yoga/Yoga/Home/Controller/ScriptController.class.php 第 422 行.
NOTIC: [8] Undefined index: name /var/www/yoga/Yoga/Home/Controller/ScriptController.class.php 第 422 行.
NOTIC: [2] explode() expects parameter 2 to be string, array given /var/www/yoga/Yoga/Home/Controller/ScriptController.class.php 第 427 行.
NOTIC: [8] Undefined index: name /var/www/yoga/Yoga/Home/Controller/ScriptController.class.php 第 422 行.
NOTIC: [8] Undefined index: name /var/www/yoga/Yoga/Home/Controller/ScriptController.class.php 第 422 行.
NOTIC: [2] explode() expects parameter 2 to be string, array given /var/www/yoga/Yoga/Home/Controller/ScriptController.class.php 第 427 行.
NOTIC: [8] Undefined index: name /var/www/yoga/Yoga/Home/Controller/ScriptController.class.php 第 422 行.
NOTIC: [8] Undefined index: name /var/www/yoga/Yoga/Home/Controller/ScriptController.class.php 第 422 行.
NOTIC: [2] explode() expects parameter 2 to be string, array given /var/www/yoga/Yoga/Home/Controller/ScriptController.class.php 第 427 行.
NOTIC: [8] Undefined index: name /var/www/yoga/Yoga/Home/Controller/ScriptController.class.php 第 422 行.
NOTIC: [8] Undefined index: name /var/www/yoga/Yoga/Home/Controller/ScriptController.class.php 第 422 行.
NOTIC: [2] explode() expects parameter 2 to be string, array given /var/www/yoga/Yoga/Home/Controller/ScriptController.class.php 第 427 行.
NOTIC: [8] Undefined index: name /var/www/yoga/Yoga/Home/Controller/ScriptController.class.php 第 422 行.
NOTIC: [8] Undefined index: name /var/www/yoga/Yoga/Home/Controller/ScriptController.class.php 第 422 行.
NOTIC: [2] explode() expects parameter 2 to be string, array given /var/www/yoga/Yoga/Home/Controller/ScriptController.class.php 第 427 行.
NOTIC: [8] Undefined index: name /var/www/yoga/Yoga/Home/Controller/ScriptController.class.php 第 422 行.
NOTIC: [8] Undefined index: name /var/www/yoga/Yoga/Home/Controller/ScriptController.class.php 第 422 行.
NOTIC: [2] explode() expects parameter 2 to be string, array given /var/www/yoga/Yoga/Home/Controller/ScriptController.class.php 第 427 行.
NOTIC: [8] Undefined index: name /var/www/yoga/Yoga/Home/Controller/ScriptController.class.php 第 422 行.
NOTIC: [8] Undefined index: name /var/www/yoga/Yoga/Home/Controller/ScriptController.class.php 第 422 行.
NOTIC: [2] explode() expects parameter 2 to be string, array given /var/www/yoga/Yoga/Home/Controller/ScriptController.class.php 第 427 行.
NOTIC: [8] Undefined index: name /var/www/yoga/Yoga/Home/Controller/ScriptController.class.php 第 422 行.
NOTIC: [8] Undefined index: name /var/www/yoga/Yoga/Home/Controller/ScriptController.class.php 第 422 行.
NOTIC: [2] explode() expects parameter 2 to be string, array given /var/www/yoga/Yoga/Home/Controller/ScriptController.class.php 第 427 行.
NOTIC: [8] Undefined index: name /var/www/yoga/Yoga/Home/Controller/ScriptController.class.php 第 422 行.
NOTIC: [8] Undefined index: name /var/www/yoga/Yoga/Home/Controller/ScriptController.class.php 第 422 行.
NOTIC: [2] explode() expects parameter 2 to be string, array given /var/www/yoga/Yoga/Home/Controller/ScriptController.class.php 第 427 行.
NOTIC: [8] Undefined index: name /var/www/yoga/Yoga/Home/Controller/ScriptController.class.php 第 422 行.
NOTIC: [8] Undefined index: name /var/www/yoga/Yoga/Home/Controller/ScriptController.class.php 第 422 行.
NOTIC: [2] explode() expects parameter 2 to be string, array given /var/www/yoga/Yoga/Home/Controller/ScriptController.class.php 第 427 行.
NOTIC: [8] Undefined index: name /var/www/yoga/Yoga/Home/Controller/ScriptController.class.php 第 422 行.
NOTIC: [8] Undefined index: name /var/www/yoga/Yoga/Home/Controller/ScriptController.class.php 第 422 行.
NOTIC: [2] explode() expects parameter 2 to be string, array given /var/www/yoga/Yoga/Home/Controller/ScriptController.class.php 第 427 行.
NOTIC: [8] Undefined index: name /var/www/yoga/Yoga/Home/Controller/ScriptController.class.php 第 422 行.
NOTIC: [8] Undefined index: name /var/www/yoga/Yoga/Home/Controller/ScriptController.class.php 第 422 行.
NOTIC: [2] explode() expects parameter 2 to be string, array given /var/www/yoga/Yoga/Home/Controller/ScriptController.class.php 第 427 行.
NOTIC: [8] Undefined index: name /var/www/yoga/Yoga/Home/Controller/ScriptController.class.php 第 422 行.
NOTIC: [8] Undefined index: name /var/www/yoga/Yoga/Home/Controller/ScriptController.class.php 第 422 行.
NOTIC: [2] explode() expects parameter 2 to be string, array given /var/www/yoga/Yoga/Home/Controller/ScriptController.class.php 第 427 行.
INFO: [ app_end ] --START--
INFO: Run Behavior\ShowPageTraceBehavior [ RunTime:0.000099s ]
INFO: [ app_end ] --END-- [ RunTime:0.000178s ]

[ 2015-09-30T17:26:03+08:00 ] 127.0.0.1 /index.php/Home/Script/createSystemCards
INFO: [ app_init ] --START--
INFO: Run Behavior\BuildLiteBehavior [ RunTime:0.000036s ]
INFO: [ app_init ] --END-- [ RunTime:0.000181s ]
INFO: [ app_begin ] --START--
INFO: Run Behavior\ReadHtmlCacheBehavior [ RunTime:0.000031s ]
INFO: [ app_begin ] --END-- [ RunTime:0.000070s ]
NOTIC: [8192] mysql_connect(): The mysql extension is deprecated and will be removed in the future: use mysqli or PDO instead /var/www/yoga/Framework/Library/Think/Db/Driver/Mysql.class.php 第 52 行.
NOTIC: [2] explode() expects parameter 2 to be string, array given /var/www/yoga/Yoga/Home/Controller/ScriptController.class.php 第 427 行.
NOTIC: [2] explode() expects parameter 2 to be string, array given /var/www/yoga/Yoga/Home/Controller/ScriptController.class.php 第 427 行.
NOTIC: [2] explode() expects parameter 2 to be string, array given /var/www/yoga/Yoga/Home/Controller/ScriptController.class.php 第 427 行.
NOTIC: [2] explode() expects parameter 2 to be string, array given /var/www/yoga/Yoga/Home/Controller/ScriptController.class.php 第 427 行.
NOTIC: [2] explode() expects parameter 2 to be string, array given /var/www/yoga/Yoga/Home/Controller/ScriptController.class.php 第 427 行.
NOTIC: [2] explode() expects parameter 2 to be string, array given /var/www/yoga/Yoga/Home/Controller/ScriptController.class.php 第 427 行.
NOTIC: [2] explode() expects parameter 2 to be string, array given /var/www/yoga/Yoga/Home/Controller/ScriptController.class.php 第 427 行.
NOTIC: [2] explode() expects parameter 2 to be string, array given /var/www/yoga/Yoga/Home/Controller/ScriptController.class.php 第 427 行.
NOTIC: [2] explode() expects parameter 2 to be string, array given /var/www/yoga/Yoga/Home/Controller/ScriptController.class.php 第 427 行.
NOTIC: [2] explode() expects parameter 2 to be string, array given /var/www/yoga/Yoga/Home/Controller/ScriptController.class.php 第 427 行.
NOTIC: [2] explode() expects parameter 2 to be string, array given /var/www/yoga/Yoga/Home/Controller/ScriptController.class.php 第 427 行.
NOTIC: [2] explode() expects parameter 2 to be string, array given /var/www/yoga/Yoga/Home/Controller/ScriptController.class.php 第 427 行.
NOTIC: [2] explode() expects parameter 2 to be string, array given /var/www/yoga/Yoga/Home/Controller/ScriptController.class.php 第 427 行.
NOTIC: [2] explode() expects parameter 2 to be string, array given /var/www/yoga/Yoga/Home/Controller/ScriptController.class.php 第 427 行.
NOTIC: [2] explode() expects parameter 2 to be string, array given /var/www/yoga/Yoga/Home/Controller/ScriptController.class.php 第 427 行.
NOTIC: [2] explode() expects parameter 2 to be string, array given /var/www/yoga/Yoga/Home/Controller/ScriptController.class.php 第 427 行.
NOTIC: [2] explode() expects parameter 2 to be string, array given /var/www/yoga/Yoga/Home/Controller/ScriptController.class.php 第 427 行.
INFO: [ app_end ] --START--
INFO: Run Behavior\ShowPageTraceBehavior [ RunTime:0.000053s ]
INFO: [ app_end ] --END-- [ RunTime:0.000110s ]

