[ 2015-09-28T14:15:49+08:00 ] 127.0.0.1 /index.php/Reception/Visit/index.html
INFO: [ app_init ] --START--
INFO: Run Behavior\BuildLiteBehavior [ RunTime:0.000024s ]
INFO: [ app_init ] --END-- [ RunTime:0.000127s ]
INFO: [ app_begin ] --START--
INFO: Run Behavior\ReadHtmlCacheBehavior [ RunTime:0.000048s ]
INFO: [ app_begin ] --END-- [ RunTime:0.000102s ]
NOTIC: [2048] Declaration of Channel\Controller\VisitnController::getAddRedirectUrl() should be compatible with Common\Controller\VisitBase::getAddRedirectUrl($is_member = 0) /var/www/yoga/Yoga/Channel/Controller/VisitnController.class.php 第 3 行.
NOTIC: [8192] mysql_connect(): The mysql extension is deprecated and will be removed in the future: use mysqli or PDO instead /var/www/yoga/Framework/Library/Think/Db/Driver/Mysql.class.php 第 52 行.
NOTIC: [2] Invalid argument supplied for foreach() /var/www/yoga/Yoga/Service/McService.class.php 第 372 行.
NOTIC: [2] Invalid argument supplied for foreach() /var/www/yoga/Yoga/Service/ChannelService.class.php 第 136 行.
NOTIC: [2] explode() expects parameter 2 to be string, array given /var/www/yoga/Framework/Library/Think/Model.class.php 第 1426 行.
ERR: 1103:Incorrect table name ''
 [ SQL语句 ] : SHOW COLUMNS FROM ``
INFO: [ view_parse ] --START--
INFO: [ template_filter ] --START--
INFO: Run Behavior\ContentReplaceBehavior [ RunTime:0.000099s ]
INFO: [ template_filter ] --END-- [ RunTime:0.000154s ]
NOTIC: [8] Undefined variable: member /var/www/yoga/Runtime/Cache/Reception/e66fc0b89ad5e607a9e5acad72f5a84b.php 第 353 行.
NOTIC: [8] Undefined variable: member /var/www/yoga/Runtime/Cache/Reception/e66fc0b89ad5e607a9e5acad72f5a84b.php 第 369 行.
NOTIC: [8] Undefined variable: member /var/www/yoga/Runtime/Cache/Reception/e66fc0b89ad5e607a9e5acad72f5a84b.php 第 378 行.
NOTIC: [8] Undefined variable: member /var/www/yoga/Runtime/Cache/Reception/e66fc0b89ad5e607a9e5acad72f5a84b.php 第 378 行.
NOTIC: [8] Undefined variable: member /var/www/yoga/Runtime/Cache/Reception/e66fc0b89ad5e607a9e5acad72f5a84b.php 第 391 行.
NOTIC: [8] Undefined variable: member /var/www/yoga/Runtime/Cache/Reception/e66fc0b89ad5e607a9e5acad72f5a84b.php 第 397 行.
NOTIC: [8] Undefined variable: member /var/www/yoga/Runtime/Cache/Reception/e66fc0b89ad5e607a9e5acad72f5a84b.php 第 407 行.
NOTIC: [8] Undefined variable: member /var/www/yoga/Runtime/Cache/Reception/e66fc0b89ad5e607a9e5acad72f5a84b.php 第 413 行.
NOTIC: [8] Use of undefined constant male - assumed 'male' /var/www/yoga/Runtime/Cache/Reception/e66fc0b89ad5e607a9e5acad72f5a84b.php 第 433 行.
NOTIC: [8] Undefined variable: member /var/www/yoga/Runtime/Cache/Reception/e66fc0b89ad5e607a9e5acad72f5a84b.php 第 433 行.
NOTIC: [8] Undefined variable: member /var/www/yoga/Runtime/Cache/Reception/e66fc0b89ad5e607a9e5acad72f5a84b.php 第 441 行.
NOTIC: [8] Undefined variable: member /var/www/yoga/Runtime/Cache/Reception/e66fc0b89ad5e607a9e5acad72f5a84b.php 第 442 行.
NOTIC: [8] Undefined variable: member /var/www/yoga/Runtime/Cache/Reception/e66fc0b89ad5e607a9e5acad72f5a84b.php 第 443 行.
NOTIC: [8] Undefined variable: member /var/www/yoga/Runtime/Cache/Reception/e66fc0b89ad5e607a9e5acad72f5a84b.php 第 444 行.
NOTIC: [8] Undefined variable: member /var/www/yoga/Runtime/Cache/Reception/e66fc0b89ad5e607a9e5acad72f5a84b.php 第 469 行.
NOTIC: [8] Undefined variable: member /var/www/yoga/Runtime/Cache/Reception/e66fc0b89ad5e607a9e5acad72f5a84b.php 第 469 行.
NOTIC: [8] Undefined variable: member /var/www/yoga/Runtime/Cache/Reception/e66fc0b89ad5e607a9e5acad72f5a84b.php 第 504 行.
NOTIC: [8] Undefined variable: member /var/www/yoga/Runtime/Cache/Reception/e66fc0b89ad5e607a9e5acad72f5a84b.php 第 510 行.
NOTIC: [8] Undefined variable: member /var/www/yoga/Runtime/Cache/Reception/e66fc0b89ad5e607a9e5acad72f5a84b.php 第 521 行.
NOTIC: [8] Undefined variable: member /var/www/yoga/Runtime/Cache/Reception/e66fc0b89ad5e607a9e5acad72f5a84b.php 第 526 行.
NOTIC: [8] Undefined variable: member /var/www/yoga/Runtime/Cache/Reception/e66fc0b89ad5e607a9e5acad72f5a84b.php 第 538 行.
NOTIC: [8] Undefined variable: member /var/www/yoga/Runtime/Cache/Reception/e66fc0b89ad5e607a9e5acad72f5a84b.php 第 543 行.
NOTIC: [8] Undefined variable: member /var/www/yoga/Runtime/Cache/Reception/e66fc0b89ad5e607a9e5acad72f5a84b.php 第 548 行.
NOTIC: [8] Undefined variable: member /var/www/yoga/Runtime/Cache/Reception/e66fc0b89ad5e607a9e5acad72f5a84b.php 第 559 行.
NOTIC: [8] Undefined variable: member /var/www/yoga/Runtime/Cache/Reception/e66fc0b89ad5e607a9e5acad72f5a84b.php 第 564 行.
NOTIC: [8] Undefined variable: member /var/www/yoga/Runtime/Cache/Reception/e66fc0b89ad5e607a9e5acad72f5a84b.php 第 569 行.
NOTIC: [8] Undefined variable: member /var/www/yoga/Runtime/Cache/Reception/e66fc0b89ad5e607a9e5acad72f5a84b.php 第 580 行.
NOTIC: [8] Undefined variable: member /var/www/yoga/Runtime/Cache/Reception/e66fc0b89ad5e607a9e5acad72f5a84b.php 第 586 行.
NOTIC: [8] Undefined variable: member /var/www/yoga/Runtime/Cache/Reception/e66fc0b89ad5e607a9e5acad72f5a84b.php 第 586 行.
NOTIC: [8] Undefined variable: member /var/www/yoga/Runtime/Cache/Reception/e66fc0b89ad5e607a9e5acad72f5a84b.php 第 595 行.
NOTIC: [8] Undefined variable: member /var/www/yoga/Runtime/Cache/Reception/e66fc0b89ad5e607a9e5acad72f5a84b.php 第 596 行.
NOTIC: [8] Undefined variable: member /var/www/yoga/Runtime/Cache/Reception/e66fc0b89ad5e607a9e5acad72f5a84b.php 第 597 行.
NOTIC: [8] Undefined variable: member /var/www/yoga/Runtime/Cache/Reception/e66fc0b89ad5e607a9e5acad72f5a84b.php 第 598 行.
NOTIC: [8] Undefined variable: member /var/www/yoga/Runtime/Cache/Reception/e66fc0b89ad5e607a9e5acad72f5a84b.php 第 599 行.
NOTIC: [8] Undefined variable: member /var/www/yoga/Runtime/Cache/Reception/e66fc0b89ad5e607a9e5acad72f5a84b.php 第 600 行.
NOTIC: [8] Undefined variable: member /var/www/yoga/Runtime/Cache/Reception/e66fc0b89ad5e607a9e5acad72f5a84b.php 第 614 行.
NOTIC: [8] Undefined variable: member /var/www/yoga/Runtime/Cache/Reception/e66fc0b89ad5e607a9e5acad72f5a84b.php 第 615 行.
NOTIC: [8] Undefined variable: member /var/www/yoga/Runtime/Cache/Reception/e66fc0b89ad5e607a9e5acad72f5a84b.php 第 616 行.
NOTIC: [8] Undefined variable: member /var/www/yoga/Runtime/Cache/Reception/e66fc0b89ad5e607a9e5acad72f5a84b.php 第 624 行.
NOTIC: [8] Undefined variable: member /var/www/yoga/Runtime/Cache/Reception/e66fc0b89ad5e607a9e5acad72f5a84b.php 第 630 行.
NOTIC: [8] Undefined variable: member /var/www/yoga/Runtime/Cache/Reception/e66fc0b89ad5e607a9e5acad72f5a84b.php 第 631 行.
NOTIC: [8] Undefined variable: member /var/www/yoga/Runtime/Cache/Reception/e66fc0b89ad5e607a9e5acad72f5a84b.php 第 632 行.
NOTIC: [8] Undefined variable: member /var/www/yoga/Runtime/Cache/Reception/e66fc0b89ad5e607a9e5acad72f5a84b.php 第 633 行.
NOTIC: [8] Undefined variable: member /var/www/yoga/Runtime/Cache/Reception/e66fc0b89ad5e607a9e5acad72f5a84b.php 第 634 行.
NOTIC: [8] Undefined variable: member /var/www/yoga/Runtime/Cache/Reception/e66fc0b89ad5e607a9e5acad72f5a84b.php 第 635 行.
NOTIC: [8] Undefined variable: member /var/www/yoga/Runtime/Cache/Reception/e66fc0b89ad5e607a9e5acad72f5a84b.php 第 636 行.
NOTIC: [8] Undefined variable: member /var/www/yoga/Runtime/Cache/Reception/e66fc0b89ad5e607a9e5acad72f5a84b.php 第 650 行.
NOTIC: [8] Undefined variable: member /var/www/yoga/Runtime/Cache/Reception/e66fc0b89ad5e607a9e5acad72f5a84b.php 第 651 行.
NOTIC: [8] Undefined variable: member /var/www/yoga/Runtime/Cache/Reception/e66fc0b89ad5e607a9e5acad72f5a84b.php 第 659 行.
NOTIC: [8] Undefined variable: member /var/www/yoga/Runtime/Cache/Reception/e66fc0b89ad5e607a9e5acad72f5a84b.php 第 660 行.
NOTIC: [8] Undefined variable: member /var/www/yoga/Runtime/Cache/Reception/e66fc0b89ad5e607a9e5acad72f5a84b.php 第 672 行.
NOTIC: [8] Undefined variable: member /var/www/yoga/Runtime/Cache/Reception/e66fc0b89ad5e607a9e5acad72f5a84b.php 第 677 行.
NOTIC: [8] Undefined variable: member /var/www/yoga/Runtime/Cache/Reception/e66fc0b89ad5e607a9e5acad72f5a84b.php 第 687 行.
NOTIC: [8] Undefined variable: member /var/www/yoga/Runtime/Cache/Reception/e66fc0b89ad5e607a9e5acad72f5a84b.php 第 712 行.
INFO: Run Behavior\ParseTemplateBehavior [ RunTime:0.030346s ]
INFO: [ view_parse ] --END-- [ RunTime:0.030398s ]
INFO: [ view_filter ] --START--
INFO: Run Behavior\WriteHtmlCacheBehavior [ RunTime:0.000041s ]
INFO: Run Behavior\TokenBuildBehavior [ RunTime:0.000038s ]
INFO: [ view_filter ] --END-- [ RunTime:0.000129s ]
INFO: [ app_end ] --START--
INFO: Run Behavior\ShowPageTraceBehavior [ RunTime:0.000038s ]
INFO: [ app_end ] --END-- [ RunTime:0.000074s ]

[ 2015-09-28T14:15:50+08:00 ] 127.0.0.1 /index.php/Reception/Cardmanage/index.html
INFO: [ app_init ] --START--
INFO: Run Behavior\BuildLiteBehavior [ RunTime:0.000100s ]
INFO: [ app_init ] --END-- [ RunTime:0.000451s ]
INFO: [ app_begin ] --START--
INFO: Run Behavior\ReadHtmlCacheBehavior [ RunTime:0.000056s ]
INFO: [ app_begin ] --END-- [ RunTime:0.000135s ]
NOTIC: [8192] mysql_connect(): The mysql extension is deprecated and will be removed in the future: use mysqli or PDO instead /var/www/yoga/Framework/Library/Think/Db/Driver/Mysql.class.php 第 52 行.
NOTIC: [2] Invalid argument supplied for foreach() /var/www/yoga/Yoga/Service/McService.class.php 第 372 行.
NOTIC: [2] Invalid argument supplied for foreach() /var/www/yoga/Yoga/Service/ChannelService.class.php 第 136 行.
INFO: [ view_parse ] --START--
INFO: [ template_filter ] --START--
INFO: Run Behavior\ContentReplaceBehavior [ RunTime:0.000118s ]
INFO: [ template_filter ] --END-- [ RunTime:0.000202s ]
INFO: Run Behavior\ParseTemplateBehavior [ RunTime:0.017418s ]
INFO: [ view_parse ] --END-- [ RunTime:0.017552s ]
INFO: [ view_filter ] --START--
INFO: Run Behavior\WriteHtmlCacheBehavior [ RunTime:0.000036s ]
INFO: Run Behavior\TokenBuildBehavior [ RunTime:0.000035s ]
INFO: [ view_filter ] --END-- [ RunTime:0.000122s ]
INFO: [ app_end ] --START--
INFO: Run Behavior\ShowPageTraceBehavior [ RunTime:0.000028s ]
INFO: [ app_end ] --END-- [ RunTime:0.000065s ]

[ 2015-09-28T14:15:50+08:00 ] 127.0.0.1 /index.php/Reception/Cardmanage/queryNew.html
INFO: [ app_init ] --START--
INFO: Run Behavior\BuildLiteBehavior [ RunTime:0.000033s ]
INFO: [ app_init ] --END-- [ RunTime:0.000146s ]
INFO: [ app_begin ] --START--
INFO: Run Behavior\ReadHtmlCacheBehavior [ RunTime:0.000051s ]
INFO: [ app_begin ] --END-- [ RunTime:0.000111s ]
NOTIC: [8192] mysql_connect(): The mysql extension is deprecated and will be removed in the future: use mysqli or PDO instead /var/www/yoga/Framework/Library/Think/Db/Driver/Mysql.class.php 第 52 行.
NOTIC: [2] Invalid argument supplied for foreach() /var/www/yoga/Yoga/Service/McService.class.php 第 372 行.
NOTIC: [2] Invalid argument supplied for foreach() /var/www/yoga/Yoga/Service/ChannelService.class.php 第 136 行.

[ 2015-09-28T14:16:09+08:00 ] 127.0.0.1 /index.php/Reception/Visit/index.html
INFO: [ app_init ] --START--
INFO: Run Behavior\BuildLiteBehavior [ RunTime:0.000023s ]
INFO: [ app_init ] --END-- [ RunTime:0.000132s ]
INFO: [ app_begin ] --START--
INFO: Run Behavior\ReadHtmlCacheBehavior [ RunTime:0.000035s ]
INFO: [ app_begin ] --END-- [ RunTime:0.000075s ]
NOTIC: [2048] Declaration of Channel\Controller\VisitnController::getAddRedirectUrl() should be compatible with Common\Controller\VisitBase::getAddRedirectUrl($is_member = 0) /var/www/yoga/Yoga/Channel/Controller/VisitnController.class.php 第 3 行.
NOTIC: [8192] mysql_connect(): The mysql extension is deprecated and will be removed in the future: use mysqli or PDO instead /var/www/yoga/Framework/Library/Think/Db/Driver/Mysql.class.php 第 52 行.
NOTIC: [2] Invalid argument supplied for foreach() /var/www/yoga/Yoga/Service/McService.class.php 第 372 行.
NOTIC: [2] Invalid argument supplied for foreach() /var/www/yoga/Yoga/Service/ChannelService.class.php 第 136 行.
NOTIC: [2] explode() expects parameter 2 to be string, array given /var/www/yoga/Framework/Library/Think/Model.class.php 第 1426 行.
ERR: 1103:Incorrect table name ''
 [ SQL语句 ] : SHOW COLUMNS FROM ``
INFO: [ view_parse ] --START--
INFO: [ template_filter ] --START--
INFO: Run Behavior\ContentReplaceBehavior [ RunTime:0.000101s ]
INFO: [ template_filter ] --END-- [ RunTime:0.000158s ]
NOTIC: [8] Undefined variable: member /var/www/yoga/Runtime/Cache/Reception/e66fc0b89ad5e607a9e5acad72f5a84b.php 第 353 行.
NOTIC: [8] Undefined variable: member /var/www/yoga/Runtime/Cache/Reception/e66fc0b89ad5e607a9e5acad72f5a84b.php 第 369 行.
NOTIC: [8] Undefined variable: member /var/www/yoga/Runtime/Cache/Reception/e66fc0b89ad5e607a9e5acad72f5a84b.php 第 378 行.
NOTIC: [8] Undefined variable: member /var/www/yoga/Runtime/Cache/Reception/e66fc0b89ad5e607a9e5acad72f5a84b.php 第 378 行.
NOTIC: [8] Undefined variable: member /var/www/yoga/Runtime/Cache/Reception/e66fc0b89ad5e607a9e5acad72f5a84b.php 第 391 行.
NOTIC: [8] Undefined variable: member /var/www/yoga/Runtime/Cache/Reception/e66fc0b89ad5e607a9e5acad72f5a84b.php 第 397 行.
NOTIC: [8] Undefined variable: member /var/www/yoga/Runtime/Cache/Reception/e66fc0b89ad5e607a9e5acad72f5a84b.php 第 407 行.
NOTIC: [8] Undefined variable: member /var/www/yoga/Runtime/Cache/Reception/e66fc0b89ad5e607a9e5acad72f5a84b.php 第 413 行.
NOTIC: [8] Use of undefined constant male - assumed 'male' /var/www/yoga/Runtime/Cache/Reception/e66fc0b89ad5e607a9e5acad72f5a84b.php 第 433 行.
NOTIC: [8] Undefined variable: member /var/www/yoga/Runtime/Cache/Reception/e66fc0b89ad5e607a9e5acad72f5a84b.php 第 433 行.
NOTIC: [8] Undefined variable: member /var/www/yoga/Runtime/Cache/Reception/e66fc0b89ad5e607a9e5acad72f5a84b.php 第 441 行.
NOTIC: [8] Undefined variable: member /var/www/yoga/Runtime/Cache/Reception/e66fc0b89ad5e607a9e5acad72f5a84b.php 第 442 行.
NOTIC: [8] Undefined variable: member /var/www/yoga/Runtime/Cache/Reception/e66fc0b89ad5e607a9e5acad72f5a84b.php 第 443 行.
NOTIC: [8] Undefined variable: member /var/www/yoga/Runtime/Cache/Reception/e66fc0b89ad5e607a9e5acad72f5a84b.php 第 444 行.
NOTIC: [8] Undefined variable: member /var/www/yoga/Runtime/Cache/Reception/e66fc0b89ad5e607a9e5acad72f5a84b.php 第 469 行.
NOTIC: [8] Undefined variable: member /var/www/yoga/Runtime/Cache/Reception/e66fc0b89ad5e607a9e5acad72f5a84b.php 第 469 行.
NOTIC: [8] Undefined variable: member /var/www/yoga/Runtime/Cache/Reception/e66fc0b89ad5e607a9e5acad72f5a84b.php 第 504 行.
NOTIC: [8] Undefined variable: member /var/www/yoga/Runtime/Cache/Reception/e66fc0b89ad5e607a9e5acad72f5a84b.php 第 510 行.
NOTIC: [8] Undefined variable: member /var/www/yoga/Runtime/Cache/Reception/e66fc0b89ad5e607a9e5acad72f5a84b.php 第 521 行.
NOTIC: [8] Undefined variable: member /var/www/yoga/Runtime/Cache/Reception/e66fc0b89ad5e607a9e5acad72f5a84b.php 第 526 行.
NOTIC: [8] Undefined variable: member /var/www/yoga/Runtime/Cache/Reception/e66fc0b89ad5e607a9e5acad72f5a84b.php 第 538 行.
NOTIC: [8] Undefined variable: member /var/www/yoga/Runtime/Cache/Reception/e66fc0b89ad5e607a9e5acad72f5a84b.php 第 543 行.
NOTIC: [8] Undefined variable: member /var/www/yoga/Runtime/Cache/Reception/e66fc0b89ad5e607a9e5acad72f5a84b.php 第 548 行.
NOTIC: [8] Undefined variable: member /var/www/yoga/Runtime/Cache/Reception/e66fc0b89ad5e607a9e5acad72f5a84b.php 第 559 行.
NOTIC: [8] Undefined variable: member /var/www/yoga/Runtime/Cache/Reception/e66fc0b89ad5e607a9e5acad72f5a84b.php 第 564 行.
NOTIC: [8] Undefined variable: member /var/www/yoga/Runtime/Cache/Reception/e66fc0b89ad5e607a9e5acad72f5a84b.php 第 569 行.
NOTIC: [8] Undefined variable: member /var/www/yoga/Runtime/Cache/Reception/e66fc0b89ad5e607a9e5acad72f5a84b.php 第 580 行.
NOTIC: [8] Undefined variable: member /var/www/yoga/Runtime/Cache/Reception/e66fc0b89ad5e607a9e5acad72f5a84b.php 第 586 行.
NOTIC: [8] Undefined variable: member /var/www/yoga/Runtime/Cache/Reception/e66fc0b89ad5e607a9e5acad72f5a84b.php 第 586 行.
NOTIC: [8] Undefined variable: member /var/www/yoga/Runtime/Cache/Reception/e66fc0b89ad5e607a9e5acad72f5a84b.php 第 595 行.
NOTIC: [8] Undefined variable: member /var/www/yoga/Runtime/Cache/Reception/e66fc0b89ad5e607a9e5acad72f5a84b.php 第 596 行.
NOTIC: [8] Undefined variable: member /var/www/yoga/Runtime/Cache/Reception/e66fc0b89ad5e607a9e5acad72f5a84b.php 第 597 行.
NOTIC: [8] Undefined variable: member /var/www/yoga/Runtime/Cache/Reception/e66fc0b89ad5e607a9e5acad72f5a84b.php 第 598 行.
NOTIC: [8] Undefined variable: member /var/www/yoga/Runtime/Cache/Reception/e66fc0b89ad5e607a9e5acad72f5a84b.php 第 599 行.
NOTIC: [8] Undefined variable: member /var/www/yoga/Runtime/Cache/Reception/e66fc0b89ad5e607a9e5acad72f5a84b.php 第 600 行.
NOTIC: [8] Undefined variable: member /var/www/yoga/Runtime/Cache/Reception/e66fc0b89ad5e607a9e5acad72f5a84b.php 第 614 行.
NOTIC: [8] Undefined variable: member /var/www/yoga/Runtime/Cache/Reception/e66fc0b89ad5e607a9e5acad72f5a84b.php 第 615 行.
NOTIC: [8] Undefined variable: member /var/www/yoga/Runtime/Cache/Reception/e66fc0b89ad5e607a9e5acad72f5a84b.php 第 616 行.
NOTIC: [8] Undefined variable: member /var/www/yoga/Runtime/Cache/Reception/e66fc0b89ad5e607a9e5acad72f5a84b.php 第 624 行.
NOTIC: [8] Undefined variable: member /var/www/yoga/Runtime/Cache/Reception/e66fc0b89ad5e607a9e5acad72f5a84b.php 第 630 行.
NOTIC: [8] Undefined variable: member /var/www/yoga/Runtime/Cache/Reception/e66fc0b89ad5e607a9e5acad72f5a84b.php 第 631 行.
NOTIC: [8] Undefined variable: member /var/www/yoga/Runtime/Cache/Reception/e66fc0b89ad5e607a9e5acad72f5a84b.php 第 632 行.
NOTIC: [8] Undefined variable: member /var/www/yoga/Runtime/Cache/Reception/e66fc0b89ad5e607a9e5acad72f5a84b.php 第 633 行.
NOTIC: [8] Undefined variable: member /var/www/yoga/Runtime/Cache/Reception/e66fc0b89ad5e607a9e5acad72f5a84b.php 第 634 行.
NOTIC: [8] Undefined variable: member /var/www/yoga/Runtime/Cache/Reception/e66fc0b89ad5e607a9e5acad72f5a84b.php 第 635 行.
NOTIC: [8] Undefined variable: member /var/www/yoga/Runtime/Cache/Reception/e66fc0b89ad5e607a9e5acad72f5a84b.php 第 636 行.
NOTIC: [8] Undefined variable: member /var/www/yoga/Runtime/Cache/Reception/e66fc0b89ad5e607a9e5acad72f5a84b.php 第 650 行.
NOTIC: [8] Undefined variable: member /var/www/yoga/Runtime/Cache/Reception/e66fc0b89ad5e607a9e5acad72f5a84b.php 第 651 行.
NOTIC: [8] Undefined variable: member /var/www/yoga/Runtime/Cache/Reception/e66fc0b89ad5e607a9e5acad72f5a84b.php 第 659 行.
NOTIC: [8] Undefined variable: member /var/www/yoga/Runtime/Cache/Reception/e66fc0b89ad5e607a9e5acad72f5a84b.php 第 660 行.
NOTIC: [8] Undefined variable: member /var/www/yoga/Runtime/Cache/Reception/e66fc0b89ad5e607a9e5acad72f5a84b.php 第 672 行.
NOTIC: [8] Undefined variable: member /var/www/yoga/Runtime/Cache/Reception/e66fc0b89ad5e607a9e5acad72f5a84b.php 第 677 行.
NOTIC: [8] Undefined variable: member /var/www/yoga/Runtime/Cache/Reception/e66fc0b89ad5e607a9e5acad72f5a84b.php 第 687 行.
NOTIC: [8] Undefined variable: member /var/www/yoga/Runtime/Cache/Reception/e66fc0b89ad5e607a9e5acad72f5a84b.php 第 712 行.
INFO: Run Behavior\ParseTemplateBehavior [ RunTime:0.020162s ]
INFO: [ view_parse ] --END-- [ RunTime:0.020213s ]
INFO: [ view_filter ] --START--
INFO: Run Behavior\WriteHtmlCacheBehavior [ RunTime:0.000071s ]
INFO: Run Behavior\TokenBuildBehavior [ RunTime:0.000052s ]
INFO: [ view_filter ] --END-- [ RunTime:0.000193s ]
INFO: [ app_end ] --START--
INFO: Run Behavior\ShowPageTraceBehavior [ RunTime:0.000106s ]
INFO: [ app_end ] --END-- [ RunTime:0.000200s ]

[ 2015-09-28T14:16:13+08:00 ] 127.0.0.1 /Reception/Visit/add
INFO: [ app_init ] --START--
INFO: Run Behavior\BuildLiteBehavior [ RunTime:0.000039s ]
INFO: [ app_init ] --END-- [ RunTime:0.000169s ]
INFO: [ app_begin ] --START--
INFO: Run Behavior\ReadHtmlCacheBehavior [ RunTime:0.000041s ]
INFO: [ app_begin ] --END-- [ RunTime:0.000094s ]
NOTIC: [2048] Declaration of Channel\Controller\VisitnController::getAddRedirectUrl() should be compatible with Common\Controller\VisitBase::getAddRedirectUrl($is_member = 0) /var/www/yoga/Yoga/Channel/Controller/VisitnController.class.php 第 3 行.
NOTIC: [8192] mysql_connect(): The mysql extension is deprecated and will be removed in the future: use mysqli or PDO instead /var/www/yoga/Framework/Library/Think/Db/Driver/Mysql.class.php 第 52 行.
NOTIC: [2] Invalid argument supplied for foreach() /var/www/yoga/Yoga/Service/McService.class.php 第 372 行.
NOTIC: [2] Invalid argument supplied for foreach() /var/www/yoga/Yoga/Service/ChannelService.class.php 第 136 行.
INFO: [ view_parse ] --START--
INFO: [ template_filter ] --START--
INFO: Run Behavior\ContentReplaceBehavior [ RunTime:0.000027s ]
INFO: [ template_filter ] --END-- [ RunTime:0.000078s ]
INFO: Run Behavior\ParseTemplateBehavior [ RunTime:0.012442s ]
INFO: [ view_parse ] --END-- [ RunTime:0.012493s ]
INFO: [ view_filter ] --START--
INFO: Run Behavior\WriteHtmlCacheBehavior [ RunTime:0.000028s ]
INFO: Run Behavior\TokenBuildBehavior [ RunTime:0.000023s ]
INFO: [ view_filter ] --END-- [ RunTime:0.000098s ]
INFO: [ app_end ] --START--
INFO: Run Behavior\ShowPageTraceBehavior [ RunTime:0.000025s ]
INFO: [ app_end ] --END-- [ RunTime:0.000054s ]

[ 2015-09-28T14:16:13+08:00 ] 127.0.0.1 /Reception/Visit/exist
INFO: [ app_init ] --START--
INFO: Run Behavior\BuildLiteBehavior [ RunTime:0.000019s ]
INFO: [ app_init ] --END-- [ RunTime:0.000090s ]
INFO: [ app_begin ] --START--
INFO: Run Behavior\ReadHtmlCacheBehavior [ RunTime:0.000028s ]
INFO: [ app_begin ] --END-- [ RunTime:0.000062s ]
NOTIC: [2048] Declaration of Channel\Controller\VisitnController::getAddRedirectUrl() should be compatible with Common\Controller\VisitBase::getAddRedirectUrl($is_member = 0) /var/www/yoga/Yoga/Channel/Controller/VisitnController.class.php 第 3 行.
NOTIC: [8192] mysql_connect(): The mysql extension is deprecated and will be removed in the future: use mysqli or PDO instead /var/www/yoga/Framework/Library/Think/Db/Driver/Mysql.class.php 第 52 行.
NOTIC: [2] Invalid argument supplied for foreach() /var/www/yoga/Yoga/Service/McService.class.php 第 372 行.
NOTIC: [2] Invalid argument supplied for foreach() /var/www/yoga/Yoga/Service/ChannelService.class.php 第 136 行.

[ 2015-09-28T14:16:14+08:00 ] 127.0.0.1 /index.php/Reception/Visit/index.html
INFO: [ app_init ] --START--
INFO: Run Behavior\BuildLiteBehavior [ RunTime:0.000026s ]
INFO: [ app_init ] --END-- [ RunTime:0.000144s ]
INFO: [ app_begin ] --START--
INFO: Run Behavior\ReadHtmlCacheBehavior [ RunTime:0.000042s ]
INFO: [ app_begin ] --END-- [ RunTime:0.000097s ]
NOTIC: [2048] Declaration of Channel\Controller\VisitnController::getAddRedirectUrl() should be compatible with Common\Controller\VisitBase::getAddRedirectUrl($is_member = 0) /var/www/yoga/Yoga/Channel/Controller/VisitnController.class.php 第 3 行.
NOTIC: [8192] mysql_connect(): The mysql extension is deprecated and will be removed in the future: use mysqli or PDO instead /var/www/yoga/Framework/Library/Think/Db/Driver/Mysql.class.php 第 52 行.
NOTIC: [2] Invalid argument supplied for foreach() /var/www/yoga/Yoga/Service/McService.class.php 第 372 行.
NOTIC: [2] Invalid argument supplied for foreach() /var/www/yoga/Yoga/Service/ChannelService.class.php 第 136 行.
NOTIC: [2] explode() expects parameter 2 to be string, array given /var/www/yoga/Framework/Library/Think/Model.class.php 第 1426 行.
ERR: 1103:Incorrect table name ''
 [ SQL语句 ] : SHOW COLUMNS FROM ``
INFO: [ view_parse ] --START--
INFO: [ template_filter ] --START--
INFO: Run Behavior\ContentReplaceBehavior [ RunTime:0.000123s ]
INFO: [ template_filter ] --END-- [ RunTime:0.000179s ]
NOTIC: [8] Undefined variable: member /var/www/yoga/Runtime/Cache/Reception/e66fc0b89ad5e607a9e5acad72f5a84b.php 第 353 行.
NOTIC: [8] Undefined variable: member /var/www/yoga/Runtime/Cache/Reception/e66fc0b89ad5e607a9e5acad72f5a84b.php 第 369 行.
NOTIC: [8] Undefined variable: member /var/www/yoga/Runtime/Cache/Reception/e66fc0b89ad5e607a9e5acad72f5a84b.php 第 378 行.
NOTIC: [8] Undefined variable: member /var/www/yoga/Runtime/Cache/Reception/e66fc0b89ad5e607a9e5acad72f5a84b.php 第 378 行.
NOTIC: [8] Undefined variable: member /var/www/yoga/Runtime/Cache/Reception/e66fc0b89ad5e607a9e5acad72f5a84b.php 第 391 行.
NOTIC: [8] Undefined variable: member /var/www/yoga/Runtime/Cache/Reception/e66fc0b89ad5e607a9e5acad72f5a84b.php 第 397 行.
NOTIC: [8] Undefined variable: member /var/www/yoga/Runtime/Cache/Reception/e66fc0b89ad5e607a9e5acad72f5a84b.php 第 407 行.
NOTIC: [8] Undefined variable: member /var/www/yoga/Runtime/Cache/Reception/e66fc0b89ad5e607a9e5acad72f5a84b.php 第 413 行.
NOTIC: [8] Use of undefined constant male - assumed 'male' /var/www/yoga/Runtime/Cache/Reception/e66fc0b89ad5e607a9e5acad72f5a84b.php 第 433 行.
NOTIC: [8] Undefined variable: member /var/www/yoga/Runtime/Cache/Reception/e66fc0b89ad5e607a9e5acad72f5a84b.php 第 433 行.
NOTIC: [8] Undefined variable: member /var/www/yoga/Runtime/Cache/Reception/e66fc0b89ad5e607a9e5acad72f5a84b.php 第 441 行.
NOTIC: [8] Undefined variable: member /var/www/yoga/Runtime/Cache/Reception/e66fc0b89ad5e607a9e5acad72f5a84b.php 第 442 行.
NOTIC: [8] Undefined variable: member /var/www/yoga/Runtime/Cache/Reception/e66fc0b89ad5e607a9e5acad72f5a84b.php 第 443 行.
NOTIC: [8] Undefined variable: member /var/www/yoga/Runtime/Cache/Reception/e66fc0b89ad5e607a9e5acad72f5a84b.php 第 444 行.
NOTIC: [8] Undefined variable: member /var/www/yoga/Runtime/Cache/Reception/e66fc0b89ad5e607a9e5acad72f5a84b.php 第 469 行.
NOTIC: [8] Undefined variable: member /var/www/yoga/Runtime/Cache/Reception/e66fc0b89ad5e607a9e5acad72f5a84b.php 第 469 行.
NOTIC: [8] Undefined variable: member /var/www/yoga/Runtime/Cache/Reception/e66fc0b89ad5e607a9e5acad72f5a84b.php 第 504 行.
NOTIC: [8] Undefined variable: member /var/www/yoga/Runtime/Cache/Reception/e66fc0b89ad5e607a9e5acad72f5a84b.php 第 510 行.
NOTIC: [8] Undefined variable: member /var/www/yoga/Runtime/Cache/Reception/e66fc0b89ad5e607a9e5acad72f5a84b.php 第 521 行.
NOTIC: [8] Undefined variable: member /var/www/yoga/Runtime/Cache/Reception/e66fc0b89ad5e607a9e5acad72f5a84b.php 第 526 行.
NOTIC: [8] Undefined variable: member /var/www/yoga/Runtime/Cache/Reception/e66fc0b89ad5e607a9e5acad72f5a84b.php 第 538 行.
NOTIC: [8] Undefined variable: member /var/www/yoga/Runtime/Cache/Reception/e66fc0b89ad5e607a9e5acad72f5a84b.php 第 543 行.
NOTIC: [8] Undefined variable: member /var/www/yoga/Runtime/Cache/Reception/e66fc0b89ad5e607a9e5acad72f5a84b.php 第 548 行.
NOTIC: [8] Undefined variable: member /var/www/yoga/Runtime/Cache/Reception/e66fc0b89ad5e607a9e5acad72f5a84b.php 第 559 行.
NOTIC: [8] Undefined variable: member /var/www/yoga/Runtime/Cache/Reception/e66fc0b89ad5e607a9e5acad72f5a84b.php 第 564 行.
NOTIC: [8] Undefined variable: member /var/www/yoga/Runtime/Cache/Reception/e66fc0b89ad5e607a9e5acad72f5a84b.php 第 569 行.
NOTIC: [8] Undefined variable: member /var/www/yoga/Runtime/Cache/Reception/e66fc0b89ad5e607a9e5acad72f5a84b.php 第 580 行.
NOTIC: [8] Undefined variable: member /var/www/yoga/Runtime/Cache/Reception/e66fc0b89ad5e607a9e5acad72f5a84b.php 第 586 行.
NOTIC: [8] Undefined variable: member /var/www/yoga/Runtime/Cache/Reception/e66fc0b89ad5e607a9e5acad72f5a84b.php 第 586 行.
NOTIC: [8] Undefined variable: member /var/www/yoga/Runtime/Cache/Reception/e66fc0b89ad5e607a9e5acad72f5a84b.php 第 595 行.
NOTIC: [8] Undefined variable: member /var/www/yoga/Runtime/Cache/Reception/e66fc0b89ad5e607a9e5acad72f5a84b.php 第 596 行.
NOTIC: [8] Undefined variable: member /var/www/yoga/Runtime/Cache/Reception/e66fc0b89ad5e607a9e5acad72f5a84b.php 第 597 行.
NOTIC: [8] Undefined variable: member /var/www/yoga/Runtime/Cache/Reception/e66fc0b89ad5e607a9e5acad72f5a84b.php 第 598 行.
NOTIC: [8] Undefined variable: member /var/www/yoga/Runtime/Cache/Reception/e66fc0b89ad5e607a9e5acad72f5a84b.php 第 599 行.
NOTIC: [8] Undefined variable: member /var/www/yoga/Runtime/Cache/Reception/e66fc0b89ad5e607a9e5acad72f5a84b.php 第 600 行.
NOTIC: [8] Undefined variable: member /var/www/yoga/Runtime/Cache/Reception/e66fc0b89ad5e607a9e5acad72f5a84b.php 第 614 行.
NOTIC: [8] Undefined variable: member /var/www/yoga/Runtime/Cache/Reception/e66fc0b89ad5e607a9e5acad72f5a84b.php 第 615 行.
NOTIC: [8] Undefined variable: member /var/www/yoga/Runtime/Cache/Reception/e66fc0b89ad5e607a9e5acad72f5a84b.php 第 616 行.
NOTIC: [8] Undefined variable: member /var/www/yoga/Runtime/Cache/Reception/e66fc0b89ad5e607a9e5acad72f5a84b.php 第 624 行.
NOTIC: [8] Undefined variable: member /var/www/yoga/Runtime/Cache/Reception/e66fc0b89ad5e607a9e5acad72f5a84b.php 第 630 行.
NOTIC: [8] Undefined variable: member /var/www/yoga/Runtime/Cache/Reception/e66fc0b89ad5e607a9e5acad72f5a84b.php 第 631 行.
NOTIC: [8] Undefined variable: member /var/www/yoga/Runtime/Cache/Reception/e66fc0b89ad5e607a9e5acad72f5a84b.php 第 632 行.
NOTIC: [8] Undefined variable: member /var/www/yoga/Runtime/Cache/Reception/e66fc0b89ad5e607a9e5acad72f5a84b.php 第 633 行.
NOTIC: [8] Undefined variable: member /var/www/yoga/Runtime/Cache/Reception/e66fc0b89ad5e607a9e5acad72f5a84b.php 第 634 行.
NOTIC: [8] Undefined variable: member /var/www/yoga/Runtime/Cache/Reception/e66fc0b89ad5e607a9e5acad72f5a84b.php 第 635 行.
NOTIC: [8] Undefined variable: member /var/www/yoga/Runtime/Cache/Reception/e66fc0b89ad5e607a9e5acad72f5a84b.php 第 636 行.
NOTIC: [8] Undefined variable: member /var/www/yoga/Runtime/Cache/Reception/e66fc0b89ad5e607a9e5acad72f5a84b.php 第 650 行.
NOTIC: [8] Undefined variable: member /var/www/yoga/Runtime/Cache/Reception/e66fc0b89ad5e607a9e5acad72f5a84b.php 第 651 行.
NOTIC: [8] Undefined variable: member /var/www/yoga/Runtime/Cache/Reception/e66fc0b89ad5e607a9e5acad72f5a84b.php 第 659 行.
NOTIC: [8] Undefined variable: member /var/www/yoga/Runtime/Cache/Reception/e66fc0b89ad5e607a9e5acad72f5a84b.php 第 660 行.
NOTIC: [8] Undefined variable: member /var/www/yoga/Runtime/Cache/Reception/e66fc0b89ad5e607a9e5acad72f5a84b.php 第 672 行.
NOTIC: [8] Undefined variable: member /var/www/yoga/Runtime/Cache/Reception/e66fc0b89ad5e607a9e5acad72f5a84b.php 第 677 行.
NOTIC: [8] Undefined variable: member /var/www/yoga/Runtime/Cache/Reception/e66fc0b89ad5e607a9e5acad72f5a84b.php 第 687 行.
NOTIC: [8] Undefined variable: member /var/www/yoga/Runtime/Cache/Reception/e66fc0b89ad5e607a9e5acad72f5a84b.php 第 712 行.
INFO: Run Behavior\ParseTemplateBehavior [ RunTime:0.019106s ]
INFO: [ view_parse ] --END-- [ RunTime:0.019153s ]
INFO: [ view_filter ] --START--
INFO: Run Behavior\WriteHtmlCacheBehavior [ RunTime:0.000036s ]
INFO: Run Behavior\TokenBuildBehavior [ RunTime:0.000035s ]
INFO: [ view_filter ] --END-- [ RunTime:0.000121s ]
INFO: [ app_end ] --START--
INFO: Run Behavior\ShowPageTraceBehavior [ RunTime:0.000027s ]
INFO: [ app_end ] --END-- [ RunTime:0.000062s ]

