[ 2015-09-29T13:40:07+08:00 ] 127.0.0.1 /index.php/Teamleader/Mcsale/followuplist.html
INFO: [ app_init ] --START--
INFO: Run Behavior\BuildLiteBehavior [ RunTime:0.000017s ]
INFO: [ app_init ] --END-- [ RunTime:0.000080s ]
INFO: [ app_begin ] --START--
INFO: Run Behavior\ReadHtmlCacheBehavior [ RunTime:0.000042s ]
INFO: [ app_begin ] --END-- [ RunTime:0.000091s ]
NOTIC: [8192] mysql_connect(): The mysql extension is deprecated and will be removed in the future: use mysqli or PDO instead /var/www/yoga/Framework/Library/Think/Db/Driver/Mysql.class.php 第 52 行.
NOTIC: [2] Invalid argument supplied for foreach() /var/www/yoga/Yoga/Service/McService.class.php 第 372 行.
NOTIC: [2] Invalid argument supplied for foreach() /var/www/yoga/Yoga/Service/ChannelService.class.php 第 136 行.
INFO: [ view_parse ] --START--
INFO: [ template_filter ] --START--
INFO: Run Behavior\ContentReplaceBehavior [ RunTime:0.000068s ]
INFO: [ template_filter ] --END-- [ RunTime:0.000120s ]
INFO: Run Behavior\ParseTemplateBehavior [ RunTime:0.012760s ]
INFO: [ view_parse ] --END-- [ RunTime:0.012828s ]
INFO: [ view_filter ] --START--
INFO: Run Behavior\WriteHtmlCacheBehavior [ RunTime:0.000047s ]
INFO: Run Behavior\TokenBuildBehavior [ RunTime:0.000038s ]
INFO: [ view_filter ] --END-- [ RunTime:0.000135s ]
INFO: [ app_end ] --START--
INFO: Run Behavior\ShowPageTraceBehavior [ RunTime:0.000045s ]
INFO: [ app_end ] --END-- [ RunTime:0.000088s ]

