[ 2015-10-19T16:29:30+08:00 ] 127.0.0.1 /Api/index/getCardType
INFO: [ app_init ] --START--
INFO: Run Behavior\BuildLiteBehavior [ RunTime:0.000020s ]
INFO: [ app_init ] --END-- [ RunTime:0.000104s ]
INFO: [ app_begin ] --START--
INFO: Run Behavior\ReadHtmlCacheBehavior [ RunTime:0.000102s ]
INFO: [ app_begin ] --END-- [ RunTime:0.000273s ]
NOTIC: [8192] mysql_connect(): The mysql extension is deprecated and will be removed in the future: use mysqli or PDO instead /var/www/yoga/Framework/Library/Think/Db/Driver/Mysql.class.php 第 52 行.

[ 2015-10-19T16:29:30+08:00 ] 127.0.0.1 /Api/index/getMcs
INFO: [ app_init ] --START--
INFO: Run Behavior\BuildLiteBehavior [ RunTime:0.000049s ]
INFO: [ app_init ] --END-- [ RunTime:0.000222s ]
INFO: [ app_begin ] --START--
INFO: Run Behavior\ReadHtmlCacheBehavior [ RunTime:0.000054s ]
INFO: [ app_begin ] --END-- [ RunTime:0.000125s ]
NOTIC: [8192] mysql_connect(): The mysql extension is deprecated and will be removed in the future: use mysqli or PDO instead /var/www/yoga/Framework/Library/Think/Db/Driver/Mysql.class.php 第 52 行.
NOTIC: [2] explode() expects parameter 2 to be string, array given /var/www/yoga/Framework/Library/Think/Model.class.php 第 1426 行.
ERR: 1103:Incorrect table name ''
 [ SQL语句 ] : SHOW COLUMNS FROM ``

[ 2015-10-19T16:35:48+08:00 ] 127.0.0.1 /Api/index/getCardType
INFO: [ app_init ] --START--
INFO: Run Behavior\BuildLiteBehavior [ RunTime:0.000025s ]
INFO: [ app_init ] --END-- [ RunTime:0.000108s ]
INFO: [ app_begin ] --START--
INFO: Run Behavior\ReadHtmlCacheBehavior [ RunTime:0.000033s ]
INFO: [ app_begin ] --END-- [ RunTime:0.000083s ]
NOTIC: [8192] mysql_connect(): The mysql extension is deprecated and will be removed in the future: use mysqli or PDO instead /var/www/yoga/Framework/Library/Think/Db/Driver/Mysql.class.php 第 52 行.

[ 2015-10-19T16:35:48+08:00 ] 127.0.0.1 /Api/index/getMcs
INFO: [ app_init ] --START--
INFO: Run Behavior\BuildLiteBehavior [ RunTime:0.000025s ]
INFO: [ app_init ] --END-- [ RunTime:0.000114s ]
INFO: [ app_begin ] --START--
INFO: Run Behavior\ReadHtmlCacheBehavior [ RunTime:0.000038s ]
INFO: [ app_begin ] --END-- [ RunTime:0.000095s ]
NOTIC: [8192] mysql_connect(): The mysql extension is deprecated and will be removed in the future: use mysqli or PDO instead /var/www/yoga/Framework/Library/Think/Db/Driver/Mysql.class.php 第 52 行.
NOTIC: [2] explode() expects parameter 2 to be string, array given /var/www/yoga/Framework/Library/Think/Model.class.php 第 1426 行.
ERR: 1103:Incorrect table name ''
 [ SQL语句 ] : SHOW COLUMNS FROM ``

