[ 2015-10-21T12:19:27+08:00 ] 127.0.0.1 /Api/index/getCardType
INFO: [ app_init ] --START--
INFO: Run Behavior\BuildLiteBehavior [ RunTime:0.000096s ]
INFO: [ app_init ] --END-- [ RunTime:0.000432s ]
INFO: [ app_begin ] --START--
INFO: Run Behavior\ReadHtmlCacheBehavior [ RunTime:0.000153s ]
INFO: [ app_begin ] --END-- [ RunTime:0.000380s ]
NOTIC: [8192] mysql_connect(): The mysql extension is deprecated and will be removed in the future: use mysqli or PDO instead /var/www/yoga/Framework/Library/Think/Db/Driver/Mysql.class.php 第 52 行.

[ 2015-10-21T12:19:28+08:00 ] 127.0.0.1 /Api/index/getClubs
INFO: [ app_init ] --START--
INFO: Run Behavior\BuildLiteBehavior [ RunTime:0.000019s ]
INFO: [ app_init ] --END-- [ RunTime:0.000081s ]
INFO: [ app_begin ] --START--
INFO: Run Behavior\ReadHtmlCacheBehavior [ RunTime:0.000027s ]
INFO: [ app_begin ] --END-- [ RunTime:0.000059s ]
NOTIC: [8192] mysql_connect(): The mysql extension is deprecated and will be removed in the future: use mysqli or PDO instead /var/www/yoga/Framework/Library/Think/Db/Driver/Mysql.class.php 第 52 行.

[ 2015-10-21T13:16:42+08:00 ] 127.0.0.1 /Api/index/getPeaktime
INFO: [ app_init ] --START--
INFO: Run Behavior\BuildLiteBehavior [ RunTime:0.000018s ]
INFO: [ app_init ] --END-- [ RunTime:0.000079s ]
INFO: [ app_begin ] --START--
INFO: Run Behavior\ReadHtmlCacheBehavior [ RunTime:0.000026s ]
INFO: [ app_begin ] --END-- [ RunTime:0.000058s ]
NOTIC: [8192] mysql_connect(): The mysql extension is deprecated and will be removed in the future: use mysqli or PDO instead /var/www/yoga/Framework/Library/Think/Db/Driver/Mysql.class.php 第 52 行.

[ 2015-10-21T13:16:42+08:00 ] 127.0.0.1 /Api/index/getClubs
INFO: [ app_init ] --START--
INFO: Run Behavior\BuildLiteBehavior [ RunTime:0.000027s ]
INFO: [ app_init ] --END-- [ RunTime:0.000118s ]
INFO: [ app_begin ] --START--
INFO: Run Behavior\ReadHtmlCacheBehavior [ RunTime:0.000039s ]
INFO: [ app_begin ] --END-- [ RunTime:0.000088s ]
NOTIC: [8192] mysql_connect(): The mysql extension is deprecated and will be removed in the future: use mysqli or PDO instead /var/www/yoga/Framework/Library/Think/Db/Driver/Mysql.class.php 第 52 行.

[ 2015-10-21T13:17:07+08:00 ] 127.0.0.1 /Api/index/getPeaktime
INFO: [ app_init ] --START--
INFO: Run Behavior\BuildLiteBehavior [ RunTime:0.000017s ]
INFO: [ app_init ] --END-- [ RunTime:0.000078s ]
INFO: [ app_begin ] --START--
INFO: Run Behavior\ReadHtmlCacheBehavior [ RunTime:0.000024s ]
INFO: [ app_begin ] --END-- [ RunTime:0.000056s ]
NOTIC: [8192] mysql_connect(): The mysql extension is deprecated and will be removed in the future: use mysqli or PDO instead /var/www/yoga/Framework/Library/Think/Db/Driver/Mysql.class.php 第 52 行.

[ 2015-10-21T13:17:07+08:00 ] 127.0.0.1 /Api/index/getClubs
INFO: [ app_init ] --START--
INFO: Run Behavior\BuildLiteBehavior [ RunTime:0.000025s ]
INFO: [ app_init ] --END-- [ RunTime:0.000114s ]
INFO: [ app_begin ] --START--
INFO: Run Behavior\ReadHtmlCacheBehavior [ RunTime:0.000037s ]
INFO: [ app_begin ] --END-- [ RunTime:0.000100s ]
NOTIC: [8192] mysql_connect(): The mysql extension is deprecated and will be removed in the future: use mysqli or PDO instead /var/www/yoga/Framework/Library/Think/Db/Driver/Mysql.class.php 第 52 行.

[ 2015-10-21T13:17:18+08:00 ] 127.0.0.1 /Api/index/getPeaktime
INFO: [ app_init ] --START--
INFO: Run Behavior\BuildLiteBehavior [ RunTime:0.000024s ]
INFO: [ app_init ] --END-- [ RunTime:0.000111s ]
INFO: [ app_begin ] --START--
INFO: Run Behavior\ReadHtmlCacheBehavior [ RunTime:0.000038s ]
INFO: [ app_begin ] --END-- [ RunTime:0.000078s ]
NOTIC: [8192] mysql_connect(): The mysql extension is deprecated and will be removed in the future: use mysqli or PDO instead /var/www/yoga/Framework/Library/Think/Db/Driver/Mysql.class.php 第 52 行.

[ 2015-10-21T13:17:18+08:00 ] 127.0.0.1 /Api/index/getClubs
INFO: [ app_init ] --START--
INFO: Run Behavior\BuildLiteBehavior [ RunTime:0.000026s ]
INFO: [ app_init ] --END-- [ RunTime:0.000126s ]
INFO: [ app_begin ] --START--
INFO: Run Behavior\ReadHtmlCacheBehavior [ RunTime:0.000040s ]
INFO: [ app_begin ] --END-- [ RunTime:0.000092s ]
NOTIC: [8192] mysql_connect(): The mysql extension is deprecated and will be removed in the future: use mysqli or PDO instead /var/www/yoga/Framework/Library/Think/Db/Driver/Mysql.class.php 第 52 行.

[ 2015-10-21T13:17:56+08:00 ] 127.0.0.1 /Api/index/getPeaktime
INFO: [ app_init ] --START--
INFO: Run Behavior\BuildLiteBehavior [ RunTime:0.000017s ]
INFO: [ app_init ] --END-- [ RunTime:0.000075s ]
INFO: [ app_begin ] --START--
INFO: Run Behavior\ReadHtmlCacheBehavior [ RunTime:0.000025s ]
INFO: [ app_begin ] --END-- [ RunTime:0.000057s ]
NOTIC: [8192] mysql_connect(): The mysql extension is deprecated and will be removed in the future: use mysqli or PDO instead /var/www/yoga/Framework/Library/Think/Db/Driver/Mysql.class.php 第 52 行.

[ 2015-10-21T13:17:56+08:00 ] 127.0.0.1 /Api/index/getClubs
INFO: [ app_init ] --START--
INFO: Run Behavior\BuildLiteBehavior [ RunTime:0.000019s ]
INFO: [ app_init ] --END-- [ RunTime:0.000076s ]
INFO: [ app_begin ] --START--
INFO: Run Behavior\ReadHtmlCacheBehavior [ RunTime:0.000025s ]
INFO: [ app_begin ] --END-- [ RunTime:0.000055s ]
NOTIC: [8192] mysql_connect(): The mysql extension is deprecated and will be removed in the future: use mysqli or PDO instead /var/www/yoga/Framework/Library/Think/Db/Driver/Mysql.class.php 第 52 行.

[ 2015-10-21T13:58:24+08:00 ] 127.0.0.1 /Api/index/getPeaktime
INFO: [ app_init ] --START--
INFO: Run Behavior\BuildLiteBehavior [ RunTime:0.000019s ]
INFO: [ app_init ] --END-- [ RunTime:0.000095s ]
INFO: [ app_begin ] --START--
INFO: Run Behavior\ReadHtmlCacheBehavior [ RunTime:0.000024s ]
INFO: [ app_begin ] --END-- [ RunTime:0.000057s ]
NOTIC: [8192] mysql_connect(): The mysql extension is deprecated and will be removed in the future: use mysqli or PDO instead /var/www/yoga/Framework/Library/Think/Db/Driver/Mysql.class.php 第 52 行.

[ 2015-10-21T13:58:24+08:00 ] 127.0.0.1 /Api/index/getClubs
INFO: [ app_init ] --START--
INFO: Run Behavior\BuildLiteBehavior [ RunTime:0.000023s ]
INFO: [ app_init ] --END-- [ RunTime:0.000105s ]
INFO: [ app_begin ] --START--
INFO: Run Behavior\ReadHtmlCacheBehavior [ RunTime:0.000033s ]
INFO: [ app_begin ] --END-- [ RunTime:0.000079s ]
NOTIC: [8192] mysql_connect(): The mysql extension is deprecated and will be removed in the future: use mysqli or PDO instead /var/www/yoga/Framework/Library/Think/Db/Driver/Mysql.class.php 第 52 行.

[ 2015-10-21T14:19:30+08:00 ] 127.0.0.1 /Api/index/getChannelUsers
INFO: [ app_init ] --START--
INFO: Run Behavior\BuildLiteBehavior [ RunTime:0.000032s ]
INFO: [ app_init ] --END-- [ RunTime:0.000148s ]
INFO: [ app_begin ] --START--
INFO: Run Behavior\ReadHtmlCacheBehavior [ RunTime:0.000053s ]
INFO: [ app_begin ] --END-- [ RunTime:0.000119s ]
NOTIC: [8192] mysql_connect(): The mysql extension is deprecated and will be removed in the future: use mysqli or PDO instead /var/www/yoga/Framework/Library/Think/Db/Driver/Mysql.class.php 第 52 行.
NOTIC: [2] explode() expects parameter 2 to be string, array given /var/www/yoga/Framework/Library/Think/Model.class.php 第 1426 行.
ERR: 1103:Incorrect table name ''
 [ SQL语句 ] : SHOW COLUMNS FROM ``

[ 2015-10-21T14:57:47+08:00 ] 127.0.0.1 /Api/index/getCardType
INFO: [ app_init ] --START--
INFO: Run Behavior\BuildLiteBehavior [ RunTime:0.000029s ]
INFO: [ app_init ] --END-- [ RunTime:0.000128s ]
INFO: [ app_begin ] --START--
INFO: Run Behavior\ReadHtmlCacheBehavior [ RunTime:0.000043s ]
INFO: [ app_begin ] --END-- [ RunTime:0.000097s ]
NOTIC: [8192] mysql_connect(): The mysql extension is deprecated and will be removed in the future: use mysqli or PDO instead /var/www/yoga/Framework/Library/Think/Db/Driver/Mysql.class.php 第 52 行.

[ 2015-10-21T14:57:47+08:00 ] 127.0.0.1 /Api/index/getMcs
INFO: [ app_init ] --START--
INFO: Run Behavior\BuildLiteBehavior [ RunTime:0.000027s ]
INFO: [ app_init ] --END-- [ RunTime:0.000117s ]
INFO: [ app_begin ] --START--
INFO: Run Behavior\ReadHtmlCacheBehavior [ RunTime:0.000032s ]
INFO: [ app_begin ] --END-- [ RunTime:0.000072s ]
NOTIC: [8192] mysql_connect(): The mysql extension is deprecated and will be removed in the future: use mysqli or PDO instead /var/www/yoga/Framework/Library/Think/Db/Driver/Mysql.class.php 第 52 行.
NOTIC: [2] explode() expects parameter 2 to be string, array given /var/www/yoga/Framework/Library/Think/Model.class.php 第 1426 行.
ERR: 1103:Incorrect table name ''
 [ SQL语句 ] : SHOW COLUMNS FROM ``

[ 2015-10-21T14:59:08+08:00 ] 127.0.0.1 /Api/index/getCardType
INFO: [ app_init ] --START--
INFO: Run Behavior\BuildLiteBehavior [ RunTime:0.000030s ]
INFO: [ app_init ] --END-- [ RunTime:0.000193s ]
INFO: [ app_begin ] --START--
INFO: Run Behavior\ReadHtmlCacheBehavior [ RunTime:0.000048s ]
INFO: [ app_begin ] --END-- [ RunTime:0.000105s ]
NOTIC: [8192] mysql_connect(): The mysql extension is deprecated and will be removed in the future: use mysqli or PDO instead /var/www/yoga/Framework/Library/Think/Db/Driver/Mysql.class.php 第 52 行.

[ 2015-10-21T14:59:08+08:00 ] 127.0.0.1 /Api/index/getMcs
INFO: [ app_init ] --START--
INFO: Run Behavior\BuildLiteBehavior [ RunTime:0.000034s ]
INFO: [ app_init ] --END-- [ RunTime:0.000160s ]
INFO: [ app_begin ] --START--
INFO: Run Behavior\ReadHtmlCacheBehavior [ RunTime:0.000043s ]
INFO: [ app_begin ] --END-- [ RunTime:0.000096s ]
NOTIC: [8192] mysql_connect(): The mysql extension is deprecated and will be removed in the future: use mysqli or PDO instead /var/www/yoga/Framework/Library/Think/Db/Driver/Mysql.class.php 第 52 行.
NOTIC: [2] explode() expects parameter 2 to be string, array given /var/www/yoga/Framework/Library/Think/Model.class.php 第 1426 行.
ERR: 1103:Incorrect table name ''
 [ SQL语句 ] : SHOW COLUMNS FROM ``

[ 2015-10-21T15:00:40+08:00 ] 127.0.0.1 /Api/index/getCardType
INFO: [ app_init ] --START--
INFO: Run Behavior\BuildLiteBehavior [ RunTime:0.000017s ]
INFO: [ app_init ] --END-- [ RunTime:0.000076s ]
INFO: [ app_begin ] --START--
INFO: Run Behavior\ReadHtmlCacheBehavior [ RunTime:0.000041s ]
INFO: [ app_begin ] --END-- [ RunTime:0.000091s ]
NOTIC: [8192] mysql_connect(): The mysql extension is deprecated and will be removed in the future: use mysqli or PDO instead /var/www/yoga/Framework/Library/Think/Db/Driver/Mysql.class.php 第 52 行.

[ 2015-10-21T15:00:40+08:00 ] 127.0.0.1 /Api/index/getMcs
INFO: [ app_init ] --START--
INFO: Run Behavior\BuildLiteBehavior [ RunTime:0.000040s ]
INFO: [ app_init ] --END-- [ RunTime:0.000163s ]
INFO: [ app_begin ] --START--
INFO: Run Behavior\ReadHtmlCacheBehavior [ RunTime:0.000062s ]
INFO: [ app_begin ] --END-- [ RunTime:0.000130s ]
NOTIC: [8192] mysql_connect(): The mysql extension is deprecated and will be removed in the future: use mysqli or PDO instead /var/www/yoga/Framework/Library/Think/Db/Driver/Mysql.class.php 第 52 行.
NOTIC: [2] explode() expects parameter 2 to be string, array given /var/www/yoga/Framework/Library/Think/Model.class.php 第 1426 行.
ERR: 1103:Incorrect table name ''
 [ SQL语句 ] : SHOW COLUMNS FROM ``

[ 2015-10-21T15:00:46+08:00 ] 127.0.0.1 /Api/index/getCardType
INFO: [ app_init ] --START--
INFO: Run Behavior\BuildLiteBehavior [ RunTime:0.000030s ]
INFO: [ app_init ] --END-- [ RunTime:0.000140s ]
INFO: [ app_begin ] --START--
INFO: Run Behavior\ReadHtmlCacheBehavior [ RunTime:0.000051s ]
INFO: [ app_begin ] --END-- [ RunTime:0.000110s ]
NOTIC: [8192] mysql_connect(): The mysql extension is deprecated and will be removed in the future: use mysqli or PDO instead /var/www/yoga/Framework/Library/Think/Db/Driver/Mysql.class.php 第 52 行.

[ 2015-10-21T15:00:46+08:00 ] 127.0.0.1 /Api/index/getMcs
INFO: [ app_init ] --START--
INFO: Run Behavior\BuildLiteBehavior [ RunTime:0.000027s ]
INFO: [ app_init ] --END-- [ RunTime:0.000126s ]
INFO: [ app_begin ] --START--
INFO: Run Behavior\ReadHtmlCacheBehavior [ RunTime:0.000045s ]
INFO: [ app_begin ] --END-- [ RunTime:0.000097s ]
NOTIC: [8192] mysql_connect(): The mysql extension is deprecated and will be removed in the future: use mysqli or PDO instead /var/www/yoga/Framework/Library/Think/Db/Driver/Mysql.class.php 第 52 行.
NOTIC: [2] explode() expects parameter 2 to be string, array given /var/www/yoga/Framework/Library/Think/Model.class.php 第 1426 行.
ERR: 1103:Incorrect table name ''
 [ SQL语句 ] : SHOW COLUMNS FROM ``

[ 2015-10-21T15:01:06+08:00 ] 127.0.0.1 /Api/index/getCardType
INFO: [ app_init ] --START--
INFO: Run Behavior\BuildLiteBehavior [ RunTime:0.000027s ]
INFO: [ app_init ] --END-- [ RunTime:0.000121s ]
INFO: [ app_begin ] --START--
INFO: Run Behavior\ReadHtmlCacheBehavior [ RunTime:0.000047s ]
INFO: [ app_begin ] --END-- [ RunTime:0.000099s ]
NOTIC: [8192] mysql_connect(): The mysql extension is deprecated and will be removed in the future: use mysqli or PDO instead /var/www/yoga/Framework/Library/Think/Db/Driver/Mysql.class.php 第 52 行.

[ 2015-10-21T15:01:06+08:00 ] 127.0.0.1 /Api/index/getMcs
INFO: [ app_init ] --START--
INFO: Run Behavior\BuildLiteBehavior [ RunTime:0.000019s ]
INFO: [ app_init ] --END-- [ RunTime:0.000092s ]
INFO: [ app_begin ] --START--
INFO: Run Behavior\ReadHtmlCacheBehavior [ RunTime:0.000043s ]
INFO: [ app_begin ] --END-- [ RunTime:0.000094s ]
NOTIC: [8192] mysql_connect(): The mysql extension is deprecated and will be removed in the future: use mysqli or PDO instead /var/www/yoga/Framework/Library/Think/Db/Driver/Mysql.class.php 第 52 行.
NOTIC: [2] explode() expects parameter 2 to be string, array given /var/www/yoga/Framework/Library/Think/Model.class.php 第 1426 行.
ERR: 1103:Incorrect table name ''
 [ SQL语句 ] : SHOW COLUMNS FROM ``

[ 2015-10-21T15:01:10+08:00 ] 127.0.0.1 /Api/index/getCardType
INFO: [ app_init ] --START--
INFO: Run Behavior\BuildLiteBehavior [ RunTime:0.000028s ]
INFO: [ app_init ] --END-- [ RunTime:0.000133s ]
INFO: [ app_begin ] --START--
INFO: Run Behavior\ReadHtmlCacheBehavior [ RunTime:0.000055s ]
INFO: [ app_begin ] --END-- [ RunTime:0.000115s ]
NOTIC: [8192] mysql_connect(): The mysql extension is deprecated and will be removed in the future: use mysqli or PDO instead /var/www/yoga/Framework/Library/Think/Db/Driver/Mysql.class.php 第 52 行.

[ 2015-10-21T15:01:10+08:00 ] 127.0.0.1 /Api/index/getMcs
INFO: [ app_init ] --START--
INFO: Run Behavior\BuildLiteBehavior [ RunTime:0.000025s ]
INFO: [ app_init ] --END-- [ RunTime:0.000114s ]
INFO: [ app_begin ] --START--
INFO: Run Behavior\ReadHtmlCacheBehavior [ RunTime:0.000035s ]
INFO: [ app_begin ] --END-- [ RunTime:0.000084s ]
NOTIC: [8192] mysql_connect(): The mysql extension is deprecated and will be removed in the future: use mysqli or PDO instead /var/www/yoga/Framework/Library/Think/Db/Driver/Mysql.class.php 第 52 行.
NOTIC: [2] explode() expects parameter 2 to be string, array given /var/www/yoga/Framework/Library/Think/Model.class.php 第 1426 行.
ERR: 1103:Incorrect table name ''
 [ SQL语句 ] : SHOW COLUMNS FROM ``

[ 2015-10-21T15:04:34+08:00 ] 127.0.0.1 /Api/index/getCardType
INFO: [ app_init ] --START--
INFO: Run Behavior\BuildLiteBehavior [ RunTime:0.000032s ]
INFO: [ app_init ] --END-- [ RunTime:0.000138s ]
INFO: [ app_begin ] --START--
INFO: Run Behavior\ReadHtmlCacheBehavior [ RunTime:0.000044s ]
INFO: [ app_begin ] --END-- [ RunTime:0.000100s ]
NOTIC: [8192] mysql_connect(): The mysql extension is deprecated and will be removed in the future: use mysqli or PDO instead /var/www/yoga/Framework/Library/Think/Db/Driver/Mysql.class.php 第 52 行.

[ 2015-10-21T15:04:34+08:00 ] 127.0.0.1 /Api/index/getMcs
INFO: [ app_init ] --START--
INFO: Run Behavior\BuildLiteBehavior [ RunTime:0.000025s ]
INFO: [ app_init ] --END-- [ RunTime:0.000111s ]
INFO: [ app_begin ] --START--
INFO: Run Behavior\ReadHtmlCacheBehavior [ RunTime:0.000034s ]
INFO: [ app_begin ] --END-- [ RunTime:0.000082s ]
NOTIC: [8192] mysql_connect(): The mysql extension is deprecated and will be removed in the future: use mysqli or PDO instead /var/www/yoga/Framework/Library/Think/Db/Driver/Mysql.class.php 第 52 行.
NOTIC: [2] explode() expects parameter 2 to be string, array given /var/www/yoga/Framework/Library/Think/Model.class.php 第 1426 行.
ERR: 1103:Incorrect table name ''
 [ SQL语句 ] : SHOW COLUMNS FROM ``

[ 2015-10-21T15:04:39+08:00 ] 127.0.0.1 /Api/index/getCardType
INFO: [ app_init ] --START--
INFO: Run Behavior\BuildLiteBehavior [ RunTime:0.000028s ]
INFO: [ app_init ] --END-- [ RunTime:0.000129s ]
INFO: [ app_begin ] --START--
INFO: Run Behavior\ReadHtmlCacheBehavior [ RunTime:0.000042s ]
INFO: [ app_begin ] --END-- [ RunTime:0.000091s ]
NOTIC: [8192] mysql_connect(): The mysql extension is deprecated and will be removed in the future: use mysqli or PDO instead /var/www/yoga/Framework/Library/Think/Db/Driver/Mysql.class.php 第 52 行.

[ 2015-10-21T15:04:39+08:00 ] 127.0.0.1 /Api/index/getMcs
INFO: [ app_init ] --START--
INFO: Run Behavior\BuildLiteBehavior [ RunTime:0.000026s ]
INFO: [ app_init ] --END-- [ RunTime:0.000116s ]
INFO: [ app_begin ] --START--
INFO: Run Behavior\ReadHtmlCacheBehavior [ RunTime:0.000035s ]
INFO: [ app_begin ] --END-- [ RunTime:0.000085s ]
NOTIC: [8192] mysql_connect(): The mysql extension is deprecated and will be removed in the future: use mysqli or PDO instead /var/www/yoga/Framework/Library/Think/Db/Driver/Mysql.class.php 第 52 行.
NOTIC: [2] explode() expects parameter 2 to be string, array given /var/www/yoga/Framework/Library/Think/Model.class.php 第 1426 行.
ERR: 1103:Incorrect table name ''
 [ SQL语句 ] : SHOW COLUMNS FROM ``

[ 2015-10-21T15:04:45+08:00 ] 127.0.0.1 /Api/index/getCardType
INFO: [ app_init ] --START--
INFO: Run Behavior\BuildLiteBehavior [ RunTime:0.000029s ]
INFO: [ app_init ] --END-- [ RunTime:0.000138s ]
INFO: [ app_begin ] --START--
INFO: Run Behavior\ReadHtmlCacheBehavior [ RunTime:0.000058s ]
INFO: [ app_begin ] --END-- [ RunTime:0.000123s ]
NOTIC: [8192] mysql_connect(): The mysql extension is deprecated and will be removed in the future: use mysqli or PDO instead /var/www/yoga/Framework/Library/Think/Db/Driver/Mysql.class.php 第 52 行.

[ 2015-10-21T15:04:45+08:00 ] 127.0.0.1 /Api/index/getMcs
INFO: [ app_init ] --START--
INFO: Run Behavior\BuildLiteBehavior [ RunTime:0.000016s ]
INFO: [ app_init ] --END-- [ RunTime:0.000089s ]
INFO: [ app_begin ] --START--
INFO: Run Behavior\ReadHtmlCacheBehavior [ RunTime:0.000023s ]
INFO: [ app_begin ] --END-- [ RunTime:0.000054s ]
NOTIC: [8192] mysql_connect(): The mysql extension is deprecated and will be removed in the future: use mysqli or PDO instead /var/www/yoga/Framework/Library/Think/Db/Driver/Mysql.class.php 第 52 行.
NOTIC: [2] explode() expects parameter 2 to be string, array given /var/www/yoga/Framework/Library/Think/Model.class.php 第 1426 行.
ERR: 1103:Incorrect table name ''
 [ SQL语句 ] : SHOW COLUMNS FROM ``

[ 2015-10-21T15:04:51+08:00 ] 127.0.0.1 /Api/index/getCardType
INFO: [ app_init ] --START--
INFO: Run Behavior\BuildLiteBehavior [ RunTime:0.000041s ]
INFO: [ app_init ] --END-- [ RunTime:0.000193s ]
INFO: [ app_begin ] --START--
INFO: Run Behavior\ReadHtmlCacheBehavior [ RunTime:0.000092s ]
INFO: [ app_begin ] --END-- [ RunTime:0.000182s ]
NOTIC: [8192] mysql_connect(): The mysql extension is deprecated and will be removed in the future: use mysqli or PDO instead /var/www/yoga/Framework/Library/Think/Db/Driver/Mysql.class.php 第 52 行.

[ 2015-10-21T15:04:51+08:00 ] 127.0.0.1 /Api/index/getMcs
INFO: [ app_init ] --START--
INFO: Run Behavior\BuildLiteBehavior [ RunTime:0.000029s ]
INFO: [ app_init ] --END-- [ RunTime:0.000132s ]
INFO: [ app_begin ] --START--
INFO: Run Behavior\ReadHtmlCacheBehavior [ RunTime:0.000047s ]
INFO: [ app_begin ] --END-- [ RunTime:0.000102s ]
NOTIC: [8192] mysql_connect(): The mysql extension is deprecated and will be removed in the future: use mysqli or PDO instead /var/www/yoga/Framework/Library/Think/Db/Driver/Mysql.class.php 第 52 行.
NOTIC: [2] explode() expects parameter 2 to be string, array given /var/www/yoga/Framework/Library/Think/Model.class.php 第 1426 行.
ERR: 1103:Incorrect table name ''
 [ SQL语句 ] : SHOW COLUMNS FROM ``

[ 2015-10-21T15:08:08+08:00 ] 127.0.0.1 /Api/index/getCardType
INFO: [ app_init ] --START--
INFO: Run Behavior\BuildLiteBehavior [ RunTime:0.000031s ]
INFO: [ app_init ] --END-- [ RunTime:0.000137s ]
INFO: [ app_begin ] --START--
INFO: Run Behavior\ReadHtmlCacheBehavior [ RunTime:0.000044s ]
INFO: [ app_begin ] --END-- [ RunTime:0.000098s ]
NOTIC: [8192] mysql_connect(): The mysql extension is deprecated and will be removed in the future: use mysqli or PDO instead /var/www/yoga/Framework/Library/Think/Db/Driver/Mysql.class.php 第 52 行.

[ 2015-10-21T15:08:08+08:00 ] 127.0.0.1 /Api/index/getMcs
INFO: [ app_init ] --START--
INFO: Run Behavior\BuildLiteBehavior [ RunTime:0.000036s ]
INFO: [ app_init ] --END-- [ RunTime:0.000134s ]
INFO: [ app_begin ] --START--
INFO: Run Behavior\ReadHtmlCacheBehavior [ RunTime:0.000071s ]
INFO: [ app_begin ] --END-- [ RunTime:0.000161s ]
NOTIC: [8192] mysql_connect(): The mysql extension is deprecated and will be removed in the future: use mysqli or PDO instead /var/www/yoga/Framework/Library/Think/Db/Driver/Mysql.class.php 第 52 行.
NOTIC: [2] explode() expects parameter 2 to be string, array given /var/www/yoga/Framework/Library/Think/Model.class.php 第 1426 行.
ERR: 1103:Incorrect table name ''
 [ SQL语句 ] : SHOW COLUMNS FROM ``

[ 2015-10-21T15:21:21+08:00 ] 127.0.0.1 /Api/index/getCardType
INFO: [ app_init ] --START--
INFO: Run Behavior\BuildLiteBehavior [ RunTime:0.000024s ]
INFO: [ app_init ] --END-- [ RunTime:0.000115s ]
INFO: [ app_begin ] --START--
INFO: Run Behavior\ReadHtmlCacheBehavior [ RunTime:0.000047s ]
INFO: [ app_begin ] --END-- [ RunTime:0.000103s ]
NOTIC: [8192] mysql_connect(): The mysql extension is deprecated and will be removed in the future: use mysqli or PDO instead /var/www/yoga/Framework/Library/Think/Db/Driver/Mysql.class.php 第 52 行.

[ 2015-10-21T15:21:21+08:00 ] 127.0.0.1 /Api/index/getMcs
INFO: [ app_init ] --START--
INFO: Run Behavior\BuildLiteBehavior [ RunTime:0.000030s ]
INFO: [ app_init ] --END-- [ RunTime:0.000135s ]
INFO: [ app_begin ] --START--
INFO: Run Behavior\ReadHtmlCacheBehavior [ RunTime:0.000043s ]
INFO: [ app_begin ] --END-- [ RunTime:0.000105s ]
NOTIC: [8192] mysql_connect(): The mysql extension is deprecated and will be removed in the future: use mysqli or PDO instead /var/www/yoga/Framework/Library/Think/Db/Driver/Mysql.class.php 第 52 行.
NOTIC: [2] explode() expects parameter 2 to be string, array given /var/www/yoga/Framework/Library/Think/Model.class.php 第 1426 行.
ERR: 1103:Incorrect table name ''
 [ SQL语句 ] : SHOW COLUMNS FROM ``

[ 2015-10-21T15:21:23+08:00 ] 127.0.0.1 /Api/index/getCardType
INFO: [ app_init ] --START--
INFO: Run Behavior\BuildLiteBehavior [ RunTime:0.000032s ]
INFO: [ app_init ] --END-- [ RunTime:0.000147s ]
INFO: [ app_begin ] --START--
INFO: Run Behavior\ReadHtmlCacheBehavior [ RunTime:0.000051s ]
INFO: [ app_begin ] --END-- [ RunTime:0.000117s ]
NOTIC: [8192] mysql_connect(): The mysql extension is deprecated and will be removed in the future: use mysqli or PDO instead /var/www/yoga/Framework/Library/Think/Db/Driver/Mysql.class.php 第 52 行.

[ 2015-10-21T15:21:23+08:00 ] 127.0.0.1 /Api/index/getMcs
INFO: [ app_init ] --START--
INFO: Run Behavior\BuildLiteBehavior [ RunTime:0.000026s ]
INFO: [ app_init ] --END-- [ RunTime:0.000117s ]
INFO: [ app_begin ] --START--
INFO: Run Behavior\ReadHtmlCacheBehavior [ RunTime:0.000034s ]
INFO: [ app_begin ] --END-- [ RunTime:0.000084s ]
NOTIC: [8192] mysql_connect(): The mysql extension is deprecated and will be removed in the future: use mysqli or PDO instead /var/www/yoga/Framework/Library/Think/Db/Driver/Mysql.class.php 第 52 行.
NOTIC: [2] explode() expects parameter 2 to be string, array given /var/www/yoga/Framework/Library/Think/Model.class.php 第 1426 行.
ERR: 1103:Incorrect table name ''
 [ SQL语句 ] : SHOW COLUMNS FROM ``

[ 2015-10-21T15:21:44+08:00 ] 127.0.0.1 /Api/index/getCardType
INFO: [ app_init ] --START--
INFO: Run Behavior\BuildLiteBehavior [ RunTime:0.000018s ]
INFO: [ app_init ] --END-- [ RunTime:0.000081s ]
INFO: [ app_begin ] --START--
INFO: Run Behavior\ReadHtmlCacheBehavior [ RunTime:0.000042s ]
INFO: [ app_begin ] --END-- [ RunTime:0.000088s ]
NOTIC: [8192] mysql_connect(): The mysql extension is deprecated and will be removed in the future: use mysqli or PDO instead /var/www/yoga/Framework/Library/Think/Db/Driver/Mysql.class.php 第 52 行.

[ 2015-10-21T15:21:44+08:00 ] 127.0.0.1 /Api/index/getMcs
INFO: [ app_init ] --START--
INFO: Run Behavior\BuildLiteBehavior [ RunTime:0.000019s ]
INFO: [ app_init ] --END-- [ RunTime:0.000086s ]
INFO: [ app_begin ] --START--
INFO: Run Behavior\ReadHtmlCacheBehavior [ RunTime:0.000027s ]
INFO: [ app_begin ] --END-- [ RunTime:0.000059s ]
NOTIC: [8192] mysql_connect(): The mysql extension is deprecated and will be removed in the future: use mysqli or PDO instead /var/www/yoga/Framework/Library/Think/Db/Driver/Mysql.class.php 第 52 行.
NOTIC: [2] explode() expects parameter 2 to be string, array given /var/www/yoga/Framework/Library/Think/Model.class.php 第 1426 行.
ERR: 1103:Incorrect table name ''
 [ SQL语句 ] : SHOW COLUMNS FROM ``

[ 2015-10-21T15:22:15+08:00 ] 127.0.0.1 /Api/index/getCardType
INFO: [ app_init ] --START--
INFO: Run Behavior\BuildLiteBehavior [ RunTime:0.000027s ]
INFO: [ app_init ] --END-- [ RunTime:0.000131s ]
INFO: [ app_begin ] --START--
INFO: Run Behavior\ReadHtmlCacheBehavior [ RunTime:0.000055s ]
INFO: [ app_begin ] --END-- [ RunTime:0.000115s ]
NOTIC: [8192] mysql_connect(): The mysql extension is deprecated and will be removed in the future: use mysqli or PDO instead /var/www/yoga/Framework/Library/Think/Db/Driver/Mysql.class.php 第 52 行.

[ 2015-10-21T15:22:15+08:00 ] 127.0.0.1 /Api/index/getMcs
INFO: [ app_init ] --START--
INFO: Run Behavior\BuildLiteBehavior [ RunTime:0.000023s ]
INFO: [ app_init ] --END-- [ RunTime:0.000113s ]
INFO: [ app_begin ] --START--
INFO: Run Behavior\ReadHtmlCacheBehavior [ RunTime:0.000028s ]
INFO: [ app_begin ] --END-- [ RunTime:0.000059s ]
NOTIC: [8192] mysql_connect(): The mysql extension is deprecated and will be removed in the future: use mysqli or PDO instead /var/www/yoga/Framework/Library/Think/Db/Driver/Mysql.class.php 第 52 行.
NOTIC: [2] explode() expects parameter 2 to be string, array given /var/www/yoga/Framework/Library/Think/Model.class.php 第 1426 行.
ERR: 1103:Incorrect table name ''
 [ SQL语句 ] : SHOW COLUMNS FROM ``

[ 2015-10-21T15:23:25+08:00 ] 127.0.0.1 /Api/index/getCardType
INFO: [ app_init ] --START--
INFO: Run Behavior\BuildLiteBehavior [ RunTime:0.000028s ]
INFO: [ app_init ] --END-- [ RunTime:0.000127s ]
INFO: [ app_begin ] --START--
INFO: Run Behavior\ReadHtmlCacheBehavior [ RunTime:0.000066s ]
INFO: [ app_begin ] --END-- [ RunTime:0.000130s ]
NOTIC: [8192] mysql_connect(): The mysql extension is deprecated and will be removed in the future: use mysqli or PDO instead /var/www/yoga/Framework/Library/Think/Db/Driver/Mysql.class.php 第 52 行.

[ 2015-10-21T15:23:25+08:00 ] 127.0.0.1 /Api/index/getMcs
INFO: [ app_init ] --START--
INFO: Run Behavior\BuildLiteBehavior [ RunTime:0.000025s ]
INFO: [ app_init ] --END-- [ RunTime:0.000115s ]
INFO: [ app_begin ] --START--
INFO: Run Behavior\ReadHtmlCacheBehavior [ RunTime:0.000036s ]
INFO: [ app_begin ] --END-- [ RunTime:0.000085s ]
NOTIC: [8192] mysql_connect(): The mysql extension is deprecated and will be removed in the future: use mysqli or PDO instead /var/www/yoga/Framework/Library/Think/Db/Driver/Mysql.class.php 第 52 行.
NOTIC: [2] explode() expects parameter 2 to be string, array given /var/www/yoga/Framework/Library/Think/Model.class.php 第 1426 行.
ERR: 1103:Incorrect table name ''
 [ SQL语句 ] : SHOW COLUMNS FROM ``

[ 2015-10-21T15:23:57+08:00 ] 127.0.0.1 /Api/index/getCardType
INFO: [ app_init ] --START--
INFO: Run Behavior\BuildLiteBehavior [ RunTime:0.000025s ]
INFO: [ app_init ] --END-- [ RunTime:0.000110s ]
INFO: [ app_begin ] --START--
INFO: Run Behavior\ReadHtmlCacheBehavior [ RunTime:0.000033s ]
INFO: [ app_begin ] --END-- [ RunTime:0.000082s ]
NOTIC: [8192] mysql_connect(): The mysql extension is deprecated and will be removed in the future: use mysqli or PDO instead /var/www/yoga/Framework/Library/Think/Db/Driver/Mysql.class.php 第 52 行.

[ 2015-10-21T15:23:57+08:00 ] 127.0.0.1 /Api/index/getMcs
INFO: [ app_init ] --START--
INFO: Run Behavior\BuildLiteBehavior [ RunTime:0.000033s ]
INFO: [ app_init ] --END-- [ RunTime:0.000153s ]
INFO: [ app_begin ] --START--
INFO: Run Behavior\ReadHtmlCacheBehavior [ RunTime:0.000138s ]
INFO: [ app_begin ] --END-- [ RunTime:0.000292s ]
NOTIC: [8192] mysql_connect(): The mysql extension is deprecated and will be removed in the future: use mysqli or PDO instead /var/www/yoga/Framework/Library/Think/Db/Driver/Mysql.class.php 第 52 行.
NOTIC: [2] explode() expects parameter 2 to be string, array given /var/www/yoga/Framework/Library/Think/Model.class.php 第 1426 行.
ERR: 1103:Incorrect table name ''
 [ SQL语句 ] : SHOW COLUMNS FROM ``

[ 2015-10-21T15:24:06+08:00 ] 127.0.0.1 /Api/index/getCardType
INFO: [ app_init ] --START--
INFO: Run Behavior\BuildLiteBehavior [ RunTime:0.000017s ]
INFO: [ app_init ] --END-- [ RunTime:0.000074s ]
INFO: [ app_begin ] --START--
INFO: Run Behavior\ReadHtmlCacheBehavior [ RunTime:0.000029s ]
INFO: [ app_begin ] --END-- [ RunTime:0.000063s ]
NOTIC: [8192] mysql_connect(): The mysql extension is deprecated and will be removed in the future: use mysqli or PDO instead /var/www/yoga/Framework/Library/Think/Db/Driver/Mysql.class.php 第 52 行.

[ 2015-10-21T15:24:06+08:00 ] 127.0.0.1 /Api/index/getMcs
INFO: [ app_init ] --START--
INFO: Run Behavior\BuildLiteBehavior [ RunTime:0.000019s ]
INFO: [ app_init ] --END-- [ RunTime:0.000091s ]
INFO: [ app_begin ] --START--
INFO: Run Behavior\ReadHtmlCacheBehavior [ RunTime:0.000039s ]
INFO: [ app_begin ] --END-- [ RunTime:0.000087s ]
NOTIC: [8192] mysql_connect(): The mysql extension is deprecated and will be removed in the future: use mysqli or PDO instead /var/www/yoga/Framework/Library/Think/Db/Driver/Mysql.class.php 第 52 行.
NOTIC: [2] explode() expects parameter 2 to be string, array given /var/www/yoga/Framework/Library/Think/Model.class.php 第 1426 行.
ERR: 1103:Incorrect table name ''
 [ SQL语句 ] : SHOW COLUMNS FROM ``

[ 2015-10-21T15:27:44+08:00 ] 127.0.0.1 /Api/index/getCardType
INFO: [ app_init ] --START--
INFO: Run Behavior\BuildLiteBehavior [ RunTime:0.000033s ]
INFO: [ app_init ] --END-- [ RunTime:0.000154s ]
INFO: [ app_begin ] --START--
INFO: Run Behavior\ReadHtmlCacheBehavior [ RunTime:0.000052s ]
INFO: [ app_begin ] --END-- [ RunTime:0.000113s ]
NOTIC: [8192] mysql_connect(): The mysql extension is deprecated and will be removed in the future: use mysqli or PDO instead /var/www/yoga/Framework/Library/Think/Db/Driver/Mysql.class.php 第 52 行.

[ 2015-10-21T15:27:44+08:00 ] 127.0.0.1 /Api/index/getMcs
INFO: [ app_init ] --START--
INFO: Run Behavior\BuildLiteBehavior [ RunTime:0.000028s ]
INFO: [ app_init ] --END-- [ RunTime:0.000123s ]
INFO: [ app_begin ] --START--
INFO: Run Behavior\ReadHtmlCacheBehavior [ RunTime:0.000038s ]
INFO: [ app_begin ] --END-- [ RunTime:0.000090s ]
NOTIC: [8192] mysql_connect(): The mysql extension is deprecated and will be removed in the future: use mysqli or PDO instead /var/www/yoga/Framework/Library/Think/Db/Driver/Mysql.class.php 第 52 行.
NOTIC: [2] explode() expects parameter 2 to be string, array given /var/www/yoga/Framework/Library/Think/Model.class.php 第 1426 行.
ERR: 1103:Incorrect table name ''
 [ SQL语句 ] : SHOW COLUMNS FROM ``

[ 2015-10-21T15:35:26+08:00 ] 127.0.0.1 /Api/index/getCardType
INFO: [ app_init ] --START--
INFO: Run Behavior\BuildLiteBehavior [ RunTime:0.000025s ]
INFO: [ app_init ] --END-- [ RunTime:0.000112s ]
INFO: [ app_begin ] --START--
INFO: Run Behavior\ReadHtmlCacheBehavior [ RunTime:0.000035s ]
INFO: [ app_begin ] --END-- [ RunTime:0.000084s ]
NOTIC: [8192] mysql_connect(): The mysql extension is deprecated and will be removed in the future: use mysqli or PDO instead /var/www/yoga/Framework/Library/Think/Db/Driver/Mysql.class.php 第 52 行.

[ 2015-10-21T15:35:26+08:00 ] 127.0.0.1 /Api/index/getMcs
INFO: [ app_init ] --START--
INFO: Run Behavior\BuildLiteBehavior [ RunTime:0.000033s ]
INFO: [ app_init ] --END-- [ RunTime:0.000147s ]
INFO: [ app_begin ] --START--
INFO: Run Behavior\ReadHtmlCacheBehavior [ RunTime:0.000046s ]
INFO: [ app_begin ] --END-- [ RunTime:0.000111s ]
NOTIC: [8192] mysql_connect(): The mysql extension is deprecated and will be removed in the future: use mysqli or PDO instead /var/www/yoga/Framework/Library/Think/Db/Driver/Mysql.class.php 第 52 行.
NOTIC: [2] explode() expects parameter 2 to be string, array given /var/www/yoga/Framework/Library/Think/Model.class.php 第 1426 行.
ERR: 1103:Incorrect table name ''
 [ SQL语句 ] : SHOW COLUMNS FROM ``

[ 2015-10-21T16:11:33+08:00 ] 127.0.0.1 /Api/index/getCardType
INFO: [ app_init ] --START--
INFO: Run Behavior\BuildLiteBehavior [ RunTime:0.000016s ]
INFO: [ app_init ] --END-- [ RunTime:0.000073s ]
INFO: [ app_begin ] --START--
INFO: Run Behavior\ReadHtmlCacheBehavior [ RunTime:0.000022s ]
INFO: [ app_begin ] --END-- [ RunTime:0.000053s ]
NOTIC: [8192] mysql_connect(): The mysql extension is deprecated and will be removed in the future: use mysqli or PDO instead /var/www/yoga/Framework/Library/Think/Db/Driver/Mysql.class.php 第 52 行.

[ 2015-10-21T16:11:33+08:00 ] 127.0.0.1 /Api/index/getMcs
INFO: [ app_init ] --START--
INFO: Run Behavior\BuildLiteBehavior [ RunTime:0.000017s ]
INFO: [ app_init ] --END-- [ RunTime:0.000080s ]
INFO: [ app_begin ] --START--
INFO: Run Behavior\ReadHtmlCacheBehavior [ RunTime:0.000026s ]
INFO: [ app_begin ] --END-- [ RunTime:0.000059s ]
NOTIC: [8192] mysql_connect(): The mysql extension is deprecated and will be removed in the future: use mysqli or PDO instead /var/www/yoga/Framework/Library/Think/Db/Driver/Mysql.class.php 第 52 行.
NOTIC: [2] explode() expects parameter 2 to be string, array given /var/www/yoga/Framework/Library/Think/Model.class.php 第 1426 行.
ERR: 1103:Incorrect table name ''
 [ SQL语句 ] : SHOW COLUMNS FROM ``

[ 2015-10-21T16:16:20+08:00 ] 127.0.0.1 /Api/index/getCardType
INFO: [ app_init ] --START--
INFO: Run Behavior\BuildLiteBehavior [ RunTime:0.000017s ]
INFO: [ app_init ] --END-- [ RunTime:0.000077s ]
INFO: [ app_begin ] --START--
INFO: Run Behavior\ReadHtmlCacheBehavior [ RunTime:0.000027s ]
INFO: [ app_begin ] --END-- [ RunTime:0.000065s ]
NOTIC: [8192] mysql_connect(): The mysql extension is deprecated and will be removed in the future: use mysqli or PDO instead /var/www/yoga/Framework/Library/Think/Db/Driver/Mysql.class.php 第 52 行.

[ 2015-10-21T16:16:20+08:00 ] 127.0.0.1 /Api/index/getMcs
INFO: [ app_init ] --START--
INFO: Run Behavior\BuildLiteBehavior [ RunTime:0.000027s ]
INFO: [ app_init ] --END-- [ RunTime:0.000122s ]
INFO: [ app_begin ] --START--
INFO: Run Behavior\ReadHtmlCacheBehavior [ RunTime:0.000038s ]
INFO: [ app_begin ] --END-- [ RunTime:0.000086s ]
NOTIC: [8192] mysql_connect(): The mysql extension is deprecated and will be removed in the future: use mysqli or PDO instead /var/www/yoga/Framework/Library/Think/Db/Driver/Mysql.class.php 第 52 行.
NOTIC: [2] explode() expects parameter 2 to be string, array given /var/www/yoga/Framework/Library/Think/Model.class.php 第 1426 行.
ERR: 1103:Incorrect table name ''
 [ SQL语句 ] : SHOW COLUMNS FROM ``

[ 2015-10-21T16:29:32+08:00 ] 127.0.0.1 /Api/index/getCardType
INFO: [ app_init ] --START--
INFO: Run Behavior\BuildLiteBehavior [ RunTime:0.000028s ]
INFO: [ app_init ] --END-- [ RunTime:0.000129s ]
INFO: [ app_begin ] --START--
INFO: Run Behavior\ReadHtmlCacheBehavior [ RunTime:0.000040s ]
INFO: [ app_begin ] --END-- [ RunTime:0.000099s ]
NOTIC: [8192] mysql_connect(): The mysql extension is deprecated and will be removed in the future: use mysqli or PDO instead /var/www/yoga/Framework/Library/Think/Db/Driver/Mysql.class.php 第 52 行.

[ 2015-10-21T16:29:32+08:00 ] 127.0.0.1 /Api/index/getMcs
INFO: [ app_init ] --START--
INFO: Run Behavior\BuildLiteBehavior [ RunTime:0.000033s ]
INFO: [ app_init ] --END-- [ RunTime:0.000143s ]
INFO: [ app_begin ] --START--
INFO: Run Behavior\ReadHtmlCacheBehavior [ RunTime:0.000045s ]
INFO: [ app_begin ] --END-- [ RunTime:0.000112s ]
NOTIC: [8192] mysql_connect(): The mysql extension is deprecated and will be removed in the future: use mysqli or PDO instead /var/www/yoga/Framework/Library/Think/Db/Driver/Mysql.class.php 第 52 行.
NOTIC: [2] explode() expects parameter 2 to be string, array given /var/www/yoga/Framework/Library/Think/Model.class.php 第 1426 行.
ERR: 1103:Incorrect table name ''
 [ SQL语句 ] : SHOW COLUMNS FROM ``

[ 2015-10-21T16:44:37+08:00 ] 127.0.0.1 /Api/index/getCardType
INFO: [ app_init ] --START--
INFO: Run Behavior\BuildLiteBehavior [ RunTime:0.000025s ]
INFO: [ app_init ] --END-- [ RunTime:0.000111s ]
INFO: [ app_begin ] --START--
INFO: Run Behavior\ReadHtmlCacheBehavior [ RunTime:0.000034s ]
INFO: [ app_begin ] --END-- [ RunTime:0.000084s ]
NOTIC: [8192] mysql_connect(): The mysql extension is deprecated and will be removed in the future: use mysqli or PDO instead /var/www/yoga/Framework/Library/Think/Db/Driver/Mysql.class.php 第 52 行.

[ 2015-10-21T16:44:37+08:00 ] 127.0.0.1 /Api/index/getMcs
INFO: [ app_init ] --START--
INFO: Run Behavior\BuildLiteBehavior [ RunTime:0.000017s ]
INFO: [ app_init ] --END-- [ RunTime:0.000073s ]
INFO: [ app_begin ] --START--
INFO: Run Behavior\ReadHtmlCacheBehavior [ RunTime:0.000023s ]
INFO: [ app_begin ] --END-- [ RunTime:0.000054s ]
NOTIC: [8192] mysql_connect(): The mysql extension is deprecated and will be removed in the future: use mysqli or PDO instead /var/www/yoga/Framework/Library/Think/Db/Driver/Mysql.class.php 第 52 行.
NOTIC: [2] explode() expects parameter 2 to be string, array given /var/www/yoga/Framework/Library/Think/Model.class.php 第 1426 行.
ERR: 1103:Incorrect table name ''
 [ SQL语句 ] : SHOW COLUMNS FROM ``

[ 2015-10-21T16:44:53+08:00 ] 127.0.0.1 /Api/index/getCardType
INFO: [ app_init ] --START--
INFO: Run Behavior\BuildLiteBehavior [ RunTime:0.000016s ]
INFO: [ app_init ] --END-- [ RunTime:0.000074s ]
INFO: [ app_begin ] --START--
INFO: Run Behavior\ReadHtmlCacheBehavior [ RunTime:0.000024s ]
INFO: [ app_begin ] --END-- [ RunTime:0.000056s ]
NOTIC: [8192] mysql_connect(): The mysql extension is deprecated and will be removed in the future: use mysqli or PDO instead /var/www/yoga/Framework/Library/Think/Db/Driver/Mysql.class.php 第 52 行.

[ 2015-10-21T16:44:53+08:00 ] 127.0.0.1 /Api/index/getMcs
INFO: [ app_init ] --START--
INFO: Run Behavior\BuildLiteBehavior [ RunTime:0.000038s ]
INFO: [ app_init ] --END-- [ RunTime:0.000135s ]
INFO: [ app_begin ] --START--
INFO: Run Behavior\ReadHtmlCacheBehavior [ RunTime:0.000029s ]
INFO: [ app_begin ] --END-- [ RunTime:0.000080s ]
NOTIC: [8192] mysql_connect(): The mysql extension is deprecated and will be removed in the future: use mysqli or PDO instead /var/www/yoga/Framework/Library/Think/Db/Driver/Mysql.class.php 第 52 行.
NOTIC: [2] explode() expects parameter 2 to be string, array given /var/www/yoga/Framework/Library/Think/Model.class.php 第 1426 行.
ERR: 1103:Incorrect table name ''
 [ SQL语句 ] : SHOW COLUMNS FROM ``

[ 2015-10-21T16:45:01+08:00 ] 127.0.0.1 /Api/index/getCardType
INFO: [ app_init ] --START--
INFO: Run Behavior\BuildLiteBehavior [ RunTime:0.000023s ]
INFO: [ app_init ] --END-- [ RunTime:0.000095s ]
INFO: [ app_begin ] --START--
INFO: Run Behavior\ReadHtmlCacheBehavior [ RunTime:0.000034s ]
INFO: [ app_begin ] --END-- [ RunTime:0.000070s ]
NOTIC: [8192] mysql_connect(): The mysql extension is deprecated and will be removed in the future: use mysqli or PDO instead /var/www/yoga/Framework/Library/Think/Db/Driver/Mysql.class.php 第 52 行.

[ 2015-10-21T16:45:01+08:00 ] 127.0.0.1 /Api/index/getMcs
INFO: [ app_init ] --START--
INFO: Run Behavior\BuildLiteBehavior [ RunTime:0.000018s ]
INFO: [ app_init ] --END-- [ RunTime:0.000088s ]
INFO: [ app_begin ] --START--
INFO: Run Behavior\ReadHtmlCacheBehavior [ RunTime:0.000037s ]
INFO: [ app_begin ] --END-- [ RunTime:0.000089s ]
NOTIC: [8192] mysql_connect(): The mysql extension is deprecated and will be removed in the future: use mysqli or PDO instead /var/www/yoga/Framework/Library/Think/Db/Driver/Mysql.class.php 第 52 行.
NOTIC: [2] explode() expects parameter 2 to be string, array given /var/www/yoga/Framework/Library/Think/Model.class.php 第 1426 行.
ERR: 1103:Incorrect table name ''
 [ SQL语句 ] : SHOW COLUMNS FROM ``

[ 2015-10-21T16:46:24+08:00 ] 127.0.0.1 /Api/index/getCardType
INFO: [ app_init ] --START--
INFO: Run Behavior\BuildLiteBehavior [ RunTime:0.000025s ]
INFO: [ app_init ] --END-- [ RunTime:0.000117s ]
INFO: [ app_begin ] --START--
INFO: Run Behavior\ReadHtmlCacheBehavior [ RunTime:0.000041s ]
INFO: [ app_begin ] --END-- [ RunTime:0.000092s ]
NOTIC: [8192] mysql_connect(): The mysql extension is deprecated and will be removed in the future: use mysqli or PDO instead /var/www/yoga/Framework/Library/Think/Db/Driver/Mysql.class.php 第 52 行.

[ 2015-10-21T16:46:24+08:00 ] 127.0.0.1 /Api/index/getMcs
INFO: [ app_init ] --START--
INFO: Run Behavior\BuildLiteBehavior [ RunTime:0.000016s ]
INFO: [ app_init ] --END-- [ RunTime:0.000072s ]
INFO: [ app_begin ] --START--
INFO: Run Behavior\ReadHtmlCacheBehavior [ RunTime:0.000023s ]
INFO: [ app_begin ] --END-- [ RunTime:0.000054s ]
NOTIC: [8192] mysql_connect(): The mysql extension is deprecated and will be removed in the future: use mysqli or PDO instead /var/www/yoga/Framework/Library/Think/Db/Driver/Mysql.class.php 第 52 行.
NOTIC: [2] explode() expects parameter 2 to be string, array given /var/www/yoga/Framework/Library/Think/Model.class.php 第 1426 行.
ERR: 1103:Incorrect table name ''
 [ SQL语句 ] : SHOW COLUMNS FROM ``

[ 2015-10-21T16:52:18+08:00 ] 127.0.0.1 /Api/index/getCardType
INFO: [ app_init ] --START--
INFO: Run Behavior\BuildLiteBehavior [ RunTime:0.000028s ]
INFO: [ app_init ] --END-- [ RunTime:0.000121s ]
INFO: [ app_begin ] --START--
INFO: Run Behavior\ReadHtmlCacheBehavior [ RunTime:0.000044s ]
INFO: [ app_begin ] --END-- [ RunTime:0.000102s ]
NOTIC: [8192] mysql_connect(): The mysql extension is deprecated and will be removed in the future: use mysqli or PDO instead /var/www/yoga/Framework/Library/Think/Db/Driver/Mysql.class.php 第 52 行.

[ 2015-10-21T16:52:18+08:00 ] 127.0.0.1 /Api/index/getMcs
INFO: [ app_init ] --START--
INFO: Run Behavior\BuildLiteBehavior [ RunTime:0.000021s ]
INFO: [ app_init ] --END-- [ RunTime:0.000091s ]
INFO: [ app_begin ] --START--
INFO: Run Behavior\ReadHtmlCacheBehavior [ RunTime:0.000032s ]
INFO: [ app_begin ] --END-- [ RunTime:0.000071s ]
NOTIC: [8192] mysql_connect(): The mysql extension is deprecated and will be removed in the future: use mysqli or PDO instead /var/www/yoga/Framework/Library/Think/Db/Driver/Mysql.class.php 第 52 行.
NOTIC: [2] explode() expects parameter 2 to be string, array given /var/www/yoga/Framework/Library/Think/Model.class.php 第 1426 行.
ERR: 1103:Incorrect table name ''
 [ SQL语句 ] : SHOW COLUMNS FROM ``

[ 2015-10-21T16:52:45+08:00 ] 127.0.0.1 /Api/index/getCardType
INFO: [ app_init ] --START--
INFO: Run Behavior\BuildLiteBehavior [ RunTime:0.000020s ]
INFO: [ app_init ] --END-- [ RunTime:0.000086s ]
INFO: [ app_begin ] --START--
INFO: Run Behavior\ReadHtmlCacheBehavior [ RunTime:0.000028s ]
INFO: [ app_begin ] --END-- [ RunTime:0.000062s ]
NOTIC: [8192] mysql_connect(): The mysql extension is deprecated and will be removed in the future: use mysqli or PDO instead /var/www/yoga/Framework/Library/Think/Db/Driver/Mysql.class.php 第 52 行.

[ 2015-10-21T16:52:45+08:00 ] 127.0.0.1 /Api/index/getMcs
INFO: [ app_init ] --START--
INFO: Run Behavior\BuildLiteBehavior [ RunTime:0.000017s ]
INFO: [ app_init ] --END-- [ RunTime:0.000076s ]
INFO: [ app_begin ] --START--
INFO: Run Behavior\ReadHtmlCacheBehavior [ RunTime:0.000026s ]
INFO: [ app_begin ] --END-- [ RunTime:0.000065s ]
NOTIC: [8192] mysql_connect(): The mysql extension is deprecated and will be removed in the future: use mysqli or PDO instead /var/www/yoga/Framework/Library/Think/Db/Driver/Mysql.class.php 第 52 行.
NOTIC: [2] explode() expects parameter 2 to be string, array given /var/www/yoga/Framework/Library/Think/Model.class.php 第 1426 行.
ERR: 1103:Incorrect table name ''
 [ SQL语句 ] : SHOW COLUMNS FROM ``

[ 2015-10-21T16:53:27+08:00 ] 127.0.0.1 /Api/index/getCardType
INFO: [ app_init ] --START--
INFO: Run Behavior\BuildLiteBehavior [ RunTime:0.000018s ]
INFO: [ app_init ] --END-- [ RunTime:0.000080s ]
INFO: [ app_begin ] --START--
INFO: Run Behavior\ReadHtmlCacheBehavior [ RunTime:0.000025s ]
INFO: [ app_begin ] --END-- [ RunTime:0.000055s ]
NOTIC: [8192] mysql_connect(): The mysql extension is deprecated and will be removed in the future: use mysqli or PDO instead /var/www/yoga/Framework/Library/Think/Db/Driver/Mysql.class.php 第 52 行.

[ 2015-10-21T16:53:27+08:00 ] 127.0.0.1 /Api/index/getMcs
INFO: [ app_init ] --START--
INFO: Run Behavior\BuildLiteBehavior [ RunTime:0.000030s ]
INFO: [ app_init ] --END-- [ RunTime:0.000133s ]
INFO: [ app_begin ] --START--
INFO: Run Behavior\ReadHtmlCacheBehavior [ RunTime:0.000043s ]
INFO: [ app_begin ] --END-- [ RunTime:0.000098s ]
NOTIC: [8192] mysql_connect(): The mysql extension is deprecated and will be removed in the future: use mysqli or PDO instead /var/www/yoga/Framework/Library/Think/Db/Driver/Mysql.class.php 第 52 行.
NOTIC: [2] explode() expects parameter 2 to be string, array given /var/www/yoga/Framework/Library/Think/Model.class.php 第 1426 行.
ERR: 1103:Incorrect table name ''
 [ SQL语句 ] : SHOW COLUMNS FROM ``

[ 2015-10-21T16:53:35+08:00 ] 127.0.0.1 /Api/index/getCardType
INFO: [ app_init ] --START--
INFO: Run Behavior\BuildLiteBehavior [ RunTime:0.000040s ]
INFO: [ app_init ] --END-- [ RunTime:0.000138s ]
INFO: [ app_begin ] --START--
INFO: Run Behavior\ReadHtmlCacheBehavior [ RunTime:0.000043s ]
INFO: [ app_begin ] --END-- [ RunTime:0.000097s ]
NOTIC: [8192] mysql_connect(): The mysql extension is deprecated and will be removed in the future: use mysqli or PDO instead /var/www/yoga/Framework/Library/Think/Db/Driver/Mysql.class.php 第 52 行.

[ 2015-10-21T16:53:35+08:00 ] 127.0.0.1 /Api/index/getMcs
INFO: [ app_init ] --START--
INFO: Run Behavior\BuildLiteBehavior [ RunTime:0.000019s ]
INFO: [ app_init ] --END-- [ RunTime:0.000079s ]
INFO: [ app_begin ] --START--
INFO: Run Behavior\ReadHtmlCacheBehavior [ RunTime:0.000030s ]
INFO: [ app_begin ] --END-- [ RunTime:0.000063s ]
NOTIC: [8192] mysql_connect(): The mysql extension is deprecated and will be removed in the future: use mysqli or PDO instead /var/www/yoga/Framework/Library/Think/Db/Driver/Mysql.class.php 第 52 行.
NOTIC: [2] explode() expects parameter 2 to be string, array given /var/www/yoga/Framework/Library/Think/Model.class.php 第 1426 行.
ERR: 1103:Incorrect table name ''
 [ SQL语句 ] : SHOW COLUMNS FROM ``

[ 2015-10-21T16:54:00+08:00 ] 127.0.0.1 /Api/index/getCardType
INFO: [ app_init ] --START--
INFO: Run Behavior\BuildLiteBehavior [ RunTime:0.000018s ]
INFO: [ app_init ] --END-- [ RunTime:0.000082s ]
INFO: [ app_begin ] --START--
INFO: Run Behavior\ReadHtmlCacheBehavior [ RunTime:0.000028s ]
INFO: [ app_begin ] --END-- [ RunTime:0.000059s ]
NOTIC: [8192] mysql_connect(): The mysql extension is deprecated and will be removed in the future: use mysqli or PDO instead /var/www/yoga/Framework/Library/Think/Db/Driver/Mysql.class.php 第 52 行.

[ 2015-10-21T16:54:00+08:00 ] 127.0.0.1 /Api/index/getMcs
INFO: [ app_init ] --START--
INFO: Run Behavior\BuildLiteBehavior [ RunTime:0.000027s ]
INFO: [ app_init ] --END-- [ RunTime:0.000129s ]
INFO: [ app_begin ] --START--
INFO: Run Behavior\ReadHtmlCacheBehavior [ RunTime:0.000046s ]
INFO: [ app_begin ] --END-- [ RunTime:0.000101s ]
NOTIC: [8192] mysql_connect(): The mysql extension is deprecated and will be removed in the future: use mysqli or PDO instead /var/www/yoga/Framework/Library/Think/Db/Driver/Mysql.class.php 第 52 行.
NOTIC: [2] explode() expects parameter 2 to be string, array given /var/www/yoga/Framework/Library/Think/Model.class.php 第 1426 行.
ERR: 1103:Incorrect table name ''
 [ SQL语句 ] : SHOW COLUMNS FROM ``

[ 2015-10-21T16:54:07+08:00 ] 127.0.0.1 /Api/index/getCardType
INFO: [ app_init ] --START--
INFO: Run Behavior\BuildLiteBehavior [ RunTime:0.000030s ]
INFO: [ app_init ] --END-- [ RunTime:0.000137s ]
INFO: [ app_begin ] --START--
INFO: Run Behavior\ReadHtmlCacheBehavior [ RunTime:0.000051s ]
INFO: [ app_begin ] --END-- [ RunTime:0.000108s ]
NOTIC: [8192] mysql_connect(): The mysql extension is deprecated and will be removed in the future: use mysqli or PDO instead /var/www/yoga/Framework/Library/Think/Db/Driver/Mysql.class.php 第 52 行.

[ 2015-10-21T16:54:07+08:00 ] 127.0.0.1 /Api/index/getMcs
INFO: [ app_init ] --START--
INFO: Run Behavior\BuildLiteBehavior [ RunTime:0.000025s ]
INFO: [ app_init ] --END-- [ RunTime:0.000115s ]
INFO: [ app_begin ] --START--
INFO: Run Behavior\ReadHtmlCacheBehavior [ RunTime:0.000035s ]
INFO: [ app_begin ] --END-- [ RunTime:0.000084s ]
NOTIC: [8192] mysql_connect(): The mysql extension is deprecated and will be removed in the future: use mysqli or PDO instead /var/www/yoga/Framework/Library/Think/Db/Driver/Mysql.class.php 第 52 行.
NOTIC: [2] explode() expects parameter 2 to be string, array given /var/www/yoga/Framework/Library/Think/Model.class.php 第 1426 行.
ERR: 1103:Incorrect table name ''
 [ SQL语句 ] : SHOW COLUMNS FROM ``

[ 2015-10-21T16:54:30+08:00 ] 127.0.0.1 /Api/index/getCardType
INFO: [ app_init ] --START--
INFO: Run Behavior\BuildLiteBehavior [ RunTime:0.000025s ]
INFO: [ app_init ] --END-- [ RunTime:0.000113s ]
INFO: [ app_begin ] --START--
INFO: Run Behavior\ReadHtmlCacheBehavior [ RunTime:0.000035s ]
INFO: [ app_begin ] --END-- [ RunTime:0.000084s ]
NOTIC: [8192] mysql_connect(): The mysql extension is deprecated and will be removed in the future: use mysqli or PDO instead /var/www/yoga/Framework/Library/Think/Db/Driver/Mysql.class.php 第 52 行.

[ 2015-10-21T16:54:30+08:00 ] 127.0.0.1 /Api/index/getMcs
INFO: [ app_init ] --START--
INFO: Run Behavior\BuildLiteBehavior [ RunTime:0.000024s ]
INFO: [ app_init ] --END-- [ RunTime:0.000113s ]
INFO: [ app_begin ] --START--
INFO: Run Behavior\ReadHtmlCacheBehavior [ RunTime:0.000036s ]
INFO: [ app_begin ] --END-- [ RunTime:0.000088s ]
NOTIC: [8192] mysql_connect(): The mysql extension is deprecated and will be removed in the future: use mysqli or PDO instead /var/www/yoga/Framework/Library/Think/Db/Driver/Mysql.class.php 第 52 行.
NOTIC: [2] explode() expects parameter 2 to be string, array given /var/www/yoga/Framework/Library/Think/Model.class.php 第 1426 行.
ERR: 1103:Incorrect table name ''
 [ SQL语句 ] : SHOW COLUMNS FROM ``

[ 2015-10-21T17:10:42+08:00 ] 127.0.0.1 /Api/index/getCardType
INFO: [ app_init ] --START--
INFO: Run Behavior\BuildLiteBehavior [ RunTime:0.000017s ]
INFO: [ app_init ] --END-- [ RunTime:0.000079s ]
INFO: [ app_begin ] --START--
INFO: Run Behavior\ReadHtmlCacheBehavior [ RunTime:0.000026s ]
INFO: [ app_begin ] --END-- [ RunTime:0.000059s ]
NOTIC: [8192] mysql_connect(): The mysql extension is deprecated and will be removed in the future: use mysqli or PDO instead /var/www/yoga/Framework/Library/Think/Db/Driver/Mysql.class.php 第 52 行.

[ 2015-10-21T17:10:42+08:00 ] 127.0.0.1 /Api/index/getMcs
INFO: [ app_init ] --START--
INFO: Run Behavior\BuildLiteBehavior [ RunTime:0.000025s ]
INFO: [ app_init ] --END-- [ RunTime:0.000116s ]
INFO: [ app_begin ] --START--
INFO: Run Behavior\ReadHtmlCacheBehavior [ RunTime:0.000035s ]
INFO: [ app_begin ] --END-- [ RunTime:0.000086s ]
NOTIC: [8192] mysql_connect(): The mysql extension is deprecated and will be removed in the future: use mysqli or PDO instead /var/www/yoga/Framework/Library/Think/Db/Driver/Mysql.class.php 第 52 行.
NOTIC: [2] explode() expects parameter 2 to be string, array given /var/www/yoga/Framework/Library/Think/Model.class.php 第 1426 行.
ERR: 1103:Incorrect table name ''
 [ SQL语句 ] : SHOW COLUMNS FROM ``

[ 2015-10-21T17:12:08+08:00 ] 127.0.0.1 /Api/index/getCardType
INFO: [ app_init ] --START--
INFO: Run Behavior\BuildLiteBehavior [ RunTime:0.000018s ]
INFO: [ app_init ] --END-- [ RunTime:0.000075s ]
INFO: [ app_begin ] --START--
INFO: Run Behavior\ReadHtmlCacheBehavior [ RunTime:0.000023s ]
INFO: [ app_begin ] --END-- [ RunTime:0.000056s ]
NOTIC: [8192] mysql_connect(): The mysql extension is deprecated and will be removed in the future: use mysqli or PDO instead /var/www/yoga/Framework/Library/Think/Db/Driver/Mysql.class.php 第 52 行.

[ 2015-10-21T17:12:08+08:00 ] 127.0.0.1 /Api/index/getMcs
INFO: [ app_init ] --START--
INFO: Run Behavior\BuildLiteBehavior [ RunTime:0.000025s ]
INFO: [ app_init ] --END-- [ RunTime:0.000114s ]
INFO: [ app_begin ] --START--
INFO: Run Behavior\ReadHtmlCacheBehavior [ RunTime:0.000034s ]
INFO: [ app_begin ] --END-- [ RunTime:0.000087s ]
NOTIC: [8192] mysql_connect(): The mysql extension is deprecated and will be removed in the future: use mysqli or PDO instead /var/www/yoga/Framework/Library/Think/Db/Driver/Mysql.class.php 第 52 行.
NOTIC: [2] explode() expects parameter 2 to be string, array given /var/www/yoga/Framework/Library/Think/Model.class.php 第 1426 行.
ERR: 1103:Incorrect table name ''
 [ SQL语句 ] : SHOW COLUMNS FROM ``

[ 2015-10-21T17:37:04+08:00 ] 127.0.0.1 /Api/index/getCardType
INFO: [ app_init ] --START--
INFO: Run Behavior\BuildLiteBehavior [ RunTime:0.000029s ]
INFO: [ app_init ] --END-- [ RunTime:0.000124s ]
INFO: [ app_begin ] --START--
INFO: Run Behavior\ReadHtmlCacheBehavior [ RunTime:0.000049s ]
INFO: [ app_begin ] --END-- [ RunTime:0.000107s ]
NOTIC: [8192] mysql_connect(): The mysql extension is deprecated and will be removed in the future: use mysqli or PDO instead /var/www/yoga/Framework/Library/Think/Db/Driver/Mysql.class.php 第 52 行.

[ 2015-10-21T17:37:04+08:00 ] 127.0.0.1 /Api/index/getMcs
INFO: [ app_init ] --START--
INFO: Run Behavior\BuildLiteBehavior [ RunTime:0.000031s ]
INFO: [ app_init ] --END-- [ RunTime:0.000140s ]
INFO: [ app_begin ] --START--
INFO: Run Behavior\ReadHtmlCacheBehavior [ RunTime:0.000042s ]
INFO: [ app_begin ] --END-- [ RunTime:0.000080s ]
NOTIC: [8192] mysql_connect(): The mysql extension is deprecated and will be removed in the future: use mysqli or PDO instead /var/www/yoga/Framework/Library/Think/Db/Driver/Mysql.class.php 第 52 行.
NOTIC: [2] explode() expects parameter 2 to be string, array given /var/www/yoga/Framework/Library/Think/Model.class.php 第 1426 行.
ERR: 1103:Incorrect table name ''
 [ SQL语句 ] : SHOW COLUMNS FROM ``

[ 2015-10-21T17:37:28+08:00 ] 127.0.0.1 /Api/index/getCardType
INFO: [ app_init ] --START--
INFO: Run Behavior\BuildLiteBehavior [ RunTime:0.000029s ]
INFO: [ app_init ] --END-- [ RunTime:0.000134s ]
INFO: [ app_begin ] --START--
INFO: Run Behavior\ReadHtmlCacheBehavior [ RunTime:0.000046s ]
INFO: [ app_begin ] --END-- [ RunTime:0.000100s ]
NOTIC: [8192] mysql_connect(): The mysql extension is deprecated and will be removed in the future: use mysqli or PDO instead /var/www/yoga/Framework/Library/Think/Db/Driver/Mysql.class.php 第 52 行.

[ 2015-10-21T17:37:28+08:00 ] 127.0.0.1 /Api/index/getMcs
INFO: [ app_init ] --START--
INFO: Run Behavior\BuildLiteBehavior [ RunTime:0.000018s ]
INFO: [ app_init ] --END-- [ RunTime:0.000077s ]
INFO: [ app_begin ] --START--
INFO: Run Behavior\ReadHtmlCacheBehavior [ RunTime:0.000024s ]
INFO: [ app_begin ] --END-- [ RunTime:0.000055s ]
NOTIC: [8192] mysql_connect(): The mysql extension is deprecated and will be removed in the future: use mysqli or PDO instead /var/www/yoga/Framework/Library/Think/Db/Driver/Mysql.class.php 第 52 行.
NOTIC: [2] explode() expects parameter 2 to be string, array given /var/www/yoga/Framework/Library/Think/Model.class.php 第 1426 行.
ERR: 1103:Incorrect table name ''
 [ SQL语句 ] : SHOW COLUMNS FROM ``

[ 2015-10-21T17:37:52+08:00 ] 127.0.0.1 /Api/index/getCardType
INFO: [ app_init ] --START--
INFO: Run Behavior\BuildLiteBehavior [ RunTime:0.000039s ]
INFO: [ app_init ] --END-- [ RunTime:0.000144s ]
INFO: [ app_begin ] --START--
INFO: Run Behavior\ReadHtmlCacheBehavior [ RunTime:0.000048s ]
INFO: [ app_begin ] --END-- [ RunTime:0.000103s ]
NOTIC: [8192] mysql_connect(): The mysql extension is deprecated and will be removed in the future: use mysqli or PDO instead /var/www/yoga/Framework/Library/Think/Db/Driver/Mysql.class.php 第 52 行.

[ 2015-10-21T17:37:52+08:00 ] 127.0.0.1 /Api/index/getMcs
INFO: [ app_init ] --START--
INFO: Run Behavior\BuildLiteBehavior [ RunTime:0.000019s ]
INFO: [ app_init ] --END-- [ RunTime:0.000084s ]
INFO: [ app_begin ] --START--
INFO: Run Behavior\ReadHtmlCacheBehavior [ RunTime:0.000029s ]
INFO: [ app_begin ] --END-- [ RunTime:0.000062s ]
NOTIC: [8192] mysql_connect(): The mysql extension is deprecated and will be removed in the future: use mysqli or PDO instead /var/www/yoga/Framework/Library/Think/Db/Driver/Mysql.class.php 第 52 行.
NOTIC: [2] explode() expects parameter 2 to be string, array given /var/www/yoga/Framework/Library/Think/Model.class.php 第 1426 行.
ERR: 1103:Incorrect table name ''
 [ SQL语句 ] : SHOW COLUMNS FROM ``

[ 2015-10-21T17:38:06+08:00 ] 127.0.0.1 /Api/index/getCardType
INFO: [ app_init ] --START--
INFO: Run Behavior\BuildLiteBehavior [ RunTime:0.000035s ]
INFO: [ app_init ] --END-- [ RunTime:0.000160s ]
INFO: [ app_begin ] --START--
INFO: Run Behavior\ReadHtmlCacheBehavior [ RunTime:0.000049s ]
INFO: [ app_begin ] --END-- [ RunTime:0.000104s ]
NOTIC: [8192] mysql_connect(): The mysql extension is deprecated and will be removed in the future: use mysqli or PDO instead /var/www/yoga/Framework/Library/Think/Db/Driver/Mysql.class.php 第 52 行.

[ 2015-10-21T17:38:06+08:00 ] 127.0.0.1 /Api/index/getMcs
INFO: [ app_init ] --START--
INFO: Run Behavior\BuildLiteBehavior [ RunTime:0.000027s ]
INFO: [ app_init ] --END-- [ RunTime:0.000119s ]
INFO: [ app_begin ] --START--
INFO: Run Behavior\ReadHtmlCacheBehavior [ RunTime:0.000064s ]
INFO: [ app_begin ] --END-- [ RunTime:0.000144s ]
NOTIC: [8192] mysql_connect(): The mysql extension is deprecated and will be removed in the future: use mysqli or PDO instead /var/www/yoga/Framework/Library/Think/Db/Driver/Mysql.class.php 第 52 行.
NOTIC: [2] explode() expects parameter 2 to be string, array given /var/www/yoga/Framework/Library/Think/Model.class.php 第 1426 行.
ERR: 1103:Incorrect table name ''
 [ SQL语句 ] : SHOW COLUMNS FROM ``

[ 2015-10-21T17:38:31+08:00 ] 127.0.0.1 /Api/index/getCardType
INFO: [ app_init ] --START--
INFO: Run Behavior\BuildLiteBehavior [ RunTime:0.000030s ]
INFO: [ app_init ] --END-- [ RunTime:0.000138s ]
INFO: [ app_begin ] --START--
INFO: Run Behavior\ReadHtmlCacheBehavior [ RunTime:0.000052s ]
INFO: [ app_begin ] --END-- [ RunTime:0.000112s ]
NOTIC: [8192] mysql_connect(): The mysql extension is deprecated and will be removed in the future: use mysqli or PDO instead /var/www/yoga/Framework/Library/Think/Db/Driver/Mysql.class.php 第 52 行.

[ 2015-10-21T17:38:31+08:00 ] 127.0.0.1 /Api/index/getMcs
INFO: [ app_init ] --START--
INFO: Run Behavior\BuildLiteBehavior [ RunTime:0.000030s ]
INFO: [ app_init ] --END-- [ RunTime:0.000132s ]
INFO: [ app_begin ] --START--
INFO: Run Behavior\ReadHtmlCacheBehavior [ RunTime:0.000040s ]
INFO: [ app_begin ] --END-- [ RunTime:0.000091s ]
NOTIC: [8192] mysql_connect(): The mysql extension is deprecated and will be removed in the future: use mysqli or PDO instead /var/www/yoga/Framework/Library/Think/Db/Driver/Mysql.class.php 第 52 行.
NOTIC: [2] explode() expects parameter 2 to be string, array given /var/www/yoga/Framework/Library/Think/Model.class.php 第 1426 行.
ERR: 1103:Incorrect table name ''
 [ SQL语句 ] : SHOW COLUMNS FROM ``

[ 2015-10-21T17:54:24+08:00 ] 127.0.0.1 /Api/index/getCardType
INFO: [ app_init ] --START--
INFO: Run Behavior\BuildLiteBehavior [ RunTime:0.000030s ]
INFO: [ app_init ] --END-- [ RunTime:0.000135s ]
INFO: [ app_begin ] --START--
INFO: Run Behavior\ReadHtmlCacheBehavior [ RunTime:0.000055s ]
INFO: [ app_begin ] --END-- [ RunTime:0.000117s ]
NOTIC: [8192] mysql_connect(): The mysql extension is deprecated and will be removed in the future: use mysqli or PDO instead /var/www/yoga/Framework/Library/Think/Db/Driver/Mysql.class.php 第 52 行.

[ 2015-10-21T17:54:24+08:00 ] 127.0.0.1 /Api/index/getMcs
INFO: [ app_init ] --START--
INFO: Run Behavior\BuildLiteBehavior [ RunTime:0.000027s ]
INFO: [ app_init ] --END-- [ RunTime:0.000121s ]
INFO: [ app_begin ] --START--
INFO: Run Behavior\ReadHtmlCacheBehavior [ RunTime:0.000043s ]
INFO: [ app_begin ] --END-- [ RunTime:0.000096s ]
NOTIC: [8192] mysql_connect(): The mysql extension is deprecated and will be removed in the future: use mysqli or PDO instead /var/www/yoga/Framework/Library/Think/Db/Driver/Mysql.class.php 第 52 行.
NOTIC: [2] explode() expects parameter 2 to be string, array given /var/www/yoga/Framework/Library/Think/Model.class.php 第 1426 行.
ERR: 1103:Incorrect table name ''
 [ SQL语句 ] : SHOW COLUMNS FROM ``

[ 2015-10-21T17:54:53+08:00 ] 127.0.0.1 /Api/index/getCardType
INFO: [ app_init ] --START--
INFO: Run Behavior\BuildLiteBehavior [ RunTime:0.000016s ]
INFO: [ app_init ] --END-- [ RunTime:0.000075s ]
INFO: [ app_begin ] --START--
INFO: Run Behavior\ReadHtmlCacheBehavior [ RunTime:0.000024s ]
INFO: [ app_begin ] --END-- [ RunTime:0.000055s ]
NOTIC: [8192] mysql_connect(): The mysql extension is deprecated and will be removed in the future: use mysqli or PDO instead /var/www/yoga/Framework/Library/Think/Db/Driver/Mysql.class.php 第 52 行.

[ 2015-10-21T17:54:53+08:00 ] 127.0.0.1 /Api/index/getMcs
INFO: [ app_init ] --START--
INFO: Run Behavior\BuildLiteBehavior [ RunTime:0.000015s ]
INFO: [ app_init ] --END-- [ RunTime:0.000071s ]
INFO: [ app_begin ] --START--
INFO: Run Behavior\ReadHtmlCacheBehavior [ RunTime:0.000024s ]
INFO: [ app_begin ] --END-- [ RunTime:0.000054s ]
NOTIC: [8192] mysql_connect(): The mysql extension is deprecated and will be removed in the future: use mysqli or PDO instead /var/www/yoga/Framework/Library/Think/Db/Driver/Mysql.class.php 第 52 行.
NOTIC: [2] explode() expects parameter 2 to be string, array given /var/www/yoga/Framework/Library/Think/Model.class.php 第 1426 行.
ERR: 1103:Incorrect table name ''
 [ SQL语句 ] : SHOW COLUMNS FROM ``

[ 2015-10-21T17:55:07+08:00 ] 127.0.0.1 /Api/index/getCardType
INFO: [ app_init ] --START--
INFO: Run Behavior\BuildLiteBehavior [ RunTime:0.000020s ]
INFO: [ app_init ] --END-- [ RunTime:0.000096s ]
INFO: [ app_begin ] --START--
INFO: Run Behavior\ReadHtmlCacheBehavior [ RunTime:0.000024s ]
INFO: [ app_begin ] --END-- [ RunTime:0.000055s ]
NOTIC: [8192] mysql_connect(): The mysql extension is deprecated and will be removed in the future: use mysqli or PDO instead /var/www/yoga/Framework/Library/Think/Db/Driver/Mysql.class.php 第 52 行.

[ 2015-10-21T17:55:07+08:00 ] 127.0.0.1 /Api/index/getMcs
INFO: [ app_init ] --START--
INFO: Run Behavior\BuildLiteBehavior [ RunTime:0.000016s ]
INFO: [ app_init ] --END-- [ RunTime:0.000073s ]
INFO: [ app_begin ] --START--
INFO: Run Behavior\ReadHtmlCacheBehavior [ RunTime:0.000023s ]
INFO: [ app_begin ] --END-- [ RunTime:0.000053s ]
NOTIC: [8192] mysql_connect(): The mysql extension is deprecated and will be removed in the future: use mysqli or PDO instead /var/www/yoga/Framework/Library/Think/Db/Driver/Mysql.class.php 第 52 行.
NOTIC: [2] explode() expects parameter 2 to be string, array given /var/www/yoga/Framework/Library/Think/Model.class.php 第 1426 行.
ERR: 1103:Incorrect table name ''
 [ SQL语句 ] : SHOW COLUMNS FROM ``

[ 2015-10-21T18:05:26+08:00 ] 127.0.0.1 /Api/index/getCardType
INFO: [ app_init ] --START--
INFO: Run Behavior\BuildLiteBehavior [ RunTime:0.000024s ]
INFO: [ app_init ] --END-- [ RunTime:0.000109s ]
INFO: [ app_begin ] --START--
INFO: Run Behavior\ReadHtmlCacheBehavior [ RunTime:0.000033s ]
INFO: [ app_begin ] --END-- [ RunTime:0.000083s ]
NOTIC: [8192] mysql_connect(): The mysql extension is deprecated and will be removed in the future: use mysqli or PDO instead /var/www/yoga/Framework/Library/Think/Db/Driver/Mysql.class.php 第 52 行.

[ 2015-10-21T18:05:26+08:00 ] 127.0.0.1 /Api/index/getMcs
INFO: [ app_init ] --START--
INFO: Run Behavior\BuildLiteBehavior [ RunTime:0.000024s ]
INFO: [ app_init ] --END-- [ RunTime:0.000098s ]
INFO: [ app_begin ] --START--
INFO: Run Behavior\ReadHtmlCacheBehavior [ RunTime:0.000024s ]
INFO: [ app_begin ] --END-- [ RunTime:0.000054s ]
NOTIC: [8192] mysql_connect(): The mysql extension is deprecated and will be removed in the future: use mysqli or PDO instead /var/www/yoga/Framework/Library/Think/Db/Driver/Mysql.class.php 第 52 行.
NOTIC: [2] explode() expects parameter 2 to be string, array given /var/www/yoga/Framework/Library/Think/Model.class.php 第 1426 行.
ERR: 1103:Incorrect table name ''
 [ SQL语句 ] : SHOW COLUMNS FROM ``

[ 2015-10-21T18:05:42+08:00 ] 127.0.0.1 /Api/index/getCardType
INFO: [ app_init ] --START--
INFO: Run Behavior\BuildLiteBehavior [ RunTime:0.000025s ]
INFO: [ app_init ] --END-- [ RunTime:0.000112s ]
INFO: [ app_begin ] --START--
INFO: Run Behavior\ReadHtmlCacheBehavior [ RunTime:0.000033s ]
INFO: [ app_begin ] --END-- [ RunTime:0.000082s ]
NOTIC: [8192] mysql_connect(): The mysql extension is deprecated and will be removed in the future: use mysqli or PDO instead /var/www/yoga/Framework/Library/Think/Db/Driver/Mysql.class.php 第 52 行.

[ 2015-10-21T18:05:42+08:00 ] 127.0.0.1 /Api/index/getMcs
INFO: [ app_init ] --START--
INFO: Run Behavior\BuildLiteBehavior [ RunTime:0.000027s ]
INFO: [ app_init ] --END-- [ RunTime:0.000117s ]
INFO: [ app_begin ] --START--
INFO: Run Behavior\ReadHtmlCacheBehavior [ RunTime:0.000037s ]
INFO: [ app_begin ] --END-- [ RunTime:0.000088s ]
NOTIC: [8192] mysql_connect(): The mysql extension is deprecated and will be removed in the future: use mysqli or PDO instead /var/www/yoga/Framework/Library/Think/Db/Driver/Mysql.class.php 第 52 行.
NOTIC: [2] explode() expects parameter 2 to be string, array given /var/www/yoga/Framework/Library/Think/Model.class.php 第 1426 行.
ERR: 1103:Incorrect table name ''
 [ SQL语句 ] : SHOW COLUMNS FROM ``

[ 2015-10-21T18:06:16+08:00 ] 127.0.0.1 /Api/index/getCardType
INFO: [ app_init ] --START--
INFO: Run Behavior\BuildLiteBehavior [ RunTime:0.000017s ]
INFO: [ app_init ] --END-- [ RunTime:0.000074s ]
INFO: [ app_begin ] --START--
INFO: Run Behavior\ReadHtmlCacheBehavior [ RunTime:0.000032s ]
INFO: [ app_begin ] --END-- [ RunTime:0.000075s ]
NOTIC: [8192] mysql_connect(): The mysql extension is deprecated and will be removed in the future: use mysqli or PDO instead /var/www/yoga/Framework/Library/Think/Db/Driver/Mysql.class.php 第 52 行.

[ 2015-10-21T18:06:16+08:00 ] 127.0.0.1 /Api/index/getMcs
INFO: [ app_init ] --START--
INFO: Run Behavior\BuildLiteBehavior [ RunTime:0.000020s ]
INFO: [ app_init ] --END-- [ RunTime:0.000087s ]
INFO: [ app_begin ] --START--
INFO: Run Behavior\ReadHtmlCacheBehavior [ RunTime:0.000026s ]
INFO: [ app_begin ] --END-- [ RunTime:0.000065s ]
NOTIC: [8192] mysql_connect(): The mysql extension is deprecated and will be removed in the future: use mysqli or PDO instead /var/www/yoga/Framework/Library/Think/Db/Driver/Mysql.class.php 第 52 行.
NOTIC: [2] explode() expects parameter 2 to be string, array given /var/www/yoga/Framework/Library/Think/Model.class.php 第 1426 行.
ERR: 1103:Incorrect table name ''
 [ SQL语句 ] : SHOW COLUMNS FROM ``

