[ 2015-10-26T11:17:22+08:00 ] 127.0.0.1 /favicon.ico
INFO: [ app_init ] --START--
INFO: Run Behavior\BuildLiteBehavior [ RunTime:0.000037s ]
INFO: [ app_init ] --END-- [ RunTime:0.000168s ]
ERR: 无法加载模块:Favicon

[ 2015-10-26T11:17:23+08:00 ] 127.0.0.1 /favicon.ico
INFO: [ app_init ] --START--
INFO: Run Behavior\BuildLiteBehavior [ RunTime:0.000017s ]
INFO: [ app_init ] --END-- [ RunTime:0.000079s ]
ERR: 无法加载模块:Favicon

[ 2015-10-26T14:27:04+08:00 ] 127.0.0.1 /favicon.ico
INFO: [ app_init ] --START--
INFO: Run Behavior\BuildLiteBehavior [ RunTime:0.000016s ]
INFO: [ app_init ] --END-- [ RunTime:0.000074s ]
ERR: 无法加载模块:Favicon

[ 2015-10-26T14:29:55+08:00 ] 127.0.0.1 /Public/js/jquery.js
INFO: [ app_init ] --START--
INFO: Run Behavior\BuildLiteBehavior [ RunTime:0.000018s ]
INFO: [ app_init ] --END-- [ RunTime:0.000083s ]
ERR: 无法加载模块:Public

[ 2015-10-26T15:01:32+08:00 ] 127.0.0.1 /Public/js/jquery.js
INFO: [ app_init ] --START--
INFO: Run Behavior\BuildLiteBehavior [ RunTime:0.000027s ]
INFO: [ app_init ] --END-- [ RunTime:0.000122s ]
ERR: 无法加载模块:Public

[ 2015-10-26T15:13:04+08:00 ] 127.0.0.1 /Public/js/jquery.js
INFO: [ app_init ] --START--
INFO: Run Behavior\BuildLiteBehavior [ RunTime:0.000018s ]
INFO: [ app_init ] --END-- [ RunTime:0.000080s ]
ERR: 无法加载模块:Public

[ 2015-10-26T15:19:07+08:00 ] 127.0.0.1 /Public/js/jquery.js
INFO: [ app_init ] --START--
INFO: Run Behavior\BuildLiteBehavior [ RunTime:0.000027s ]
INFO: [ app_init ] --END-- [ RunTime:0.000123s ]
ERR: 无法加载模块:Public

[ 2015-10-26T15:19:36+08:00 ] 127.0.0.1 /Public/js/jquery.js
INFO: [ app_init ] --START--
INFO: Run Behavior\BuildLiteBehavior [ RunTime:0.000029s ]
INFO: [ app_init ] --END-- [ RunTime:0.000137s ]
ERR: 无法加载模块:Public

[ 2015-10-26T15:19:38+08:00 ] 127.0.0.1 /Public/js/jquery.js
INFO: [ app_init ] --START--
INFO: Run Behavior\BuildLiteBehavior [ RunTime:0.000029s ]
INFO: [ app_init ] --END-- [ RunTime:0.000135s ]
ERR: 无法加载模块:Public

[ 2015-10-26T15:19:46+08:00 ] 127.0.0.1 /Public/js/jquery.js
INFO: [ app_init ] --START--
INFO: Run Behavior\BuildLiteBehavior [ RunTime:0.000028s ]
INFO: [ app_init ] --END-- [ RunTime:0.000123s ]
ERR: 无法加载模块:Public

[ 2015-10-26T15:20:53+08:00 ] 127.0.0.1 /Public/js/jquery.js
INFO: [ app_init ] --START--
INFO: Run Behavior\BuildLiteBehavior [ RunTime:0.000036s ]
INFO: [ app_init ] --END-- [ RunTime:0.000161s ]
ERR: 无法加载模块:Public

[ 2015-10-26T15:25:05+08:00 ] 127.0.0.1 /Public/js/jquery.js
INFO: [ app_init ] --START--
INFO: Run Behavior\BuildLiteBehavior [ RunTime:0.000018s ]
INFO: [ app_init ] --END-- [ RunTime:0.000088s ]
ERR: 无法加载模块:Public

[ 2015-10-26T15:28:55+08:00 ] 127.0.0.1 /Public/js/jquery.js
INFO: [ app_init ] --START--
INFO: Run Behavior\BuildLiteBehavior [ RunTime:0.000048s ]
INFO: [ app_init ] --END-- [ RunTime:0.000150s ]
ERR: 无法加载模块:Public

[ 2015-10-26T15:28:58+08:00 ] 127.0.0.1 /Public/js/jquery.js
INFO: [ app_init ] --START--
INFO: Run Behavior\BuildLiteBehavior [ RunTime:0.000024s ]
INFO: [ app_init ] --END-- [ RunTime:0.000101s ]
ERR: 无法加载模块:Public

[ 2015-10-26T15:29:03+08:00 ] 127.0.0.1 /Public/js/jquery.js
INFO: [ app_init ] --START--
INFO: Run Behavior\BuildLiteBehavior [ RunTime:0.000034s ]
INFO: [ app_init ] --END-- [ RunTime:0.000159s ]
ERR: 无法加载模块:Public

[ 2015-10-26T15:35:51+08:00 ] 127.0.0.1 /Public/js/jquery.js
INFO: [ app_init ] --START--
INFO: Run Behavior\BuildLiteBehavior [ RunTime:0.000038s ]
INFO: [ app_init ] --END-- [ RunTime:0.000144s ]
ERR: 无法加载模块:Public

[ 2015-10-26T15:36:41+08:00 ] 127.0.0.1 /Public/js/jquery.js
INFO: [ app_init ] --START--
INFO: Run Behavior\BuildLiteBehavior [ RunTime:0.000020s ]
INFO: [ app_init ] --END-- [ RunTime:0.000087s ]
ERR: 无法加载模块:Public

[ 2015-10-26T15:36:44+08:00 ] 127.0.0.1 /Public/js/jquery.js
INFO: [ app_init ] --START--
INFO: Run Behavior\BuildLiteBehavior [ RunTime:0.000022s ]
INFO: [ app_init ] --END-- [ RunTime:0.000098s ]
ERR: 无法加载模块:Public

[ 2015-10-26T15:36:45+08:00 ] 127.0.0.1 /Public/js/jquery.js
INFO: [ app_init ] --START--
INFO: Run Behavior\BuildLiteBehavior [ RunTime:0.000033s ]
INFO: [ app_init ] --END-- [ RunTime:0.000160s ]
ERR: 无法加载模块:Public

[ 2015-10-26T15:39:18+08:00 ] 127.0.0.1 /Public/js/jquery.js
INFO: [ app_init ] --START--
INFO: Run Behavior\BuildLiteBehavior [ RunTime:0.000027s ]
INFO: [ app_init ] --END-- [ RunTime:0.000122s ]
ERR: 无法加载模块:Public

[ 2015-10-26T15:39:36+08:00 ] 127.0.0.1 /Public/js/jquery.js
INFO: [ app_init ] --START--
INFO: Run Behavior\BuildLiteBehavior [ RunTime:0.000021s ]
INFO: [ app_init ] --END-- [ RunTime:0.000089s ]
ERR: 无法加载模块:Public

[ 2015-10-26T15:39:48+08:00 ] 127.0.0.1 /Public/js/jquery.js
INFO: [ app_init ] --START--
INFO: Run Behavior\BuildLiteBehavior [ RunTime:0.000032s ]
INFO: [ app_init ] --END-- [ RunTime:0.000150s ]
ERR: 无法加载模块:Public

[ 2015-10-26T15:39:49+08:00 ] 127.0.0.1 /Public/js/jquery.js
INFO: [ app_init ] --START--
INFO: Run Behavior\BuildLiteBehavior [ RunTime:0.000035s ]
INFO: [ app_init ] --END-- [ RunTime:0.000148s ]
ERR: 无法加载模块:Public

[ 2015-10-26T15:39:58+08:00 ] 127.0.0.1 /Public/js/jquery.js
INFO: [ app_init ] --START--
INFO: Run Behavior\BuildLiteBehavior [ RunTime:0.000032s ]
INFO: [ app_init ] --END-- [ RunTime:0.000148s ]
ERR: 无法加载模块:Public

[ 2015-10-26T15:40:00+08:00 ] 127.0.0.1 /Public/js/jquery.js
INFO: [ app_init ] --START--
INFO: Run Behavior\BuildLiteBehavior [ RunTime:0.000026s ]
INFO: [ app_init ] --END-- [ RunTime:0.000124s ]
ERR: 无法加载模块:Public

[ 2015-10-26T15:40:06+08:00 ] 127.0.0.1 /Public/js/jquery.js
INFO: [ app_init ] --START--
INFO: Run Behavior\BuildLiteBehavior [ RunTime:0.000029s ]
INFO: [ app_init ] --END-- [ RunTime:0.000131s ]
ERR: 无法加载模块:Public

[ 2015-10-26T15:41:32+08:00 ] 127.0.0.1 /Public/js/jquery.js
INFO: [ app_init ] --START--
INFO: Run Behavior\BuildLiteBehavior [ RunTime:0.000029s ]
INFO: [ app_init ] --END-- [ RunTime:0.000129s ]
ERR: 无法加载模块:Public

[ 2015-10-26T15:43:44+08:00 ] 127.0.0.1 /Public/js/jquery.js
INFO: [ app_init ] --START--
INFO: Run Behavior\BuildLiteBehavior [ RunTime:0.000032s ]
INFO: [ app_init ] --END-- [ RunTime:0.000146s ]
ERR: 无法加载模块:Public

[ 2015-10-26T15:44:26+08:00 ] 127.0.0.1 /Public/js/jquery.js
INFO: [ app_init ] --START--
INFO: Run Behavior\BuildLiteBehavior [ RunTime:0.000027s ]
INFO: [ app_init ] --END-- [ RunTime:0.000123s ]
ERR: 无法加载模块:Public

[ 2015-10-26T15:44:29+08:00 ] 127.0.0.1 /Public/js/jquery.js
INFO: [ app_init ] --START--
INFO: Run Behavior\BuildLiteBehavior [ RunTime:0.000019s ]
INFO: [ app_init ] --END-- [ RunTime:0.000107s ]
ERR: 无法加载模块:Public

[ 2015-10-26T15:44:33+08:00 ] 127.0.0.1 /Public/js/jquery.js
INFO: [ app_init ] --START--
INFO: Run Behavior\BuildLiteBehavior [ RunTime:0.000018s ]
INFO: [ app_init ] --END-- [ RunTime:0.000084s ]
ERR: 无法加载模块:Public

[ 2015-10-26T15:44:34+08:00 ] 127.0.0.1 /Public/js/jquery.js
INFO: [ app_init ] --START--
INFO: Run Behavior\BuildLiteBehavior [ RunTime:0.000026s ]
INFO: [ app_init ] --END-- [ RunTime:0.000115s ]
ERR: 无法加载模块:Public

[ 2015-10-26T15:44:59+08:00 ] 127.0.0.1 /Public/js/jquery.js
INFO: [ app_init ] --START--
INFO: Run Behavior\BuildLiteBehavior [ RunTime:0.000031s ]
INFO: [ app_init ] --END-- [ RunTime:0.000140s ]
ERR: 无法加载模块:Public

[ 2015-10-26T15:45:28+08:00 ] 127.0.0.1 /Public/js/jquery.js
INFO: [ app_init ] --START--
INFO: Run Behavior\BuildLiteBehavior [ RunTime:0.000021s ]
INFO: [ app_init ] --END-- [ RunTime:0.000097s ]
ERR: 无法加载模块:Public

[ 2015-10-26T15:45:29+08:00 ] 127.0.0.1 /Public/js/jquery.js
INFO: [ app_init ] --START--
INFO: Run Behavior\BuildLiteBehavior [ RunTime:0.000026s ]
INFO: [ app_init ] --END-- [ RunTime:0.000099s ]
ERR: 无法加载模块:Public

[ 2015-10-26T15:45:32+08:00 ] 127.0.0.1 /Public/js/jquery.js
INFO: [ app_init ] --START--
INFO: Run Behavior\BuildLiteBehavior [ RunTime:0.000018s ]
INFO: [ app_init ] --END-- [ RunTime:0.000081s ]
ERR: 无法加载模块:Public

[ 2015-10-26T15:45:34+08:00 ] 127.0.0.1 /Public/js/jquery.js
INFO: [ app_init ] --START--
INFO: Run Behavior\BuildLiteBehavior [ RunTime:0.000028s ]
INFO: [ app_init ] --END-- [ RunTime:0.000128s ]
ERR: 无法加载模块:Public

[ 2015-10-26T15:45:42+08:00 ] 127.0.0.1 /Public/js/jquery.js
INFO: [ app_init ] --START--
INFO: Run Behavior\BuildLiteBehavior [ RunTime:0.000019s ]
INFO: [ app_init ] --END-- [ RunTime:0.000082s ]
ERR: 无法加载模块:Public

[ 2015-10-26T15:45:50+08:00 ] 127.0.0.1 /Public/js/jquery.js
INFO: [ app_init ] --START--
INFO: Run Behavior\BuildLiteBehavior [ RunTime:0.000025s ]
INFO: [ app_init ] --END-- [ RunTime:0.000111s ]
ERR: 无法加载模块:Public

[ 2015-10-26T15:45:54+08:00 ] 127.0.0.1 /Public/js/jquery.js
INFO: [ app_init ] --START--
INFO: Run Behavior\BuildLiteBehavior [ RunTime:0.000039s ]
INFO: [ app_init ] --END-- [ RunTime:0.000183s ]
ERR: 无法加载模块:Public

[ 2015-10-26T15:45:56+08:00 ] 127.0.0.1 /Public/js/jquery.js
INFO: [ app_init ] --START--
INFO: Run Behavior\BuildLiteBehavior [ RunTime:0.000024s ]
INFO: [ app_init ] --END-- [ RunTime:0.000113s ]
ERR: 无法加载模块:Public

[ 2015-10-26T15:46:13+08:00 ] 127.0.0.1 /Public/js/jquery.js
INFO: [ app_init ] --START--
INFO: Run Behavior\BuildLiteBehavior [ RunTime:0.000038s ]
INFO: [ app_init ] --END-- [ RunTime:0.000228s ]
ERR: 无法加载模块:Public

[ 2015-10-26T15:46:13+08:00 ] 127.0.0.1 /Public/js/jquery.js
INFO: [ app_init ] --START--
INFO: Run Behavior\BuildLiteBehavior [ RunTime:0.000019s ]
INFO: [ app_init ] --END-- [ RunTime:0.000083s ]
ERR: 无法加载模块:Public

[ 2015-10-26T15:46:14+08:00 ] 127.0.0.1 /Public/js/jquery.js
INFO: [ app_init ] --START--
INFO: Run Behavior\BuildLiteBehavior [ RunTime:0.000030s ]
INFO: [ app_init ] --END-- [ RunTime:0.000147s ]
ERR: 无法加载模块:Public

[ 2015-10-26T15:46:17+08:00 ] 127.0.0.1 /Public/js/jquery.js
INFO: [ app_init ] --START--
INFO: Run Behavior\BuildLiteBehavior [ RunTime:0.000026s ]
INFO: [ app_init ] --END-- [ RunTime:0.000113s ]
ERR: 无法加载模块:Public

[ 2015-10-26T15:46:22+08:00 ] 127.0.0.1 /Public/js/jquery.js
INFO: [ app_init ] --START--
INFO: Run Behavior\BuildLiteBehavior [ RunTime:0.000017s ]
INFO: [ app_init ] --END-- [ RunTime:0.000077s ]
ERR: 无法加载模块:Public

[ 2015-10-26T15:46:24+08:00 ] 127.0.0.1 /Public/js/jquery.js
INFO: [ app_init ] --START--
INFO: Run Behavior\BuildLiteBehavior [ RunTime:0.000019s ]
INFO: [ app_init ] --END-- [ RunTime:0.000085s ]
ERR: 无法加载模块:Public

[ 2015-10-26T15:46:27+08:00 ] 127.0.0.1 /Public/js/jquery.js
INFO: [ app_init ] --START--
INFO: Run Behavior\BuildLiteBehavior [ RunTime:0.000020s ]
INFO: [ app_init ] --END-- [ RunTime:0.000083s ]
ERR: 无法加载模块:Public

[ 2015-10-26T15:47:56+08:00 ] 127.0.0.1 /Public/js/jquery.js
INFO: [ app_init ] --START--
INFO: Run Behavior\BuildLiteBehavior [ RunTime:0.000027s ]
INFO: [ app_init ] --END-- [ RunTime:0.000109s ]
ERR: 无法加载模块:Public

[ 2015-10-26T15:47:57+08:00 ] 127.0.0.1 /Public/js/jquery.js
INFO: [ app_init ] --START--
INFO: Run Behavior\BuildLiteBehavior [ RunTime:0.000020s ]
INFO: [ app_init ] --END-- [ RunTime:0.000087s ]
ERR: 无法加载模块:Public

[ 2015-10-26T15:47:58+08:00 ] 127.0.0.1 /Public/js/jquery.js
INFO: [ app_init ] --START--
INFO: Run Behavior\BuildLiteBehavior [ RunTime:0.000026s ]
INFO: [ app_init ] --END-- [ RunTime:0.000118s ]
ERR: 无法加载模块:Public

[ 2015-10-26T15:48:00+08:00 ] 127.0.0.1 /Public/js/jquery.js
INFO: [ app_init ] --START--
INFO: Run Behavior\BuildLiteBehavior [ RunTime:0.000031s ]
INFO: [ app_init ] --END-- [ RunTime:0.000139s ]
ERR: 无法加载模块:Public

[ 2015-10-26T15:48:01+08:00 ] 127.0.0.1 /Public/js/jquery.js
INFO: [ app_init ] --START--
INFO: Run Behavior\BuildLiteBehavior [ RunTime:0.000031s ]
INFO: [ app_init ] --END-- [ RunTime:0.000138s ]
ERR: 无法加载模块:Public

[ 2015-10-26T15:48:02+08:00 ] 127.0.0.1 /Public/js/jquery.js
INFO: [ app_init ] --START--
INFO: Run Behavior\BuildLiteBehavior [ RunTime:0.000031s ]
INFO: [ app_init ] --END-- [ RunTime:0.000128s ]
ERR: 无法加载模块:Public

[ 2015-10-26T15:48:06+08:00 ] 127.0.0.1 /Public/js/jquery.js
INFO: [ app_init ] --START--
INFO: Run Behavior\BuildLiteBehavior [ RunTime:0.000021s ]
INFO: [ app_init ] --END-- [ RunTime:0.000091s ]
ERR: 无法加载模块:Public

[ 2015-10-26T15:48:09+08:00 ] 127.0.0.1 /Public/js/jquery.js
INFO: [ app_init ] --START--
INFO: Run Behavior\BuildLiteBehavior [ RunTime:0.000022s ]
INFO: [ app_init ] --END-- [ RunTime:0.000113s ]
ERR: 无法加载模块:Public

[ 2015-10-26T15:48:12+08:00 ] 127.0.0.1 /Public/js/jquery.js
INFO: [ app_init ] --START--
INFO: Run Behavior\BuildLiteBehavior [ RunTime:0.000028s ]
INFO: [ app_init ] --END-- [ RunTime:0.000133s ]
ERR: 无法加载模块:Public

[ 2015-10-26T15:48:13+08:00 ] 127.0.0.1 /Public/js/jquery.js
INFO: [ app_init ] --START--
INFO: Run Behavior\BuildLiteBehavior [ RunTime:0.000017s ]
INFO: [ app_init ] --END-- [ RunTime:0.000079s ]
ERR: 无法加载模块:Public

[ 2015-10-26T15:48:14+08:00 ] 127.0.0.1 /Public/js/jquery.js
INFO: [ app_init ] --START--
INFO: Run Behavior\BuildLiteBehavior [ RunTime:0.000047s ]
INFO: [ app_init ] --END-- [ RunTime:0.000214s ]
ERR: 无法加载模块:Public

[ 2015-10-26T15:48:27+08:00 ] 127.0.0.1 /Public/js/jquery.js
INFO: [ app_init ] --START--
INFO: Run Behavior\BuildLiteBehavior [ RunTime:0.000019s ]
INFO: [ app_init ] --END-- [ RunTime:0.000097s ]
ERR: 无法加载模块:Public

[ 2015-10-26T15:48:46+08:00 ] 127.0.0.1 /Public/js/jquery.js
INFO: [ app_init ] --START--
INFO: Run Behavior\BuildLiteBehavior [ RunTime:0.000018s ]
INFO: [ app_init ] --END-- [ RunTime:0.000079s ]
ERR: 无法加载模块:Public

[ 2015-10-26T15:48:52+08:00 ] 127.0.0.1 /Public/js/jquery.js
INFO: [ app_init ] --START--
INFO: Run Behavior\BuildLiteBehavior [ RunTime:0.000036s ]
INFO: [ app_init ] --END-- [ RunTime:0.000136s ]
ERR: 无法加载模块:Public

[ 2015-10-26T15:48:54+08:00 ] 127.0.0.1 /Public/js/jquery.js
INFO: [ app_init ] --START--
INFO: Run Behavior\BuildLiteBehavior [ RunTime:0.000029s ]
INFO: [ app_init ] --END-- [ RunTime:0.000116s ]
ERR: 无法加载模块:Public

[ 2015-10-26T15:48:56+08:00 ] 127.0.0.1 /Public/js/jquery.js
INFO: [ app_init ] --START--
INFO: Run Behavior\BuildLiteBehavior [ RunTime:0.000020s ]
INFO: [ app_init ] --END-- [ RunTime:0.000084s ]
ERR: 无法加载模块:Public

[ 2015-10-26T15:49:11+08:00 ] 127.0.0.1 /Public/js/jquery.js
INFO: [ app_init ] --START--
INFO: Run Behavior\BuildLiteBehavior [ RunTime:0.000027s ]
INFO: [ app_init ] --END-- [ RunTime:0.000103s ]
ERR: 无法加载模块:Public

[ 2015-10-26T15:49:24+08:00 ] 127.0.0.1 /Public/js/jquery.js
INFO: [ app_init ] --START--
INFO: Run Behavior\BuildLiteBehavior [ RunTime:0.000033s ]
INFO: [ app_init ] --END-- [ RunTime:0.000151s ]
ERR: 无法加载模块:Public

[ 2015-10-26T15:49:26+08:00 ] 127.0.0.1 /Public/js/jquery.js
INFO: [ app_init ] --START--
INFO: Run Behavior\BuildLiteBehavior [ RunTime:0.000032s ]
INFO: [ app_init ] --END-- [ RunTime:0.000146s ]
ERR: 无法加载模块:Public

[ 2015-10-26T15:49:27+08:00 ] 127.0.0.1 /Public/js/jquery.js
INFO: [ app_init ] --START--
INFO: Run Behavior\BuildLiteBehavior [ RunTime:0.000114s ]
INFO: [ app_init ] --END-- [ RunTime:0.000515s ]
ERR: 无法加载模块:Public

[ 2015-10-26T15:49:27+08:00 ] 127.0.0.1 /Public/js/jquery.js
INFO: [ app_init ] --START--
INFO: Run Behavior\BuildLiteBehavior [ RunTime:0.000029s ]
INFO: [ app_init ] --END-- [ RunTime:0.000128s ]
ERR: 无法加载模块:Public

[ 2015-10-26T15:49:27+08:00 ] 127.0.0.1 /Public/js/jquery.js
INFO: [ app_init ] --START--
INFO: Run Behavior\BuildLiteBehavior [ RunTime:0.000019s ]
INFO: [ app_init ] --END-- [ RunTime:0.000111s ]
ERR: 无法加载模块:Public

[ 2015-10-26T15:49:28+08:00 ] 127.0.0.1 /Public/js/jquery.js
INFO: [ app_init ] --START--
INFO: Run Behavior\BuildLiteBehavior [ RunTime:0.000028s ]
INFO: [ app_init ] --END-- [ RunTime:0.000113s ]
ERR: 无法加载模块:Public

[ 2015-10-26T15:49:28+08:00 ] 127.0.0.1 /Public/js/jquery.js
INFO: [ app_init ] --START--
INFO: Run Behavior\BuildLiteBehavior [ RunTime:0.000028s ]
INFO: [ app_init ] --END-- [ RunTime:0.000125s ]
ERR: 无法加载模块:Public

[ 2015-10-26T15:49:36+08:00 ] 127.0.0.1 /Public/js/jquery.js
INFO: [ app_init ] --START--
INFO: Run Behavior\BuildLiteBehavior [ RunTime:0.000029s ]
INFO: [ app_init ] --END-- [ RunTime:0.000123s ]
ERR: 无法加载模块:Public

[ 2015-10-26T15:49:38+08:00 ] 127.0.0.1 /Public/js/jquery.js
INFO: [ app_init ] --START--
INFO: Run Behavior\BuildLiteBehavior [ RunTime:0.000031s ]
INFO: [ app_init ] --END-- [ RunTime:0.000139s ]
ERR: 无法加载模块:Public

[ 2015-10-26T15:49:39+08:00 ] 127.0.0.1 /Public/js/jquery.js
INFO: [ app_init ] --START--
INFO: Run Behavior\BuildLiteBehavior [ RunTime:0.000041s ]
INFO: [ app_init ] --END-- [ RunTime:0.000211s ]
ERR: 无法加载模块:Public

[ 2015-10-26T15:49:39+08:00 ] 127.0.0.1 /Public/js/jquery.js
INFO: [ app_init ] --START--
INFO: Run Behavior\BuildLiteBehavior [ RunTime:0.000034s ]
INFO: [ app_init ] --END-- [ RunTime:0.000151s ]
ERR: 无法加载模块:Public

[ 2015-10-26T15:49:39+08:00 ] 127.0.0.1 /Public/js/jquery.js
INFO: [ app_init ] --START--
INFO: Run Behavior\BuildLiteBehavior [ RunTime:0.000028s ]
INFO: [ app_init ] --END-- [ RunTime:0.000130s ]
ERR: 无法加载模块:Public

[ 2015-10-26T15:49:40+08:00 ] 127.0.0.1 /Public/js/jquery.js
INFO: [ app_init ] --START--
INFO: Run Behavior\BuildLiteBehavior [ RunTime:0.000017s ]
INFO: [ app_init ] --END-- [ RunTime:0.000082s ]
ERR: 无法加载模块:Public

[ 2015-10-26T15:49:40+08:00 ] 127.0.0.1 /Public/js/jquery.js
INFO: [ app_init ] --START--
INFO: Run Behavior\BuildLiteBehavior [ RunTime:0.000017s ]
INFO: [ app_init ] --END-- [ RunTime:0.000074s ]
ERR: 无法加载模块:Public

[ 2015-10-26T15:49:40+08:00 ] 127.0.0.1 /Public/js/jquery.js
INFO: [ app_init ] --START--
INFO: Run Behavior\BuildLiteBehavior [ RunTime:0.000019s ]
INFO: [ app_init ] --END-- [ RunTime:0.000086s ]
ERR: 无法加载模块:Public

[ 2015-10-26T15:49:40+08:00 ] 127.0.0.1 /Public/js/jquery.js
INFO: [ app_init ] --START--
INFO: Run Behavior\BuildLiteBehavior [ RunTime:0.000040s ]
INFO: [ app_init ] --END-- [ RunTime:0.000144s ]
ERR: 无法加载模块:Public

[ 2015-10-26T15:50:06+08:00 ] 127.0.0.1 /Public/js/jquery.js
INFO: [ app_init ] --START--
INFO: Run Behavior\BuildLiteBehavior [ RunTime:0.000032s ]
INFO: [ app_init ] --END-- [ RunTime:0.000153s ]
ERR: 无法加载模块:Public

[ 2015-10-26T15:50:16+08:00 ] 127.0.0.1 /Public/js/jquery.js
INFO: [ app_init ] --START--
INFO: Run Behavior\BuildLiteBehavior [ RunTime:0.000029s ]
INFO: [ app_init ] --END-- [ RunTime:0.000141s ]
ERR: 无法加载模块:Public

[ 2015-10-26T15:50:20+08:00 ] 127.0.0.1 /Public/js/jquery.js
INFO: [ app_init ] --START--
INFO: Run Behavior\BuildLiteBehavior [ RunTime:0.000018s ]
INFO: [ app_init ] --END-- [ RunTime:0.000077s ]
ERR: 无法加载模块:Public

[ 2015-10-26T15:50:24+08:00 ] 127.0.0.1 /Public/js/jquery.js
INFO: [ app_init ] --START--
INFO: Run Behavior\BuildLiteBehavior [ RunTime:0.000030s ]
INFO: [ app_init ] --END-- [ RunTime:0.000133s ]
ERR: 无法加载模块:Public

[ 2015-10-26T15:51:17+08:00 ] 127.0.0.1 /Public/js/jquery.js
INFO: [ app_init ] --START--
INFO: Run Behavior\BuildLiteBehavior [ RunTime:0.000031s ]
INFO: [ app_init ] --END-- [ RunTime:0.000135s ]
ERR: 无法加载模块:Public

[ 2015-10-26T15:51:18+08:00 ] 127.0.0.1 /Public/js/jquery.js
INFO: [ app_init ] --START--
INFO: Run Behavior\BuildLiteBehavior [ RunTime:0.000028s ]
INFO: [ app_init ] --END-- [ RunTime:0.000131s ]
ERR: 无法加载模块:Public

[ 2015-10-26T15:51:21+08:00 ] 127.0.0.1 /Public/js/jquery.js
INFO: [ app_init ] --START--
INFO: Run Behavior\BuildLiteBehavior [ RunTime:0.000136s ]
INFO: [ app_init ] --END-- [ RunTime:0.000618s ]
ERR: 无法加载模块:Public

[ 2015-10-26T15:51:22+08:00 ] 127.0.0.1 /Public/js/jquery.js
INFO: [ app_init ] --START--
INFO: Run Behavior\BuildLiteBehavior [ RunTime:0.000021s ]
INFO: [ app_init ] --END-- [ RunTime:0.000097s ]
ERR: 无法加载模块:Public

