[ 2015-09-29T16:03:24+08:00 ] 127.0.0.1 /index.php/Brand/Review/quit.html
INFO: [ app_init ] --START--
INFO: Run Behavior\BuildLiteBehavior [ RunTime:0.000032s ]
INFO: [ app_init ] --END-- [ RunTime:0.000148s ]
INFO: [ app_begin ] --START--
INFO: Run Behavior\ReadHtmlCacheBehavior [ RunTime:0.000048s ]
INFO: [ app_begin ] --END-- [ RunTime:0.000101s ]
NOTIC: [8192] mysql_connect(): The mysql extension is deprecated and will be removed in the future: use mysqli or PDO instead /var/www/yoga/Framework/Library/Think/Db/Driver/Mysql.class.php 第 52 行.
NOTIC: [2] Invalid argument supplied for foreach() /var/www/yoga/Yoga/Service/McService.class.php 第 372 行.
NOTIC: [2] Invalid argument supplied for foreach() /var/www/yoga/Yoga/Service/ChannelService.class.php 第 136 行.
INFO: [ view_parse ] --START--
INFO: [ template_filter ] --START--
INFO: Run Behavior\ContentReplaceBehavior [ RunTime:0.000058s ]
INFO: [ template_filter ] --END-- [ RunTime:0.000112s ]
INFO: Run Behavior\ParseTemplateBehavior [ RunTime:0.025062s ]
INFO: [ view_parse ] --END-- [ RunTime:0.025145s ]
INFO: [ view_filter ] --START--
INFO: Run Behavior\WriteHtmlCacheBehavior [ RunTime:0.000033s ]
INFO: Run Behavior\TokenBuildBehavior [ RunTime:0.000030s ]
INFO: [ view_filter ] --END-- [ RunTime:0.000111s ]
INFO: [ app_end ] --START--
INFO: Run Behavior\ShowPageTraceBehavior [ RunTime:0.000030s ]
INFO: [ app_end ] --END-- [ RunTime:0.000065s ]

[ 2015-09-29T16:03:24+08:00 ] 127.0.0.1 /index.php/Brand/Review/quitQuery.html
INFO: [ app_init ] --START--
INFO: Run Behavior\BuildLiteBehavior [ RunTime:0.000017s ]
INFO: [ app_init ] --END-- [ RunTime:0.000075s ]
INFO: [ app_begin ] --START--
INFO: Run Behavior\ReadHtmlCacheBehavior [ RunTime:0.000027s ]
INFO: [ app_begin ] --END-- [ RunTime:0.000059s ]
NOTIC: [8192] mysql_connect(): The mysql extension is deprecated and will be removed in the future: use mysqli or PDO instead /var/www/yoga/Framework/Library/Think/Db/Driver/Mysql.class.php 第 52 行.
NOTIC: [2] Invalid argument supplied for foreach() /var/www/yoga/Yoga/Service/McService.class.php 第 372 行.
NOTIC: [2] Invalid argument supplied for foreach() /var/www/yoga/Yoga/Service/ChannelService.class.php 第 136 行.
NOTIC: [2] Invalid argument supplied for foreach() /var/www/yoga/Yoga/Brand/Controller/ReviewController.class.php 第 230 行.

[ 2015-09-29T16:25:15+08:00 ] 127.0.0.1 /index.php/Brand/Goods/index.html
INFO: [ app_init ] --START--
INFO: Run Behavior\BuildLiteBehavior [ RunTime:0.000022s ]
INFO: [ app_init ] --END-- [ RunTime:0.000111s ]
INFO: [ app_begin ] --START--
INFO: Run Behavior\ReadHtmlCacheBehavior [ RunTime:0.000038s ]
INFO: [ app_begin ] --END-- [ RunTime:0.000086s ]
NOTIC: [8192] mysql_connect(): The mysql extension is deprecated and will be removed in the future: use mysqli or PDO instead /var/www/yoga/Framework/Library/Think/Db/Driver/Mysql.class.php 第 52 行.
NOTIC: [2] Invalid argument supplied for foreach() /var/www/yoga/Yoga/Service/McService.class.php 第 372 行.
NOTIC: [2] Invalid argument supplied for foreach() /var/www/yoga/Yoga/Service/ChannelService.class.php 第 136 行.
INFO: [ view_parse ] --START--
INFO: [ template_filter ] --START--
INFO: Run Behavior\ContentReplaceBehavior [ RunTime:0.000082s ]
INFO: [ template_filter ] --END-- [ RunTime:0.000135s ]
INFO: Run Behavior\ParseTemplateBehavior [ RunTime:0.016236s ]
INFO: [ view_parse ] --END-- [ RunTime:0.016306s ]
INFO: [ view_filter ] --START--
INFO: Run Behavior\WriteHtmlCacheBehavior [ RunTime:0.000040s ]
INFO: Run Behavior\TokenBuildBehavior [ RunTime:0.000036s ]
INFO: [ view_filter ] --END-- [ RunTime:0.000130s ]
INFO: [ app_end ] --START--
INFO: Run Behavior\ShowPageTraceBehavior [ RunTime:0.000030s ]
INFO: [ app_end ] --END-- [ RunTime:0.000065s ]

[ 2015-09-29T16:25:15+08:00 ] 127.0.0.1 /Brand/Goods/getGoods
INFO: [ app_init ] --START--
INFO: Run Behavior\BuildLiteBehavior [ RunTime:0.000018s ]
INFO: [ app_init ] --END-- [ RunTime:0.000079s ]
INFO: [ app_begin ] --START--
INFO: Run Behavior\ReadHtmlCacheBehavior [ RunTime:0.000029s ]
INFO: [ app_begin ] --END-- [ RunTime:0.000065s ]
NOTIC: [8192] mysql_connect(): The mysql extension is deprecated and will be removed in the future: use mysqli or PDO instead /var/www/yoga/Framework/Library/Think/Db/Driver/Mysql.class.php 第 52 行.
NOTIC: [2] Invalid argument supplied for foreach() /var/www/yoga/Yoga/Service/McService.class.php 第 372 行.
NOTIC: [2] Invalid argument supplied for foreach() /var/www/yoga/Yoga/Service/ChannelService.class.php 第 136 行.
NOTIC: [8] Undefined index: mapping_order /var/www/yoga/Framework/Library/Think/Model/RelationModel.class.php 第 186 行.
NOTIC: [8] Undefined index: mapping_limit /var/www/yoga/Framework/Library/Think/Model/RelationModel.class.php 第 187 行.

[ 2015-09-29T16:25:15+08:00 ] 127.0.0.1 /Brand/Goods/getGoodsCategory
INFO: [ app_init ] --START--
INFO: Run Behavior\BuildLiteBehavior [ RunTime:0.000030s ]
INFO: [ app_init ] --END-- [ RunTime:0.000128s ]
INFO: [ app_begin ] --START--
INFO: Run Behavior\ReadHtmlCacheBehavior [ RunTime:0.000037s ]
INFO: [ app_begin ] --END-- [ RunTime:0.000081s ]
NOTIC: [8192] mysql_connect(): The mysql extension is deprecated and will be removed in the future: use mysqli or PDO instead /var/www/yoga/Framework/Library/Think/Db/Driver/Mysql.class.php 第 52 行.
NOTIC: [2] Invalid argument supplied for foreach() /var/www/yoga/Yoga/Service/McService.class.php 第 372 行.
NOTIC: [2] Invalid argument supplied for foreach() /var/www/yoga/Yoga/Service/ChannelService.class.php 第 136 行.

[ 2015-09-29T16:31:27+08:00 ] 127.0.0.1 /index.php/Brand/Cardtype/index.html
INFO: [ app_init ] --START--
INFO: Run Behavior\BuildLiteBehavior [ RunTime:0.000046s ]
INFO: [ app_init ] --END-- [ RunTime:0.000228s ]
INFO: [ app_begin ] --START--
INFO: Run Behavior\ReadHtmlCacheBehavior [ RunTime:0.000087s ]
INFO: [ app_begin ] --END-- [ RunTime:0.000177s ]

[ 2015-09-29T16:31:44+08:00 ] 127.0.0.1 /index.php/Brand/Cardtype/index.html
INFO: [ app_init ] --START--
INFO: Run Behavior\BuildLiteBehavior [ RunTime:0.000056s ]
INFO: [ app_init ] --END-- [ RunTime:0.000271s ]
INFO: [ app_begin ] --START--
INFO: Run Behavior\ReadHtmlCacheBehavior [ RunTime:0.000187s ]
INFO: [ app_begin ] --END-- [ RunTime:0.000415s ]
NOTIC: [8192] mysql_connect(): The mysql extension is deprecated and will be removed in the future: use mysqli or PDO instead /var/www/yoga/Framework/Library/Think/Db/Driver/Mysql.class.php 第 52 行.
NOTIC: [2] Invalid argument supplied for foreach() /var/www/yoga/Yoga/Service/McService.class.php 第 372 行.
NOTIC: [2] Invalid argument supplied for foreach() /var/www/yoga/Yoga/Service/ChannelService.class.php 第 136 行.
INFO: [ view_parse ] --START--
INFO: [ template_filter ] --START--
INFO: Run Behavior\ContentReplaceBehavior [ RunTime:0.000075s ]
INFO: [ template_filter ] --END-- [ RunTime:0.000137s ]
INFO: Run Behavior\ParseTemplateBehavior [ RunTime:0.028091s ]
INFO: [ view_parse ] --END-- [ RunTime:0.028154s ]
INFO: [ view_filter ] --START--
INFO: Run Behavior\WriteHtmlCacheBehavior [ RunTime:0.000042s ]
INFO: Run Behavior\TokenBuildBehavior [ RunTime:0.000033s ]
INFO: [ view_filter ] --END-- [ RunTime:0.000126s ]
INFO: [ app_end ] --START--
INFO: Run Behavior\ShowPageTraceBehavior [ RunTime:0.000032s ]
INFO: [ app_end ] --END-- [ RunTime:0.000067s ]

[ 2015-09-29T16:31:44+08:00 ] 127.0.0.1 /Brand/Cardtype/getCardtype
INFO: [ app_init ] --START--
INFO: Run Behavior\BuildLiteBehavior [ RunTime:0.000016s ]
INFO: [ app_init ] --END-- [ RunTime:0.000076s ]
INFO: [ app_begin ] --START--
INFO: Run Behavior\ReadHtmlCacheBehavior [ RunTime:0.000026s ]
INFO: [ app_begin ] --END-- [ RunTime:0.000059s ]
NOTIC: [8192] mysql_connect(): The mysql extension is deprecated and will be removed in the future: use mysqli or PDO instead /var/www/yoga/Framework/Library/Think/Db/Driver/Mysql.class.php 第 52 行.
NOTIC: [2] Invalid argument supplied for foreach() /var/www/yoga/Yoga/Service/McService.class.php 第 372 行.
NOTIC: [2] Invalid argument supplied for foreach() /var/www/yoga/Yoga/Service/ChannelService.class.php 第 136 行.
NOTIC: [8] Trying to get property of non-object /var/www/yoga/Yoga/Brand/Controller/CardtypeController.class.php 第 20 行.
NOTIC: [8] Undefined index: mapping_order /var/www/yoga/Framework/Library/Think/Model/RelationModel.class.php 第 186 行.
NOTIC: [8] Undefined index: mapping_limit /var/www/yoga/Framework/Library/Think/Model/RelationModel.class.php 第 187 行.
NOTIC: [8] Undefined index: mapping_order /var/www/yoga/Framework/Library/Think/Model/RelationModel.class.php 第 186 行.
NOTIC: [8] Undefined index: mapping_limit /var/www/yoga/Framework/Library/Think/Model/RelationModel.class.php 第 187 行.
NOTIC: [8] Undefined index: mapping_order /var/www/yoga/Framework/Library/Think/Model/RelationModel.class.php 第 186 行.
NOTIC: [8] Undefined index: mapping_limit /var/www/yoga/Framework/Library/Think/Model/RelationModel.class.php 第 187 行.
NOTIC: [8] Undefined index: mapping_order /var/www/yoga/Framework/Library/Think/Model/RelationModel.class.php 第 186 行.
NOTIC: [8] Undefined index: mapping_limit /var/www/yoga/Framework/Library/Think/Model/RelationModel.class.php 第 187 行.

[ 2015-09-29T16:32:53+08:00 ] 127.0.0.1 /index.php/Brand/Goods/index.html
INFO: [ app_init ] --START--
INFO: Run Behavior\BuildLiteBehavior [ RunTime:0.000016s ]
INFO: [ app_init ] --END-- [ RunTime:0.000080s ]
INFO: [ app_begin ] --START--
INFO: Run Behavior\ReadHtmlCacheBehavior [ RunTime:0.000028s ]
INFO: [ app_begin ] --END-- [ RunTime:0.000064s ]
NOTIC: [8192] mysql_connect(): The mysql extension is deprecated and will be removed in the future: use mysqli or PDO instead /var/www/yoga/Framework/Library/Think/Db/Driver/Mysql.class.php 第 52 行.
NOTIC: [2] Invalid argument supplied for foreach() /var/www/yoga/Yoga/Service/McService.class.php 第 372 行.
NOTIC: [2] Invalid argument supplied for foreach() /var/www/yoga/Yoga/Service/ChannelService.class.php 第 136 行.
INFO: [ view_parse ] --START--
INFO: [ template_filter ] --START--
INFO: Run Behavior\ContentReplaceBehavior [ RunTime:0.000088s ]
INFO: [ template_filter ] --END-- [ RunTime:0.000143s ]
INFO: Run Behavior\ParseTemplateBehavior [ RunTime:0.012091s ]
INFO: [ view_parse ] --END-- [ RunTime:0.012141s ]
INFO: [ view_filter ] --START--
INFO: Run Behavior\WriteHtmlCacheBehavior [ RunTime:0.000038s ]
INFO: Run Behavior\TokenBuildBehavior [ RunTime:0.000034s ]
INFO: [ view_filter ] --END-- [ RunTime:0.000121s ]
INFO: [ app_end ] --START--
INFO: Run Behavior\ShowPageTraceBehavior [ RunTime:0.000032s ]
INFO: [ app_end ] --END-- [ RunTime:0.000067s ]

[ 2015-09-29T16:32:53+08:00 ] 127.0.0.1 /Brand/Goods/getGoods
INFO: [ app_init ] --START--
INFO: Run Behavior\BuildLiteBehavior [ RunTime:0.000049s ]
INFO: [ app_init ] --END-- [ RunTime:0.000155s ]
INFO: [ app_begin ] --START--
INFO: Run Behavior\ReadHtmlCacheBehavior [ RunTime:0.000048s ]
INFO: [ app_begin ] --END-- [ RunTime:0.000105s ]
NOTIC: [8192] mysql_connect(): The mysql extension is deprecated and will be removed in the future: use mysqli or PDO instead /var/www/yoga/Framework/Library/Think/Db/Driver/Mysql.class.php 第 52 行.
NOTIC: [2] Invalid argument supplied for foreach() /var/www/yoga/Yoga/Service/McService.class.php 第 372 行.
NOTIC: [2] Invalid argument supplied for foreach() /var/www/yoga/Yoga/Service/ChannelService.class.php 第 136 行.
NOTIC: [8] Undefined index: mapping_order /var/www/yoga/Framework/Library/Think/Model/RelationModel.class.php 第 186 行.
NOTIC: [8] Undefined index: mapping_limit /var/www/yoga/Framework/Library/Think/Model/RelationModel.class.php 第 187 行.

[ 2015-09-29T16:32:53+08:00 ] 127.0.0.1 /Brand/Goods/getGoodsCategory
INFO: [ app_init ] --START--
INFO: Run Behavior\BuildLiteBehavior [ RunTime:0.000034s ]
INFO: [ app_init ] --END-- [ RunTime:0.000145s ]
INFO: [ app_begin ] --START--
INFO: Run Behavior\ReadHtmlCacheBehavior [ RunTime:0.000048s ]
INFO: [ app_begin ] --END-- [ RunTime:0.000111s ]
NOTIC: [8192] mysql_connect(): The mysql extension is deprecated and will be removed in the future: use mysqli or PDO instead /var/www/yoga/Framework/Library/Think/Db/Driver/Mysql.class.php 第 52 行.
NOTIC: [2] Invalid argument supplied for foreach() /var/www/yoga/Yoga/Service/McService.class.php 第 372 行.
NOTIC: [2] Invalid argument supplied for foreach() /var/www/yoga/Yoga/Service/ChannelService.class.php 第 136 行.

[ 2015-09-29T17:49:03+08:00 ] 127.0.0.1 /index.php/Brand/Review/contract.html
INFO: [ app_init ] --START--
INFO: Run Behavior\BuildLiteBehavior [ RunTime:0.000022s ]
INFO: [ app_init ] --END-- [ RunTime:0.000108s ]
INFO: [ app_begin ] --START--
INFO: Run Behavior\ReadHtmlCacheBehavior [ RunTime:0.000072s ]
INFO: [ app_begin ] --END-- [ RunTime:0.000149s ]
NOTIC: [8192] mysql_connect(): The mysql extension is deprecated and will be removed in the future: use mysqli or PDO instead /var/www/yoga/Framework/Library/Think/Db/Driver/Mysql.class.php 第 52 行.
NOTIC: [2] Invalid argument supplied for foreach() /var/www/yoga/Yoga/Service/McService.class.php 第 372 行.
NOTIC: [2] Invalid argument supplied for foreach() /var/www/yoga/Yoga/Service/ChannelService.class.php 第 136 行.
NOTIC: [2] explode() expects parameter 2 to be string, array given /var/www/yoga/Framework/Library/Think/Model.class.php 第 1426 行.
ERR: 1103:Incorrect table name ''
 [ SQL语句 ] : SHOW COLUMNS FROM ``
INFO: [ view_parse ] --START--
INFO: [ template_filter ] --START--
INFO: Run Behavior\ContentReplaceBehavior [ RunTime:0.000089s ]
INFO: [ template_filter ] --END-- [ RunTime:0.000144s ]
NOTIC: [8] Undefined variable: cardtypes /var/www/yoga/Runtime/Cache/Brand/23ecd1c836625003cf9c3d497f9b5ed0.php 第 370 行.
INFO: Run Behavior\ParseTemplateBehavior [ RunTime:0.030163s ]
INFO: [ view_parse ] --END-- [ RunTime:0.030204s ]
INFO: [ view_filter ] --START--
INFO: Run Behavior\WriteHtmlCacheBehavior [ RunTime:0.000035s ]
INFO: Run Behavior\TokenBuildBehavior [ RunTime:0.000031s ]
INFO: [ view_filter ] --END-- [ RunTime:0.000113s ]
INFO: [ app_end ] --START--
INFO: Run Behavior\ShowPageTraceBehavior [ RunTime:0.000032s ]
INFO: [ app_end ] --END-- [ RunTime:0.000068s ]

[ 2015-09-29T17:49:06+08:00 ] 127.0.0.1 /index.php/Brand/Review/queryNew.html
INFO: [ app_init ] --START--
INFO: Run Behavior\BuildLiteBehavior [ RunTime:0.000027s ]
INFO: [ app_init ] --END-- [ RunTime:0.000126s ]
INFO: [ app_begin ] --START--
INFO: Run Behavior\ReadHtmlCacheBehavior [ RunTime:0.000065s ]
INFO: [ app_begin ] --END-- [ RunTime:0.000128s ]
NOTIC: [8192] mysql_connect(): The mysql extension is deprecated and will be removed in the future: use mysqli or PDO instead /var/www/yoga/Framework/Library/Think/Db/Driver/Mysql.class.php 第 52 行.
NOTIC: [2] Invalid argument supplied for foreach() /var/www/yoga/Yoga/Service/McService.class.php 第 372 行.
NOTIC: [2] Invalid argument supplied for foreach() /var/www/yoga/Yoga/Service/ChannelService.class.php 第 136 行.
NOTIC: [8] Constant UID already defined /var/www/yoga/Yoga/Common/Controller/BaseController.class.php 第 8 行.
NOTIC: [2] Invalid argument supplied for foreach() /var/www/yoga/Yoga/Service/McService.class.php 第 372 行.
NOTIC: [2] Invalid argument supplied for foreach() /var/www/yoga/Yoga/Service/ChannelService.class.php 第 136 行.

[ 2015-09-29T17:49:07+08:00 ] 127.0.0.1 /Brand/Review/show
INFO: [ app_init ] --START--
INFO: Run Behavior\BuildLiteBehavior [ RunTime:0.000024s ]
INFO: [ app_init ] --END-- [ RunTime:0.000108s ]
INFO: [ app_begin ] --START--
INFO: Run Behavior\ReadHtmlCacheBehavior [ RunTime:0.000043s ]
INFO: [ app_begin ] --END-- [ RunTime:0.000098s ]
NOTIC: [8192] mysql_connect(): The mysql extension is deprecated and will be removed in the future: use mysqli or PDO instead /var/www/yoga/Framework/Library/Think/Db/Driver/Mysql.class.php 第 52 行.
NOTIC: [2] Invalid argument supplied for foreach() /var/www/yoga/Yoga/Service/McService.class.php 第 372 行.
NOTIC: [2] Invalid argument supplied for foreach() /var/www/yoga/Yoga/Service/ChannelService.class.php 第 136 行.
NOTIC: [8] Undefined index: card_type /var/www/yoga/Yoga/Brand/Controller/ReviewController.class.php 第 98 行.
NOTIC: [2] Invalid argument supplied for foreach() /var/www/yoga/Yoga/Common/Model/CardTypeModel.class.php 第 88 行.
NOTIC: [2] explode() expects parameter 2 to be string, array given /var/www/yoga/Framework/Library/Think/Model.class.php 第 1426 行.
ERR: 1103:Incorrect table name ''
 [ SQL语句 ] : SHOW COLUMNS FROM ``
INFO: [ view_parse ] --START--
INFO: [ template_filter ] --START--
INFO: Run Behavior\ContentReplaceBehavior [ RunTime:0.000035s ]
INFO: [ template_filter ] --END-- [ RunTime:0.000091s ]
NOTIC: [8] Use of undefined constant female - assumed 'female' /var/www/yoga/Runtime/Cache/Brand/4b71628a13334070671442bbd2820e52.php 第 89 行.
INFO: Run Behavior\ParseTemplateBehavior [ RunTime:0.003408s ]
INFO: [ view_parse ] --END-- [ RunTime:0.003446s ]
INFO: [ view_filter ] --START--
INFO: Run Behavior\WriteHtmlCacheBehavior [ RunTime:0.000038s ]
INFO: Run Behavior\TokenBuildBehavior [ RunTime:0.000033s ]
INFO: [ view_filter ] --END-- [ RunTime:0.000113s ]

[ 2015-09-29T17:49:12+08:00 ] 127.0.0.1 /Brand/Review/passnew
INFO: [ app_init ] --START--
INFO: Run Behavior\BuildLiteBehavior [ RunTime:0.000032s ]
INFO: [ app_init ] --END-- [ RunTime:0.000157s ]
INFO: [ app_begin ] --START--
INFO: Run Behavior\ReadHtmlCacheBehavior [ RunTime:0.000056s ]
INFO: [ app_begin ] --END-- [ RunTime:0.000117s ]
NOTIC: [8192] mysql_connect(): The mysql extension is deprecated and will be removed in the future: use mysqli or PDO instead /var/www/yoga/Framework/Library/Think/Db/Driver/Mysql.class.php 第 52 行.
NOTIC: [2] Invalid argument supplied for foreach() /var/www/yoga/Yoga/Service/McService.class.php 第 372 行.
NOTIC: [2] Invalid argument supplied for foreach() /var/www/yoga/Yoga/Service/ChannelService.class.php 第 136 行.

