[ 2015-09-28T15:15:51+08:00 ] 127.0.0.1 /Brand/Goods/query
INFO: [ app_init ] --START--
INFO: Run Behavior\BuildLiteBehavior [ RunTime:0.000032s ]
INFO: [ app_init ] --END-- [ RunTime:0.000177s ]
INFO: [ app_begin ] --START--
INFO: Run Behavior\ReadHtmlCacheBehavior [ RunTime:0.000185s ]
INFO: [ app_begin ] --END-- [ RunTime:0.000367s ]
NOTIC: [8192] mysql_connect(): The mysql extension is deprecated and will be removed in the future: use mysqli or PDO instead /var/www/yoga/Framework/Library/Think/Db/Driver/Mysql.class.php 第 52 行.
NOTIC: [2] Invalid argument supplied for foreach() /var/www/yoga/Yoga/Service/McService.class.php 第 372 行.
NOTIC: [2] Invalid argument supplied for foreach() /var/www/yoga/Yoga/Service/ChannelService.class.php 第 136 行.

[ 2015-09-28T15:15:53+08:00 ] 127.0.0.1 /Brand/Goods/query
INFO: [ app_init ] --START--
INFO: Run Behavior\BuildLiteBehavior [ RunTime:0.000031s ]
INFO: [ app_init ] --END-- [ RunTime:0.000142s ]
INFO: [ app_begin ] --START--
INFO: Run Behavior\ReadHtmlCacheBehavior [ RunTime:0.000113s ]
INFO: [ app_begin ] --END-- [ RunTime:0.000246s ]
NOTIC: [8192] mysql_connect(): The mysql extension is deprecated and will be removed in the future: use mysqli or PDO instead /var/www/yoga/Framework/Library/Think/Db/Driver/Mysql.class.php 第 52 行.
NOTIC: [2] Invalid argument supplied for foreach() /var/www/yoga/Yoga/Service/McService.class.php 第 372 行.
NOTIC: [2] Invalid argument supplied for foreach() /var/www/yoga/Yoga/Service/ChannelService.class.php 第 136 行.

[ 2015-09-28T15:15:54+08:00 ] 127.0.0.1 /Brand/Goods/query
INFO: [ app_init ] --START--
INFO: Run Behavior\BuildLiteBehavior [ RunTime:0.000024s ]
INFO: [ app_init ] --END-- [ RunTime:0.000115s ]
INFO: [ app_begin ] --START--
INFO: Run Behavior\ReadHtmlCacheBehavior [ RunTime:0.000037s ]
INFO: [ app_begin ] --END-- [ RunTime:0.000087s ]
NOTIC: [8192] mysql_connect(): The mysql extension is deprecated and will be removed in the future: use mysqli or PDO instead /var/www/yoga/Framework/Library/Think/Db/Driver/Mysql.class.php 第 52 行.
NOTIC: [2] Invalid argument supplied for foreach() /var/www/yoga/Yoga/Service/McService.class.php 第 372 行.
NOTIC: [2] Invalid argument supplied for foreach() /var/www/yoga/Yoga/Service/ChannelService.class.php 第 136 行.

[ 2015-09-28T15:15:56+08:00 ] 127.0.0.1 /Brand/Goods/query
INFO: [ app_init ] --START--
INFO: Run Behavior\BuildLiteBehavior [ RunTime:0.000026s ]
INFO: [ app_init ] --END-- [ RunTime:0.000113s ]
INFO: [ app_begin ] --START--
INFO: Run Behavior\ReadHtmlCacheBehavior [ RunTime:0.000034s ]
INFO: [ app_begin ] --END-- [ RunTime:0.000080s ]
NOTIC: [8192] mysql_connect(): The mysql extension is deprecated and will be removed in the future: use mysqli or PDO instead /var/www/yoga/Framework/Library/Think/Db/Driver/Mysql.class.php 第 52 行.
NOTIC: [2] Invalid argument supplied for foreach() /var/www/yoga/Yoga/Service/McService.class.php 第 372 行.
NOTIC: [2] Invalid argument supplied for foreach() /var/www/yoga/Yoga/Service/ChannelService.class.php 第 136 行.

[ 2015-09-28T15:17:20+08:00 ] 127.0.0.1 /Brand/Goods/query
INFO: [ app_init ] --START--
INFO: Run Behavior\BuildLiteBehavior [ RunTime:0.000042s ]
INFO: [ app_init ] --END-- [ RunTime:0.000167s ]
INFO: [ app_begin ] --START--
INFO: Run Behavior\ReadHtmlCacheBehavior [ RunTime:0.000073s ]
INFO: [ app_begin ] --END-- [ RunTime:0.000148s ]
NOTIC: [8192] mysql_connect(): The mysql extension is deprecated and will be removed in the future: use mysqli or PDO instead /var/www/yoga/Framework/Library/Think/Db/Driver/Mysql.class.php 第 52 行.
NOTIC: [2] Invalid argument supplied for foreach() /var/www/yoga/Yoga/Service/McService.class.php 第 372 行.
NOTIC: [2] Invalid argument supplied for foreach() /var/www/yoga/Yoga/Service/ChannelService.class.php 第 136 行.

[ 2015-09-28T15:17:25+08:00 ] 127.0.0.1 /Brand/Goods/query
INFO: [ app_init ] --START--
INFO: Run Behavior\BuildLiteBehavior [ RunTime:0.000031s ]
INFO: [ app_init ] --END-- [ RunTime:0.000134s ]
INFO: [ app_begin ] --START--
INFO: Run Behavior\ReadHtmlCacheBehavior [ RunTime:0.000048s ]
INFO: [ app_begin ] --END-- [ RunTime:0.000107s ]
NOTIC: [8192] mysql_connect(): The mysql extension is deprecated and will be removed in the future: use mysqli or PDO instead /var/www/yoga/Framework/Library/Think/Db/Driver/Mysql.class.php 第 52 行.
NOTIC: [2] Invalid argument supplied for foreach() /var/www/yoga/Yoga/Service/McService.class.php 第 372 行.
NOTIC: [2] Invalid argument supplied for foreach() /var/www/yoga/Yoga/Service/ChannelService.class.php 第 136 行.

