[ 2015-10-12T16:04:22+08:00 ] 127.0.0.1 /index.php/Brand/Shop/clubsinfo.html
INFO: [ app_init ] --START--
INFO: Run Behavior\BuildLiteBehavior [ RunTime:0.000017s ]
INFO: [ app_init ] --END-- [ RunTime:0.000078s ]
INFO: [ app_begin ] --START--
INFO: Run Behavior\ReadHtmlCacheBehavior [ RunTime:0.000041s ]
INFO: [ app_begin ] --END-- [ RunTime:0.000093s ]
NOTIC: [8192] mysql_connect(): The mysql extension is deprecated and will be removed in the future: use mysqli or PDO instead /var/www/yoga/Framework/Library/Think/Db/Driver/Mysql.class.php 第 52 行.
NOTIC: [2] Invalid argument supplied for foreach() /var/www/yoga/Yoga/Service/McService.class.php 第 372 行.
NOTIC: [2] Invalid argument supplied for foreach() /var/www/yoga/Yoga/Service/ChannelService.class.php 第 136 行.
INFO: [ view_parse ] --START--
INFO: [ template_filter ] --START--
INFO: Run Behavior\ContentReplaceBehavior [ RunTime:0.000050s ]
INFO: [ template_filter ] --END-- [ RunTime:0.000104s ]
INFO: Run Behavior\ParseTemplateBehavior [ RunTime:0.049792s ]
INFO: [ view_parse ] --END-- [ RunTime:0.049863s ]
INFO: [ view_filter ] --START--
INFO: Run Behavior\WriteHtmlCacheBehavior [ RunTime:0.000040s ]
INFO: Run Behavior\TokenBuildBehavior [ RunTime:0.000035s ]
INFO: [ view_filter ] --END-- [ RunTime:0.000124s ]
INFO: [ app_end ] --START--
INFO: Run Behavior\ShowPageTraceBehavior [ RunTime:0.000042s ]
INFO: [ app_end ] --END-- [ RunTime:0.000091s ]

[ 2015-10-12T16:04:25+08:00 ] 127.0.0.1 /index.php/Brand/Shop/clubinfo/id/35.html
INFO: [ app_init ] --START--
INFO: Run Behavior\BuildLiteBehavior [ RunTime:0.000044s ]
INFO: [ app_init ] --END-- [ RunTime:0.000177s ]
INFO: [ app_begin ] --START--
INFO: Run Behavior\ReadHtmlCacheBehavior [ RunTime:0.000057s ]
INFO: [ app_begin ] --END-- [ RunTime:0.000139s ]
NOTIC: [8192] mysql_connect(): The mysql extension is deprecated and will be removed in the future: use mysqli or PDO instead /var/www/yoga/Framework/Library/Think/Db/Driver/Mysql.class.php 第 52 行.
NOTIC: [2] Invalid argument supplied for foreach() /var/www/yoga/Yoga/Service/McService.class.php 第 372 行.
NOTIC: [2] Invalid argument supplied for foreach() /var/www/yoga/Yoga/Service/ChannelService.class.php 第 136 行.
INFO: [ view_parse ] --START--
INFO: [ template_filter ] --START--
INFO: Run Behavior\ContentReplaceBehavior [ RunTime:0.000048s ]
INFO: [ template_filter ] --END-- [ RunTime:0.000099s ]
INFO: Run Behavior\ParseTemplateBehavior [ RunTime:0.029493s ]
INFO: [ view_parse ] --END-- [ RunTime:0.029542s ]
INFO: [ view_filter ] --START--
INFO: Run Behavior\WriteHtmlCacheBehavior [ RunTime:0.000035s ]
INFO: Run Behavior\TokenBuildBehavior [ RunTime:0.000029s ]
INFO: [ view_filter ] --END-- [ RunTime:0.000117s ]
INFO: [ app_end ] --START--
INFO: Run Behavior\ShowPageTraceBehavior [ RunTime:0.000030s ]
INFO: [ app_end ] --END-- [ RunTime:0.000066s ]

[ 2015-10-12T16:04:29+08:00 ] 127.0.0.1 /index.php/Brand/Shop/showEdit/id/35.html
INFO: [ app_init ] --START--
INFO: Run Behavior\BuildLiteBehavior [ RunTime:0.000039s ]
INFO: [ app_init ] --END-- [ RunTime:0.000195s ]
INFO: [ app_begin ] --START--
INFO: Run Behavior\ReadHtmlCacheBehavior [ RunTime:0.000045s ]
INFO: [ app_begin ] --END-- [ RunTime:0.000105s ]
NOTIC: [8192] mysql_connect(): The mysql extension is deprecated and will be removed in the future: use mysqli or PDO instead /var/www/yoga/Framework/Library/Think/Db/Driver/Mysql.class.php 第 52 行.
NOTIC: [2] Invalid argument supplied for foreach() /var/www/yoga/Yoga/Service/McService.class.php 第 372 行.
NOTIC: [2] Invalid argument supplied for foreach() /var/www/yoga/Yoga/Service/ChannelService.class.php 第 136 行.
INFO: [ view_parse ] --START--
INFO: [ template_filter ] --START--
INFO: Run Behavior\ContentReplaceBehavior [ RunTime:0.000136s ]
INFO: [ template_filter ] --END-- [ RunTime:0.000292s ]
INFO: Run Behavior\ParseTemplateBehavior [ RunTime:0.059688s ]
INFO: [ view_parse ] --END-- [ RunTime:0.059737s ]
INFO: [ view_filter ] --START--
INFO: Run Behavior\WriteHtmlCacheBehavior [ RunTime:0.000038s ]
INFO: Run Behavior\TokenBuildBehavior [ RunTime:0.000030s ]
INFO: [ view_filter ] --END-- [ RunTime:0.000122s ]
INFO: [ app_end ] --START--
INFO: Run Behavior\ShowPageTraceBehavior [ RunTime:0.000031s ]
INFO: [ app_end ] --END-- [ RunTime:0.000067s ]

[ 2015-10-12T16:04:34+08:00 ] 127.0.0.1 /index.php/Brand/Shop/edit.html
INFO: [ app_init ] --START--
INFO: Run Behavior\BuildLiteBehavior [ RunTime:0.000017s ]
INFO: [ app_init ] --END-- [ RunTime:0.000083s ]
INFO: [ app_begin ] --START--
INFO: Run Behavior\ReadHtmlCacheBehavior [ RunTime:0.000029s ]
INFO: [ app_begin ] --END-- [ RunTime:0.000066s ]
NOTIC: [8192] mysql_connect(): The mysql extension is deprecated and will be removed in the future: use mysqli or PDO instead /var/www/yoga/Framework/Library/Think/Db/Driver/Mysql.class.php 第 52 行.
NOTIC: [2] Invalid argument supplied for foreach() /var/www/yoga/Yoga/Service/McService.class.php 第 372 行.
NOTIC: [2] Invalid argument supplied for foreach() /var/www/yoga/Yoga/Service/ChannelService.class.php 第 136 行.
NOTIC: [8] Undefined index: code /var/www/yoga/Framework/Library/Think/Model.class.php 第 1074 行.

[ 2015-10-12T16:04:34+08:00 ] 127.0.0.1 /index.php/Brand/Shop/clubsinfo.html
INFO: [ app_init ] --START--
INFO: Run Behavior\BuildLiteBehavior [ RunTime:0.000042s ]
INFO: [ app_init ] --END-- [ RunTime:0.000211s ]
INFO: [ app_begin ] --START--
INFO: Run Behavior\ReadHtmlCacheBehavior [ RunTime:0.000073s ]
INFO: [ app_begin ] --END-- [ RunTime:0.000164s ]
NOTIC: [8192] mysql_connect(): The mysql extension is deprecated and will be removed in the future: use mysqli or PDO instead /var/www/yoga/Framework/Library/Think/Db/Driver/Mysql.class.php 第 52 行.
NOTIC: [2] Invalid argument supplied for foreach() /var/www/yoga/Yoga/Service/McService.class.php 第 372 行.
NOTIC: [2] Invalid argument supplied for foreach() /var/www/yoga/Yoga/Service/ChannelService.class.php 第 136 行.
INFO: [ view_parse ] --START--
INFO: [ template_filter ] --START--
INFO: Run Behavior\ContentReplaceBehavior [ RunTime:0.000055s ]
INFO: [ template_filter ] --END-- [ RunTime:0.000110s ]
INFO: Run Behavior\ParseTemplateBehavior [ RunTime:0.011947s ]
INFO: [ view_parse ] --END-- [ RunTime:0.012005s ]
INFO: [ view_filter ] --START--
INFO: Run Behavior\WriteHtmlCacheBehavior [ RunTime:0.000039s ]
INFO: Run Behavior\TokenBuildBehavior [ RunTime:0.000033s ]
INFO: [ view_filter ] --END-- [ RunTime:0.000122s ]
INFO: [ app_end ] --START--
INFO: Run Behavior\ShowPageTraceBehavior [ RunTime:0.000030s ]
INFO: [ app_end ] --END-- [ RunTime:0.000067s ]

[ 2015-10-12T16:04:36+08:00 ] 127.0.0.1 /index.php/Brand/Employee/index.html
INFO: [ app_init ] --START--
INFO: Run Behavior\BuildLiteBehavior [ RunTime:0.000020s ]
INFO: [ app_init ] --END-- [ RunTime:0.000110s ]
INFO: [ app_begin ] --START--
INFO: Run Behavior\ReadHtmlCacheBehavior [ RunTime:0.000033s ]
INFO: [ app_begin ] --END-- [ RunTime:0.000077s ]
NOTIC: [8192] mysql_connect(): The mysql extension is deprecated and will be removed in the future: use mysqli or PDO instead /var/www/yoga/Framework/Library/Think/Db/Driver/Mysql.class.php 第 52 行.
NOTIC: [2] Invalid argument supplied for foreach() /var/www/yoga/Yoga/Service/McService.class.php 第 372 行.
NOTIC: [2] Invalid argument supplied for foreach() /var/www/yoga/Yoga/Service/ChannelService.class.php 第 136 行.
INFO: [ view_parse ] --START--
INFO: [ template_filter ] --START--
INFO: Run Behavior\ContentReplaceBehavior [ RunTime:0.000067s ]
INFO: [ template_filter ] --END-- [ RunTime:0.000122s ]
INFO: Run Behavior\ParseTemplateBehavior [ RunTime:0.027079s ]
INFO: [ view_parse ] --END-- [ RunTime:0.027152s ]
INFO: [ view_filter ] --START--
INFO: Run Behavior\WriteHtmlCacheBehavior [ RunTime:0.000060s ]
INFO: Run Behavior\TokenBuildBehavior [ RunTime:0.000039s ]
INFO: [ view_filter ] --END-- [ RunTime:0.000171s ]
INFO: [ app_end ] --START--
INFO: Run Behavior\ShowPageTraceBehavior [ RunTime:0.000031s ]
INFO: [ app_end ] --END-- [ RunTime:0.000068s ]

[ 2015-10-12T16:04:36+08:00 ] 127.0.0.1 /Brand/Employee/getEmployees
INFO: [ app_init ] --START--
INFO: Run Behavior\BuildLiteBehavior [ RunTime:0.000018s ]
INFO: [ app_init ] --END-- [ RunTime:0.000076s ]
INFO: [ app_begin ] --START--
INFO: Run Behavior\ReadHtmlCacheBehavior [ RunTime:0.000025s ]
INFO: [ app_begin ] --END-- [ RunTime:0.000057s ]
NOTIC: [8192] mysql_connect(): The mysql extension is deprecated and will be removed in the future: use mysqli or PDO instead /var/www/yoga/Framework/Library/Think/Db/Driver/Mysql.class.php 第 52 行.
NOTIC: [2] Invalid argument supplied for foreach() /var/www/yoga/Yoga/Service/McService.class.php 第 372 行.
NOTIC: [2] Invalid argument supplied for foreach() /var/www/yoga/Yoga/Service/ChannelService.class.php 第 136 行.
NOTIC: [8] Trying to get property of non-object /var/www/yoga/Yoga/Brand/Controller/EmployeeController.class.php 第 29 行.
NOTIC: [8] Undefined variable: tail /var/www/yoga/Yoga/Brand/Controller/EmployeeController.class.php 第 69 行.
NOTIC: [2] explode() expects parameter 2 to be string, array given /var/www/yoga/Framework/Library/Think/Model.class.php 第 1426 行.
ERR: 1103:Incorrect table name ''
 [ SQL语句 ] : SHOW COLUMNS FROM ``
NOTIC: [2] explode() expects parameter 2 to be string, array given /var/www/yoga/Framework/Library/Think/Model.class.php 第 1426 行.
ERR: 1103:Incorrect table name ''
 [ SQL语句 ] : SHOW COLUMNS FROM ``
NOTIC: [2] explode() expects parameter 2 to be string, array given /var/www/yoga/Framework/Library/Think/Model.class.php 第 1426 行.
ERR: 1103:Incorrect table name ''
 [ SQL语句 ] : SHOW COLUMNS FROM ``
NOTIC: [2] explode() expects parameter 2 to be string, array given /var/www/yoga/Framework/Library/Think/Model.class.php 第 1426 行.
ERR: 1103:Incorrect table name ''
 [ SQL语句 ] : SHOW COLUMNS FROM ``
NOTIC: [2] explode() expects parameter 2 to be string, array given /var/www/yoga/Framework/Library/Think/Model.class.php 第 1426 行.
ERR: 1103:Incorrect table name ''
 [ SQL语句 ] : SHOW COLUMNS FROM ``
NOTIC: [2] explode() expects parameter 2 to be string, array given /var/www/yoga/Framework/Library/Think/Model.class.php 第 1426 行.
ERR: 1103:Incorrect table name ''
 [ SQL语句 ] : SHOW COLUMNS FROM ``
NOTIC: [2] explode() expects parameter 2 to be string, array given /var/www/yoga/Framework/Library/Think/Model.class.php 第 1426 行.
ERR: 1103:Incorrect table name ''
 [ SQL语句 ] : SHOW COLUMNS FROM ``
NOTIC: [2] explode() expects parameter 2 to be string, array given /var/www/yoga/Framework/Library/Think/Model.class.php 第 1426 行.
ERR: 1103:Incorrect table name ''
 [ SQL语句 ] : SHOW COLUMNS FROM ``
NOTIC: [2] explode() expects parameter 2 to be string, array given /var/www/yoga/Framework/Library/Think/Model.class.php 第 1426 行.
ERR: 1103:Incorrect table name ''
 [ SQL语句 ] : SHOW COLUMNS FROM ``
NOTIC: [2] explode() expects parameter 2 to be string, array given /var/www/yoga/Framework/Library/Think/Model.class.php 第 1426 行.
ERR: 1103:Incorrect table name ''
 [ SQL语句 ] : SHOW COLUMNS FROM ``

[ 2015-10-12T16:04:37+08:00 ] 127.0.0.1 /Brand/Employee/showAdd
INFO: [ app_init ] --START--
INFO: Run Behavior\BuildLiteBehavior [ RunTime:0.000023s ]
INFO: [ app_init ] --END-- [ RunTime:0.000111s ]
INFO: [ app_begin ] --START--
INFO: Run Behavior\ReadHtmlCacheBehavior [ RunTime:0.000039s ]
INFO: [ app_begin ] --END-- [ RunTime:0.000088s ]
NOTIC: [8192] mysql_connect(): The mysql extension is deprecated and will be removed in the future: use mysqli or PDO instead /var/www/yoga/Framework/Library/Think/Db/Driver/Mysql.class.php 第 52 行.
NOTIC: [2] Invalid argument supplied for foreach() /var/www/yoga/Yoga/Service/McService.class.php 第 372 行.
NOTIC: [2] Invalid argument supplied for foreach() /var/www/yoga/Yoga/Service/ChannelService.class.php 第 136 行.
INFO: [ view_parse ] --START--
INFO: [ template_filter ] --START--
INFO: Run Behavior\ContentReplaceBehavior [ RunTime:0.000071s ]
INFO: [ template_filter ] --END-- [ RunTime:0.000138s ]
NOTIC: [8] Undefined variable: employee /var/www/yoga/Runtime/Cache/Brand/c71506a3855060e861a11df904dfba4a.php 第 351 行.
NOTIC: [8] Undefined variable: employee /var/www/yoga/Runtime/Cache/Brand/c71506a3855060e861a11df904dfba4a.php 第 356 行.
NOTIC: [8] Undefined variable: employee /var/www/yoga/Runtime/Cache/Brand/c71506a3855060e861a11df904dfba4a.php 第 356 行.
NOTIC: [8] Undefined variable: employee /var/www/yoga/Runtime/Cache/Brand/c71506a3855060e861a11df904dfba4a.php 第 356 行.
NOTIC: [8] Undefined variable: employee /var/www/yoga/Runtime/Cache/Brand/c71506a3855060e861a11df904dfba4a.php 第 356 行.
NOTIC: [8] Undefined variable: employee /var/www/yoga/Runtime/Cache/Brand/c71506a3855060e861a11df904dfba4a.php 第 356 行.
NOTIC: [8] Undefined variable: employee /var/www/yoga/Runtime/Cache/Brand/c71506a3855060e861a11df904dfba4a.php 第 356 行.
NOTIC: [8] Undefined variable: employee /var/www/yoga/Runtime/Cache/Brand/c71506a3855060e861a11df904dfba4a.php 第 356 行.
NOTIC: [8] Undefined variable: employee /var/www/yoga/Runtime/Cache/Brand/c71506a3855060e861a11df904dfba4a.php 第 356 行.
NOTIC: [8] Undefined variable: employee /var/www/yoga/Runtime/Cache/Brand/c71506a3855060e861a11df904dfba4a.php 第 356 行.
NOTIC: [8] Undefined variable: employee /var/www/yoga/Runtime/Cache/Brand/c71506a3855060e861a11df904dfba4a.php 第 356 行.
NOTIC: [8] Undefined variable: employee /var/www/yoga/Runtime/Cache/Brand/c71506a3855060e861a11df904dfba4a.php 第 363 行.
NOTIC: [8] Undefined variable: employee /var/www/yoga/Runtime/Cache/Brand/c71506a3855060e861a11df904dfba4a.php 第 367 行.
NOTIC: [8] Undefined variable: employee /var/www/yoga/Runtime/Cache/Brand/c71506a3855060e861a11df904dfba4a.php 第 374 行.
NOTIC: [8] Undefined variable: employee /var/www/yoga/Runtime/Cache/Brand/c71506a3855060e861a11df904dfba4a.php 第 396 行.
NOTIC: [8] Undefined variable: employee /var/www/yoga/Runtime/Cache/Brand/c71506a3855060e861a11df904dfba4a.php 第 396 行.
NOTIC: [8] Undefined variable: employee /var/www/yoga/Runtime/Cache/Brand/c71506a3855060e861a11df904dfba4a.php 第 396 行.
NOTIC: [8] Undefined variable: employee /var/www/yoga/Runtime/Cache/Brand/c71506a3855060e861a11df904dfba4a.php 第 396 行.
NOTIC: [8] Undefined variable: employee /var/www/yoga/Runtime/Cache/Brand/c71506a3855060e861a11df904dfba4a.php 第 396 行.
NOTIC: [8] Undefined variable: employee /var/www/yoga/Runtime/Cache/Brand/c71506a3855060e861a11df904dfba4a.php 第 396 行.
NOTIC: [8] Undefined variable: employee /var/www/yoga/Runtime/Cache/Brand/c71506a3855060e861a11df904dfba4a.php 第 396 行.
NOTIC: [8] Undefined variable: employee /var/www/yoga/Runtime/Cache/Brand/c71506a3855060e861a11df904dfba4a.php 第 396 行.
NOTIC: [8] Undefined variable: employee /var/www/yoga/Runtime/Cache/Brand/c71506a3855060e861a11df904dfba4a.php 第 396 行.
NOTIC: [8] Use of undefined constant female - assumed 'female' /var/www/yoga/Runtime/Cache/Brand/c71506a3855060e861a11df904dfba4a.php 第 404 行.
NOTIC: [8] Undefined variable: employee /var/www/yoga/Runtime/Cache/Brand/c71506a3855060e861a11df904dfba4a.php 第 404 行.
NOTIC: [8] Undefined variable: employee /var/www/yoga/Runtime/Cache/Brand/c71506a3855060e861a11df904dfba4a.php 第 412 行.
NOTIC: [8] Undefined variable: employee /var/www/yoga/Runtime/Cache/Brand/c71506a3855060e861a11df904dfba4a.php 第 423 行.
NOTIC: [8] Undefined variable: employee /var/www/yoga/Runtime/Cache/Brand/c71506a3855060e861a11df904dfba4a.php 第 427 行.
NOTIC: [8] Undefined variable: employee /var/www/yoga/Runtime/Cache/Brand/c71506a3855060e861a11df904dfba4a.php 第 431 行.
NOTIC: [8] Undefined variable: employee /var/www/yoga/Runtime/Cache/Brand/c71506a3855060e861a11df904dfba4a.php 第 439 行.
NOTIC: [8] Undefined variable: employee /var/www/yoga/Runtime/Cache/Brand/c71506a3855060e861a11df904dfba4a.php 第 444 行.
NOTIC: [8] Undefined variable: employee /var/www/yoga/Runtime/Cache/Brand/c71506a3855060e861a11df904dfba4a.php 第 448 行.
NOTIC: [8] Undefined variable: employee /var/www/yoga/Runtime/Cache/Brand/c71506a3855060e861a11df904dfba4a.php 第 453 行.
NOTIC: [8] Undefined variable: employee /var/www/yoga/Runtime/Cache/Brand/c71506a3855060e861a11df904dfba4a.php 第 462 行.
NOTIC: [8] Undefined variable: employee /var/www/yoga/Runtime/Cache/Brand/c71506a3855060e861a11df904dfba4a.php 第 466 行.
NOTIC: [8] Undefined variable: employee /var/www/yoga/Runtime/Cache/Brand/c71506a3855060e861a11df904dfba4a.php 第 471 行.
NOTIC: [8] Undefined variable: employee /var/www/yoga/Runtime/Cache/Brand/c71506a3855060e861a11df904dfba4a.php 第 472 行.
NOTIC: [8] Undefined variable: employee /var/www/yoga/Runtime/Cache/Brand/c71506a3855060e861a11df904dfba4a.php 第 473 行.
NOTIC: [8] Undefined variable: employee /var/www/yoga/Runtime/Cache/Brand/c71506a3855060e861a11df904dfba4a.php 第 474 行.
NOTIC: [8] Undefined variable: employee /var/www/yoga/Runtime/Cache/Brand/c71506a3855060e861a11df904dfba4a.php 第 475 行.
NOTIC: [8] Undefined variable: employee /var/www/yoga/Runtime/Cache/Brand/c71506a3855060e861a11df904dfba4a.php 第 480 行.
NOTIC: [8] Undefined variable: employee /var/www/yoga/Runtime/Cache/Brand/c71506a3855060e861a11df904dfba4a.php 第 488 行.
NOTIC: [8] Undefined variable: employee /var/www/yoga/Runtime/Cache/Brand/c71506a3855060e861a11df904dfba4a.php 第 496 行.
NOTIC: [8] Undefined variable: employee /var/www/yoga/Runtime/Cache/Brand/c71506a3855060e861a11df904dfba4a.php 第 497 行.
NOTIC: [8] Undefined variable: employee /var/www/yoga/Runtime/Cache/Brand/c71506a3855060e861a11df904dfba4a.php 第 498 行.
NOTIC: [8] Undefined variable: employee /var/www/yoga/Runtime/Cache/Brand/c71506a3855060e861a11df904dfba4a.php 第 499 行.
NOTIC: [8] Undefined variable: employee /var/www/yoga/Runtime/Cache/Brand/c71506a3855060e861a11df904dfba4a.php 第 504 行.
NOTIC: [8] Undefined variable: employee /var/www/yoga/Runtime/Cache/Brand/c71506a3855060e861a11df904dfba4a.php 第 508 行.
NOTIC: [8] Undefined variable: employee /var/www/yoga/Runtime/Cache/Brand/c71506a3855060e861a11df904dfba4a.php 第 517 行.
NOTIC: [8] Undefined variable: employee /var/www/yoga/Runtime/Cache/Brand/c71506a3855060e861a11df904dfba4a.php 第 517 行.
NOTIC: [8] Undefined variable: employee /var/www/yoga/Runtime/Cache/Brand/c71506a3855060e861a11df904dfba4a.php 第 527 行.
NOTIC: [8] Undefined variable: roles /var/www/yoga/Runtime/Cache/Brand/c71506a3855060e861a11df904dfba4a.php 第 536 行.
NOTIC: [2] in_array() expects parameter 2 to be array, null given /var/www/yoga/Runtime/Cache/Brand/c71506a3855060e861a11df904dfba4a.php 第 536 行.
NOTIC: [8] Undefined variable: roles /var/www/yoga/Runtime/Cache/Brand/c71506a3855060e861a11df904dfba4a.php 第 536 行.
NOTIC: [2] in_array() expects parameter 2 to be array, null given /var/www/yoga/Runtime/Cache/Brand/c71506a3855060e861a11df904dfba4a.php 第 536 行.
NOTIC: [8] Undefined variable: roles /var/www/yoga/Runtime/Cache/Brand/c71506a3855060e861a11df904dfba4a.php 第 536 行.
NOTIC: [2] in_array() expects parameter 2 to be array, null given /var/www/yoga/Runtime/Cache/Brand/c71506a3855060e861a11df904dfba4a.php 第 536 行.
NOTIC: [8] Undefined variable: roles /var/www/yoga/Runtime/Cache/Brand/c71506a3855060e861a11df904dfba4a.php 第 536 行.
NOTIC: [2] in_array() expects parameter 2 to be array, null given /var/www/yoga/Runtime/Cache/Brand/c71506a3855060e861a11df904dfba4a.php 第 536 行.
NOTIC: [8] Undefined variable: roles /var/www/yoga/Runtime/Cache/Brand/c71506a3855060e861a11df904dfba4a.php 第 536 行.
NOTIC: [2] in_array() expects parameter 2 to be array, null given /var/www/yoga/Runtime/Cache/Brand/c71506a3855060e861a11df904dfba4a.php 第 536 行.
NOTIC: [8] Undefined variable: roles /var/www/yoga/Runtime/Cache/Brand/c71506a3855060e861a11df904dfba4a.php 第 536 行.
NOTIC: [2] in_array() expects parameter 2 to be array, null given /var/www/yoga/Runtime/Cache/Brand/c71506a3855060e861a11df904dfba4a.php 第 536 行.
NOTIC: [8] Undefined variable: roles /var/www/yoga/Runtime/Cache/Brand/c71506a3855060e861a11df904dfba4a.php 第 536 行.
NOTIC: [2] in_array() expects parameter 2 to be array, null given /var/www/yoga/Runtime/Cache/Brand/c71506a3855060e861a11df904dfba4a.php 第 536 行.
NOTIC: [8] Undefined variable: roles /var/www/yoga/Runtime/Cache/Brand/c71506a3855060e861a11df904dfba4a.php 第 536 行.
NOTIC: [2] in_array() expects parameter 2 to be array, null given /var/www/yoga/Runtime/Cache/Brand/c71506a3855060e861a11df904dfba4a.php 第 536 行.
NOTIC: [8] Undefined variable: roles /var/www/yoga/Runtime/Cache/Brand/c71506a3855060e861a11df904dfba4a.php 第 536 行.
NOTIC: [2] in_array() expects parameter 2 to be array, null given /var/www/yoga/Runtime/Cache/Brand/c71506a3855060e861a11df904dfba4a.php 第 536 行.
NOTIC: [8] Undefined variable: roles /var/www/yoga/Runtime/Cache/Brand/c71506a3855060e861a11df904dfba4a.php 第 536 行.
NOTIC: [2] in_array() expects parameter 2 to be array, null given /var/www/yoga/Runtime/Cache/Brand/c71506a3855060e861a11df904dfba4a.php 第 536 行.
NOTIC: [8] Undefined variable: roles /var/www/yoga/Runtime/Cache/Brand/c71506a3855060e861a11df904dfba4a.php 第 536 行.
NOTIC: [2] in_array() expects parameter 2 to be array, null given /var/www/yoga/Runtime/Cache/Brand/c71506a3855060e861a11df904dfba4a.php 第 536 行.
NOTIC: [8] Undefined variable: financeroles /var/www/yoga/Runtime/Cache/Brand/c71506a3855060e861a11df904dfba4a.php 第 545 行.
NOTIC: [2] in_array() expects parameter 2 to be array, null given /var/www/yoga/Runtime/Cache/Brand/c71506a3855060e861a11df904dfba4a.php 第 545 行.
NOTIC: [8] Undefined variable: financeroles /var/www/yoga/Runtime/Cache/Brand/c71506a3855060e861a11df904dfba4a.php 第 545 行.
NOTIC: [2] in_array() expects parameter 2 to be array, null given /var/www/yoga/Runtime/Cache/Brand/c71506a3855060e861a11df904dfba4a.php 第 545 行.
NOTIC: [8] Undefined variable: financeroles /var/www/yoga/Runtime/Cache/Brand/c71506a3855060e861a11df904dfba4a.php 第 545 行.
NOTIC: [2] in_array() expects parameter 2 to be array, null given /var/www/yoga/Runtime/Cache/Brand/c71506a3855060e861a11df904dfba4a.php 第 545 行.
NOTIC: [8] Undefined variable: financeroles /var/www/yoga/Runtime/Cache/Brand/c71506a3855060e861a11df904dfba4a.php 第 545 行.
NOTIC: [2] in_array() expects parameter 2 to be array, null given /var/www/yoga/Runtime/Cache/Brand/c71506a3855060e861a11df904dfba4a.php 第 545 行.
NOTIC: [8] Undefined variable: financeroles /var/www/yoga/Runtime/Cache/Brand/c71506a3855060e861a11df904dfba4a.php 第 545 行.
NOTIC: [2] in_array() expects parameter 2 to be array, null given /var/www/yoga/Runtime/Cache/Brand/c71506a3855060e861a11df904dfba4a.php 第 545 行.
NOTIC: [8] Undefined variable: financeroles /var/www/yoga/Runtime/Cache/Brand/c71506a3855060e861a11df904dfba4a.php 第 545 行.
NOTIC: [2] in_array() expects parameter 2 to be array, null given /var/www/yoga/Runtime/Cache/Brand/c71506a3855060e861a11df904dfba4a.php 第 545 行.
NOTIC: [8] Undefined variable: financeroles /var/www/yoga/Runtime/Cache/Brand/c71506a3855060e861a11df904dfba4a.php 第 545 行.
NOTIC: [2] in_array() expects parameter 2 to be array, null given /var/www/yoga/Runtime/Cache/Brand/c71506a3855060e861a11df904dfba4a.php 第 545 行.
NOTIC: [8] Undefined variable: financeroles /var/www/yoga/Runtime/Cache/Brand/c71506a3855060e861a11df904dfba4a.php 第 545 行.
NOTIC: [2] in_array() expects parameter 2 to be array, null given /var/www/yoga/Runtime/Cache/Brand/c71506a3855060e861a11df904dfba4a.php 第 545 行.
NOTIC: [8] Undefined variable: financeroles /var/www/yoga/Runtime/Cache/Brand/c71506a3855060e861a11df904dfba4a.php 第 545 行.
NOTIC: [2] in_array() expects parameter 2 to be array, null given /var/www/yoga/Runtime/Cache/Brand/c71506a3855060e861a11df904dfba4a.php 第 545 行.
NOTIC: [8] Undefined variable: financeroles /var/www/yoga/Runtime/Cache/Brand/c71506a3855060e861a11df904dfba4a.php 第 545 行.
NOTIC: [2] in_array() expects parameter 2 to be array, null given /var/www/yoga/Runtime/Cache/Brand/c71506a3855060e861a11df904dfba4a.php 第 545 行.
INFO: Run Behavior\ParseTemplateBehavior [ RunTime:0.056725s ]
INFO: [ view_parse ] --END-- [ RunTime:0.056776s ]
INFO: [ view_filter ] --START--
INFO: Run Behavior\WriteHtmlCacheBehavior [ RunTime:0.000042s ]
INFO: Run Behavior\TokenBuildBehavior [ RunTime:0.000041s ]
INFO: [ view_filter ] --END-- [ RunTime:0.000142s ]
INFO: [ app_end ] --START--
INFO: Run Behavior\ShowPageTraceBehavior [ RunTime:0.000043s ]
INFO: [ app_end ] --END-- [ RunTime:0.000091s ]

[ 2015-10-12T16:04:39+08:00 ] 127.0.0.1 /Brand/Employee/getEmployees
INFO: [ app_init ] --START--
INFO: Run Behavior\BuildLiteBehavior [ RunTime:0.000021s ]
INFO: [ app_init ] --END-- [ RunTime:0.000116s ]
INFO: [ app_begin ] --START--
INFO: Run Behavior\ReadHtmlCacheBehavior [ RunTime:0.000044s ]
INFO: [ app_begin ] --END-- [ RunTime:0.000092s ]
NOTIC: [8192] mysql_connect(): The mysql extension is deprecated and will be removed in the future: use mysqli or PDO instead /var/www/yoga/Framework/Library/Think/Db/Driver/Mysql.class.php 第 52 行.
NOTIC: [2] Invalid argument supplied for foreach() /var/www/yoga/Yoga/Service/McService.class.php 第 372 行.
NOTIC: [2] Invalid argument supplied for foreach() /var/www/yoga/Yoga/Service/ChannelService.class.php 第 136 行.
NOTIC: [8] Trying to get property of non-object /var/www/yoga/Yoga/Brand/Controller/EmployeeController.class.php 第 29 行.
NOTIC: [8] Undefined variable: tail /var/www/yoga/Yoga/Brand/Controller/EmployeeController.class.php 第 69 行.
NOTIC: [2] explode() expects parameter 2 to be string, array given /var/www/yoga/Framework/Library/Think/Model.class.php 第 1426 行.
ERR: 1103:Incorrect table name ''
 [ SQL语句 ] : SHOW COLUMNS FROM ``
NOTIC: [2] explode() expects parameter 2 to be string, array given /var/www/yoga/Framework/Library/Think/Model.class.php 第 1426 行.
ERR: 1103:Incorrect table name ''
 [ SQL语句 ] : SHOW COLUMNS FROM ``
NOTIC: [2] explode() expects parameter 2 to be string, array given /var/www/yoga/Framework/Library/Think/Model.class.php 第 1426 行.
ERR: 1103:Incorrect table name ''
 [ SQL语句 ] : SHOW COLUMNS FROM ``
NOTIC: [2] explode() expects parameter 2 to be string, array given /var/www/yoga/Framework/Library/Think/Model.class.php 第 1426 行.
ERR: 1103:Incorrect table name ''
 [ SQL语句 ] : SHOW COLUMNS FROM ``
NOTIC: [2] explode() expects parameter 2 to be string, array given /var/www/yoga/Framework/Library/Think/Model.class.php 第 1426 行.
ERR: 1103:Incorrect table name ''
 [ SQL语句 ] : SHOW COLUMNS FROM ``
NOTIC: [2] explode() expects parameter 2 to be string, array given /var/www/yoga/Framework/Library/Think/Model.class.php 第 1426 行.
ERR: 1103:Incorrect table name ''
 [ SQL语句 ] : SHOW COLUMNS FROM ``
NOTIC: [2] explode() expects parameter 2 to be string, array given /var/www/yoga/Framework/Library/Think/Model.class.php 第 1426 行.
ERR: 1103:Incorrect table name ''
 [ SQL语句 ] : SHOW COLUMNS FROM ``
NOTIC: [2] explode() expects parameter 2 to be string, array given /var/www/yoga/Framework/Library/Think/Model.class.php 第 1426 行.
ERR: 1103:Incorrect table name ''
 [ SQL语句 ] : SHOW COLUMNS FROM ``
NOTIC: [2] explode() expects parameter 2 to be string, array given /var/www/yoga/Framework/Library/Think/Model.class.php 第 1426 行.
ERR: 1103:Incorrect table name ''
 [ SQL语句 ] : SHOW COLUMNS FROM ``
NOTIC: [2] explode() expects parameter 2 to be string, array given /var/www/yoga/Framework/Library/Think/Model.class.php 第 1426 行.
ERR: 1103:Incorrect table name ''
 [ SQL语句 ] : SHOW COLUMNS FROM ``

[ 2015-10-12T16:04:44+08:00 ] 127.0.0.1 /Brand/Employee/showEdit/id/2320
INFO: [ app_init ] --START--
INFO: Run Behavior\BuildLiteBehavior [ RunTime:0.000022s ]
INFO: [ app_init ] --END-- [ RunTime:0.000130s ]
INFO: [ app_begin ] --START--
INFO: Run Behavior\ReadHtmlCacheBehavior [ RunTime:0.000046s ]
INFO: [ app_begin ] --END-- [ RunTime:0.000102s ]
NOTIC: [8192] mysql_connect(): The mysql extension is deprecated and will be removed in the future: use mysqli or PDO instead /var/www/yoga/Framework/Library/Think/Db/Driver/Mysql.class.php 第 52 行.
NOTIC: [2] Invalid argument supplied for foreach() /var/www/yoga/Yoga/Service/McService.class.php 第 372 行.
NOTIC: [2] Invalid argument supplied for foreach() /var/www/yoga/Yoga/Service/ChannelService.class.php 第 136 行.
INFO: [ view_parse ] --START--
INFO: [ template_filter ] --START--
INFO: Run Behavior\ContentReplaceBehavior [ RunTime:0.000069s ]
INFO: [ template_filter ] --END-- [ RunTime:0.000120s ]
NOTIC: [8] Use of undefined constant female - assumed 'female' /var/www/yoga/Runtime/Cache/Brand/c71506a3855060e861a11df904dfba4a.php 第 404 行.
INFO: Run Behavior\ParseTemplateBehavior [ RunTime:0.017713s ]
INFO: [ view_parse ] --END-- [ RunTime:0.017763s ]
INFO: [ view_filter ] --START--
INFO: Run Behavior\WriteHtmlCacheBehavior [ RunTime:0.000038s ]
INFO: Run Behavior\TokenBuildBehavior [ RunTime:0.000031s ]
INFO: [ view_filter ] --END-- [ RunTime:0.000118s ]
INFO: [ app_end ] --START--
INFO: Run Behavior\ShowPageTraceBehavior [ RunTime:0.000039s ]
INFO: [ app_end ] --END-- [ RunTime:0.000085s ]

[ 2015-10-12T16:04:57+08:00 ] 127.0.0.1 /index.php/Brand/Employee/edit.html
INFO: [ app_init ] --START--
INFO: Run Behavior\BuildLiteBehavior [ RunTime:0.000022s ]
INFO: [ app_init ] --END-- [ RunTime:0.000103s ]
INFO: [ app_begin ] --START--
INFO: Run Behavior\ReadHtmlCacheBehavior [ RunTime:0.000103s ]
INFO: [ app_begin ] --END-- [ RunTime:0.000228s ]
NOTIC: [8192] mysql_connect(): The mysql extension is deprecated and will be removed in the future: use mysqli or PDO instead /var/www/yoga/Framework/Library/Think/Db/Driver/Mysql.class.php 第 52 行.
NOTIC: [2] Invalid argument supplied for foreach() /var/www/yoga/Yoga/Service/McService.class.php 第 372 行.
NOTIC: [2] Invalid argument supplied for foreach() /var/www/yoga/Yoga/Service/ChannelService.class.php 第 136 行.
INFO: [ view_parse ] --START--
INFO: [ template_filter ] --START--
INFO: Run Behavior\ContentReplaceBehavior [ RunTime:0.000025s ]
INFO: [ template_filter ] --END-- [ RunTime:0.000074s ]
INFO: Run Behavior\ParseTemplateBehavior [ RunTime:0.013026s ]
INFO: [ view_parse ] --END-- [ RunTime:0.013075s ]
INFO: [ view_filter ] --START--
INFO: Run Behavior\WriteHtmlCacheBehavior [ RunTime:0.000032s ]
INFO: Run Behavior\TokenBuildBehavior [ RunTime:0.000024s ]
INFO: [ view_filter ] --END-- [ RunTime:0.000120s ]
INFO: [ app_end ] --START--
INFO: Run Behavior\ShowPageTraceBehavior [ RunTime:0.000025s ]
INFO: [ app_end ] --END-- [ RunTime:0.000055s ]

[ 2015-10-12T16:04:58+08:00 ] 127.0.0.1 /index.php/Brand/Employee/index.html
INFO: [ app_init ] --START--
INFO: Run Behavior\BuildLiteBehavior [ RunTime:0.000046s ]
INFO: [ app_init ] --END-- [ RunTime:0.000221s ]
INFO: [ app_begin ] --START--
INFO: Run Behavior\ReadHtmlCacheBehavior [ RunTime:0.000051s ]
INFO: [ app_begin ] --END-- [ RunTime:0.000108s ]
NOTIC: [8192] mysql_connect(): The mysql extension is deprecated and will be removed in the future: use mysqli or PDO instead /var/www/yoga/Framework/Library/Think/Db/Driver/Mysql.class.php 第 52 行.
NOTIC: [2] Invalid argument supplied for foreach() /var/www/yoga/Yoga/Service/McService.class.php 第 372 行.
NOTIC: [2] Invalid argument supplied for foreach() /var/www/yoga/Yoga/Service/ChannelService.class.php 第 136 行.
INFO: [ view_parse ] --START--
INFO: [ template_filter ] --START--
INFO: Run Behavior\ContentReplaceBehavior [ RunTime:0.000074s ]
INFO: [ template_filter ] --END-- [ RunTime:0.000132s ]
INFO: Run Behavior\ParseTemplateBehavior [ RunTime:0.012008s ]
INFO: [ view_parse ] --END-- [ RunTime:0.012070s ]
INFO: [ view_filter ] --START--
INFO: Run Behavior\WriteHtmlCacheBehavior [ RunTime:0.000039s ]
INFO: Run Behavior\TokenBuildBehavior [ RunTime:0.000032s ]
INFO: [ view_filter ] --END-- [ RunTime:0.000120s ]
INFO: [ app_end ] --START--
INFO: Run Behavior\ShowPageTraceBehavior [ RunTime:0.000032s ]
INFO: [ app_end ] --END-- [ RunTime:0.000067s ]

[ 2015-10-12T16:04:59+08:00 ] 127.0.0.1 /Brand/Employee/getEmployees
INFO: [ app_init ] --START--
INFO: Run Behavior\BuildLiteBehavior [ RunTime:0.000213s ]
INFO: [ app_init ] --END-- [ RunTime:0.001117s ]
INFO: [ app_begin ] --START--
INFO: Run Behavior\ReadHtmlCacheBehavior [ RunTime:0.000048s ]
INFO: [ app_begin ] --END-- [ RunTime:0.000109s ]
NOTIC: [8192] mysql_connect(): The mysql extension is deprecated and will be removed in the future: use mysqli or PDO instead /var/www/yoga/Framework/Library/Think/Db/Driver/Mysql.class.php 第 52 行.
NOTIC: [2] Invalid argument supplied for foreach() /var/www/yoga/Yoga/Service/McService.class.php 第 372 行.
NOTIC: [2] Invalid argument supplied for foreach() /var/www/yoga/Yoga/Service/ChannelService.class.php 第 136 行.
NOTIC: [8] Trying to get property of non-object /var/www/yoga/Yoga/Brand/Controller/EmployeeController.class.php 第 29 行.
NOTIC: [8] Undefined variable: tail /var/www/yoga/Yoga/Brand/Controller/EmployeeController.class.php 第 69 行.
NOTIC: [2] explode() expects parameter 2 to be string, array given /var/www/yoga/Framework/Library/Think/Model.class.php 第 1426 行.
ERR: 1103:Incorrect table name ''
 [ SQL语句 ] : SHOW COLUMNS FROM ``
NOTIC: [2] explode() expects parameter 2 to be string, array given /var/www/yoga/Framework/Library/Think/Model.class.php 第 1426 行.
ERR: 1103:Incorrect table name ''
 [ SQL语句 ] : SHOW COLUMNS FROM ``
NOTIC: [2] explode() expects parameter 2 to be string, array given /var/www/yoga/Framework/Library/Think/Model.class.php 第 1426 行.
ERR: 1103:Incorrect table name ''
 [ SQL语句 ] : SHOW COLUMNS FROM ``
NOTIC: [2] explode() expects parameter 2 to be string, array given /var/www/yoga/Framework/Library/Think/Model.class.php 第 1426 行.
ERR: 1103:Incorrect table name ''
 [ SQL语句 ] : SHOW COLUMNS FROM ``
NOTIC: [2] explode() expects parameter 2 to be string, array given /var/www/yoga/Framework/Library/Think/Model.class.php 第 1426 行.
ERR: 1103:Incorrect table name ''
 [ SQL语句 ] : SHOW COLUMNS FROM ``
NOTIC: [2] explode() expects parameter 2 to be string, array given /var/www/yoga/Framework/Library/Think/Model.class.php 第 1426 行.
ERR: 1103:Incorrect table name ''
 [ SQL语句 ] : SHOW COLUMNS FROM ``
NOTIC: [2] explode() expects parameter 2 to be string, array given /var/www/yoga/Framework/Library/Think/Model.class.php 第 1426 行.
ERR: 1103:Incorrect table name ''
 [ SQL语句 ] : SHOW COLUMNS FROM ``
NOTIC: [2] explode() expects parameter 2 to be string, array given /var/www/yoga/Framework/Library/Think/Model.class.php 第 1426 行.
ERR: 1103:Incorrect table name ''
 [ SQL语句 ] : SHOW COLUMNS FROM ``
NOTIC: [2] explode() expects parameter 2 to be string, array given /var/www/yoga/Framework/Library/Think/Model.class.php 第 1426 行.
ERR: 1103:Incorrect table name ''
 [ SQL语句 ] : SHOW COLUMNS FROM ``
NOTIC: [2] explode() expects parameter 2 to be string, array given /var/www/yoga/Framework/Library/Think/Model.class.php 第 1426 行.
ERR: 1103:Incorrect table name ''
 [ SQL语句 ] : SHOW COLUMNS FROM ``

