[ 2015-10-20T11:56:04+08:00 ] 127.0.0.1 /index.php/Brand/Employee/index.html
INFO: [ app_init ] --START--
INFO: Run Behavior\BuildLiteBehavior [ RunTime:0.000024s ]
INFO: [ app_init ] --END-- [ RunTime:0.000103s ]
INFO: [ app_begin ] --START--
INFO: Run Behavior\ReadHtmlCacheBehavior [ RunTime:0.000047s ]
INFO: [ app_begin ] --END-- [ RunTime:0.000107s ]
NOTIC: [8192] mysql_connect(): The mysql extension is deprecated and will be removed in the future: use mysqli or PDO instead /var/www/yoga/Framework/Library/Think/Db/Driver/Mysql.class.php 第 52 行.
NOTIC: [2] Invalid argument supplied for foreach() /var/www/yoga/Yoga/Service/McService.class.php 第 372 行.
NOTIC: [2] Invalid argument supplied for foreach() /var/www/yoga/Yoga/Service/ChannelService.class.php 第 136 行.
INFO: [ view_parse ] --START--
INFO: [ template_filter ] --START--
INFO: Run Behavior\ContentReplaceBehavior [ RunTime:0.000176s ]
INFO: [ template_filter ] --END-- [ RunTime:0.000305s ]
INFO: Run Behavior\ParseTemplateBehavior [ RunTime:0.019212s ]
INFO: [ view_parse ] --END-- [ RunTime:0.019286s ]
INFO: [ view_filter ] --START--
INFO: Run Behavior\WriteHtmlCacheBehavior [ RunTime:0.000040s ]
INFO: Run Behavior\TokenBuildBehavior [ RunTime:0.000036s ]
INFO: [ view_filter ] --END-- [ RunTime:0.000127s ]
INFO: [ app_end ] --START--
INFO: Run Behavior\ShowPageTraceBehavior [ RunTime:0.000038s ]
INFO: [ app_end ] --END-- [ RunTime:0.000073s ]

[ 2015-10-20T11:56:04+08:00 ] 127.0.0.1 /Brand/Employee/getEmployees
INFO: [ app_init ] --START--
INFO: Run Behavior\BuildLiteBehavior [ RunTime:0.000017s ]
INFO: [ app_init ] --END-- [ RunTime:0.000077s ]
INFO: [ app_begin ] --START--
INFO: Run Behavior\ReadHtmlCacheBehavior [ RunTime:0.000025s ]
INFO: [ app_begin ] --END-- [ RunTime:0.000057s ]
NOTIC: [8192] mysql_connect(): The mysql extension is deprecated and will be removed in the future: use mysqli or PDO instead /var/www/yoga/Framework/Library/Think/Db/Driver/Mysql.class.php 第 52 行.
NOTIC: [2] Invalid argument supplied for foreach() /var/www/yoga/Yoga/Service/McService.class.php 第 372 行.
NOTIC: [2] Invalid argument supplied for foreach() /var/www/yoga/Yoga/Service/ChannelService.class.php 第 136 行.
NOTIC: [8] Trying to get property of non-object /var/www/yoga/Yoga/Brand/Controller/EmployeeController.class.php 第 29 行.
NOTIC: [8] Undefined variable: tail /var/www/yoga/Yoga/Brand/Controller/EmployeeController.class.php 第 69 行.
NOTIC: [2] explode() expects parameter 2 to be string, array given /var/www/yoga/Framework/Library/Think/Model.class.php 第 1426 行.
ERR: 1103:Incorrect table name ''
 [ SQL语句 ] : SHOW COLUMNS FROM ``
NOTIC: [2] explode() expects parameter 2 to be string, array given /var/www/yoga/Framework/Library/Think/Model.class.php 第 1426 行.
ERR: 1103:Incorrect table name ''
 [ SQL语句 ] : SHOW COLUMNS FROM ``
NOTIC: [2] explode() expects parameter 2 to be string, array given /var/www/yoga/Framework/Library/Think/Model.class.php 第 1426 行.
ERR: 1103:Incorrect table name ''
 [ SQL语句 ] : SHOW COLUMNS FROM ``
NOTIC: [2] explode() expects parameter 2 to be string, array given /var/www/yoga/Framework/Library/Think/Model.class.php 第 1426 行.
ERR: 1103:Incorrect table name ''
 [ SQL语句 ] : SHOW COLUMNS FROM ``
NOTIC: [2] explode() expects parameter 2 to be string, array given /var/www/yoga/Framework/Library/Think/Model.class.php 第 1426 行.
ERR: 1103:Incorrect table name ''
 [ SQL语句 ] : SHOW COLUMNS FROM ``
NOTIC: [2] explode() expects parameter 2 to be string, array given /var/www/yoga/Framework/Library/Think/Model.class.php 第 1426 行.
ERR: 1103:Incorrect table name ''
 [ SQL语句 ] : SHOW COLUMNS FROM ``
NOTIC: [2] explode() expects parameter 2 to be string, array given /var/www/yoga/Framework/Library/Think/Model.class.php 第 1426 行.
ERR: 1103:Incorrect table name ''
 [ SQL语句 ] : SHOW COLUMNS FROM ``
NOTIC: [2] explode() expects parameter 2 to be string, array given /var/www/yoga/Framework/Library/Think/Model.class.php 第 1426 行.
ERR: 1103:Incorrect table name ''
 [ SQL语句 ] : SHOW COLUMNS FROM ``
NOTIC: [2] explode() expects parameter 2 to be string, array given /var/www/yoga/Framework/Library/Think/Model.class.php 第 1426 行.
ERR: 1103:Incorrect table name ''
 [ SQL语句 ] : SHOW COLUMNS FROM ``
NOTIC: [2] explode() expects parameter 2 to be string, array given /var/www/yoga/Framework/Library/Think/Model.class.php 第 1426 行.
ERR: 1103:Incorrect table name ''
 [ SQL语句 ] : SHOW COLUMNS FROM ``

[ 2015-10-20T11:56:08+08:00 ] 127.0.0.1 /Brand/Employee/getEmployees
INFO: [ app_init ] --START--
INFO: Run Behavior\BuildLiteBehavior [ RunTime:0.000018s ]
INFO: [ app_init ] --END-- [ RunTime:0.000082s ]
INFO: [ app_begin ] --START--
INFO: Run Behavior\ReadHtmlCacheBehavior [ RunTime:0.000028s ]
INFO: [ app_begin ] --END-- [ RunTime:0.000060s ]
NOTIC: [8192] mysql_connect(): The mysql extension is deprecated and will be removed in the future: use mysqli or PDO instead /var/www/yoga/Framework/Library/Think/Db/Driver/Mysql.class.php 第 52 行.
NOTIC: [2] Invalid argument supplied for foreach() /var/www/yoga/Yoga/Service/McService.class.php 第 372 行.
NOTIC: [2] Invalid argument supplied for foreach() /var/www/yoga/Yoga/Service/ChannelService.class.php 第 136 行.
NOTIC: [8] Undefined variable: tail /var/www/yoga/Yoga/Brand/Controller/EmployeeController.class.php 第 69 行.
NOTIC: [2] explode() expects parameter 2 to be string, array given /var/www/yoga/Framework/Library/Think/Model.class.php 第 1426 行.
ERR: 1103:Incorrect table name ''
 [ SQL语句 ] : SHOW COLUMNS FROM ``
NOTIC: [2] explode() expects parameter 2 to be string, array given /var/www/yoga/Framework/Library/Think/Model.class.php 第 1426 行.
ERR: 1103:Incorrect table name ''
 [ SQL语句 ] : SHOW COLUMNS FROM ``
NOTIC: [2] explode() expects parameter 2 to be string, array given /var/www/yoga/Framework/Library/Think/Model.class.php 第 1426 行.
ERR: 1103:Incorrect table name ''
 [ SQL语句 ] : SHOW COLUMNS FROM ``
NOTIC: [2] explode() expects parameter 2 to be string, array given /var/www/yoga/Framework/Library/Think/Model.class.php 第 1426 行.
ERR: 1103:Incorrect table name ''
 [ SQL语句 ] : SHOW COLUMNS FROM ``
NOTIC: [2] explode() expects parameter 2 to be string, array given /var/www/yoga/Framework/Library/Think/Model.class.php 第 1426 行.
ERR: 1103:Incorrect table name ''
 [ SQL语句 ] : SHOW COLUMNS FROM ``
NOTIC: [2] explode() expects parameter 2 to be string, array given /var/www/yoga/Framework/Library/Think/Model.class.php 第 1426 行.
ERR: 1103:Incorrect table name ''
 [ SQL语句 ] : SHOW COLUMNS FROM ``

[ 2015-10-20T11:56:12+08:00 ] 127.0.0.1 /Brand/Employee/showEdit/id/2172
INFO: [ app_init ] --START--
INFO: Run Behavior\BuildLiteBehavior [ RunTime:0.000044s ]
INFO: [ app_init ] --END-- [ RunTime:0.000196s ]
INFO: [ app_begin ] --START--
INFO: Run Behavior\ReadHtmlCacheBehavior [ RunTime:0.000118s ]
INFO: [ app_begin ] --END-- [ RunTime:0.000259s ]
NOTIC: [8192] mysql_connect(): The mysql extension is deprecated and will be removed in the future: use mysqli or PDO instead /var/www/yoga/Framework/Library/Think/Db/Driver/Mysql.class.php 第 52 行.
NOTIC: [2] Invalid argument supplied for foreach() /var/www/yoga/Yoga/Service/McService.class.php 第 372 行.
NOTIC: [2] Invalid argument supplied for foreach() /var/www/yoga/Yoga/Service/ChannelService.class.php 第 136 行.
NOTIC: [2] Invalid argument supplied for foreach() /var/www/yoga/Yoga/Brand/Controller/EmployeeController.class.php 第 312 行.
NOTIC: [8] Undefined variable: financeroles /var/www/yoga/Yoga/Brand/Controller/EmployeeController.class.php 第 315 行.
INFO: [ view_parse ] --START--
INFO: [ template_filter ] --START--
INFO: Run Behavior\ContentReplaceBehavior [ RunTime:0.000071s ]
INFO: [ template_filter ] --END-- [ RunTime:0.000121s ]
NOTIC: [8] Use of undefined constant female - assumed 'female' /var/www/yoga/Runtime/Cache/Brand/c71506a3855060e861a11df904dfba4a.php 第 404 行.
NOTIC: [2] in_array() expects parameter 2 to be array, null given /var/www/yoga/Runtime/Cache/Brand/c71506a3855060e861a11df904dfba4a.php 第 545 行.
NOTIC: [2] in_array() expects parameter 2 to be array, null given /var/www/yoga/Runtime/Cache/Brand/c71506a3855060e861a11df904dfba4a.php 第 545 行.
NOTIC: [2] in_array() expects parameter 2 to be array, null given /var/www/yoga/Runtime/Cache/Brand/c71506a3855060e861a11df904dfba4a.php 第 545 行.
NOTIC: [2] in_array() expects parameter 2 to be array, null given /var/www/yoga/Runtime/Cache/Brand/c71506a3855060e861a11df904dfba4a.php 第 545 行.
NOTIC: [2] in_array() expects parameter 2 to be array, null given /var/www/yoga/Runtime/Cache/Brand/c71506a3855060e861a11df904dfba4a.php 第 545 行.
NOTIC: [2] in_array() expects parameter 2 to be array, null given /var/www/yoga/Runtime/Cache/Brand/c71506a3855060e861a11df904dfba4a.php 第 545 行.
NOTIC: [2] in_array() expects parameter 2 to be array, null given /var/www/yoga/Runtime/Cache/Brand/c71506a3855060e861a11df904dfba4a.php 第 545 行.
NOTIC: [2] in_array() expects parameter 2 to be array, null given /var/www/yoga/Runtime/Cache/Brand/c71506a3855060e861a11df904dfba4a.php 第 545 行.
NOTIC: [2] in_array() expects parameter 2 to be array, null given /var/www/yoga/Runtime/Cache/Brand/c71506a3855060e861a11df904dfba4a.php 第 545 行.
NOTIC: [2] in_array() expects parameter 2 to be array, null given /var/www/yoga/Runtime/Cache/Brand/c71506a3855060e861a11df904dfba4a.php 第 545 行.
NOTIC: [8] Undefined index: can_grant /var/www/yoga/Runtime/Cache/Brand/c71506a3855060e861a11df904dfba4a.php 第 556 行.
INFO: Run Behavior\ParseTemplateBehavior [ RunTime:0.052546s ]
INFO: [ view_parse ] --END-- [ RunTime:0.052585s ]
INFO: [ view_filter ] --START--
INFO: Run Behavior\WriteHtmlCacheBehavior [ RunTime:0.000033s ]
INFO: Run Behavior\TokenBuildBehavior [ RunTime:0.000030s ]
INFO: [ view_filter ] --END-- [ RunTime:0.000112s ]
INFO: [ app_end ] --START--
INFO: Run Behavior\ShowPageTraceBehavior [ RunTime:0.000030s ]
INFO: [ app_end ] --END-- [ RunTime:0.000066s ]

[ 2015-10-20T11:56:21+08:00 ] 127.0.0.1 /index.php/Brand/Employee/edit.html
INFO: [ app_init ] --START--
INFO: Run Behavior\BuildLiteBehavior [ RunTime:0.000020s ]
INFO: [ app_init ] --END-- [ RunTime:0.000095s ]
INFO: [ app_begin ] --START--
INFO: Run Behavior\ReadHtmlCacheBehavior [ RunTime:0.000051s ]
INFO: [ app_begin ] --END-- [ RunTime:0.000118s ]
NOTIC: [8192] mysql_connect(): The mysql extension is deprecated and will be removed in the future: use mysqli or PDO instead /var/www/yoga/Framework/Library/Think/Db/Driver/Mysql.class.php 第 52 行.
NOTIC: [2] Invalid argument supplied for foreach() /var/www/yoga/Yoga/Service/McService.class.php 第 372 行.
NOTIC: [2] Invalid argument supplied for foreach() /var/www/yoga/Yoga/Service/ChannelService.class.php 第 136 行.
ERR: 非法数据对象！:[can_grant=>]

[ 2015-10-20T11:56:38+08:00 ] 127.0.0.1 /index.php/Brand/Employee/edit.html
INFO: [ app_init ] --START--
INFO: Run Behavior\BuildLiteBehavior [ RunTime:0.000044s ]
INFO: [ app_init ] --END-- [ RunTime:0.000274s ]
INFO: [ app_begin ] --START--
INFO: Run Behavior\ReadHtmlCacheBehavior [ RunTime:0.000058s ]
INFO: [ app_begin ] --END-- [ RunTime:0.000133s ]
NOTIC: [8192] mysql_connect(): The mysql extension is deprecated and will be removed in the future: use mysqli or PDO instead /var/www/yoga/Framework/Library/Think/Db/Driver/Mysql.class.php 第 52 行.
NOTIC: [2] Invalid argument supplied for foreach() /var/www/yoga/Yoga/Service/McService.class.php 第 372 行.
NOTIC: [2] Invalid argument supplied for foreach() /var/www/yoga/Yoga/Service/ChannelService.class.php 第 136 行.
ERR: 非法数据对象！:[can_grant=>]

[ 2015-10-20T11:58:17+08:00 ] 127.0.0.1 /index.php/Brand/Employee/edit.html
INFO: [ app_init ] --START--
INFO: Run Behavior\BuildLiteBehavior [ RunTime:0.000031s ]
INFO: [ app_init ] --END-- [ RunTime:0.000160s ]
INFO: [ app_begin ] --START--
INFO: Run Behavior\ReadHtmlCacheBehavior [ RunTime:0.000052s ]
INFO: [ app_begin ] --END-- [ RunTime:0.000113s ]
NOTIC: [8192] mysql_connect(): The mysql extension is deprecated and will be removed in the future: use mysqli or PDO instead /var/www/yoga/Framework/Library/Think/Db/Driver/Mysql.class.php 第 52 行.
NOTIC: [2] Invalid argument supplied for foreach() /var/www/yoga/Yoga/Service/McService.class.php 第 372 行.
NOTIC: [2] Invalid argument supplied for foreach() /var/www/yoga/Yoga/Service/ChannelService.class.php 第 136 行.
ERR: 非法数据对象！:[can_grant=>0]

[ 2015-10-20T11:59:14+08:00 ] 127.0.0.1 /index.php/Brand/Employee/edit.html
INFO: [ app_init ] --START--
INFO: Run Behavior\BuildLiteBehavior [ RunTime:0.000023s ]
INFO: [ app_init ] --END-- [ RunTime:0.000143s ]
INFO: [ app_begin ] --START--
INFO: Run Behavior\ReadHtmlCacheBehavior [ RunTime:0.000101s ]
INFO: [ app_begin ] --END-- [ RunTime:0.000224s ]
NOTIC: [8192] mysql_connect(): The mysql extension is deprecated and will be removed in the future: use mysqli or PDO instead /var/www/yoga/Framework/Library/Think/Db/Driver/Mysql.class.php 第 52 行.
NOTIC: [2] Invalid argument supplied for foreach() /var/www/yoga/Yoga/Service/McService.class.php 第 372 行.
NOTIC: [2] Invalid argument supplied for foreach() /var/www/yoga/Yoga/Service/ChannelService.class.php 第 136 行.
INFO: [ view_parse ] --START--
INFO: [ template_filter ] --START--
INFO: Run Behavior\ContentReplaceBehavior [ RunTime:0.000027s ]
INFO: [ template_filter ] --END-- [ RunTime:0.000074s ]
INFO: Run Behavior\ParseTemplateBehavior [ RunTime:0.012891s ]
INFO: [ view_parse ] --END-- [ RunTime:0.012948s ]
INFO: [ view_filter ] --START--
INFO: Run Behavior\WriteHtmlCacheBehavior [ RunTime:0.000030s ]
INFO: Run Behavior\TokenBuildBehavior [ RunTime:0.000028s ]
INFO: [ view_filter ] --END-- [ RunTime:0.000107s ]
INFO: [ app_end ] --START--
INFO: Run Behavior\ShowPageTraceBehavior [ RunTime:0.000036s ]
INFO: [ app_end ] --END-- [ RunTime:0.000070s ]

[ 2015-10-20T11:59:15+08:00 ] 127.0.0.1 /index.php/Brand/Employee/index.html
INFO: [ app_init ] --START--
INFO: Run Behavior\BuildLiteBehavior [ RunTime:0.000072s ]
INFO: [ app_init ] --END-- [ RunTime:0.000281s ]
INFO: [ app_begin ] --START--
INFO: Run Behavior\ReadHtmlCacheBehavior [ RunTime:0.000113s ]
INFO: [ app_begin ] --END-- [ RunTime:0.000235s ]
NOTIC: [8192] mysql_connect(): The mysql extension is deprecated and will be removed in the future: use mysqli or PDO instead /var/www/yoga/Framework/Library/Think/Db/Driver/Mysql.class.php 第 52 行.
NOTIC: [2] Invalid argument supplied for foreach() /var/www/yoga/Yoga/Service/McService.class.php 第 372 行.
NOTIC: [2] Invalid argument supplied for foreach() /var/www/yoga/Yoga/Service/ChannelService.class.php 第 136 行.
INFO: [ view_parse ] --START--
INFO: [ template_filter ] --START--
INFO: Run Behavior\ContentReplaceBehavior [ RunTime:0.000071s ]
INFO: [ template_filter ] --END-- [ RunTime:0.000126s ]
INFO: Run Behavior\ParseTemplateBehavior [ RunTime:0.011570s ]
INFO: [ view_parse ] --END-- [ RunTime:0.011635s ]
INFO: [ view_filter ] --START--
INFO: Run Behavior\WriteHtmlCacheBehavior [ RunTime:0.000044s ]
INFO: Run Behavior\TokenBuildBehavior [ RunTime:0.000036s ]
INFO: [ view_filter ] --END-- [ RunTime:0.000134s ]
INFO: [ app_end ] --START--
INFO: Run Behavior\ShowPageTraceBehavior [ RunTime:0.000032s ]
INFO: [ app_end ] --END-- [ RunTime:0.000070s ]

[ 2015-10-20T11:59:15+08:00 ] 127.0.0.1 /Brand/Employee/getEmployees
INFO: [ app_init ] --START--
INFO: Run Behavior\BuildLiteBehavior [ RunTime:0.000019s ]
INFO: [ app_init ] --END-- [ RunTime:0.000080s ]
INFO: [ app_begin ] --START--
INFO: Run Behavior\ReadHtmlCacheBehavior [ RunTime:0.000028s ]
INFO: [ app_begin ] --END-- [ RunTime:0.000062s ]
NOTIC: [8192] mysql_connect(): The mysql extension is deprecated and will be removed in the future: use mysqli or PDO instead /var/www/yoga/Framework/Library/Think/Db/Driver/Mysql.class.php 第 52 行.
NOTIC: [2] Invalid argument supplied for foreach() /var/www/yoga/Yoga/Service/McService.class.php 第 372 行.
NOTIC: [2] Invalid argument supplied for foreach() /var/www/yoga/Yoga/Service/ChannelService.class.php 第 136 行.
NOTIC: [8] Trying to get property of non-object /var/www/yoga/Yoga/Brand/Controller/EmployeeController.class.php 第 29 行.
NOTIC: [8] Undefined variable: tail /var/www/yoga/Yoga/Brand/Controller/EmployeeController.class.php 第 69 行.
NOTIC: [2] explode() expects parameter 2 to be string, array given /var/www/yoga/Framework/Library/Think/Model.class.php 第 1426 行.
ERR: 1103:Incorrect table name ''
 [ SQL语句 ] : SHOW COLUMNS FROM ``
NOTIC: [2] explode() expects parameter 2 to be string, array given /var/www/yoga/Framework/Library/Think/Model.class.php 第 1426 行.
ERR: 1103:Incorrect table name ''
 [ SQL语句 ] : SHOW COLUMNS FROM ``
NOTIC: [2] explode() expects parameter 2 to be string, array given /var/www/yoga/Framework/Library/Think/Model.class.php 第 1426 行.
ERR: 1103:Incorrect table name ''
 [ SQL语句 ] : SHOW COLUMNS FROM ``
NOTIC: [2] explode() expects parameter 2 to be string, array given /var/www/yoga/Framework/Library/Think/Model.class.php 第 1426 行.
ERR: 1103:Incorrect table name ''
 [ SQL语句 ] : SHOW COLUMNS FROM ``
NOTIC: [2] explode() expects parameter 2 to be string, array given /var/www/yoga/Framework/Library/Think/Model.class.php 第 1426 行.
ERR: 1103:Incorrect table name ''
 [ SQL语句 ] : SHOW COLUMNS FROM ``
NOTIC: [2] explode() expects parameter 2 to be string, array given /var/www/yoga/Framework/Library/Think/Model.class.php 第 1426 行.
ERR: 1103:Incorrect table name ''
 [ SQL语句 ] : SHOW COLUMNS FROM ``
NOTIC: [2] explode() expects parameter 2 to be string, array given /var/www/yoga/Framework/Library/Think/Model.class.php 第 1426 行.
ERR: 1103:Incorrect table name ''
 [ SQL语句 ] : SHOW COLUMNS FROM ``
NOTIC: [2] explode() expects parameter 2 to be string, array given /var/www/yoga/Framework/Library/Think/Model.class.php 第 1426 行.
ERR: 1103:Incorrect table name ''
 [ SQL语句 ] : SHOW COLUMNS FROM ``
NOTIC: [2] explode() expects parameter 2 to be string, array given /var/www/yoga/Framework/Library/Think/Model.class.php 第 1426 行.
ERR: 1103:Incorrect table name ''
 [ SQL语句 ] : SHOW COLUMNS FROM ``
NOTIC: [2] explode() expects parameter 2 to be string, array given /var/www/yoga/Framework/Library/Think/Model.class.php 第 1426 行.
ERR: 1103:Incorrect table name ''
 [ SQL语句 ] : SHOW COLUMNS FROM ``

[ 2015-10-20T16:30:33+08:00 ] 127.0.0.1 /index.php/Brand/Employee/index.html
INFO: [ app_init ] --START--
INFO: Run Behavior\BuildLiteBehavior [ RunTime:0.000031s ]
INFO: [ app_init ] --END-- [ RunTime:0.000144s ]
INFO: [ app_begin ] --START--
INFO: Run Behavior\ReadHtmlCacheBehavior [ RunTime:0.000063s ]
INFO: [ app_begin ] --END-- [ RunTime:0.000137s ]
NOTIC: [8192] mysql_connect(): The mysql extension is deprecated and will be removed in the future: use mysqli or PDO instead /var/www/yoga/Framework/Library/Think/Db/Driver/Mysql.class.php 第 52 行.
NOTIC: [2] Invalid argument supplied for foreach() /var/www/yoga/Yoga/Service/McService.class.php 第 372 行.
NOTIC: [2] Invalid argument supplied for foreach() /var/www/yoga/Yoga/Service/ChannelService.class.php 第 136 行.
INFO: [ view_parse ] --START--
INFO: [ template_filter ] --START--
INFO: Run Behavior\ContentReplaceBehavior [ RunTime:0.000067s ]
INFO: [ template_filter ] --END-- [ RunTime:0.000119s ]
INFO: Run Behavior\ParseTemplateBehavior [ RunTime:0.041826s ]
INFO: [ view_parse ] --END-- [ RunTime:0.041886s ]
INFO: [ view_filter ] --START--
INFO: Run Behavior\WriteHtmlCacheBehavior [ RunTime:0.000038s ]
INFO: Run Behavior\TokenBuildBehavior [ RunTime:0.000034s ]
INFO: [ view_filter ] --END-- [ RunTime:0.000123s ]
INFO: [ app_end ] --START--
INFO: Run Behavior\ShowPageTraceBehavior [ RunTime:0.000059s ]
INFO: [ app_end ] --END-- [ RunTime:0.000123s ]

[ 2015-10-20T16:30:34+08:00 ] 127.0.0.1 /Brand/Employee/getEmployees
INFO: [ app_init ] --START--
INFO: Run Behavior\BuildLiteBehavior [ RunTime:0.000019s ]
INFO: [ app_init ] --END-- [ RunTime:0.000082s ]
INFO: [ app_begin ] --START--
INFO: Run Behavior\ReadHtmlCacheBehavior [ RunTime:0.000027s ]
INFO: [ app_begin ] --END-- [ RunTime:0.000061s ]
NOTIC: [8192] mysql_connect(): The mysql extension is deprecated and will be removed in the future: use mysqli or PDO instead /var/www/yoga/Framework/Library/Think/Db/Driver/Mysql.class.php 第 52 行.
NOTIC: [2] Invalid argument supplied for foreach() /var/www/yoga/Yoga/Service/McService.class.php 第 372 行.
NOTIC: [2] Invalid argument supplied for foreach() /var/www/yoga/Yoga/Service/ChannelService.class.php 第 136 行.
NOTIC: [8] Trying to get property of non-object /var/www/yoga/Yoga/Brand/Controller/EmployeeController.class.php 第 29 行.
NOTIC: [8] Undefined variable: tail /var/www/yoga/Yoga/Brand/Controller/EmployeeController.class.php 第 69 行.
NOTIC: [2] explode() expects parameter 2 to be string, array given /var/www/yoga/Framework/Library/Think/Model.class.php 第 1426 行.
ERR: 1103:Incorrect table name ''
 [ SQL语句 ] : SHOW COLUMNS FROM ``
NOTIC: [2] explode() expects parameter 2 to be string, array given /var/www/yoga/Framework/Library/Think/Model.class.php 第 1426 行.
ERR: 1103:Incorrect table name ''
 [ SQL语句 ] : SHOW COLUMNS FROM ``
NOTIC: [2] explode() expects parameter 2 to be string, array given /var/www/yoga/Framework/Library/Think/Model.class.php 第 1426 行.
ERR: 1103:Incorrect table name ''
 [ SQL语句 ] : SHOW COLUMNS FROM ``
NOTIC: [2] explode() expects parameter 2 to be string, array given /var/www/yoga/Framework/Library/Think/Model.class.php 第 1426 行.
ERR: 1103:Incorrect table name ''
 [ SQL语句 ] : SHOW COLUMNS FROM ``
NOTIC: [2] explode() expects parameter 2 to be string, array given /var/www/yoga/Framework/Library/Think/Model.class.php 第 1426 行.
ERR: 1103:Incorrect table name ''
 [ SQL语句 ] : SHOW COLUMNS FROM ``
NOTIC: [2] explode() expects parameter 2 to be string, array given /var/www/yoga/Framework/Library/Think/Model.class.php 第 1426 行.
ERR: 1103:Incorrect table name ''
 [ SQL语句 ] : SHOW COLUMNS FROM ``
NOTIC: [2] explode() expects parameter 2 to be string, array given /var/www/yoga/Framework/Library/Think/Model.class.php 第 1426 行.
ERR: 1103:Incorrect table name ''
 [ SQL语句 ] : SHOW COLUMNS FROM ``
NOTIC: [2] explode() expects parameter 2 to be string, array given /var/www/yoga/Framework/Library/Think/Model.class.php 第 1426 行.
ERR: 1103:Incorrect table name ''
 [ SQL语句 ] : SHOW COLUMNS FROM ``
NOTIC: [2] explode() expects parameter 2 to be string, array given /var/www/yoga/Framework/Library/Think/Model.class.php 第 1426 行.
ERR: 1103:Incorrect table name ''
 [ SQL语句 ] : SHOW COLUMNS FROM ``
NOTIC: [2] explode() expects parameter 2 to be string, array given /var/www/yoga/Framework/Library/Think/Model.class.php 第 1426 行.
ERR: 1103:Incorrect table name ''
 [ SQL语句 ] : SHOW COLUMNS FROM ``

[ 2015-10-20T16:30:38+08:00 ] 127.0.0.1 /Brand/Employee/getEmployees
INFO: [ app_init ] --START--
INFO: Run Behavior\BuildLiteBehavior [ RunTime:0.000017s ]
INFO: [ app_init ] --END-- [ RunTime:0.000094s ]
INFO: [ app_begin ] --START--
INFO: Run Behavior\ReadHtmlCacheBehavior [ RunTime:0.000025s ]
INFO: [ app_begin ] --END-- [ RunTime:0.000056s ]
NOTIC: [8192] mysql_connect(): The mysql extension is deprecated and will be removed in the future: use mysqli or PDO instead /var/www/yoga/Framework/Library/Think/Db/Driver/Mysql.class.php 第 52 行.
NOTIC: [2] Invalid argument supplied for foreach() /var/www/yoga/Yoga/Service/McService.class.php 第 372 行.
NOTIC: [2] Invalid argument supplied for foreach() /var/www/yoga/Yoga/Service/ChannelService.class.php 第 136 行.
NOTIC: [8] Undefined variable: tail /var/www/yoga/Yoga/Brand/Controller/EmployeeController.class.php 第 69 行.
NOTIC: [2] explode() expects parameter 2 to be string, array given /var/www/yoga/Framework/Library/Think/Model.class.php 第 1426 行.
ERR: 1103:Incorrect table name ''
 [ SQL语句 ] : SHOW COLUMNS FROM ``
NOTIC: [2] explode() expects parameter 2 to be string, array given /var/www/yoga/Framework/Library/Think/Model.class.php 第 1426 行.
ERR: 1103:Incorrect table name ''
 [ SQL语句 ] : SHOW COLUMNS FROM ``
NOTIC: [2] explode() expects parameter 2 to be string, array given /var/www/yoga/Framework/Library/Think/Model.class.php 第 1426 行.
ERR: 1103:Incorrect table name ''
 [ SQL语句 ] : SHOW COLUMNS FROM ``

[ 2015-10-20T16:31:02+08:00 ] 127.0.0.1 /Brand/Employee/showAdd
INFO: [ app_init ] --START--
INFO: Run Behavior\BuildLiteBehavior [ RunTime:0.000034s ]
INFO: [ app_init ] --END-- [ RunTime:0.000167s ]
INFO: [ app_begin ] --START--
INFO: Run Behavior\ReadHtmlCacheBehavior [ RunTime:0.000072s ]
INFO: [ app_begin ] --END-- [ RunTime:0.000162s ]
NOTIC: [8192] mysql_connect(): The mysql extension is deprecated and will be removed in the future: use mysqli or PDO instead /var/www/yoga/Framework/Library/Think/Db/Driver/Mysql.class.php 第 52 行.
NOTIC: [2] Invalid argument supplied for foreach() /var/www/yoga/Yoga/Service/McService.class.php 第 372 行.
NOTIC: [2] Invalid argument supplied for foreach() /var/www/yoga/Yoga/Service/ChannelService.class.php 第 136 行.
INFO: [ view_parse ] --START--
INFO: [ template_filter ] --START--
INFO: Run Behavior\ContentReplaceBehavior [ RunTime:0.000107s ]
INFO: [ template_filter ] --END-- [ RunTime:0.000182s ]
NOTIC: [8] Undefined variable: employee /var/www/yoga/Runtime/Cache/Brand/c71506a3855060e861a11df904dfba4a.php 第 351 行.
NOTIC: [8] Undefined variable: employee /var/www/yoga/Runtime/Cache/Brand/c71506a3855060e861a11df904dfba4a.php 第 356 行.
NOTIC: [8] Undefined variable: employee /var/www/yoga/Runtime/Cache/Brand/c71506a3855060e861a11df904dfba4a.php 第 356 行.
NOTIC: [8] Undefined variable: employee /var/www/yoga/Runtime/Cache/Brand/c71506a3855060e861a11df904dfba4a.php 第 356 行.
NOTIC: [8] Undefined variable: employee /var/www/yoga/Runtime/Cache/Brand/c71506a3855060e861a11df904dfba4a.php 第 356 行.
NOTIC: [8] Undefined variable: employee /var/www/yoga/Runtime/Cache/Brand/c71506a3855060e861a11df904dfba4a.php 第 356 行.
NOTIC: [8] Undefined variable: employee /var/www/yoga/Runtime/Cache/Brand/c71506a3855060e861a11df904dfba4a.php 第 356 行.
NOTIC: [8] Undefined variable: employee /var/www/yoga/Runtime/Cache/Brand/c71506a3855060e861a11df904dfba4a.php 第 356 行.
NOTIC: [8] Undefined variable: employee /var/www/yoga/Runtime/Cache/Brand/c71506a3855060e861a11df904dfba4a.php 第 363 行.
NOTIC: [8] Undefined variable: employee /var/www/yoga/Runtime/Cache/Brand/c71506a3855060e861a11df904dfba4a.php 第 367 行.
NOTIC: [8] Undefined variable: employee /var/www/yoga/Runtime/Cache/Brand/c71506a3855060e861a11df904dfba4a.php 第 374 行.
NOTIC: [8] Undefined variable: employee /var/www/yoga/Runtime/Cache/Brand/c71506a3855060e861a11df904dfba4a.php 第 396 行.
NOTIC: [8] Undefined variable: employee /var/www/yoga/Runtime/Cache/Brand/c71506a3855060e861a11df904dfba4a.php 第 396 行.
NOTIC: [8] Undefined variable: employee /var/www/yoga/Runtime/Cache/Brand/c71506a3855060e861a11df904dfba4a.php 第 396 行.
NOTIC: [8] Undefined variable: employee /var/www/yoga/Runtime/Cache/Brand/c71506a3855060e861a11df904dfba4a.php 第 396 行.
NOTIC: [8] Undefined variable: employee /var/www/yoga/Runtime/Cache/Brand/c71506a3855060e861a11df904dfba4a.php 第 396 行.
NOTIC: [8] Undefined variable: employee /var/www/yoga/Runtime/Cache/Brand/c71506a3855060e861a11df904dfba4a.php 第 396 行.
NOTIC: [8] Undefined variable: employee /var/www/yoga/Runtime/Cache/Brand/c71506a3855060e861a11df904dfba4a.php 第 396 行.
NOTIC: [8] Undefined variable: employee /var/www/yoga/Runtime/Cache/Brand/c71506a3855060e861a11df904dfba4a.php 第 396 行.
NOTIC: [8] Undefined variable: employee /var/www/yoga/Runtime/Cache/Brand/c71506a3855060e861a11df904dfba4a.php 第 396 行.
NOTIC: [8] Use of undefined constant female - assumed 'female' /var/www/yoga/Runtime/Cache/Brand/c71506a3855060e861a11df904dfba4a.php 第 404 行.
NOTIC: [8] Undefined variable: employee /var/www/yoga/Runtime/Cache/Brand/c71506a3855060e861a11df904dfba4a.php 第 404 行.
NOTIC: [8] Undefined variable: employee /var/www/yoga/Runtime/Cache/Brand/c71506a3855060e861a11df904dfba4a.php 第 412 行.
NOTIC: [8] Undefined variable: employee /var/www/yoga/Runtime/Cache/Brand/c71506a3855060e861a11df904dfba4a.php 第 423 行.
NOTIC: [8] Undefined variable: employee /var/www/yoga/Runtime/Cache/Brand/c71506a3855060e861a11df904dfba4a.php 第 427 行.
NOTIC: [8] Undefined variable: employee /var/www/yoga/Runtime/Cache/Brand/c71506a3855060e861a11df904dfba4a.php 第 431 行.
NOTIC: [8] Undefined variable: employee /var/www/yoga/Runtime/Cache/Brand/c71506a3855060e861a11df904dfba4a.php 第 439 行.
NOTIC: [8] Undefined variable: employee /var/www/yoga/Runtime/Cache/Brand/c71506a3855060e861a11df904dfba4a.php 第 444 行.
NOTIC: [8] Undefined variable: employee /var/www/yoga/Runtime/Cache/Brand/c71506a3855060e861a11df904dfba4a.php 第 448 行.
NOTIC: [8] Undefined variable: employee /var/www/yoga/Runtime/Cache/Brand/c71506a3855060e861a11df904dfba4a.php 第 453 行.
NOTIC: [8] Undefined variable: employee /var/www/yoga/Runtime/Cache/Brand/c71506a3855060e861a11df904dfba4a.php 第 462 行.
NOTIC: [8] Undefined variable: employee /var/www/yoga/Runtime/Cache/Brand/c71506a3855060e861a11df904dfba4a.php 第 466 行.
NOTIC: [8] Undefined variable: employee /var/www/yoga/Runtime/Cache/Brand/c71506a3855060e861a11df904dfba4a.php 第 471 行.
NOTIC: [8] Undefined variable: employee /var/www/yoga/Runtime/Cache/Brand/c71506a3855060e861a11df904dfba4a.php 第 472 行.
NOTIC: [8] Undefined variable: employee /var/www/yoga/Runtime/Cache/Brand/c71506a3855060e861a11df904dfba4a.php 第 473 行.
NOTIC: [8] Undefined variable: employee /var/www/yoga/Runtime/Cache/Brand/c71506a3855060e861a11df904dfba4a.php 第 474 行.
NOTIC: [8] Undefined variable: employee /var/www/yoga/Runtime/Cache/Brand/c71506a3855060e861a11df904dfba4a.php 第 475 行.
NOTIC: [8] Undefined variable: employee /var/www/yoga/Runtime/Cache/Brand/c71506a3855060e861a11df904dfba4a.php 第 480 行.
NOTIC: [8] Undefined variable: employee /var/www/yoga/Runtime/Cache/Brand/c71506a3855060e861a11df904dfba4a.php 第 488 行.
NOTIC: [8] Undefined variable: employee /var/www/yoga/Runtime/Cache/Brand/c71506a3855060e861a11df904dfba4a.php 第 496 行.
NOTIC: [8] Undefined variable: employee /var/www/yoga/Runtime/Cache/Brand/c71506a3855060e861a11df904dfba4a.php 第 497 行.
NOTIC: [8] Undefined variable: employee /var/www/yoga/Runtime/Cache/Brand/c71506a3855060e861a11df904dfba4a.php 第 498 行.
NOTIC: [8] Undefined variable: employee /var/www/yoga/Runtime/Cache/Brand/c71506a3855060e861a11df904dfba4a.php 第 499 行.
NOTIC: [8] Undefined variable: employee /var/www/yoga/Runtime/Cache/Brand/c71506a3855060e861a11df904dfba4a.php 第 504 行.
NOTIC: [8] Undefined variable: employee /var/www/yoga/Runtime/Cache/Brand/c71506a3855060e861a11df904dfba4a.php 第 508 行.
NOTIC: [8] Undefined variable: employee /var/www/yoga/Runtime/Cache/Brand/c71506a3855060e861a11df904dfba4a.php 第 517 行.
NOTIC: [8] Undefined variable: employee /var/www/yoga/Runtime/Cache/Brand/c71506a3855060e861a11df904dfba4a.php 第 517 行.
NOTIC: [8] Undefined variable: employee /var/www/yoga/Runtime/Cache/Brand/c71506a3855060e861a11df904dfba4a.php 第 527 行.
NOTIC: [8] Undefined variable: roles /var/www/yoga/Runtime/Cache/Brand/c71506a3855060e861a11df904dfba4a.php 第 536 行.
NOTIC: [2] in_array() expects parameter 2 to be array, null given /var/www/yoga/Runtime/Cache/Brand/c71506a3855060e861a11df904dfba4a.php 第 536 行.
NOTIC: [8] Undefined variable: roles /var/www/yoga/Runtime/Cache/Brand/c71506a3855060e861a11df904dfba4a.php 第 536 行.
NOTIC: [2] in_array() expects parameter 2 to be array, null given /var/www/yoga/Runtime/Cache/Brand/c71506a3855060e861a11df904dfba4a.php 第 536 行.
NOTIC: [8] Undefined variable: roles /var/www/yoga/Runtime/Cache/Brand/c71506a3855060e861a11df904dfba4a.php 第 536 行.
NOTIC: [2] in_array() expects parameter 2 to be array, null given /var/www/yoga/Runtime/Cache/Brand/c71506a3855060e861a11df904dfba4a.php 第 536 行.
NOTIC: [8] Undefined variable: roles /var/www/yoga/Runtime/Cache/Brand/c71506a3855060e861a11df904dfba4a.php 第 536 行.
NOTIC: [2] in_array() expects parameter 2 to be array, null given /var/www/yoga/Runtime/Cache/Brand/c71506a3855060e861a11df904dfba4a.php 第 536 行.
NOTIC: [8] Undefined variable: roles /var/www/yoga/Runtime/Cache/Brand/c71506a3855060e861a11df904dfba4a.php 第 536 行.
NOTIC: [2] in_array() expects parameter 2 to be array, null given /var/www/yoga/Runtime/Cache/Brand/c71506a3855060e861a11df904dfba4a.php 第 536 行.
NOTIC: [8] Undefined variable: roles /var/www/yoga/Runtime/Cache/Brand/c71506a3855060e861a11df904dfba4a.php 第 536 行.
NOTIC: [2] in_array() expects parameter 2 to be array, null given /var/www/yoga/Runtime/Cache/Brand/c71506a3855060e861a11df904dfba4a.php 第 536 行.
NOTIC: [8] Undefined variable: roles /var/www/yoga/Runtime/Cache/Brand/c71506a3855060e861a11df904dfba4a.php 第 536 行.
NOTIC: [2] in_array() expects parameter 2 to be array, null given /var/www/yoga/Runtime/Cache/Brand/c71506a3855060e861a11df904dfba4a.php 第 536 行.
NOTIC: [8] Undefined variable: roles /var/www/yoga/Runtime/Cache/Brand/c71506a3855060e861a11df904dfba4a.php 第 536 行.
NOTIC: [2] in_array() expects parameter 2 to be array, null given /var/www/yoga/Runtime/Cache/Brand/c71506a3855060e861a11df904dfba4a.php 第 536 行.
NOTIC: [8] Undefined variable: roles /var/www/yoga/Runtime/Cache/Brand/c71506a3855060e861a11df904dfba4a.php 第 536 行.
NOTIC: [2] in_array() expects parameter 2 to be array, null given /var/www/yoga/Runtime/Cache/Brand/c71506a3855060e861a11df904dfba4a.php 第 536 行.
NOTIC: [8] Undefined variable: roles /var/www/yoga/Runtime/Cache/Brand/c71506a3855060e861a11df904dfba4a.php 第 536 行.
NOTIC: [2] in_array() expects parameter 2 to be array, null given /var/www/yoga/Runtime/Cache/Brand/c71506a3855060e861a11df904dfba4a.php 第 536 行.
NOTIC: [8] Undefined variable: roles /var/www/yoga/Runtime/Cache/Brand/c71506a3855060e861a11df904dfba4a.php 第 536 行.
NOTIC: [2] in_array() expects parameter 2 to be array, null given /var/www/yoga/Runtime/Cache/Brand/c71506a3855060e861a11df904dfba4a.php 第 536 行.
NOTIC: [8] Undefined variable: roles /var/www/yoga/Runtime/Cache/Brand/c71506a3855060e861a11df904dfba4a.php 第 536 行.
NOTIC: [2] in_array() expects parameter 2 to be array, null given /var/www/yoga/Runtime/Cache/Brand/c71506a3855060e861a11df904dfba4a.php 第 536 行.
NOTIC: [8] Undefined variable: roles /var/www/yoga/Runtime/Cache/Brand/c71506a3855060e861a11df904dfba4a.php 第 536 行.
NOTIC: [2] in_array() expects parameter 2 to be array, null given /var/www/yoga/Runtime/Cache/Brand/c71506a3855060e861a11df904dfba4a.php 第 536 行.
NOTIC: [8] Undefined variable: financeroles /var/www/yoga/Runtime/Cache/Brand/c71506a3855060e861a11df904dfba4a.php 第 545 行.
NOTIC: [2] in_array() expects parameter 2 to be array, null given /var/www/yoga/Runtime/Cache/Brand/c71506a3855060e861a11df904dfba4a.php 第 545 行.
NOTIC: [8] Undefined variable: financeroles /var/www/yoga/Runtime/Cache/Brand/c71506a3855060e861a11df904dfba4a.php 第 545 行.
NOTIC: [2] in_array() expects parameter 2 to be array, null given /var/www/yoga/Runtime/Cache/Brand/c71506a3855060e861a11df904dfba4a.php 第 545 行.
NOTIC: [8] Undefined variable: financeroles /var/www/yoga/Runtime/Cache/Brand/c71506a3855060e861a11df904dfba4a.php 第 545 行.
NOTIC: [2] in_array() expects parameter 2 to be array, null given /var/www/yoga/Runtime/Cache/Brand/c71506a3855060e861a11df904dfba4a.php 第 545 行.
NOTIC: [8] Undefined variable: financeroles /var/www/yoga/Runtime/Cache/Brand/c71506a3855060e861a11df904dfba4a.php 第 545 行.
NOTIC: [2] in_array() expects parameter 2 to be array, null given /var/www/yoga/Runtime/Cache/Brand/c71506a3855060e861a11df904dfba4a.php 第 545 行.
NOTIC: [8] Undefined variable: financeroles /var/www/yoga/Runtime/Cache/Brand/c71506a3855060e861a11df904dfba4a.php 第 545 行.
NOTIC: [2] in_array() expects parameter 2 to be array, null given /var/www/yoga/Runtime/Cache/Brand/c71506a3855060e861a11df904dfba4a.php 第 545 行.
NOTIC: [8] Undefined variable: financeroles /var/www/yoga/Runtime/Cache/Brand/c71506a3855060e861a11df904dfba4a.php 第 545 行.
NOTIC: [2] in_array() expects parameter 2 to be array, null given /var/www/yoga/Runtime/Cache/Brand/c71506a3855060e861a11df904dfba4a.php 第 545 行.
NOTIC: [8] Undefined variable: financeroles /var/www/yoga/Runtime/Cache/Brand/c71506a3855060e861a11df904dfba4a.php 第 545 行.
NOTIC: [2] in_array() expects parameter 2 to be array, null given /var/www/yoga/Runtime/Cache/Brand/c71506a3855060e861a11df904dfba4a.php 第 545 行.
NOTIC: [8] Undefined variable: employee /var/www/yoga/Runtime/Cache/Brand/c71506a3855060e861a11df904dfba4a.php 第 556 行.
INFO: Run Behavior\ParseTemplateBehavior [ RunTime:0.044081s ]
INFO: [ view_parse ] --END-- [ RunTime:0.044164s ]
INFO: [ view_filter ] --START--
INFO: Run Behavior\WriteHtmlCacheBehavior [ RunTime:0.000038s ]
INFO: Run Behavior\TokenBuildBehavior [ RunTime:0.000031s ]
INFO: [ view_filter ] --END-- [ RunTime:0.000127s ]
INFO: [ app_end ] --START--
INFO: Run Behavior\ShowPageTraceBehavior [ RunTime:0.000032s ]
INFO: [ app_end ] --END-- [ RunTime:0.000067s ]

[ 2015-10-20T16:31:32+08:00 ] 127.0.0.1 /index.php/Brand/Employee/add.html
INFO: [ app_init ] --START--
INFO: Run Behavior\BuildLiteBehavior [ RunTime:0.000022s ]
INFO: [ app_init ] --END-- [ RunTime:0.000109s ]
INFO: [ app_begin ] --START--
INFO: Run Behavior\ReadHtmlCacheBehavior [ RunTime:0.000049s ]
INFO: [ app_begin ] --END-- [ RunTime:0.000093s ]
NOTIC: [8192] mysql_connect(): The mysql extension is deprecated and will be removed in the future: use mysqli or PDO instead /var/www/yoga/Framework/Library/Think/Db/Driver/Mysql.class.php 第 52 行.
NOTIC: [2] Invalid argument supplied for foreach() /var/www/yoga/Yoga/Service/McService.class.php 第 372 行.
NOTIC: [2] Invalid argument supplied for foreach() /var/www/yoga/Yoga/Service/ChannelService.class.php 第 136 行.
INFO: [ view_parse ] --START--
INFO: [ template_filter ] --START--
INFO: Run Behavior\ContentReplaceBehavior [ RunTime:0.000027s ]
INFO: [ template_filter ] --END-- [ RunTime:0.000077s ]
INFO: Run Behavior\ParseTemplateBehavior [ RunTime:0.010099s ]
INFO: [ view_parse ] --END-- [ RunTime:0.010149s ]
INFO: [ view_filter ] --START--
INFO: Run Behavior\WriteHtmlCacheBehavior [ RunTime:0.000029s ]
INFO: Run Behavior\TokenBuildBehavior [ RunTime:0.000024s ]
INFO: [ view_filter ] --END-- [ RunTime:0.000101s ]
INFO: [ app_end ] --START--
INFO: Run Behavior\ShowPageTraceBehavior [ RunTime:0.000026s ]
INFO: [ app_end ] --END-- [ RunTime:0.000056s ]

[ 2015-10-20T16:31:33+08:00 ] 127.0.0.1 /index.php/Brand/Employee/index.html
INFO: [ app_init ] --START--
INFO: Run Behavior\BuildLiteBehavior [ RunTime:0.000068s ]
INFO: [ app_init ] --END-- [ RunTime:0.000346s ]
INFO: [ app_begin ] --START--
INFO: Run Behavior\ReadHtmlCacheBehavior [ RunTime:0.000180s ]
INFO: [ app_begin ] --END-- [ RunTime:0.000436s ]
NOTIC: [8192] mysql_connect(): The mysql extension is deprecated and will be removed in the future: use mysqli or PDO instead /var/www/yoga/Framework/Library/Think/Db/Driver/Mysql.class.php 第 52 行.
NOTIC: [2] Invalid argument supplied for foreach() /var/www/yoga/Yoga/Service/McService.class.php 第 372 行.
NOTIC: [2] Invalid argument supplied for foreach() /var/www/yoga/Yoga/Service/ChannelService.class.php 第 136 行.
INFO: [ view_parse ] --START--
INFO: [ template_filter ] --START--
INFO: Run Behavior\ContentReplaceBehavior [ RunTime:0.000102s ]
INFO: [ template_filter ] --END-- [ RunTime:0.000189s ]
INFO: Run Behavior\ParseTemplateBehavior [ RunTime:0.012937s ]
INFO: [ view_parse ] --END-- [ RunTime:0.013000s ]
INFO: [ view_filter ] --START--
INFO: Run Behavior\WriteHtmlCacheBehavior [ RunTime:0.000037s ]
INFO: Run Behavior\TokenBuildBehavior [ RunTime:0.000033s ]
INFO: [ view_filter ] --END-- [ RunTime:0.000122s ]
INFO: [ app_end ] --START--
INFO: Run Behavior\ShowPageTraceBehavior [ RunTime:0.000033s ]
INFO: [ app_end ] --END-- [ RunTime:0.000071s ]

[ 2015-10-20T16:31:33+08:00 ] 127.0.0.1 /Brand/Employee/getEmployees
INFO: [ app_init ] --START--
INFO: Run Behavior\BuildLiteBehavior [ RunTime:0.000027s ]
INFO: [ app_init ] --END-- [ RunTime:0.000122s ]
INFO: [ app_begin ] --START--
INFO: Run Behavior\ReadHtmlCacheBehavior [ RunTime:0.000046s ]
INFO: [ app_begin ] --END-- [ RunTime:0.000101s ]
NOTIC: [8192] mysql_connect(): The mysql extension is deprecated and will be removed in the future: use mysqli or PDO instead /var/www/yoga/Framework/Library/Think/Db/Driver/Mysql.class.php 第 52 行.
NOTIC: [2] Invalid argument supplied for foreach() /var/www/yoga/Yoga/Service/McService.class.php 第 372 行.
NOTIC: [2] Invalid argument supplied for foreach() /var/www/yoga/Yoga/Service/ChannelService.class.php 第 136 行.
NOTIC: [8] Trying to get property of non-object /var/www/yoga/Yoga/Brand/Controller/EmployeeController.class.php 第 29 行.
NOTIC: [8] Undefined variable: tail /var/www/yoga/Yoga/Brand/Controller/EmployeeController.class.php 第 69 行.
NOTIC: [2] explode() expects parameter 2 to be string, array given /var/www/yoga/Framework/Library/Think/Model.class.php 第 1426 行.
ERR: 1103:Incorrect table name ''
 [ SQL语句 ] : SHOW COLUMNS FROM ``
NOTIC: [2] explode() expects parameter 2 to be string, array given /var/www/yoga/Framework/Library/Think/Model.class.php 第 1426 行.
ERR: 1103:Incorrect table name ''
 [ SQL语句 ] : SHOW COLUMNS FROM ``
NOTIC: [2] explode() expects parameter 2 to be string, array given /var/www/yoga/Framework/Library/Think/Model.class.php 第 1426 行.
ERR: 1103:Incorrect table name ''
 [ SQL语句 ] : SHOW COLUMNS FROM ``
NOTIC: [2] explode() expects parameter 2 to be string, array given /var/www/yoga/Framework/Library/Think/Model.class.php 第 1426 行.
ERR: 1103:Incorrect table name ''
 [ SQL语句 ] : SHOW COLUMNS FROM ``
NOTIC: [2] explode() expects parameter 2 to be string, array given /var/www/yoga/Framework/Library/Think/Model.class.php 第 1426 行.
ERR: 1103:Incorrect table name ''
 [ SQL语句 ] : SHOW COLUMNS FROM ``
NOTIC: [2] explode() expects parameter 2 to be string, array given /var/www/yoga/Framework/Library/Think/Model.class.php 第 1426 行.
ERR: 1103:Incorrect table name ''
 [ SQL语句 ] : SHOW COLUMNS FROM ``
NOTIC: [2] explode() expects parameter 2 to be string, array given /var/www/yoga/Framework/Library/Think/Model.class.php 第 1426 行.
ERR: 1103:Incorrect table name ''
 [ SQL语句 ] : SHOW COLUMNS FROM ``
NOTIC: [2] explode() expects parameter 2 to be string, array given /var/www/yoga/Framework/Library/Think/Model.class.php 第 1426 行.
ERR: 1103:Incorrect table name ''
 [ SQL语句 ] : SHOW COLUMNS FROM ``
NOTIC: [2] explode() expects parameter 2 to be string, array given /var/www/yoga/Framework/Library/Think/Model.class.php 第 1426 行.
ERR: 1103:Incorrect table name ''
 [ SQL语句 ] : SHOW COLUMNS FROM ``
NOTIC: [2] explode() expects parameter 2 to be string, array given /var/www/yoga/Framework/Library/Think/Model.class.php 第 1426 行.
ERR: 1103:Incorrect table name ''
 [ SQL语句 ] : SHOW COLUMNS FROM ``

[ 2015-10-20T16:35:40+08:00 ] 127.0.0.1 /index.php/Brand/Employee/index.html
INFO: [ app_init ] --START--
INFO: Run Behavior\BuildLiteBehavior [ RunTime:0.000019s ]
INFO: [ app_init ] --END-- [ RunTime:0.000088s ]
INFO: [ app_begin ] --START--
INFO: Run Behavior\ReadHtmlCacheBehavior [ RunTime:0.000036s ]
INFO: [ app_begin ] --END-- [ RunTime:0.000073s ]
NOTIC: [8192] mysql_connect(): The mysql extension is deprecated and will be removed in the future: use mysqli or PDO instead /var/www/yoga/Framework/Library/Think/Db/Driver/Mysql.class.php 第 52 行.
NOTIC: [2] Invalid argument supplied for foreach() /var/www/yoga/Yoga/Service/McService.class.php 第 372 行.
NOTIC: [2] Invalid argument supplied for foreach() /var/www/yoga/Yoga/Service/ChannelService.class.php 第 136 行.
INFO: [ view_parse ] --START--
INFO: [ template_filter ] --START--
INFO: Run Behavior\ContentReplaceBehavior [ RunTime:0.000090s ]
INFO: [ template_filter ] --END-- [ RunTime:0.000158s ]
INFO: Run Behavior\ParseTemplateBehavior [ RunTime:0.011893s ]
INFO: [ view_parse ] --END-- [ RunTime:0.011953s ]
INFO: [ view_filter ] --START--
INFO: Run Behavior\WriteHtmlCacheBehavior [ RunTime:0.000037s ]
INFO: Run Behavior\TokenBuildBehavior [ RunTime:0.000033s ]
INFO: [ view_filter ] --END-- [ RunTime:0.000124s ]
INFO: [ app_end ] --START--
INFO: Run Behavior\ShowPageTraceBehavior [ RunTime:0.000031s ]
INFO: [ app_end ] --END-- [ RunTime:0.000068s ]

[ 2015-10-20T16:35:40+08:00 ] 127.0.0.1 /Brand/Employee/getEmployees
INFO: [ app_init ] --START--
INFO: Run Behavior\BuildLiteBehavior [ RunTime:0.000027s ]
INFO: [ app_init ] --END-- [ RunTime:0.000128s ]
INFO: [ app_begin ] --START--
INFO: Run Behavior\ReadHtmlCacheBehavior [ RunTime:0.000042s ]
INFO: [ app_begin ] --END-- [ RunTime:0.000096s ]
NOTIC: [8192] mysql_connect(): The mysql extension is deprecated and will be removed in the future: use mysqli or PDO instead /var/www/yoga/Framework/Library/Think/Db/Driver/Mysql.class.php 第 52 行.
NOTIC: [2] Invalid argument supplied for foreach() /var/www/yoga/Yoga/Service/McService.class.php 第 372 行.
NOTIC: [2] Invalid argument supplied for foreach() /var/www/yoga/Yoga/Service/ChannelService.class.php 第 136 行.
NOTIC: [8] Trying to get property of non-object /var/www/yoga/Yoga/Brand/Controller/EmployeeController.class.php 第 29 行.
NOTIC: [8] Undefined variable: tail /var/www/yoga/Yoga/Brand/Controller/EmployeeController.class.php 第 69 行.
NOTIC: [2] explode() expects parameter 2 to be string, array given /var/www/yoga/Framework/Library/Think/Model.class.php 第 1426 行.
ERR: 1103:Incorrect table name ''
 [ SQL语句 ] : SHOW COLUMNS FROM ``
NOTIC: [2] explode() expects parameter 2 to be string, array given /var/www/yoga/Framework/Library/Think/Model.class.php 第 1426 行.
ERR: 1103:Incorrect table name ''
 [ SQL语句 ] : SHOW COLUMNS FROM ``
NOTIC: [2] explode() expects parameter 2 to be string, array given /var/www/yoga/Framework/Library/Think/Model.class.php 第 1426 行.
ERR: 1103:Incorrect table name ''
 [ SQL语句 ] : SHOW COLUMNS FROM ``
NOTIC: [2] explode() expects parameter 2 to be string, array given /var/www/yoga/Framework/Library/Think/Model.class.php 第 1426 行.
ERR: 1103:Incorrect table name ''
 [ SQL语句 ] : SHOW COLUMNS FROM ``
NOTIC: [2] explode() expects parameter 2 to be string, array given /var/www/yoga/Framework/Library/Think/Model.class.php 第 1426 行.
ERR: 1103:Incorrect table name ''
 [ SQL语句 ] : SHOW COLUMNS FROM ``
NOTIC: [2] explode() expects parameter 2 to be string, array given /var/www/yoga/Framework/Library/Think/Model.class.php 第 1426 行.
ERR: 1103:Incorrect table name ''
 [ SQL语句 ] : SHOW COLUMNS FROM ``
NOTIC: [2] explode() expects parameter 2 to be string, array given /var/www/yoga/Framework/Library/Think/Model.class.php 第 1426 行.
ERR: 1103:Incorrect table name ''
 [ SQL语句 ] : SHOW COLUMNS FROM ``
NOTIC: [2] explode() expects parameter 2 to be string, array given /var/www/yoga/Framework/Library/Think/Model.class.php 第 1426 行.
ERR: 1103:Incorrect table name ''
 [ SQL语句 ] : SHOW COLUMNS FROM ``
NOTIC: [2] explode() expects parameter 2 to be string, array given /var/www/yoga/Framework/Library/Think/Model.class.php 第 1426 行.
ERR: 1103:Incorrect table name ''
 [ SQL语句 ] : SHOW COLUMNS FROM ``
NOTIC: [2] explode() expects parameter 2 to be string, array given /var/www/yoga/Framework/Library/Think/Model.class.php 第 1426 行.
ERR: 1103:Incorrect table name ''
 [ SQL语句 ] : SHOW COLUMNS FROM ``

[ 2015-10-20T16:35:42+08:00 ] 127.0.0.1 /Brand/Employee/showEdit/id/2474
INFO: [ app_init ] --START--
INFO: Run Behavior\BuildLiteBehavior [ RunTime:0.000046s ]
INFO: [ app_init ] --END-- [ RunTime:0.000210s ]
INFO: [ app_begin ] --START--
INFO: Run Behavior\ReadHtmlCacheBehavior [ RunTime:0.000075s ]
INFO: [ app_begin ] --END-- [ RunTime:0.000182s ]
NOTIC: [8192] mysql_connect(): The mysql extension is deprecated and will be removed in the future: use mysqli or PDO instead /var/www/yoga/Framework/Library/Think/Db/Driver/Mysql.class.php 第 52 行.
NOTIC: [2] Invalid argument supplied for foreach() /var/www/yoga/Yoga/Service/McService.class.php 第 372 行.
NOTIC: [2] Invalid argument supplied for foreach() /var/www/yoga/Yoga/Service/ChannelService.class.php 第 136 行.
INFO: [ view_parse ] --START--
INFO: [ template_filter ] --START--
INFO: Run Behavior\ContentReplaceBehavior [ RunTime:0.000076s ]
INFO: [ template_filter ] --END-- [ RunTime:0.000130s ]
NOTIC: [8] Use of undefined constant female - assumed 'female' /var/www/yoga/Runtime/Cache/Brand/c71506a3855060e861a11df904dfba4a.php 第 404 行.
INFO: Run Behavior\ParseTemplateBehavior [ RunTime:0.014350s ]
INFO: [ view_parse ] --END-- [ RunTime:0.014405s ]
INFO: [ view_filter ] --START--
INFO: Run Behavior\WriteHtmlCacheBehavior [ RunTime:0.000041s ]
INFO: Run Behavior\TokenBuildBehavior [ RunTime:0.000033s ]
INFO: [ view_filter ] --END-- [ RunTime:0.000130s ]
INFO: [ app_end ] --START--
INFO: Run Behavior\ShowPageTraceBehavior [ RunTime:0.000030s ]
INFO: [ app_end ] --END-- [ RunTime:0.000068s ]

[ 2015-10-20T16:35:50+08:00 ] 127.0.0.1 /index.php/Brand/Employee/edit.html
INFO: [ app_init ] --START--
INFO: Run Behavior\BuildLiteBehavior [ RunTime:0.000046s ]
INFO: [ app_init ] --END-- [ RunTime:0.000215s ]
INFO: [ app_begin ] --START--
INFO: Run Behavior\ReadHtmlCacheBehavior [ RunTime:0.000050s ]
INFO: [ app_begin ] --END-- [ RunTime:0.000112s ]
NOTIC: [8192] mysql_connect(): The mysql extension is deprecated and will be removed in the future: use mysqli or PDO instead /var/www/yoga/Framework/Library/Think/Db/Driver/Mysql.class.php 第 52 行.
NOTIC: [2] Invalid argument supplied for foreach() /var/www/yoga/Yoga/Service/McService.class.php 第 372 行.
NOTIC: [2] Invalid argument supplied for foreach() /var/www/yoga/Yoga/Service/ChannelService.class.php 第 136 行.
INFO: [ view_parse ] --START--
INFO: [ template_filter ] --START--
INFO: Run Behavior\ContentReplaceBehavior [ RunTime:0.000026s ]
INFO: [ template_filter ] --END-- [ RunTime:0.000070s ]
INFO: Run Behavior\ParseTemplateBehavior [ RunTime:0.001156s ]
INFO: [ view_parse ] --END-- [ RunTime:0.001209s ]
INFO: [ view_filter ] --START--
INFO: Run Behavior\WriteHtmlCacheBehavior [ RunTime:0.000029s ]
INFO: Run Behavior\TokenBuildBehavior [ RunTime:0.000025s ]
INFO: [ view_filter ] --END-- [ RunTime:0.000101s ]
INFO: [ app_end ] --START--
INFO: Run Behavior\ShowPageTraceBehavior [ RunTime:0.000026s ]
INFO: [ app_end ] --END-- [ RunTime:0.000056s ]

[ 2015-10-20T16:35:51+08:00 ] 127.0.0.1 /index.php/Brand/Employee/index.html
INFO: [ app_init ] --START--
INFO: Run Behavior\BuildLiteBehavior [ RunTime:0.000021s ]
INFO: [ app_init ] --END-- [ RunTime:0.000090s ]
INFO: [ app_begin ] --START--
INFO: Run Behavior\ReadHtmlCacheBehavior [ RunTime:0.000032s ]
INFO: [ app_begin ] --END-- [ RunTime:0.000074s ]
NOTIC: [8192] mysql_connect(): The mysql extension is deprecated and will be removed in the future: use mysqli or PDO instead /var/www/yoga/Framework/Library/Think/Db/Driver/Mysql.class.php 第 52 行.
NOTIC: [2] Invalid argument supplied for foreach() /var/www/yoga/Yoga/Service/McService.class.php 第 372 行.
NOTIC: [2] Invalid argument supplied for foreach() /var/www/yoga/Yoga/Service/ChannelService.class.php 第 136 行.
INFO: [ view_parse ] --START--
INFO: [ template_filter ] --START--
INFO: Run Behavior\ContentReplaceBehavior [ RunTime:0.000073s ]
INFO: [ template_filter ] --END-- [ RunTime:0.000129s ]
INFO: Run Behavior\ParseTemplateBehavior [ RunTime:0.011562s ]
INFO: [ view_parse ] --END-- [ RunTime:0.011744s ]
INFO: [ view_filter ] --START--
INFO: Run Behavior\WriteHtmlCacheBehavior [ RunTime:0.000033s ]
INFO: Run Behavior\TokenBuildBehavior [ RunTime:0.000032s ]
INFO: [ view_filter ] --END-- [ RunTime:0.000114s ]
INFO: [ app_end ] --START--
INFO: Run Behavior\ShowPageTraceBehavior [ RunTime:0.000039s ]
INFO: [ app_end ] --END-- [ RunTime:0.000080s ]

[ 2015-10-20T16:35:52+08:00 ] 127.0.0.1 /Brand/Employee/getEmployees
INFO: [ app_init ] --START--
INFO: Run Behavior\BuildLiteBehavior [ RunTime:0.000017s ]
INFO: [ app_init ] --END-- [ RunTime:0.000079s ]
INFO: [ app_begin ] --START--
INFO: Run Behavior\ReadHtmlCacheBehavior [ RunTime:0.000027s ]
INFO: [ app_begin ] --END-- [ RunTime:0.000062s ]
NOTIC: [8192] mysql_connect(): The mysql extension is deprecated and will be removed in the future: use mysqli or PDO instead /var/www/yoga/Framework/Library/Think/Db/Driver/Mysql.class.php 第 52 行.
NOTIC: [2] Invalid argument supplied for foreach() /var/www/yoga/Yoga/Service/McService.class.php 第 372 行.
NOTIC: [2] Invalid argument supplied for foreach() /var/www/yoga/Yoga/Service/ChannelService.class.php 第 136 行.
NOTIC: [8] Trying to get property of non-object /var/www/yoga/Yoga/Brand/Controller/EmployeeController.class.php 第 29 行.
NOTIC: [8] Undefined variable: tail /var/www/yoga/Yoga/Brand/Controller/EmployeeController.class.php 第 69 行.
NOTIC: [2] explode() expects parameter 2 to be string, array given /var/www/yoga/Framework/Library/Think/Model.class.php 第 1426 行.
ERR: 1103:Incorrect table name ''
 [ SQL语句 ] : SHOW COLUMNS FROM ``
NOTIC: [2] explode() expects parameter 2 to be string, array given /var/www/yoga/Framework/Library/Think/Model.class.php 第 1426 行.
ERR: 1103:Incorrect table name ''
 [ SQL语句 ] : SHOW COLUMNS FROM ``
NOTIC: [2] explode() expects parameter 2 to be string, array given /var/www/yoga/Framework/Library/Think/Model.class.php 第 1426 行.
ERR: 1103:Incorrect table name ''
 [ SQL语句 ] : SHOW COLUMNS FROM ``
NOTIC: [2] explode() expects parameter 2 to be string, array given /var/www/yoga/Framework/Library/Think/Model.class.php 第 1426 行.
ERR: 1103:Incorrect table name ''
 [ SQL语句 ] : SHOW COLUMNS FROM ``
NOTIC: [2] explode() expects parameter 2 to be string, array given /var/www/yoga/Framework/Library/Think/Model.class.php 第 1426 行.
ERR: 1103:Incorrect table name ''
 [ SQL语句 ] : SHOW COLUMNS FROM ``
NOTIC: [2] explode() expects parameter 2 to be string, array given /var/www/yoga/Framework/Library/Think/Model.class.php 第 1426 行.
ERR: 1103:Incorrect table name ''
 [ SQL语句 ] : SHOW COLUMNS FROM ``
NOTIC: [2] explode() expects parameter 2 to be string, array given /var/www/yoga/Framework/Library/Think/Model.class.php 第 1426 行.
ERR: 1103:Incorrect table name ''
 [ SQL语句 ] : SHOW COLUMNS FROM ``
NOTIC: [2] explode() expects parameter 2 to be string, array given /var/www/yoga/Framework/Library/Think/Model.class.php 第 1426 行.
ERR: 1103:Incorrect table name ''
 [ SQL语句 ] : SHOW COLUMNS FROM ``
NOTIC: [2] explode() expects parameter 2 to be string, array given /var/www/yoga/Framework/Library/Think/Model.class.php 第 1426 行.
ERR: 1103:Incorrect table name ''
 [ SQL语句 ] : SHOW COLUMNS FROM ``
NOTIC: [2] explode() expects parameter 2 to be string, array given /var/www/yoga/Framework/Library/Think/Model.class.php 第 1426 行.
ERR: 1103:Incorrect table name ''
 [ SQL语句 ] : SHOW COLUMNS FROM ``

