[ 2015-09-29T15:08:29+08:00 ] 127.0.0.1 /index.php/Pt/Visit/index.html
INFO: [ app_init ] --START--
INFO: Run Behavior\BuildLiteBehavior [ RunTime:0.000016s ]
INFO: [ app_init ] --END-- [ RunTime:0.000076s ]
INFO: [ app_begin ] --START--
INFO: Run Behavior\ReadHtmlCacheBehavior [ RunTime:0.000078s ]
INFO: [ app_begin ] --END-- [ RunTime:0.000181s ]
NOTIC: [8192] mysql_connect(): The mysql extension is deprecated and will be removed in the future: use mysqli or PDO instead /var/www/yoga/Framework/Library/Think/Db/Driver/Mysql.class.php 第 52 行.
NOTIC: [2] Invalid argument supplied for foreach() /var/www/yoga/Yoga/Service/McService.class.php 第 372 行.
NOTIC: [2] Invalid argument supplied for foreach() /var/www/yoga/Yoga/Service/ChannelService.class.php 第 136 行.
INFO: [ view_parse ] --START--
INFO: [ template_filter ] --START--
INFO: Run Behavior\ContentReplaceBehavior [ RunTime:0.000106s ]
INFO: [ template_filter ] --END-- [ RunTime:0.000164s ]
NOTIC: [8] Undefined variable: member /var/www/yoga/Runtime/Cache/Pt/e66fc0b89ad5e607a9e5acad72f5a84b.php 第 353 行.
NOTIC: [8] Undefined variable: member /var/www/yoga/Runtime/Cache/Pt/e66fc0b89ad5e607a9e5acad72f5a84b.php 第 369 行.
NOTIC: [8] Undefined variable: member /var/www/yoga/Runtime/Cache/Pt/e66fc0b89ad5e607a9e5acad72f5a84b.php 第 378 行.
NOTIC: [8] Undefined variable: member /var/www/yoga/Runtime/Cache/Pt/e66fc0b89ad5e607a9e5acad72f5a84b.php 第 391 行.
NOTIC: [8] Undefined variable: member /var/www/yoga/Runtime/Cache/Pt/e66fc0b89ad5e607a9e5acad72f5a84b.php 第 397 行.
NOTIC: [8] Undefined variable: member /var/www/yoga/Runtime/Cache/Pt/e66fc0b89ad5e607a9e5acad72f5a84b.php 第 407 行.
NOTIC: [8] Undefined variable: member /var/www/yoga/Runtime/Cache/Pt/e66fc0b89ad5e607a9e5acad72f5a84b.php 第 413 行.
NOTIC: [8] Use of undefined constant male - assumed 'male' /var/www/yoga/Runtime/Cache/Pt/e66fc0b89ad5e607a9e5acad72f5a84b.php 第 433 行.
NOTIC: [8] Undefined variable: member /var/www/yoga/Runtime/Cache/Pt/e66fc0b89ad5e607a9e5acad72f5a84b.php 第 433 行.
NOTIC: [8] Undefined variable: member /var/www/yoga/Runtime/Cache/Pt/e66fc0b89ad5e607a9e5acad72f5a84b.php 第 441 行.
NOTIC: [8] Undefined variable: member /var/www/yoga/Runtime/Cache/Pt/e66fc0b89ad5e607a9e5acad72f5a84b.php 第 442 行.
NOTIC: [8] Undefined variable: member /var/www/yoga/Runtime/Cache/Pt/e66fc0b89ad5e607a9e5acad72f5a84b.php 第 443 行.
NOTIC: [8] Undefined variable: member /var/www/yoga/Runtime/Cache/Pt/e66fc0b89ad5e607a9e5acad72f5a84b.php 第 444 行.
NOTIC: [8] Undefined variable: member /var/www/yoga/Runtime/Cache/Pt/e66fc0b89ad5e607a9e5acad72f5a84b.php 第 469 行.
NOTIC: [8] Undefined variable: member /var/www/yoga/Runtime/Cache/Pt/e66fc0b89ad5e607a9e5acad72f5a84b.php 第 469 行.
NOTIC: [8] Undefined variable: member /var/www/yoga/Runtime/Cache/Pt/e66fc0b89ad5e607a9e5acad72f5a84b.php 第 504 行.
NOTIC: [8] Undefined variable: member /var/www/yoga/Runtime/Cache/Pt/e66fc0b89ad5e607a9e5acad72f5a84b.php 第 510 行.
NOTIC: [8] Undefined variable: member /var/www/yoga/Runtime/Cache/Pt/e66fc0b89ad5e607a9e5acad72f5a84b.php 第 521 行.
NOTIC: [8] Undefined variable: member /var/www/yoga/Runtime/Cache/Pt/e66fc0b89ad5e607a9e5acad72f5a84b.php 第 526 行.
NOTIC: [8] Undefined variable: member /var/www/yoga/Runtime/Cache/Pt/e66fc0b89ad5e607a9e5acad72f5a84b.php 第 538 行.
NOTIC: [8] Undefined variable: member /var/www/yoga/Runtime/Cache/Pt/e66fc0b89ad5e607a9e5acad72f5a84b.php 第 543 行.
NOTIC: [8] Undefined variable: member /var/www/yoga/Runtime/Cache/Pt/e66fc0b89ad5e607a9e5acad72f5a84b.php 第 548 行.
NOTIC: [8] Undefined variable: member /var/www/yoga/Runtime/Cache/Pt/e66fc0b89ad5e607a9e5acad72f5a84b.php 第 559 行.
NOTIC: [8] Undefined variable: member /var/www/yoga/Runtime/Cache/Pt/e66fc0b89ad5e607a9e5acad72f5a84b.php 第 564 行.
NOTIC: [8] Undefined variable: member /var/www/yoga/Runtime/Cache/Pt/e66fc0b89ad5e607a9e5acad72f5a84b.php 第 569 行.
NOTIC: [8] Undefined variable: member /var/www/yoga/Runtime/Cache/Pt/e66fc0b89ad5e607a9e5acad72f5a84b.php 第 580 行.
NOTIC: [8] Undefined variable: member /var/www/yoga/Runtime/Cache/Pt/e66fc0b89ad5e607a9e5acad72f5a84b.php 第 586 行.
NOTIC: [8] Undefined variable: member /var/www/yoga/Runtime/Cache/Pt/e66fc0b89ad5e607a9e5acad72f5a84b.php 第 586 行.
NOTIC: [8] Undefined variable: member /var/www/yoga/Runtime/Cache/Pt/e66fc0b89ad5e607a9e5acad72f5a84b.php 第 595 行.
NOTIC: [8] Undefined variable: member /var/www/yoga/Runtime/Cache/Pt/e66fc0b89ad5e607a9e5acad72f5a84b.php 第 596 行.
NOTIC: [8] Undefined variable: member /var/www/yoga/Runtime/Cache/Pt/e66fc0b89ad5e607a9e5acad72f5a84b.php 第 597 行.
NOTIC: [8] Undefined variable: member /var/www/yoga/Runtime/Cache/Pt/e66fc0b89ad5e607a9e5acad72f5a84b.php 第 598 行.
NOTIC: [8] Undefined variable: member /var/www/yoga/Runtime/Cache/Pt/e66fc0b89ad5e607a9e5acad72f5a84b.php 第 599 行.
NOTIC: [8] Undefined variable: member /var/www/yoga/Runtime/Cache/Pt/e66fc0b89ad5e607a9e5acad72f5a84b.php 第 600 行.
NOTIC: [8] Undefined variable: member /var/www/yoga/Runtime/Cache/Pt/e66fc0b89ad5e607a9e5acad72f5a84b.php 第 614 行.
NOTIC: [8] Undefined variable: member /var/www/yoga/Runtime/Cache/Pt/e66fc0b89ad5e607a9e5acad72f5a84b.php 第 615 行.
NOTIC: [8] Undefined variable: member /var/www/yoga/Runtime/Cache/Pt/e66fc0b89ad5e607a9e5acad72f5a84b.php 第 616 行.
NOTIC: [8] Undefined variable: member /var/www/yoga/Runtime/Cache/Pt/e66fc0b89ad5e607a9e5acad72f5a84b.php 第 624 行.
NOTIC: [8] Undefined variable: member /var/www/yoga/Runtime/Cache/Pt/e66fc0b89ad5e607a9e5acad72f5a84b.php 第 630 行.
NOTIC: [8] Undefined variable: member /var/www/yoga/Runtime/Cache/Pt/e66fc0b89ad5e607a9e5acad72f5a84b.php 第 631 行.
NOTIC: [8] Undefined variable: member /var/www/yoga/Runtime/Cache/Pt/e66fc0b89ad5e607a9e5acad72f5a84b.php 第 632 行.
NOTIC: [8] Undefined variable: member /var/www/yoga/Runtime/Cache/Pt/e66fc0b89ad5e607a9e5acad72f5a84b.php 第 633 行.
NOTIC: [8] Undefined variable: member /var/www/yoga/Runtime/Cache/Pt/e66fc0b89ad5e607a9e5acad72f5a84b.php 第 634 行.
NOTIC: [8] Undefined variable: member /var/www/yoga/Runtime/Cache/Pt/e66fc0b89ad5e607a9e5acad72f5a84b.php 第 635 行.
NOTIC: [8] Undefined variable: member /var/www/yoga/Runtime/Cache/Pt/e66fc0b89ad5e607a9e5acad72f5a84b.php 第 636 行.
NOTIC: [8] Undefined variable: member /var/www/yoga/Runtime/Cache/Pt/e66fc0b89ad5e607a9e5acad72f5a84b.php 第 650 行.
NOTIC: [8] Undefined variable: member /var/www/yoga/Runtime/Cache/Pt/e66fc0b89ad5e607a9e5acad72f5a84b.php 第 651 行.
NOTIC: [8] Undefined variable: member /var/www/yoga/Runtime/Cache/Pt/e66fc0b89ad5e607a9e5acad72f5a84b.php 第 659 行.
NOTIC: [8] Undefined variable: member /var/www/yoga/Runtime/Cache/Pt/e66fc0b89ad5e607a9e5acad72f5a84b.php 第 660 行.
NOTIC: [8] Undefined variable: member /var/www/yoga/Runtime/Cache/Pt/e66fc0b89ad5e607a9e5acad72f5a84b.php 第 672 行.
NOTIC: [8] Undefined variable: member /var/www/yoga/Runtime/Cache/Pt/e66fc0b89ad5e607a9e5acad72f5a84b.php 第 677 行.
NOTIC: [8] Undefined variable: member /var/www/yoga/Runtime/Cache/Pt/e66fc0b89ad5e607a9e5acad72f5a84b.php 第 687 行.
NOTIC: [8] Undefined variable: member /var/www/yoga/Runtime/Cache/Pt/e66fc0b89ad5e607a9e5acad72f5a84b.php 第 712 行.
INFO: Run Behavior\ParseTemplateBehavior [ RunTime:0.019767s ]
INFO: [ view_parse ] --END-- [ RunTime:0.019816s ]
INFO: [ view_filter ] --START--
INFO: Run Behavior\WriteHtmlCacheBehavior [ RunTime:0.000045s ]
INFO: Run Behavior\TokenBuildBehavior [ RunTime:0.000046s ]
INFO: [ view_filter ] --END-- [ RunTime:0.000141s ]
INFO: [ app_end ] --START--
INFO: Run Behavior\ShowPageTraceBehavior [ RunTime:0.000039s ]
INFO: [ app_end ] --END-- [ RunTime:0.000074s ]

[ 2015-09-29T16:47:15+08:00 ] 127.0.0.1 /index.php/Pt/Member/index.html
INFO: [ app_init ] --START--
INFO: Run Behavior\BuildLiteBehavior [ RunTime:0.000032s ]
INFO: [ app_init ] --END-- [ RunTime:0.000156s ]
INFO: [ app_begin ] --START--
INFO: Run Behavior\ReadHtmlCacheBehavior [ RunTime:0.000067s ]
INFO: [ app_begin ] --END-- [ RunTime:0.000140s ]
NOTIC: [8192] mysql_connect(): The mysql extension is deprecated and will be removed in the future: use mysqli or PDO instead /var/www/yoga/Framework/Library/Think/Db/Driver/Mysql.class.php 第 52 行.
NOTIC: [2] Invalid argument supplied for foreach() /var/www/yoga/Yoga/Service/McService.class.php 第 372 行.
NOTIC: [2] Invalid argument supplied for foreach() /var/www/yoga/Yoga/Service/ChannelService.class.php 第 136 行.
INFO: [ view_parse ] --START--
INFO: [ template_filter ] --START--
INFO: Run Behavior\ContentReplaceBehavior [ RunTime:0.000074s ]
INFO: [ template_filter ] --END-- [ RunTime:0.000126s ]
INFO: Run Behavior\ParseTemplateBehavior [ RunTime:0.013393s ]
INFO: [ view_parse ] --END-- [ RunTime:0.013455s ]
INFO: [ view_filter ] --START--
INFO: Run Behavior\WriteHtmlCacheBehavior [ RunTime:0.000047s ]
INFO: Run Behavior\TokenBuildBehavior [ RunTime:0.000063s ]
INFO: [ view_filter ] --END-- [ RunTime:0.000161s ]
INFO: [ app_end ] --START--
INFO: Run Behavior\ShowPageTraceBehavior [ RunTime:0.000055s ]
INFO: [ app_end ] --END-- [ RunTime:0.000103s ]

[ 2015-09-29T16:47:15+08:00 ] 127.0.0.1 /index.php/Pt/Member/query.html
INFO: [ app_init ] --START--
INFO: Run Behavior\BuildLiteBehavior [ RunTime:0.000029s ]
INFO: [ app_init ] --END-- [ RunTime:0.000129s ]
INFO: [ app_begin ] --START--
INFO: Run Behavior\ReadHtmlCacheBehavior [ RunTime:0.000048s ]
INFO: [ app_begin ] --END-- [ RunTime:0.000105s ]
NOTIC: [8192] mysql_connect(): The mysql extension is deprecated and will be removed in the future: use mysqli or PDO instead /var/www/yoga/Framework/Library/Think/Db/Driver/Mysql.class.php 第 52 行.
NOTIC: [2] Invalid argument supplied for foreach() /var/www/yoga/Yoga/Service/McService.class.php 第 372 行.
NOTIC: [2] Invalid argument supplied for foreach() /var/www/yoga/Yoga/Service/ChannelService.class.php 第 136 行.
NOTIC: [8] Trying to get property of non-object /var/www/yoga/Yoga/Pt/Controller/MemberController.class.php 第 17 行.

