[ 2015-09-28T16:48:25+08:00 ] 127.0.0.1 /index.php/Shopkeeper/Employee/index.html
INFO: [ app_init ] --START--
INFO: Run Behavior\BuildLiteBehavior [ RunTime:0.000025s ]
INFO: [ app_init ] --END-- [ RunTime:0.000136s ]
INFO: [ app_begin ] --START--
INFO: Run Behavior\ReadHtmlCacheBehavior [ RunTime:0.000056s ]
INFO: [ app_begin ] --END-- [ RunTime:0.000136s ]
NOTIC: [8192] mysql_connect(): The mysql extension is deprecated and will be removed in the future: use mysqli or PDO instead /var/www/yoga/Framework/Library/Think/Db/Driver/Mysql.class.php 第 52 行.
NOTIC: [2] Invalid argument supplied for foreach() /var/www/yoga/Yoga/Service/McService.class.php 第 372 行.
NOTIC: [2] Invalid argument supplied for foreach() /var/www/yoga/Yoga/Service/ChannelService.class.php 第 136 行.
INFO: [ view_parse ] --START--
INFO: [ template_filter ] --START--
INFO: Run Behavior\ContentReplaceBehavior [ RunTime:0.000068s ]
INFO: [ template_filter ] --END-- [ RunTime:0.000121s ]
INFO: Run Behavior\ParseTemplateBehavior [ RunTime:0.045996s ]
INFO: [ view_parse ] --END-- [ RunTime:0.046061s ]
INFO: [ view_filter ] --START--
INFO: Run Behavior\WriteHtmlCacheBehavior [ RunTime:0.000050s ]
INFO: Run Behavior\TokenBuildBehavior [ RunTime:0.000039s ]
INFO: [ view_filter ] --END-- [ RunTime:0.000141s ]
INFO: [ app_end ] --START--
INFO: Run Behavior\ShowPageTraceBehavior [ RunTime:0.000037s ]
INFO: [ app_end ] --END-- [ RunTime:0.000072s ]

[ 2015-09-28T16:48:25+08:00 ] 127.0.0.1 /Shopkeeper/Employee/getEmployees
INFO: [ app_init ] --START--
INFO: Run Behavior\BuildLiteBehavior [ RunTime:0.000029s ]
INFO: [ app_init ] --END-- [ RunTime:0.000132s ]
INFO: [ app_begin ] --START--
INFO: Run Behavior\ReadHtmlCacheBehavior [ RunTime:0.000042s ]
INFO: [ app_begin ] --END-- [ RunTime:0.000100s ]
NOTIC: [8192] mysql_connect(): The mysql extension is deprecated and will be removed in the future: use mysqli or PDO instead /var/www/yoga/Framework/Library/Think/Db/Driver/Mysql.class.php 第 52 行.
NOTIC: [2] Invalid argument supplied for foreach() /var/www/yoga/Yoga/Service/McService.class.php 第 372 行.
NOTIC: [2] Invalid argument supplied for foreach() /var/www/yoga/Yoga/Service/ChannelService.class.php 第 136 行.
NOTIC: [8] Trying to get property of non-object /var/www/yoga/Yoga/Shopkeeper/Controller/EmployeeController.class.php 第 93 行.
NOTIC: [8] Undefined variable: tail /var/www/yoga/Yoga/Shopkeeper/Controller/EmployeeController.class.php 第 133 行.
NOTIC: [2] explode() expects parameter 2 to be string, array given /var/www/yoga/Framework/Library/Think/Model.class.php 第 1426 行.
ERR: 1103:Incorrect table name ''
 [ SQL语句 ] : SHOW COLUMNS FROM ``
NOTIC: [2] explode() expects parameter 2 to be string, array given /var/www/yoga/Framework/Library/Think/Model.class.php 第 1426 行.
ERR: 1103:Incorrect table name ''
 [ SQL语句 ] : SHOW COLUMNS FROM ``

[ 2015-09-28T16:48:28+08:00 ] 127.0.0.1 /Shopkeeper/Employee/showAdd
INFO: [ app_init ] --START--
INFO: Run Behavior\BuildLiteBehavior [ RunTime:0.000016s ]
INFO: [ app_init ] --END-- [ RunTime:0.000080s ]
INFO: [ app_begin ] --START--
INFO: Run Behavior\ReadHtmlCacheBehavior [ RunTime:0.000028s ]
INFO: [ app_begin ] --END-- [ RunTime:0.000066s ]
NOTIC: [8192] mysql_connect(): The mysql extension is deprecated and will be removed in the future: use mysqli or PDO instead /var/www/yoga/Framework/Library/Think/Db/Driver/Mysql.class.php 第 52 行.
NOTIC: [2] Invalid argument supplied for foreach() /var/www/yoga/Yoga/Service/McService.class.php 第 372 行.
NOTIC: [2] Invalid argument supplied for foreach() /var/www/yoga/Yoga/Service/ChannelService.class.php 第 136 行.
INFO: [ view_parse ] --START--
INFO: [ template_filter ] --START--
INFO: Run Behavior\ContentReplaceBehavior [ RunTime:0.000068s ]
INFO: [ template_filter ] --END-- [ RunTime:0.000122s ]
NOTIC: [8] Undefined variable: employee /var/www/yoga/Runtime/Cache/Shopkeeper/9104cbe35dc237a6e139f5e22dd2b924.php 第 351 行.
NOTIC: [8] Undefined variable: employee /var/www/yoga/Runtime/Cache/Shopkeeper/9104cbe35dc237a6e139f5e22dd2b924.php 第 356 行.
NOTIC: [8] Undefined variable: employee /var/www/yoga/Runtime/Cache/Shopkeeper/9104cbe35dc237a6e139f5e22dd2b924.php 第 360 行.
NOTIC: [8] Undefined variable: employee /var/www/yoga/Runtime/Cache/Shopkeeper/9104cbe35dc237a6e139f5e22dd2b924.php 第 367 行.
NOTIC: [8] Undefined variable: employee /var/www/yoga/Runtime/Cache/Shopkeeper/9104cbe35dc237a6e139f5e22dd2b924.php 第 389 行.
NOTIC: [8] Undefined variable: employee /var/www/yoga/Runtime/Cache/Shopkeeper/9104cbe35dc237a6e139f5e22dd2b924.php 第 389 行.
NOTIC: [8] Undefined variable: employee /var/www/yoga/Runtime/Cache/Shopkeeper/9104cbe35dc237a6e139f5e22dd2b924.php 第 389 行.
NOTIC: [8] Undefined variable: employee /var/www/yoga/Runtime/Cache/Shopkeeper/9104cbe35dc237a6e139f5e22dd2b924.php 第 389 行.
NOTIC: [8] Undefined variable: employee /var/www/yoga/Runtime/Cache/Shopkeeper/9104cbe35dc237a6e139f5e22dd2b924.php 第 389 行.
NOTIC: [8] Undefined variable: employee /var/www/yoga/Runtime/Cache/Shopkeeper/9104cbe35dc237a6e139f5e22dd2b924.php 第 389 行.
NOTIC: [8] Undefined variable: employee /var/www/yoga/Runtime/Cache/Shopkeeper/9104cbe35dc237a6e139f5e22dd2b924.php 第 389 行.
NOTIC: [8] Undefined variable: employee /var/www/yoga/Runtime/Cache/Shopkeeper/9104cbe35dc237a6e139f5e22dd2b924.php 第 389 行.
NOTIC: [8] Undefined variable: employee /var/www/yoga/Runtime/Cache/Shopkeeper/9104cbe35dc237a6e139f5e22dd2b924.php 第 389 行.
NOTIC: [8] Use of undefined constant female - assumed 'female' /var/www/yoga/Runtime/Cache/Shopkeeper/9104cbe35dc237a6e139f5e22dd2b924.php 第 397 行.
NOTIC: [8] Undefined variable: employee /var/www/yoga/Runtime/Cache/Shopkeeper/9104cbe35dc237a6e139f5e22dd2b924.php 第 397 行.
NOTIC: [8] Undefined variable: employee /var/www/yoga/Runtime/Cache/Shopkeeper/9104cbe35dc237a6e139f5e22dd2b924.php 第 405 行.
NOTIC: [8] Undefined variable: employee /var/www/yoga/Runtime/Cache/Shopkeeper/9104cbe35dc237a6e139f5e22dd2b924.php 第 416 行.
NOTIC: [8] Undefined variable: employee /var/www/yoga/Runtime/Cache/Shopkeeper/9104cbe35dc237a6e139f5e22dd2b924.php 第 420 行.
NOTIC: [8] Undefined variable: employee /var/www/yoga/Runtime/Cache/Shopkeeper/9104cbe35dc237a6e139f5e22dd2b924.php 第 424 行.
NOTIC: [8] Undefined variable: employee /var/www/yoga/Runtime/Cache/Shopkeeper/9104cbe35dc237a6e139f5e22dd2b924.php 第 432 行.
NOTIC: [8] Undefined variable: employee /var/www/yoga/Runtime/Cache/Shopkeeper/9104cbe35dc237a6e139f5e22dd2b924.php 第 437 行.
NOTIC: [8] Undefined variable: employee /var/www/yoga/Runtime/Cache/Shopkeeper/9104cbe35dc237a6e139f5e22dd2b924.php 第 441 行.
NOTIC: [8] Undefined variable: employee /var/www/yoga/Runtime/Cache/Shopkeeper/9104cbe35dc237a6e139f5e22dd2b924.php 第 446 行.
NOTIC: [8] Undefined variable: employee /var/www/yoga/Runtime/Cache/Shopkeeper/9104cbe35dc237a6e139f5e22dd2b924.php 第 455 行.
NOTIC: [8] Undefined variable: employee /var/www/yoga/Runtime/Cache/Shopkeeper/9104cbe35dc237a6e139f5e22dd2b924.php 第 459 行.
NOTIC: [8] Undefined variable: employee /var/www/yoga/Runtime/Cache/Shopkeeper/9104cbe35dc237a6e139f5e22dd2b924.php 第 464 行.
NOTIC: [8] Undefined variable: employee /var/www/yoga/Runtime/Cache/Shopkeeper/9104cbe35dc237a6e139f5e22dd2b924.php 第 465 行.
NOTIC: [8] Undefined variable: employee /var/www/yoga/Runtime/Cache/Shopkeeper/9104cbe35dc237a6e139f5e22dd2b924.php 第 466 行.
NOTIC: [8] Undefined variable: employee /var/www/yoga/Runtime/Cache/Shopkeeper/9104cbe35dc237a6e139f5e22dd2b924.php 第 467 行.
NOTIC: [8] Undefined variable: employee /var/www/yoga/Runtime/Cache/Shopkeeper/9104cbe35dc237a6e139f5e22dd2b924.php 第 468 行.
NOTIC: [8] Undefined variable: employee /var/www/yoga/Runtime/Cache/Shopkeeper/9104cbe35dc237a6e139f5e22dd2b924.php 第 473 行.
NOTIC: [8] Undefined variable: employee /var/www/yoga/Runtime/Cache/Shopkeeper/9104cbe35dc237a6e139f5e22dd2b924.php 第 481 行.
NOTIC: [8] Undefined variable: employee /var/www/yoga/Runtime/Cache/Shopkeeper/9104cbe35dc237a6e139f5e22dd2b924.php 第 489 行.
NOTIC: [8] Undefined variable: employee /var/www/yoga/Runtime/Cache/Shopkeeper/9104cbe35dc237a6e139f5e22dd2b924.php 第 490 行.
NOTIC: [8] Undefined variable: employee /var/www/yoga/Runtime/Cache/Shopkeeper/9104cbe35dc237a6e139f5e22dd2b924.php 第 491 行.
NOTIC: [8] Undefined variable: employee /var/www/yoga/Runtime/Cache/Shopkeeper/9104cbe35dc237a6e139f5e22dd2b924.php 第 492 行.
NOTIC: [8] Undefined variable: employee /var/www/yoga/Runtime/Cache/Shopkeeper/9104cbe35dc237a6e139f5e22dd2b924.php 第 497 行.
NOTIC: [8] Undefined variable: employee /var/www/yoga/Runtime/Cache/Shopkeeper/9104cbe35dc237a6e139f5e22dd2b924.php 第 501 行.
NOTIC: [8] Undefined variable: employee /var/www/yoga/Runtime/Cache/Shopkeeper/9104cbe35dc237a6e139f5e22dd2b924.php 第 524 行.
NOTIC: [8] Undefined variable: roles /var/www/yoga/Runtime/Cache/Shopkeeper/9104cbe35dc237a6e139f5e22dd2b924.php 第 533 行.
NOTIC: [2] in_array() expects parameter 2 to be array, null given /var/www/yoga/Runtime/Cache/Shopkeeper/9104cbe35dc237a6e139f5e22dd2b924.php 第 533 行.
NOTIC: [8] Undefined variable: roles /var/www/yoga/Runtime/Cache/Shopkeeper/9104cbe35dc237a6e139f5e22dd2b924.php 第 533 行.
NOTIC: [2] in_array() expects parameter 2 to be array, null given /var/www/yoga/Runtime/Cache/Shopkeeper/9104cbe35dc237a6e139f5e22dd2b924.php 第 533 行.
NOTIC: [8] Undefined variable: roles /var/www/yoga/Runtime/Cache/Shopkeeper/9104cbe35dc237a6e139f5e22dd2b924.php 第 533 行.
NOTIC: [2] in_array() expects parameter 2 to be array, null given /var/www/yoga/Runtime/Cache/Shopkeeper/9104cbe35dc237a6e139f5e22dd2b924.php 第 533 行.
NOTIC: [8] Undefined variable: roles /var/www/yoga/Runtime/Cache/Shopkeeper/9104cbe35dc237a6e139f5e22dd2b924.php 第 533 行.
NOTIC: [2] in_array() expects parameter 2 to be array, null given /var/www/yoga/Runtime/Cache/Shopkeeper/9104cbe35dc237a6e139f5e22dd2b924.php 第 533 行.
NOTIC: [8] Undefined variable: roles /var/www/yoga/Runtime/Cache/Shopkeeper/9104cbe35dc237a6e139f5e22dd2b924.php 第 533 行.
NOTIC: [2] in_array() expects parameter 2 to be array, null given /var/www/yoga/Runtime/Cache/Shopkeeper/9104cbe35dc237a6e139f5e22dd2b924.php 第 533 行.
NOTIC: [8] Undefined variable: roles /var/www/yoga/Runtime/Cache/Shopkeeper/9104cbe35dc237a6e139f5e22dd2b924.php 第 533 行.
NOTIC: [2] in_array() expects parameter 2 to be array, null given /var/www/yoga/Runtime/Cache/Shopkeeper/9104cbe35dc237a6e139f5e22dd2b924.php 第 533 行.
NOTIC: [8] Undefined variable: roles /var/www/yoga/Runtime/Cache/Shopkeeper/9104cbe35dc237a6e139f5e22dd2b924.php 第 533 行.
NOTIC: [2] in_array() expects parameter 2 to be array, null given /var/www/yoga/Runtime/Cache/Shopkeeper/9104cbe35dc237a6e139f5e22dd2b924.php 第 533 行.
NOTIC: [8] Undefined variable: roles /var/www/yoga/Runtime/Cache/Shopkeeper/9104cbe35dc237a6e139f5e22dd2b924.php 第 533 行.
NOTIC: [2] in_array() expects parameter 2 to be array, null given /var/www/yoga/Runtime/Cache/Shopkeeper/9104cbe35dc237a6e139f5e22dd2b924.php 第 533 行.
NOTIC: [8] Undefined variable: roles /var/www/yoga/Runtime/Cache/Shopkeeper/9104cbe35dc237a6e139f5e22dd2b924.php 第 533 行.
NOTIC: [2] in_array() expects parameter 2 to be array, null given /var/www/yoga/Runtime/Cache/Shopkeeper/9104cbe35dc237a6e139f5e22dd2b924.php 第 533 行.
NOTIC: [8] Undefined variable: roles /var/www/yoga/Runtime/Cache/Shopkeeper/9104cbe35dc237a6e139f5e22dd2b924.php 第 533 行.
NOTIC: [2] in_array() expects parameter 2 to be array, null given /var/www/yoga/Runtime/Cache/Shopkeeper/9104cbe35dc237a6e139f5e22dd2b924.php 第 533 行.
INFO: Run Behavior\ParseTemplateBehavior [ RunTime:0.101221s ]
INFO: [ view_parse ] --END-- [ RunTime:0.101274s ]
INFO: [ view_filter ] --START--
INFO: Run Behavior\WriteHtmlCacheBehavior [ RunTime:0.000044s ]
INFO: Run Behavior\TokenBuildBehavior [ RunTime:0.000032s ]
INFO: [ view_filter ] --END-- [ RunTime:0.000124s ]
INFO: [ app_end ] --START--
INFO: Run Behavior\ShowPageTraceBehavior [ RunTime:0.000029s ]
INFO: [ app_end ] --END-- [ RunTime:0.000065s ]

[ 2015-09-28T16:48:43+08:00 ] 127.0.0.1 /index.php/Shopkeeper/Employee/add.html
INFO: [ app_init ] --START--
INFO: Run Behavior\BuildLiteBehavior [ RunTime:0.000025s ]
INFO: [ app_init ] --END-- [ RunTime:0.000121s ]
INFO: [ app_begin ] --START--
INFO: Run Behavior\ReadHtmlCacheBehavior [ RunTime:0.000055s ]
INFO: [ app_begin ] --END-- [ RunTime:0.000116s ]
NOTIC: [8192] mysql_connect(): The mysql extension is deprecated and will be removed in the future: use mysqli or PDO instead /var/www/yoga/Framework/Library/Think/Db/Driver/Mysql.class.php 第 52 行.
NOTIC: [2] Invalid argument supplied for foreach() /var/www/yoga/Yoga/Service/McService.class.php 第 372 行.
NOTIC: [2] Invalid argument supplied for foreach() /var/www/yoga/Yoga/Service/ChannelService.class.php 第 136 行.
INFO: [ view_parse ] --START--
INFO: [ template_filter ] --START--
INFO: Run Behavior\ContentReplaceBehavior [ RunTime:0.000029s ]
INFO: [ template_filter ] --END-- [ RunTime:0.000077s ]
INFO: Run Behavior\ParseTemplateBehavior [ RunTime:0.001309s ]
INFO: [ view_parse ] --END-- [ RunTime:0.001364s ]
INFO: [ view_filter ] --START--
INFO: Run Behavior\WriteHtmlCacheBehavior [ RunTime:0.000058s ]
INFO: Run Behavior\TokenBuildBehavior [ RunTime:0.000029s ]
INFO: [ view_filter ] --END-- [ RunTime:0.000159s ]
INFO: [ app_end ] --START--
INFO: Run Behavior\ShowPageTraceBehavior [ RunTime:0.000044s ]
INFO: [ app_end ] --END-- [ RunTime:0.000089s ]

[ 2015-09-28T16:48:44+08:00 ] 127.0.0.1 /index.php/Shopkeeper/Employee/index.html
INFO: [ app_init ] --START--
INFO: Run Behavior\BuildLiteBehavior [ RunTime:0.000068s ]
INFO: [ app_init ] --END-- [ RunTime:0.000388s ]
INFO: [ app_begin ] --START--
INFO: Run Behavior\ReadHtmlCacheBehavior [ RunTime:0.000066s ]
INFO: [ app_begin ] --END-- [ RunTime:0.000146s ]
NOTIC: [8192] mysql_connect(): The mysql extension is deprecated and will be removed in the future: use mysqli or PDO instead /var/www/yoga/Framework/Library/Think/Db/Driver/Mysql.class.php 第 52 行.
NOTIC: [2] Invalid argument supplied for foreach() /var/www/yoga/Yoga/Service/McService.class.php 第 372 行.
NOTIC: [2] Invalid argument supplied for foreach() /var/www/yoga/Yoga/Service/ChannelService.class.php 第 136 行.
INFO: [ view_parse ] --START--
INFO: [ template_filter ] --START--
INFO: Run Behavior\ContentReplaceBehavior [ RunTime:0.000083s ]
INFO: [ template_filter ] --END-- [ RunTime:0.000147s ]
INFO: Run Behavior\ParseTemplateBehavior [ RunTime:0.016035s ]
INFO: [ view_parse ] --END-- [ RunTime:0.016100s ]
INFO: [ view_filter ] --START--
INFO: Run Behavior\WriteHtmlCacheBehavior [ RunTime:0.000042s ]
INFO: Run Behavior\TokenBuildBehavior [ RunTime:0.000034s ]
INFO: [ view_filter ] --END-- [ RunTime:0.000127s ]
INFO: [ app_end ] --START--
INFO: Run Behavior\ShowPageTraceBehavior [ RunTime:0.000032s ]
INFO: [ app_end ] --END-- [ RunTime:0.000074s ]

[ 2015-09-28T16:48:45+08:00 ] 127.0.0.1 /Shopkeeper/Employee/getEmployees
INFO: [ app_init ] --START--
INFO: Run Behavior\BuildLiteBehavior [ RunTime:0.000025s ]
INFO: [ app_init ] --END-- [ RunTime:0.000116s ]
INFO: [ app_begin ] --START--
INFO: Run Behavior\ReadHtmlCacheBehavior [ RunTime:0.000036s ]
INFO: [ app_begin ] --END-- [ RunTime:0.000085s ]
NOTIC: [8192] mysql_connect(): The mysql extension is deprecated and will be removed in the future: use mysqli or PDO instead /var/www/yoga/Framework/Library/Think/Db/Driver/Mysql.class.php 第 52 行.
NOTIC: [2] Invalid argument supplied for foreach() /var/www/yoga/Yoga/Service/McService.class.php 第 372 行.
NOTIC: [2] Invalid argument supplied for foreach() /var/www/yoga/Yoga/Service/ChannelService.class.php 第 136 行.
NOTIC: [8] Trying to get property of non-object /var/www/yoga/Yoga/Shopkeeper/Controller/EmployeeController.class.php 第 93 行.
NOTIC: [8] Undefined variable: tail /var/www/yoga/Yoga/Shopkeeper/Controller/EmployeeController.class.php 第 133 行.
NOTIC: [2] explode() expects parameter 2 to be string, array given /var/www/yoga/Framework/Library/Think/Model.class.php 第 1426 行.
ERR: 1103:Incorrect table name ''
 [ SQL语句 ] : SHOW COLUMNS FROM ``
NOTIC: [2] explode() expects parameter 2 to be string, array given /var/www/yoga/Framework/Library/Think/Model.class.php 第 1426 行.
ERR: 1103:Incorrect table name ''
 [ SQL语句 ] : SHOW COLUMNS FROM ``
NOTIC: [2] explode() expects parameter 2 to be string, array given /var/www/yoga/Framework/Library/Think/Model.class.php 第 1426 行.
ERR: 1103:Incorrect table name ''
 [ SQL语句 ] : SHOW COLUMNS FROM ``

