[ 2015-10-21T13:59:29+08:00 ] 127.0.0.1 /index.php/Shopkeeper/Employee/index.html
INFO: [ app_init ] --START--
INFO: Run Behavior\BuildLiteBehavior [ RunTime:0.000047s ]
INFO: [ app_init ] --END-- [ RunTime:0.000286s ]
INFO: [ app_begin ] --START--
INFO: Run Behavior\ReadHtmlCacheBehavior [ RunTime:0.000119s ]
INFO: [ app_begin ] --END-- [ RunTime:0.000255s ]
NOTIC: [8192] mysql_connect(): The mysql extension is deprecated and will be removed in the future: use mysqli or PDO instead /var/www/yoga/Framework/Library/Think/Db/Driver/Mysql.class.php 第 52 行.
NOTIC: [2] Invalid argument supplied for foreach() /var/www/yoga/Yoga/Service/McService.class.php 第 372 行.
NOTIC: [2] Invalid argument supplied for foreach() /var/www/yoga/Yoga/Service/ChannelService.class.php 第 136 行.
INFO: [ view_parse ] --START--
INFO: [ template_filter ] --START--
INFO: Run Behavior\ContentReplaceBehavior [ RunTime:0.000085s ]
INFO: [ template_filter ] --END-- [ RunTime:0.000148s ]
INFO: Run Behavior\ParseTemplateBehavior [ RunTime:0.037086s ]
INFO: [ view_parse ] --END-- [ RunTime:0.037371s ]
INFO: [ view_filter ] --START--
INFO: Run Behavior\WriteHtmlCacheBehavior [ RunTime:0.000363s ]
INFO: Run Behavior\TokenBuildBehavior [ RunTime:0.000278s ]
INFO: [ view_filter ] --END-- [ RunTime:0.001206s ]
INFO: [ app_end ] --START--
INFO: Run Behavior\ShowPageTraceBehavior [ RunTime:0.000050s ]
INFO: [ app_end ] --END-- [ RunTime:0.000089s ]

[ 2015-10-21T13:59:30+08:00 ] 127.0.0.1 /Shopkeeper/Employee/getEmployees
INFO: [ app_init ] --START--
INFO: Run Behavior\BuildLiteBehavior [ RunTime:0.000030s ]
INFO: [ app_init ] --END-- [ RunTime:0.000128s ]
INFO: [ app_begin ] --START--
INFO: Run Behavior\ReadHtmlCacheBehavior [ RunTime:0.000042s ]
INFO: [ app_begin ] --END-- [ RunTime:0.000096s ]
NOTIC: [8192] mysql_connect(): The mysql extension is deprecated and will be removed in the future: use mysqli or PDO instead /var/www/yoga/Framework/Library/Think/Db/Driver/Mysql.class.php 第 52 行.
NOTIC: [2] Invalid argument supplied for foreach() /var/www/yoga/Yoga/Service/McService.class.php 第 372 行.
NOTIC: [2] Invalid argument supplied for foreach() /var/www/yoga/Yoga/Service/ChannelService.class.php 第 136 行.
NOTIC: [8] Trying to get property of non-object /var/www/yoga/Yoga/Shopkeeper/Controller/EmployeeController.class.php 第 94 行.
NOTIC: [8] Undefined variable: tail /var/www/yoga/Yoga/Shopkeeper/Controller/EmployeeController.class.php 第 134 行.
NOTIC: [2] explode() expects parameter 2 to be string, array given /var/www/yoga/Framework/Library/Think/Model.class.php 第 1426 行.
ERR: 1103:Incorrect table name ''
 [ SQL语句 ] : SHOW COLUMNS FROM ``

[ 2015-10-21T13:59:40+08:00 ] 127.0.0.1 /Shopkeeper/Employee/showEdit/id/2476
INFO: [ app_init ] --START--
INFO: Run Behavior\BuildLiteBehavior [ RunTime:0.000031s ]
INFO: [ app_init ] --END-- [ RunTime:0.000141s ]
INFO: [ app_begin ] --START--
INFO: Run Behavior\ReadHtmlCacheBehavior [ RunTime:0.000082s ]
INFO: [ app_begin ] --END-- [ RunTime:0.000194s ]
NOTIC: [8192] mysql_connect(): The mysql extension is deprecated and will be removed in the future: use mysqli or PDO instead /var/www/yoga/Framework/Library/Think/Db/Driver/Mysql.class.php 第 52 行.
NOTIC: [2] Invalid argument supplied for foreach() /var/www/yoga/Yoga/Service/McService.class.php 第 372 行.
NOTIC: [2] Invalid argument supplied for foreach() /var/www/yoga/Yoga/Service/ChannelService.class.php 第 136 行.
INFO: [ view_parse ] --START--
INFO: [ template_filter ] --START--
INFO: Run Behavior\ContentReplaceBehavior [ RunTime:0.000028s ]
INFO: [ template_filter ] --END-- [ RunTime:0.000079s ]
INFO: Run Behavior\ParseTemplateBehavior [ RunTime:0.001241s ]
INFO: [ view_parse ] --END-- [ RunTime:0.001293s ]
INFO: [ view_filter ] --START--
INFO: Run Behavior\WriteHtmlCacheBehavior [ RunTime:0.000034s ]
INFO: Run Behavior\TokenBuildBehavior [ RunTime:0.000024s ]
INFO: [ view_filter ] --END-- [ RunTime:0.000107s ]

[ 2015-10-21T13:59:43+08:00 ] 127.0.0.1 /Shopkeeper/Employee/getEmployees
INFO: [ app_init ] --START--
INFO: Run Behavior\BuildLiteBehavior [ RunTime:0.000029s ]
INFO: [ app_init ] --END-- [ RunTime:0.000130s ]
INFO: [ app_begin ] --START--
INFO: Run Behavior\ReadHtmlCacheBehavior [ RunTime:0.000047s ]
INFO: [ app_begin ] --END-- [ RunTime:0.000100s ]
NOTIC: [8192] mysql_connect(): The mysql extension is deprecated and will be removed in the future: use mysqli or PDO instead /var/www/yoga/Framework/Library/Think/Db/Driver/Mysql.class.php 第 52 行.
NOTIC: [2] Invalid argument supplied for foreach() /var/www/yoga/Yoga/Service/McService.class.php 第 372 行.
NOTIC: [2] Invalid argument supplied for foreach() /var/www/yoga/Yoga/Service/ChannelService.class.php 第 136 行.
NOTIC: [8] Trying to get property of non-object /var/www/yoga/Yoga/Shopkeeper/Controller/EmployeeController.class.php 第 94 行.
NOTIC: [8] Undefined variable: tail /var/www/yoga/Yoga/Shopkeeper/Controller/EmployeeController.class.php 第 134 行.
NOTIC: [2] explode() expects parameter 2 to be string, array given /var/www/yoga/Framework/Library/Think/Model.class.php 第 1426 行.
ERR: 1103:Incorrect table name ''
 [ SQL语句 ] : SHOW COLUMNS FROM ``

[ 2015-10-21T13:59:46+08:00 ] 127.0.0.1 /Shopkeeper/Employee/getEmployees
INFO: [ app_init ] --START--
INFO: Run Behavior\BuildLiteBehavior [ RunTime:0.000026s ]
INFO: [ app_init ] --END-- [ RunTime:0.000129s ]
INFO: [ app_begin ] --START--
INFO: Run Behavior\ReadHtmlCacheBehavior [ RunTime:0.000050s ]
INFO: [ app_begin ] --END-- [ RunTime:0.000106s ]
NOTIC: [8192] mysql_connect(): The mysql extension is deprecated and will be removed in the future: use mysqli or PDO instead /var/www/yoga/Framework/Library/Think/Db/Driver/Mysql.class.php 第 52 行.
NOTIC: [2] Invalid argument supplied for foreach() /var/www/yoga/Yoga/Service/McService.class.php 第 372 行.
NOTIC: [2] Invalid argument supplied for foreach() /var/www/yoga/Yoga/Service/ChannelService.class.php 第 136 行.
NOTIC: [8] Undefined variable: tail /var/www/yoga/Yoga/Shopkeeper/Controller/EmployeeController.class.php 第 134 行.
NOTIC: [2] explode() expects parameter 2 to be string, array given /var/www/yoga/Framework/Library/Think/Model.class.php 第 1426 行.
ERR: 1103:Incorrect table name ''
 [ SQL语句 ] : SHOW COLUMNS FROM ``

[ 2015-10-21T13:59:50+08:00 ] 127.0.0.1 /Shopkeeper/Employee/getEmployees
INFO: [ app_init ] --START--
INFO: Run Behavior\BuildLiteBehavior [ RunTime:0.000027s ]
INFO: [ app_init ] --END-- [ RunTime:0.000122s ]
INFO: [ app_begin ] --START--
INFO: Run Behavior\ReadHtmlCacheBehavior [ RunTime:0.000058s ]
INFO: [ app_begin ] --END-- [ RunTime:0.000111s ]
NOTIC: [8192] mysql_connect(): The mysql extension is deprecated and will be removed in the future: use mysqli or PDO instead /var/www/yoga/Framework/Library/Think/Db/Driver/Mysql.class.php 第 52 行.
NOTIC: [2] Invalid argument supplied for foreach() /var/www/yoga/Yoga/Service/McService.class.php 第 372 行.
NOTIC: [2] Invalid argument supplied for foreach() /var/www/yoga/Yoga/Service/ChannelService.class.php 第 136 行.
NOTIC: [8] Undefined variable: tail /var/www/yoga/Yoga/Shopkeeper/Controller/EmployeeController.class.php 第 134 行.

[ 2015-10-21T14:02:37+08:00 ] 127.0.0.1 /index.php/Shopkeeper/Employee/index.html
INFO: [ app_init ] --START--
INFO: Run Behavior\BuildLiteBehavior [ RunTime:0.000021s ]
INFO: [ app_init ] --END-- [ RunTime:0.000091s ]
INFO: [ app_begin ] --START--
INFO: Run Behavior\ReadHtmlCacheBehavior [ RunTime:0.000033s ]
INFO: [ app_begin ] --END-- [ RunTime:0.000070s ]
NOTIC: [8192] mysql_connect(): The mysql extension is deprecated and will be removed in the future: use mysqli or PDO instead /var/www/yoga/Framework/Library/Think/Db/Driver/Mysql.class.php 第 52 行.
NOTIC: [2] Invalid argument supplied for foreach() /var/www/yoga/Yoga/Service/McService.class.php 第 372 行.
NOTIC: [2] Invalid argument supplied for foreach() /var/www/yoga/Yoga/Service/ChannelService.class.php 第 136 行.
INFO: [ view_parse ] --START--
INFO: [ template_filter ] --START--
INFO: Run Behavior\ContentReplaceBehavior [ RunTime:0.000070s ]
INFO: [ template_filter ] --END-- [ RunTime:0.000133s ]
INFO: Run Behavior\ParseTemplateBehavior [ RunTime:0.012566s ]
INFO: [ view_parse ] --END-- [ RunTime:0.012629s ]
INFO: [ view_filter ] --START--
INFO: Run Behavior\WriteHtmlCacheBehavior [ RunTime:0.000044s ]
INFO: Run Behavior\TokenBuildBehavior [ RunTime:0.000038s ]
INFO: [ view_filter ] --END-- [ RunTime:0.000136s ]
INFO: [ app_end ] --START--
INFO: Run Behavior\ShowPageTraceBehavior [ RunTime:0.000031s ]
INFO: [ app_end ] --END-- [ RunTime:0.000067s ]

[ 2015-10-21T14:02:37+08:00 ] 127.0.0.1 /Shopkeeper/Employee/getEmployees
INFO: [ app_init ] --START--
INFO: Run Behavior\BuildLiteBehavior [ RunTime:0.000025s ]
INFO: [ app_init ] --END-- [ RunTime:0.000111s ]
INFO: [ app_begin ] --START--
INFO: Run Behavior\ReadHtmlCacheBehavior [ RunTime:0.000033s ]
INFO: [ app_begin ] --END-- [ RunTime:0.000083s ]
NOTIC: [8192] mysql_connect(): The mysql extension is deprecated and will be removed in the future: use mysqli or PDO instead /var/www/yoga/Framework/Library/Think/Db/Driver/Mysql.class.php 第 52 行.
NOTIC: [2] Invalid argument supplied for foreach() /var/www/yoga/Yoga/Service/McService.class.php 第 372 行.
NOTIC: [2] Invalid argument supplied for foreach() /var/www/yoga/Yoga/Service/ChannelService.class.php 第 136 行.
NOTIC: [8] Trying to get property of non-object /var/www/yoga/Yoga/Shopkeeper/Controller/EmployeeController.class.php 第 94 行.
NOTIC: [8] Undefined variable: tail /var/www/yoga/Yoga/Shopkeeper/Controller/EmployeeController.class.php 第 134 行.
NOTIC: [2] explode() expects parameter 2 to be string, array given /var/www/yoga/Framework/Library/Think/Model.class.php 第 1426 行.
ERR: 1103:Incorrect table name ''
 [ SQL语句 ] : SHOW COLUMNS FROM ``

[ 2015-10-21T14:02:38+08:00 ] 127.0.0.1 /Shopkeeper/Employee/showAdd
INFO: [ app_init ] --START--
INFO: Run Behavior\BuildLiteBehavior [ RunTime:0.000062s ]
INFO: [ app_init ] --END-- [ RunTime:0.000324s ]
INFO: [ app_begin ] --START--
INFO: Run Behavior\ReadHtmlCacheBehavior [ RunTime:0.000163s ]
INFO: [ app_begin ] --END-- [ RunTime:0.000427s ]
NOTIC: [8192] mysql_connect(): The mysql extension is deprecated and will be removed in the future: use mysqli or PDO instead /var/www/yoga/Framework/Library/Think/Db/Driver/Mysql.class.php 第 52 行.
NOTIC: [2] Invalid argument supplied for foreach() /var/www/yoga/Yoga/Service/McService.class.php 第 372 行.
NOTIC: [2] Invalid argument supplied for foreach() /var/www/yoga/Yoga/Service/ChannelService.class.php 第 136 行.
INFO: [ view_parse ] --START--
INFO: [ template_filter ] --START--
INFO: Run Behavior\ContentReplaceBehavior [ RunTime:0.000103s ]
INFO: [ template_filter ] --END-- [ RunTime:0.000184s ]
NOTIC: [8] Undefined variable: employee /var/www/yoga/Runtime/Cache/Shopkeeper/9104cbe35dc237a6e139f5e22dd2b924.php 第 351 行.
NOTIC: [8] Undefined variable: employee /var/www/yoga/Runtime/Cache/Shopkeeper/9104cbe35dc237a6e139f5e22dd2b924.php 第 356 行.
NOTIC: [8] Undefined variable: employee /var/www/yoga/Runtime/Cache/Shopkeeper/9104cbe35dc237a6e139f5e22dd2b924.php 第 360 行.
NOTIC: [8] Undefined variable: employee /var/www/yoga/Runtime/Cache/Shopkeeper/9104cbe35dc237a6e139f5e22dd2b924.php 第 367 行.
NOTIC: [8] Undefined variable: employee /var/www/yoga/Runtime/Cache/Shopkeeper/9104cbe35dc237a6e139f5e22dd2b924.php 第 389 行.
NOTIC: [8] Undefined variable: employee /var/www/yoga/Runtime/Cache/Shopkeeper/9104cbe35dc237a6e139f5e22dd2b924.php 第 389 行.
NOTIC: [8] Undefined variable: employee /var/www/yoga/Runtime/Cache/Shopkeeper/9104cbe35dc237a6e139f5e22dd2b924.php 第 389 行.
NOTIC: [8] Undefined variable: employee /var/www/yoga/Runtime/Cache/Shopkeeper/9104cbe35dc237a6e139f5e22dd2b924.php 第 389 行.
NOTIC: [8] Undefined variable: employee /var/www/yoga/Runtime/Cache/Shopkeeper/9104cbe35dc237a6e139f5e22dd2b924.php 第 389 行.
NOTIC: [8] Undefined variable: employee /var/www/yoga/Runtime/Cache/Shopkeeper/9104cbe35dc237a6e139f5e22dd2b924.php 第 389 行.
NOTIC: [8] Undefined variable: employee /var/www/yoga/Runtime/Cache/Shopkeeper/9104cbe35dc237a6e139f5e22dd2b924.php 第 389 行.
NOTIC: [8] Undefined variable: employee /var/www/yoga/Runtime/Cache/Shopkeeper/9104cbe35dc237a6e139f5e22dd2b924.php 第 389 行.
NOTIC: [8] Undefined variable: employee /var/www/yoga/Runtime/Cache/Shopkeeper/9104cbe35dc237a6e139f5e22dd2b924.php 第 389 行.
NOTIC: [8] Use of undefined constant female - assumed 'female' /var/www/yoga/Runtime/Cache/Shopkeeper/9104cbe35dc237a6e139f5e22dd2b924.php 第 397 行.
NOTIC: [8] Undefined variable: employee /var/www/yoga/Runtime/Cache/Shopkeeper/9104cbe35dc237a6e139f5e22dd2b924.php 第 397 行.
NOTIC: [8] Undefined variable: employee /var/www/yoga/Runtime/Cache/Shopkeeper/9104cbe35dc237a6e139f5e22dd2b924.php 第 405 行.
NOTIC: [8] Undefined variable: employee /var/www/yoga/Runtime/Cache/Shopkeeper/9104cbe35dc237a6e139f5e22dd2b924.php 第 416 行.
NOTIC: [8] Undefined variable: employee /var/www/yoga/Runtime/Cache/Shopkeeper/9104cbe35dc237a6e139f5e22dd2b924.php 第 420 行.
NOTIC: [8] Undefined variable: employee /var/www/yoga/Runtime/Cache/Shopkeeper/9104cbe35dc237a6e139f5e22dd2b924.php 第 424 行.
NOTIC: [8] Undefined variable: employee /var/www/yoga/Runtime/Cache/Shopkeeper/9104cbe35dc237a6e139f5e22dd2b924.php 第 432 行.
NOTIC: [8] Undefined variable: employee /var/www/yoga/Runtime/Cache/Shopkeeper/9104cbe35dc237a6e139f5e22dd2b924.php 第 437 行.
NOTIC: [8] Undefined variable: employee /var/www/yoga/Runtime/Cache/Shopkeeper/9104cbe35dc237a6e139f5e22dd2b924.php 第 441 行.
NOTIC: [8] Undefined variable: employee /var/www/yoga/Runtime/Cache/Shopkeeper/9104cbe35dc237a6e139f5e22dd2b924.php 第 446 行.
NOTIC: [8] Undefined variable: employee /var/www/yoga/Runtime/Cache/Shopkeeper/9104cbe35dc237a6e139f5e22dd2b924.php 第 455 行.
NOTIC: [8] Undefined variable: employee /var/www/yoga/Runtime/Cache/Shopkeeper/9104cbe35dc237a6e139f5e22dd2b924.php 第 459 行.
NOTIC: [8] Undefined variable: employee /var/www/yoga/Runtime/Cache/Shopkeeper/9104cbe35dc237a6e139f5e22dd2b924.php 第 464 行.
NOTIC: [8] Undefined variable: employee /var/www/yoga/Runtime/Cache/Shopkeeper/9104cbe35dc237a6e139f5e22dd2b924.php 第 465 行.
NOTIC: [8] Undefined variable: employee /var/www/yoga/Runtime/Cache/Shopkeeper/9104cbe35dc237a6e139f5e22dd2b924.php 第 466 行.
NOTIC: [8] Undefined variable: employee /var/www/yoga/Runtime/Cache/Shopkeeper/9104cbe35dc237a6e139f5e22dd2b924.php 第 467 行.
NOTIC: [8] Undefined variable: employee /var/www/yoga/Runtime/Cache/Shopkeeper/9104cbe35dc237a6e139f5e22dd2b924.php 第 468 行.
NOTIC: [8] Undefined variable: employee /var/www/yoga/Runtime/Cache/Shopkeeper/9104cbe35dc237a6e139f5e22dd2b924.php 第 473 行.
NOTIC: [8] Undefined variable: employee /var/www/yoga/Runtime/Cache/Shopkeeper/9104cbe35dc237a6e139f5e22dd2b924.php 第 481 行.
NOTIC: [8] Undefined variable: employee /var/www/yoga/Runtime/Cache/Shopkeeper/9104cbe35dc237a6e139f5e22dd2b924.php 第 489 行.
NOTIC: [8] Undefined variable: employee /var/www/yoga/Runtime/Cache/Shopkeeper/9104cbe35dc237a6e139f5e22dd2b924.php 第 490 行.
NOTIC: [8] Undefined variable: employee /var/www/yoga/Runtime/Cache/Shopkeeper/9104cbe35dc237a6e139f5e22dd2b924.php 第 491 行.
NOTIC: [8] Undefined variable: employee /var/www/yoga/Runtime/Cache/Shopkeeper/9104cbe35dc237a6e139f5e22dd2b924.php 第 492 行.
NOTIC: [8] Undefined variable: employee /var/www/yoga/Runtime/Cache/Shopkeeper/9104cbe35dc237a6e139f5e22dd2b924.php 第 497 行.
NOTIC: [8] Undefined variable: employee /var/www/yoga/Runtime/Cache/Shopkeeper/9104cbe35dc237a6e139f5e22dd2b924.php 第 501 行.
NOTIC: [8] Undefined variable: employee /var/www/yoga/Runtime/Cache/Shopkeeper/9104cbe35dc237a6e139f5e22dd2b924.php 第 524 行.
NOTIC: [8] Undefined variable: roles /var/www/yoga/Runtime/Cache/Shopkeeper/9104cbe35dc237a6e139f5e22dd2b924.php 第 533 行.
NOTIC: [2] in_array() expects parameter 2 to be array, null given /var/www/yoga/Runtime/Cache/Shopkeeper/9104cbe35dc237a6e139f5e22dd2b924.php 第 533 行.
NOTIC: [8] Undefined variable: roles /var/www/yoga/Runtime/Cache/Shopkeeper/9104cbe35dc237a6e139f5e22dd2b924.php 第 533 行.
NOTIC: [2] in_array() expects parameter 2 to be array, null given /var/www/yoga/Runtime/Cache/Shopkeeper/9104cbe35dc237a6e139f5e22dd2b924.php 第 533 行.
NOTIC: [8] Undefined variable: roles /var/www/yoga/Runtime/Cache/Shopkeeper/9104cbe35dc237a6e139f5e22dd2b924.php 第 533 行.
NOTIC: [2] in_array() expects parameter 2 to be array, null given /var/www/yoga/Runtime/Cache/Shopkeeper/9104cbe35dc237a6e139f5e22dd2b924.php 第 533 行.
NOTIC: [8] Undefined variable: roles /var/www/yoga/Runtime/Cache/Shopkeeper/9104cbe35dc237a6e139f5e22dd2b924.php 第 533 行.
NOTIC: [2] in_array() expects parameter 2 to be array, null given /var/www/yoga/Runtime/Cache/Shopkeeper/9104cbe35dc237a6e139f5e22dd2b924.php 第 533 行.
NOTIC: [8] Undefined variable: roles /var/www/yoga/Runtime/Cache/Shopkeeper/9104cbe35dc237a6e139f5e22dd2b924.php 第 533 行.
NOTIC: [2] in_array() expects parameter 2 to be array, null given /var/www/yoga/Runtime/Cache/Shopkeeper/9104cbe35dc237a6e139f5e22dd2b924.php 第 533 行.
NOTIC: [8] Undefined variable: roles /var/www/yoga/Runtime/Cache/Shopkeeper/9104cbe35dc237a6e139f5e22dd2b924.php 第 533 行.
NOTIC: [2] in_array() expects parameter 2 to be array, null given /var/www/yoga/Runtime/Cache/Shopkeeper/9104cbe35dc237a6e139f5e22dd2b924.php 第 533 行.
NOTIC: [8] Undefined variable: roles /var/www/yoga/Runtime/Cache/Shopkeeper/9104cbe35dc237a6e139f5e22dd2b924.php 第 533 行.
NOTIC: [2] in_array() expects parameter 2 to be array, null given /var/www/yoga/Runtime/Cache/Shopkeeper/9104cbe35dc237a6e139f5e22dd2b924.php 第 533 行.
NOTIC: [8] Undefined variable: roles /var/www/yoga/Runtime/Cache/Shopkeeper/9104cbe35dc237a6e139f5e22dd2b924.php 第 533 行.
NOTIC: [2] in_array() expects parameter 2 to be array, null given /var/www/yoga/Runtime/Cache/Shopkeeper/9104cbe35dc237a6e139f5e22dd2b924.php 第 533 行.
NOTIC: [8] Undefined variable: roles /var/www/yoga/Runtime/Cache/Shopkeeper/9104cbe35dc237a6e139f5e22dd2b924.php 第 533 行.
NOTIC: [2] in_array() expects parameter 2 to be array, null given /var/www/yoga/Runtime/Cache/Shopkeeper/9104cbe35dc237a6e139f5e22dd2b924.php 第 533 行.
NOTIC: [8] Undefined variable: roles /var/www/yoga/Runtime/Cache/Shopkeeper/9104cbe35dc237a6e139f5e22dd2b924.php 第 533 行.
NOTIC: [2] in_array() expects parameter 2 to be array, null given /var/www/yoga/Runtime/Cache/Shopkeeper/9104cbe35dc237a6e139f5e22dd2b924.php 第 533 行.
NOTIC: [8] Undefined variable: roles /var/www/yoga/Runtime/Cache/Shopkeeper/9104cbe35dc237a6e139f5e22dd2b924.php 第 533 行.
NOTIC: [2] in_array() expects parameter 2 to be array, null given /var/www/yoga/Runtime/Cache/Shopkeeper/9104cbe35dc237a6e139f5e22dd2b924.php 第 533 行.
NOTIC: [8] Undefined variable: roles /var/www/yoga/Runtime/Cache/Shopkeeper/9104cbe35dc237a6e139f5e22dd2b924.php 第 533 行.
NOTIC: [2] in_array() expects parameter 2 to be array, null given /var/www/yoga/Runtime/Cache/Shopkeeper/9104cbe35dc237a6e139f5e22dd2b924.php 第 533 行.
NOTIC: [8] Undefined variable: employee /var/www/yoga/Runtime/Cache/Shopkeeper/9104cbe35dc237a6e139f5e22dd2b924.php 第 543 行.
INFO: Run Behavior\ParseTemplateBehavior [ RunTime:0.045281s ]
INFO: [ view_parse ] --END-- [ RunTime:0.045332s ]
INFO: [ view_filter ] --START--
INFO: Run Behavior\WriteHtmlCacheBehavior [ RunTime:0.000034s ]
INFO: Run Behavior\TokenBuildBehavior [ RunTime:0.000030s ]
INFO: [ view_filter ] --END-- [ RunTime:0.000111s ]
INFO: [ app_end ] --START--
INFO: Run Behavior\ShowPageTraceBehavior [ RunTime:0.000027s ]
INFO: [ app_end ] --END-- [ RunTime:0.000062s ]

[ 2015-10-21T14:12:43+08:00 ] 127.0.0.1 /index.php/Shopkeeper/Employee/add.html
INFO: [ app_init ] --START--
INFO: Run Behavior\BuildLiteBehavior [ RunTime:0.000020s ]
INFO: [ app_init ] --END-- [ RunTime:0.000113s ]
INFO: [ app_begin ] --START--
INFO: Run Behavior\ReadHtmlCacheBehavior [ RunTime:0.000044s ]
INFO: [ app_begin ] --END-- [ RunTime:0.000102s ]
NOTIC: [8192] mysql_connect(): The mysql extension is deprecated and will be removed in the future: use mysqli or PDO instead /var/www/yoga/Framework/Library/Think/Db/Driver/Mysql.class.php 第 52 行.
NOTIC: [2] Invalid argument supplied for foreach() /var/www/yoga/Yoga/Service/McService.class.php 第 372 行.
NOTIC: [2] Invalid argument supplied for foreach() /var/www/yoga/Yoga/Service/ChannelService.class.php 第 136 行.
INFO: [ view_parse ] --START--
INFO: [ template_filter ] --START--
INFO: Run Behavior\ContentReplaceBehavior [ RunTime:0.000026s ]
INFO: [ template_filter ] --END-- [ RunTime:0.000074s ]
INFO: Run Behavior\ParseTemplateBehavior [ RunTime:0.001405s ]
INFO: [ view_parse ] --END-- [ RunTime:0.001453s ]
INFO: [ view_filter ] --START--
INFO: Run Behavior\WriteHtmlCacheBehavior [ RunTime:0.000033s ]
INFO: Run Behavior\TokenBuildBehavior [ RunTime:0.000024s ]
INFO: [ view_filter ] --END-- [ RunTime:0.000107s ]
INFO: [ app_end ] --START--
INFO: Run Behavior\ShowPageTraceBehavior [ RunTime:0.000027s ]
INFO: [ app_end ] --END-- [ RunTime:0.000058s ]

[ 2015-10-21T14:12:44+08:00 ] 127.0.0.1 /index.php/Shopkeeper/Employee/index.html
INFO: [ app_init ] --START--
INFO: Run Behavior\BuildLiteBehavior [ RunTime:0.000019s ]
INFO: [ app_init ] --END-- [ RunTime:0.000087s ]
INFO: [ app_begin ] --START--
INFO: Run Behavior\ReadHtmlCacheBehavior [ RunTime:0.000048s ]
INFO: [ app_begin ] --END-- [ RunTime:0.000106s ]
NOTIC: [8192] mysql_connect(): The mysql extension is deprecated and will be removed in the future: use mysqli or PDO instead /var/www/yoga/Framework/Library/Think/Db/Driver/Mysql.class.php 第 52 行.
NOTIC: [2] Invalid argument supplied for foreach() /var/www/yoga/Yoga/Service/McService.class.php 第 372 行.
NOTIC: [2] Invalid argument supplied for foreach() /var/www/yoga/Yoga/Service/ChannelService.class.php 第 136 行.
INFO: [ view_parse ] --START--
INFO: [ template_filter ] --START--
INFO: Run Behavior\ContentReplaceBehavior [ RunTime:0.000069s ]
INFO: [ template_filter ] --END-- [ RunTime:0.000120s ]
INFO: Run Behavior\ParseTemplateBehavior [ RunTime:0.011918s ]
INFO: [ view_parse ] --END-- [ RunTime:0.011984s ]
INFO: [ view_filter ] --START--
INFO: Run Behavior\WriteHtmlCacheBehavior [ RunTime:0.000047s ]
INFO: Run Behavior\TokenBuildBehavior [ RunTime:0.000040s ]
INFO: [ view_filter ] --END-- [ RunTime:0.000140s ]
INFO: [ app_end ] --START--
INFO: Run Behavior\ShowPageTraceBehavior [ RunTime:0.000034s ]
INFO: [ app_end ] --END-- [ RunTime:0.000076s ]

[ 2015-10-21T14:12:45+08:00 ] 127.0.0.1 /Shopkeeper/Employee/getEmployees
INFO: [ app_init ] --START--
INFO: Run Behavior\BuildLiteBehavior [ RunTime:0.000018s ]
INFO: [ app_init ] --END-- [ RunTime:0.000083s ]
INFO: [ app_begin ] --START--
INFO: Run Behavior\ReadHtmlCacheBehavior [ RunTime:0.000026s ]
INFO: [ app_begin ] --END-- [ RunTime:0.000058s ]
NOTIC: [8192] mysql_connect(): The mysql extension is deprecated and will be removed in the future: use mysqli or PDO instead /var/www/yoga/Framework/Library/Think/Db/Driver/Mysql.class.php 第 52 行.
NOTIC: [2] Invalid argument supplied for foreach() /var/www/yoga/Yoga/Service/McService.class.php 第 372 行.
NOTIC: [2] Invalid argument supplied for foreach() /var/www/yoga/Yoga/Service/ChannelService.class.php 第 136 行.
NOTIC: [8] Trying to get property of non-object /var/www/yoga/Yoga/Shopkeeper/Controller/EmployeeController.class.php 第 94 行.
NOTIC: [8] Undefined variable: tail /var/www/yoga/Yoga/Shopkeeper/Controller/EmployeeController.class.php 第 134 行.
NOTIC: [2] explode() expects parameter 2 to be string, array given /var/www/yoga/Framework/Library/Think/Model.class.php 第 1426 行.
ERR: 1103:Incorrect table name ''
 [ SQL语句 ] : SHOW COLUMNS FROM ``
NOTIC: [2] explode() expects parameter 2 to be string, array given /var/www/yoga/Framework/Library/Think/Model.class.php 第 1426 行.
ERR: 1103:Incorrect table name ''
 [ SQL语句 ] : SHOW COLUMNS FROM ``

